[0.198s] DEBUG:colcon:Command line arguments: ['/usr/bin/colcon', 'build', '--packages-select', 'nav2_system']
[0.198s] DEBUG:colcon:Parsed command line arguments: Namespace(allow_overriding=[], ament_cmake_args=None, base_paths=['.'], build_base='build', catkin_cmake_args=None, catkin_skip_building_tests=False, cmake_args=None, cmake_clean_cache=False, cmake_clean_first=False, cmake_force_configure=False, cmake_target=None, cmake_target_skip_unavailable=False, continue_on_error=False, event_handlers=None, executor='parallel', ignore_user_meta=False, install_base='install', log_base=None, log_level=None, main=<bound method BuildVerb.main of <colcon_core.verb.build.BuildVerb object at 0x7fabad5957c0>>, merge_install=False, metas=['./colcon.meta'], mixin=None, mixin_files=None, mixin_verb=('build',), packages_above=None, packages_above_and_dependencies=None, packages_above_depth=None, packages_end=None, packages_ignore=None, packages_ignore_regex=None, packages_select=['nav2_system'], packages_select_build_failed=False, packages_select_by_dep=None, packages_select_regex=None, packages_select_test_failures=False, packages_skip=None, packages_skip_build_finished=False, packages_skip_by_dep=None, packages_skip_regex=None, packages_skip_test_passed=False, packages_skip_up_to=None, packages_start=None, packages_up_to=None, packages_up_to_regex=None, parallel_workers=10, paths=None, symlink_install=False, test_result_base=None, verb_extension=<colcon_core.verb.build.BuildVerb object at 0x7fabad5957c0>, verb_name='build', verb_parser=<colcon_mixin.mixin.mixin_argument.MixinArgumentDecorator object at 0x7fabad58c160>)
[0.323s] Level 1:colcon.colcon_core.package_discovery:discover_packages(colcon_meta) check parameters
[0.323s] Level 1:colcon.colcon_core.package_discovery:discover_packages(recursive) check parameters
[0.323s] Level 1:colcon.colcon_core.package_discovery:discover_packages(ignore) check parameters
[0.323s] Level 1:colcon.colcon_core.package_discovery:discover_packages(path) check parameters
[0.323s] Level 1:colcon.colcon_core.package_discovery:discover_packages(colcon_meta) discover
[0.323s] Level 1:colcon.colcon_core.package_discovery:discover_packages(recursive) discover
[0.323s] INFO:colcon.colcon_core.package_discovery:Crawling recursively for packages in '/home/haoxu/Git/ProyectoRobotica_RoboEntrega/robot/src/nav2_system'
[0.323s] Level 1:colcon.colcon_core.package_identification:_identify(.) by extensions ['ignore', 'ignore_ament_install']
[0.323s] Level 1:colcon.colcon_core.package_identification:_identify(.) by extension 'ignore'
[0.324s] Level 1:colcon.colcon_core.package_identification:_identify(.) by extension 'ignore_ament_install'
[0.324s] Level 1:colcon.colcon_core.package_identification:_identify(.) by extensions ['colcon_pkg']
[0.324s] Level 1:colcon.colcon_core.package_identification:_identify(.) by extension 'colcon_pkg'
[0.324s] Level 1:colcon.colcon_core.package_identification:_identify(.) by extensions ['colcon_meta']
[0.324s] Level 1:colcon.colcon_core.package_identification:_identify(.) by extension 'colcon_meta'
[0.324s] Level 1:colcon.colcon_core.package_identification:_identify(.) by extensions ['ros']
[0.324s] Level 1:colcon.colcon_core.package_identification:_identify(.) by extension 'ros'
[0.338s] DEBUG:colcon.colcon_core.package_identification:Package '.' with type 'ros.ament_python' and name 'nav2_system'
[0.338s] Level 1:colcon.colcon_core.package_discovery:discover_packages(recursive) using defaults
[0.338s] Level 1:colcon.colcon_core.package_discovery:discover_packages(ignore) discover
[0.338s] Level 1:colcon.colcon_core.package_discovery:discover_packages(ignore) using defaults
[0.338s] Level 1:colcon.colcon_core.package_discovery:discover_packages(path) discover
[0.338s] Level 1:colcon.colcon_core.package_discovery:discover_packages(path) using defaults
[0.360s] Level 1:colcon.colcon_core.package_discovery:discover_packages(prefix_path) check parameters
[0.360s] Level 1:colcon.colcon_core.package_discovery:discover_packages(prefix_path) discover
[0.366s] DEBUG:colcon.colcon_installed_package_information.package_discovery:Found 7 installed packages in /home/haoxu/turtlebot3_ws/install
[0.366s] DEBUG:colcon.colcon_installed_package_information.package_discovery:Found 1 installed packages in /home/haoxu/turtlebot3_ws/src/my_slam/install
[0.367s] DEBUG:colcon.colcon_installed_package_information.package_discovery:Found 336 installed packages in /opt/ros/galactic
[0.374s] Level 1:colcon.colcon_core.package_discovery:discover_packages(prefix_path) using defaults
[0.467s] Level 5:colcon.colcon_core.verb:set package 'nav2_system' build argument 'cmake_args' from command line to 'None'
[0.467s] Level 5:colcon.colcon_core.verb:set package 'nav2_system' build argument 'cmake_target' from command line to 'None'
[0.467s] Level 5:colcon.colcon_core.verb:set package 'nav2_system' build argument 'cmake_target_skip_unavailable' from command line to 'False'
[0.467s] Level 5:colcon.colcon_core.verb:set package 'nav2_system' build argument 'cmake_clean_cache' from command line to 'False'
[0.467s] Level 5:colcon.colcon_core.verb:set package 'nav2_system' build argument 'cmake_clean_first' from command line to 'False'
[0.467s] Level 5:colcon.colcon_core.verb:set package 'nav2_system' build argument 'cmake_force_configure' from command line to 'False'
[0.467s] Level 5:colcon.colcon_core.verb:set package 'nav2_system' build argument 'ament_cmake_args' from command line to 'None'
[0.467s] Level 5:colcon.colcon_core.verb:set package 'nav2_system' build argument 'catkin_cmake_args' from command line to 'None'
[0.468s] Level 5:colcon.colcon_core.verb:set package 'nav2_system' build argument 'catkin_skip_building_tests' from command line to 'False'
[0.468s] DEBUG:colcon.colcon_core.verb:Building package 'nav2_system' with the following arguments: {'ament_cmake_args': None, 'build_base': '/home/haoxu/Git/ProyectoRobotica_RoboEntrega/robot/src/nav2_system/build/nav2_system', 'catkin_cmake_args': None, 'catkin_skip_building_tests': False, 'cmake_args': None, 'cmake_clean_cache': False, 'cmake_clean_first': False, 'cmake_force_configure': False, 'cmake_target': None, 'cmake_target_skip_unavailable': False, 'install_base': '/home/haoxu/Git/ProyectoRobotica_RoboEntrega/robot/src/nav2_system/install/nav2_system', 'merge_install': False, 'path': '/home/haoxu/Git/ProyectoRobotica_RoboEntrega/robot/src/nav2_system', 'symlink_install': False, 'test_result_base': None}
[0.468s] INFO:colcon.colcon_core.executor:Executing jobs using 'parallel' executor
[0.469s] DEBUG:colcon.colcon_parallel_executor.executor.parallel:run_until_complete
[0.469s] INFO:colcon.colcon_ros.task.ament_python.build:Building ROS package in '/home/haoxu/Git/ProyectoRobotica_RoboEntrega/robot/src/nav2_system' with build type 'ament_python'
[0.469s] Level 1:colcon.colcon_core.shell:create_environment_hook('nav2_system', 'ament_prefix_path')
[0.474s] INFO:colcon.colcon_core.plugin_system:Skipping extension 'colcon_core.shell.bat': Not used on non-Windows systems
[0.474s] INFO:colcon.colcon_core.shell:Creating environment hook '/home/haoxu/Git/ProyectoRobotica_RoboEntrega/robot/src/nav2_system/install/nav2_system/share/nav2_system/hook/ament_prefix_path.ps1'
[0.476s] INFO:colcon.colcon_core.shell:Creating environment descriptor '/home/haoxu/Git/ProyectoRobotica_RoboEntrega/robot/src/nav2_system/install/nav2_system/share/nav2_system/hook/ament_prefix_path.dsv'
[0.477s] INFO:colcon.colcon_core.shell:Creating environment hook '/home/haoxu/Git/ProyectoRobotica_RoboEntrega/robot/src/nav2_system/install/nav2_system/share/nav2_system/hook/ament_prefix_path.sh'
[0.478s] INFO:colcon.colcon_core.shell:Skip shell extension 'powershell' for command environment: Not usable outside of PowerShell
[0.478s] DEBUG:colcon.colcon_core.shell:Skip shell extension 'dsv' for command environment
[0.649s] INFO:colcon.colcon_core.task.python.build:Building Python package in '/home/haoxu/Git/ProyectoRobotica_RoboEntrega/robot/src/nav2_system'
[0.649s] INFO:colcon.colcon_core.shell:Skip shell extension 'powershell' for command environment: Not usable outside of PowerShell
[0.649s] DEBUG:colcon.colcon_core.shell:Skip shell extension 'dsv' for command environment
[1.004s] DEBUG:colcon.colcon_core.event_handler.log_command:Invoking command in '/home/haoxu/Git/ProyectoRobotica_RoboEntrega/robot/src/nav2_system': PYTHONPATH=/home/haoxu/Git/ProyectoRobotica_RoboEntrega/robot/src/nav2_system/build/nav2_system/prefix_override:/usr/lib/python3/dist-packages/colcon_core/task/python/colcon_distutils_commands:/home/haoxu/Git/ProyectoRobotica_RoboEntrega/robot/src/nav2_system/install/nav2_system/lib/python3.8/site-packages:${PYTHONPATH} /usr/bin/python3 -W ignore:setup.py install is deprecated -W ignore:easy_install command is deprecated setup.py egg_info --egg-base build/nav2_system build --build-base /home/haoxu/Git/ProyectoRobotica_RoboEntrega/robot/src/nav2_system/build/nav2_system/build install --record /home/haoxu/Git/ProyectoRobotica_RoboEntrega/robot/src/nav2_system/build/nav2_system/install.log --single-version-externally-managed install_data
[1.185s] DEBUG:colcon.colcon_core.event_handler.log_command:Invoked command in '/home/haoxu/Git/ProyectoRobotica_RoboEntrega/robot/src/nav2_system' returned '0': PYTHONPATH=/home/haoxu/Git/ProyectoRobotica_RoboEntrega/robot/src/nav2_system/build/nav2_system/prefix_override:/usr/lib/python3/dist-packages/colcon_core/task/python/colcon_distutils_commands:/home/haoxu/Git/ProyectoRobotica_RoboEntrega/robot/src/nav2_system/install/nav2_system/lib/python3.8/site-packages:${PYTHONPATH} /usr/bin/python3 -W ignore:setup.py install is deprecated -W ignore:easy_install command is deprecated setup.py egg_info --egg-base build/nav2_system build --build-base /home/haoxu/Git/ProyectoRobotica_RoboEntrega/robot/src/nav2_system/build/nav2_system/build install --record /home/haoxu/Git/ProyectoRobotica_RoboEntrega/robot/src/nav2_system/build/nav2_system/install.log --single-version-externally-managed install_data
[1.193s] Level 1:colcon.colcon_core.environment:checking '/home/haoxu/Git/ProyectoRobotica_RoboEntrega/robot/src/nav2_system/install/nav2_system' for CMake module files
[1.193s] Level 1:colcon.colcon_core.environment:checking '/home/haoxu/Git/ProyectoRobotica_RoboEntrega/robot/src/nav2_system/install/nav2_system' for CMake config files
[1.194s] Level 1:colcon.colcon_core.environment:checking '/home/haoxu/Git/ProyectoRobotica_RoboEntrega/robot/src/nav2_system/install/nav2_system/lib'
[1.194s] Level 1:colcon.colcon_core.environment:checking '/home/haoxu/Git/ProyectoRobotica_RoboEntrega/robot/src/nav2_system/install/nav2_system/bin'
[1.195s] Level 1:colcon.colcon_core.environment:checking '/home/haoxu/Git/ProyectoRobotica_RoboEntrega/robot/src/nav2_system/install/nav2_system/lib/pkgconfig/nav2_system.pc'
[1.195s] Level 1:colcon.colcon_core.environment:checking '/home/haoxu/Git/ProyectoRobotica_RoboEntrega/robot/src/nav2_system/install/nav2_system/lib/python3.8/site-packages'
[1.195s] Level 1:colcon.colcon_core.shell:create_environment_hook('nav2_system', 'pythonpath')
[1.195s] INFO:colcon.colcon_core.shell:Creating environment hook '/home/haoxu/Git/ProyectoRobotica_RoboEntrega/robot/src/nav2_system/install/nav2_system/share/nav2_system/hook/pythonpath.ps1'
[1.195s] INFO:colcon.colcon_core.shell:Creating environment descriptor '/home/haoxu/Git/ProyectoRobotica_RoboEntrega/robot/src/nav2_system/install/nav2_system/share/nav2_system/hook/pythonpath.dsv'
[1.195s] INFO:colcon.colcon_core.shell:Creating environment hook '/home/haoxu/Git/ProyectoRobotica_RoboEntrega/robot/src/nav2_system/install/nav2_system/share/nav2_system/hook/pythonpath.sh'
[1.196s] Level 1:colcon.colcon_core.environment:checking '/home/haoxu/Git/ProyectoRobotica_RoboEntrega/robot/src/nav2_system/install/nav2_system/bin'
[1.196s] Level 1:colcon.colcon_core.environment:create_environment_scripts_only(nav2_system)
[1.196s] INFO:colcon.colcon_core.shell:Creating package script '/home/haoxu/Git/ProyectoRobotica_RoboEntrega/robot/src/nav2_system/install/nav2_system/share/nav2_system/package.ps1'
[1.197s] INFO:colcon.colcon_core.shell:Creating package descriptor '/home/haoxu/Git/ProyectoRobotica_RoboEntrega/robot/src/nav2_system/install/nav2_system/share/nav2_system/package.dsv'
[1.198s] INFO:colcon.colcon_core.shell:Creating package script '/home/haoxu/Git/ProyectoRobotica_RoboEntrega/robot/src/nav2_system/install/nav2_system/share/nav2_system/package.sh'
[1.199s] INFO:colcon.colcon_core.shell:Creating package script '/home/haoxu/Git/ProyectoRobotica_RoboEntrega/robot/src/nav2_system/install/nav2_system/share/nav2_system/package.bash'
[1.199s] INFO:colcon.colcon_core.shell:Creating package script '/home/haoxu/Git/ProyectoRobotica_RoboEntrega/robot/src/nav2_system/install/nav2_system/share/nav2_system/package.zsh'
[1.200s] Level 1:colcon.colcon_core.environment:create_file_with_runtime_dependencies(/home/haoxu/Git/ProyectoRobotica_RoboEntrega/robot/src/nav2_system/install/nav2_system/share/colcon-core/packages/nav2_system)
[1.200s] DEBUG:colcon.colcon_parallel_executor.executor.parallel:closing loop
[1.201s] DEBUG:colcon.colcon_parallel_executor.executor.parallel:loop closed
[1.201s] DEBUG:colcon.colcon_parallel_executor.executor.parallel:run_until_complete finished with '0'
[1.202s] DEBUG:colcon.colcon_core.event_reactor:joining thread
[1.210s] INFO:colcon.colcon_core.plugin_system:Skipping extension 'colcon_notification.desktop_notification.terminal_notifier': Not used on non-Darwin systems
[1.210s] INFO:colcon.colcon_core.plugin_system:Skipping extension 'colcon_notification.desktop_notification.win32': Not used on non-Windows systems
[1.210s] INFO:colcon.colcon_notification.desktop_notification:Sending desktop notification using 'notify2'
[1.230s] DEBUG:colcon.colcon_core.event_reactor:joined thread
[1.230s] INFO:colcon.colcon_core.shell:Creating prefix script '/home/haoxu/Git/ProyectoRobotica_RoboEntrega/robot/src/nav2_system/install/local_setup.ps1'
[1.232s] INFO:colcon.colcon_core.shell:Creating prefix util module '/home/haoxu/Git/ProyectoRobotica_RoboEntrega/robot/src/nav2_system/install/_local_setup_util_ps1.py'
[1.234s] INFO:colcon.colcon_core.shell:Creating prefix chain script '/home/haoxu/Git/ProyectoRobotica_RoboEntrega/robot/src/nav2_system/install/setup.ps1'
[1.241s] INFO:colcon.colcon_core.shell:Creating prefix script '/home/haoxu/Git/ProyectoRobotica_RoboEntrega/robot/src/nav2_system/install/local_setup.sh'
[1.245s] INFO:colcon.colcon_core.shell:Creating prefix util module '/home/haoxu/Git/ProyectoRobotica_RoboEntrega/robot/src/nav2_system/install/_local_setup_util_sh.py'
[1.246s] INFO:colcon.colcon_core.shell:Creating prefix chain script '/home/haoxu/Git/ProyectoRobotica_RoboEntrega/robot/src/nav2_system/install/setup.sh'
[1.250s] INFO:colcon.colcon_core.shell:Creating prefix script '/home/haoxu/Git/ProyectoRobotica_RoboEntrega/robot/src/nav2_system/install/local_setup.bash'
[1.253s] INFO:colcon.colcon_core.shell:Creating prefix chain script '/home/haoxu/Git/ProyectoRobotica_RoboEntrega/robot/src/nav2_system/install/setup.bash'
[1.255s] INFO:colcon.colcon_core.shell:Creating prefix script '/home/haoxu/Git/ProyectoRobotica_RoboEntrega/robot/src/nav2_system/install/local_setup.zsh'
[1.257s] INFO:colcon.colcon_core.shell:Creating prefix chain script '/home/haoxu/Git/ProyectoRobotica_RoboEntrega/robot/src/nav2_system/install/setup.zsh'
