[5.337s] DEBUG:colcon:Command line arguments: ['/usr/bin/colcon', 'build', '--packages-select', 'my_world']
[5.337s] DEBUG:colcon:Parsed command line arguments: Namespace(allow_overriding=[], ament_cmake_args=None, base_paths=['.'], build_base='build', catkin_cmake_args=None, catkin_skip_building_tests=False, cmake_args=None, cmake_clean_cache=False, cmake_clean_first=False, cmake_force_configure=False, cmake_target=None, cmake_target_skip_unavailable=False, continue_on_error=False, event_handlers=None, executor='parallel', ignore_user_meta=False, install_base='install', log_base=None, log_level=None, main=<bound method BuildVerb.main of <colcon_core.verb.build.BuildVerb object at 0x7f482603a4c0>>, merge_install=False, metas=['./colcon.meta'], packages_above=None, packages_above_and_dependencies=None, packages_above_depth=None, packages_end=None, packages_ignore=None, packages_ignore_regex=None, packages_select=['my_world'], packages_select_build_failed=False, packages_select_by_dep=None, packages_select_regex=None, packages_select_test_failures=False, packages_skip=None, packages_skip_build_finished=False, packages_skip_by_dep=None, packages_skip_regex=None, packages_skip_test_passed=False, packages_skip_up_to=None, packages_start=None, packages_up_to=None, packages_up_to_regex=None, parallel_workers=6, paths=None, symlink_install=False, test_result_base=None, verb_extension=<colcon_core.verb.build.BuildVerb object at 0x7f482603a4c0>, verb_name='build', verb_parser=<colcon_defaults.argument_parser.defaults.DefaultArgumentsDecorator object at 0x7f48260df340>)
[5.524s] Level 1:colcon.colcon_core.package_discovery:discover_packages(colcon_meta) check parameters
[5.524s] Level 1:colcon.colcon_core.package_discovery:discover_packages(recursive) check parameters
[5.524s] Level 1:colcon.colcon_core.package_discovery:discover_packages(ignore) check parameters
[5.524s] Level 1:colcon.colcon_core.package_discovery:discover_packages(path) check parameters
[5.524s] Level 1:colcon.colcon_core.package_discovery:discover_packages(colcon_meta) discover
[5.524s] Level 1:colcon.colcon_core.package_discovery:discover_packages(recursive) discover
[5.524s] INFO:colcon.colcon_core.package_discovery:Crawling recursively for packages in '/home/asun/Robotica/ProyectoRobotica_RoboEntrega/robot'
[5.524s] Level 1:colcon.colcon_core.package_identification:_identify(.) by extensions ['ignore', 'ignore_ament_install']
[5.524s] Level 1:colcon.colcon_core.package_identification:_identify(.) by extension 'ignore'
[5.524s] Level 1:colcon.colcon_core.package_identification:_identify(.) by extension 'ignore_ament_install'
[5.524s] Level 1:colcon.colcon_core.package_identification:_identify(.) by extensions ['colcon_pkg']
[5.524s] Level 1:colcon.colcon_core.package_identification:_identify(.) by extension 'colcon_pkg'
[5.524s] Level 1:colcon.colcon_core.package_identification:_identify(.) by extensions ['colcon_meta']
[5.524s] Level 1:colcon.colcon_core.package_identification:_identify(.) by extension 'colcon_meta'
[5.525s] Level 1:colcon.colcon_core.package_identification:_identify(.) by extensions ['ros']
[5.525s] Level 1:colcon.colcon_core.package_identification:_identify(.) by extension 'ros'
[5.543s] Level 1:colcon.colcon_core.package_identification:_identify(.) by extensions ['cmake', 'python']
[5.543s] Level 1:colcon.colcon_core.package_identification:_identify(.) by extension 'cmake'
[5.543s] Level 1:colcon.colcon_core.package_identification:_identify(.) by extension 'python'
[5.544s] Level 1:colcon.colcon_core.package_identification:_identify(.) by extensions ['python_setup_py']
[5.544s] Level 1:colcon.colcon_core.package_identification:_identify(.) by extension 'python_setup_py'
[5.544s] Level 1:colcon.colcon_core.package_identification:_identify(build) by extensions ['ignore', 'ignore_ament_install']
[5.544s] Level 1:colcon.colcon_core.package_identification:_identify(build) by extension 'ignore'
[5.544s] Level 1:colcon.colcon_core.package_identification:_identify(build) ignored
[5.544s] Level 1:colcon.colcon_core.package_identification:_identify(install) by extensions ['ignore', 'ignore_ament_install']
[5.544s] Level 1:colcon.colcon_core.package_identification:_identify(install) by extension 'ignore'
[5.544s] Level 1:colcon.colcon_core.package_identification:_identify(install) ignored
[5.544s] Level 1:colcon.colcon_core.package_identification:_identify(log) by extensions ['ignore', 'ignore_ament_install']
[5.544s] Level 1:colcon.colcon_core.package_identification:_identify(log) by extension 'ignore'
[5.544s] Level 1:colcon.colcon_core.package_identification:_identify(log) ignored
[5.545s] Level 1:colcon.colcon_core.package_identification:_identify(src) by extensions ['ignore', 'ignore_ament_install']
[5.545s] Level 1:colcon.colcon_core.package_identification:_identify(src) by extension 'ignore'
[5.545s] Level 1:colcon.colcon_core.package_identification:_identify(src) by extension 'ignore_ament_install'
[5.545s] Level 1:colcon.colcon_core.package_identification:_identify(src) by extensions ['colcon_pkg']
[5.545s] Level 1:colcon.colcon_core.package_identification:_identify(src) by extension 'colcon_pkg'
[5.545s] Level 1:colcon.colcon_core.package_identification:_identify(src) by extensions ['colcon_meta']
[5.545s] Level 1:colcon.colcon_core.package_identification:_identify(src) by extension 'colcon_meta'
[5.545s] Level 1:colcon.colcon_core.package_identification:_identify(src) by extensions ['ros']
[5.545s] Level 1:colcon.colcon_core.package_identification:_identify(src) by extension 'ros'
[5.545s] Level 1:colcon.colcon_core.package_identification:_identify(src) by extensions ['cmake', 'python']
[5.545s] Level 1:colcon.colcon_core.package_identification:_identify(src) by extension 'cmake'
[5.545s] Level 1:colcon.colcon_core.package_identification:_identify(src) by extension 'python'
[5.545s] Level 1:colcon.colcon_core.package_identification:_identify(src) by extensions ['python_setup_py']
[5.545s] Level 1:colcon.colcon_core.package_identification:_identify(src) by extension 'python_setup_py'
[5.545s] Level 1:colcon.colcon_core.package_identification:_identify(src/build) by extensions ['ignore', 'ignore_ament_install']
[5.546s] Level 1:colcon.colcon_core.package_identification:_identify(src/build) by extension 'ignore'
[5.546s] Level 1:colcon.colcon_core.package_identification:_identify(src/build) ignored
[5.546s] Level 1:colcon.colcon_core.package_identification:_identify(src/install) by extensions ['ignore', 'ignore_ament_install']
[5.546s] Level 1:colcon.colcon_core.package_identification:_identify(src/install) by extension 'ignore'
[5.546s] Level 1:colcon.colcon_core.package_identification:_identify(src/install) ignored
[5.546s] Level 1:colcon.colcon_core.package_identification:_identify(src/log) by extensions ['ignore', 'ignore_ament_install']
[5.546s] Level 1:colcon.colcon_core.package_identification:_identify(src/log) by extension 'ignore'
[5.546s] Level 1:colcon.colcon_core.package_identification:_identify(src/log) ignored
[5.546s] Level 1:colcon.colcon_core.package_identification:_identify(src/my_first_node) by extensions ['ignore', 'ignore_ament_install']
[5.546s] Level 1:colcon.colcon_core.package_identification:_identify(src/my_first_node) by extension 'ignore'
[5.546s] Level 1:colcon.colcon_core.package_identification:_identify(src/my_first_node) by extension 'ignore_ament_install'
[5.546s] Level 1:colcon.colcon_core.package_identification:_identify(src/my_first_node) by extensions ['colcon_pkg']
[5.546s] Level 1:colcon.colcon_core.package_identification:_identify(src/my_first_node) by extension 'colcon_pkg'
[5.547s] Level 1:colcon.colcon_core.package_identification:_identify(src/my_first_node) by extensions ['colcon_meta']
[5.547s] Level 1:colcon.colcon_core.package_identification:_identify(src/my_first_node) by extension 'colcon_meta'
[5.547s] Level 1:colcon.colcon_core.package_identification:_identify(src/my_first_node) by extensions ['ros']
[5.547s] Level 1:colcon.colcon_core.package_identification:_identify(src/my_first_node) by extension 'ros'
[5.551s] DEBUG:colcon.colcon_core.package_identification:Package 'src/my_first_node' with type 'ros.ament_python' and name 'my_first_node'
[5.552s] Level 1:colcon.colcon_core.package_identification:_identify(src/my_world) by extensions ['ignore', 'ignore_ament_install']
[5.552s] Level 1:colcon.colcon_core.package_identification:_identify(src/my_world) by extension 'ignore'
[5.552s] Level 1:colcon.colcon_core.package_identification:_identify(src/my_world) by extension 'ignore_ament_install'
[5.552s] Level 1:colcon.colcon_core.package_identification:_identify(src/my_world) by extensions ['colcon_pkg']
[5.552s] Level 1:colcon.colcon_core.package_identification:_identify(src/my_world) by extension 'colcon_pkg'
[5.552s] Level 1:colcon.colcon_core.package_identification:_identify(src/my_world) by extensions ['colcon_meta']
[5.552s] Level 1:colcon.colcon_core.package_identification:_identify(src/my_world) by extension 'colcon_meta'
[5.552s] Level 1:colcon.colcon_core.package_identification:_identify(src/my_world) by extensions ['ros']
[5.552s] Level 1:colcon.colcon_core.package_identification:_identify(src/my_world) by extension 'ros'
[5.554s] DEBUG:colcon.colcon_core.package_identification:Package 'src/my_world' with type 'ros.ament_cmake' and name 'my_world'
[5.554s] Level 1:colcon.colcon_core.package_identification:_identify(src/turtlebot3_simulations) by extensions ['ignore', 'ignore_ament_install']
[5.554s] Level 1:colcon.colcon_core.package_identification:_identify(src/turtlebot3_simulations) by extension 'ignore'
[5.554s] Level 1:colcon.colcon_core.package_identification:_identify(src/turtlebot3_simulations) by extension 'ignore_ament_install'
[5.554s] Level 1:colcon.colcon_core.package_identification:_identify(src/turtlebot3_simulations) by extensions ['colcon_pkg']
[5.554s] Level 1:colcon.colcon_core.package_identification:_identify(src/turtlebot3_simulations) by extension 'colcon_pkg'
[5.555s] Level 1:colcon.colcon_core.package_identification:_identify(src/turtlebot3_simulations) by extensions ['colcon_meta']
[5.555s] Level 1:colcon.colcon_core.package_identification:_identify(src/turtlebot3_simulations) by extension 'colcon_meta'
[5.555s] Level 1:colcon.colcon_core.package_identification:_identify(src/turtlebot3_simulations) by extensions ['ros']
[5.555s] Level 1:colcon.colcon_core.package_identification:_identify(src/turtlebot3_simulations) by extension 'ros'
[5.555s] Level 1:colcon.colcon_core.package_identification:_identify(src/turtlebot3_simulations) by extensions ['cmake', 'python']
[5.555s] Level 1:colcon.colcon_core.package_identification:_identify(src/turtlebot3_simulations) by extension 'cmake'
[5.555s] Level 1:colcon.colcon_core.package_identification:_identify(src/turtlebot3_simulations) by extension 'python'
[5.555s] Level 1:colcon.colcon_core.package_identification:_identify(src/turtlebot3_simulations) by extensions ['python_setup_py']
[5.555s] Level 1:colcon.colcon_core.package_identification:_identify(src/turtlebot3_simulations) by extension 'python_setup_py'
[5.555s] Level 1:colcon.colcon_core.package_identification:_identify(src/turtlebot3_simulations/turtlebot3_fake_node) by extensions ['ignore', 'ignore_ament_install']
[5.555s] Level 1:colcon.colcon_core.package_identification:_identify(src/turtlebot3_simulations/turtlebot3_fake_node) by extension 'ignore'
[5.555s] Level 1:colcon.colcon_core.package_identification:_identify(src/turtlebot3_simulations/turtlebot3_fake_node) by extension 'ignore_ament_install'
[5.555s] Level 1:colcon.colcon_core.package_identification:_identify(src/turtlebot3_simulations/turtlebot3_fake_node) by extensions ['colcon_pkg']
[5.555s] Level 1:colcon.colcon_core.package_identification:_identify(src/turtlebot3_simulations/turtlebot3_fake_node) by extension 'colcon_pkg'
[5.556s] Level 1:colcon.colcon_core.package_identification:_identify(src/turtlebot3_simulations/turtlebot3_fake_node) by extensions ['colcon_meta']
[5.556s] Level 1:colcon.colcon_core.package_identification:_identify(src/turtlebot3_simulations/turtlebot3_fake_node) by extension 'colcon_meta'
[5.556s] Level 1:colcon.colcon_core.package_identification:_identify(src/turtlebot3_simulations/turtlebot3_fake_node) by extensions ['ros']
[5.556s] Level 1:colcon.colcon_core.package_identification:_identify(src/turtlebot3_simulations/turtlebot3_fake_node) by extension 'ros'
[5.557s] DEBUG:colcon.colcon_core.package_identification:Package 'src/turtlebot3_simulations/turtlebot3_fake_node' with type 'ros.ament_cmake' and name 'turtlebot3_fake_node'
[5.557s] Level 1:colcon.colcon_core.package_identification:_identify(src/turtlebot3_simulations/turtlebot3_gazebo) by extensions ['ignore', 'ignore_ament_install']
[5.557s] Level 1:colcon.colcon_core.package_identification:_identify(src/turtlebot3_simulations/turtlebot3_gazebo) by extension 'ignore'
[5.557s] Level 1:colcon.colcon_core.package_identification:_identify(src/turtlebot3_simulations/turtlebot3_gazebo) by extension 'ignore_ament_install'
[5.557s] Level 1:colcon.colcon_core.package_identification:_identify(src/turtlebot3_simulations/turtlebot3_gazebo) by extensions ['colcon_pkg']
[5.557s] Level 1:colcon.colcon_core.package_identification:_identify(src/turtlebot3_simulations/turtlebot3_gazebo) by extension 'colcon_pkg'
[5.557s] Level 1:colcon.colcon_core.package_identification:_identify(src/turtlebot3_simulations/turtlebot3_gazebo) by extensions ['colcon_meta']
[5.558s] Level 1:colcon.colcon_core.package_identification:_identify(src/turtlebot3_simulations/turtlebot3_gazebo) by extension 'colcon_meta'
[5.558s] Level 1:colcon.colcon_core.package_identification:_identify(src/turtlebot3_simulations/turtlebot3_gazebo) by extensions ['ros']
[5.558s] Level 1:colcon.colcon_core.package_identification:_identify(src/turtlebot3_simulations/turtlebot3_gazebo) by extension 'ros'
[5.559s] DEBUG:colcon.colcon_core.package_identification:Package 'src/turtlebot3_simulations/turtlebot3_gazebo' with type 'ros.ament_cmake' and name 'turtlebot3_gazebo'
[5.559s] Level 1:colcon.colcon_core.package_identification:_identify(src/turtlebot3_simulations/turtlebot3_simulations) by extensions ['ignore', 'ignore_ament_install']
[5.559s] Level 1:colcon.colcon_core.package_identification:_identify(src/turtlebot3_simulations/turtlebot3_simulations) by extension 'ignore'
[5.559s] Level 1:colcon.colcon_core.package_identification:_identify(src/turtlebot3_simulations/turtlebot3_simulations) by extension 'ignore_ament_install'
[5.559s] Level 1:colcon.colcon_core.package_identification:_identify(src/turtlebot3_simulations/turtlebot3_simulations) by extensions ['colcon_pkg']
[5.559s] Level 1:colcon.colcon_core.package_identification:_identify(src/turtlebot3_simulations/turtlebot3_simulations) by extension 'colcon_pkg'
[5.559s] Level 1:colcon.colcon_core.package_identification:_identify(src/turtlebot3_simulations/turtlebot3_simulations) by extensions ['colcon_meta']
[5.559s] Level 1:colcon.colcon_core.package_identification:_identify(src/turtlebot3_simulations/turtlebot3_simulations) by extension 'colcon_meta'
[5.559s] Level 1:colcon.colcon_core.package_identification:_identify(src/turtlebot3_simulations/turtlebot3_simulations) by extensions ['ros']
[5.559s] Level 1:colcon.colcon_core.package_identification:_identify(src/turtlebot3_simulations/turtlebot3_simulations) by extension 'ros'
[5.561s] DEBUG:colcon.colcon_core.package_identification:Package 'src/turtlebot3_simulations/turtlebot3_simulations' with type 'ros.ament_cmake' and name 'turtlebot3_simulations'
[5.561s] Level 1:colcon.colcon_core.package_discovery:discover_packages(recursive) using defaults
[5.561s] Level 1:colcon.colcon_core.package_discovery:discover_packages(ignore) discover
[5.561s] Level 1:colcon.colcon_core.package_discovery:discover_packages(ignore) using defaults
[5.561s] Level 1:colcon.colcon_core.package_discovery:discover_packages(path) discover
[5.561s] Level 1:colcon.colcon_core.package_discovery:discover_packages(path) using defaults
[5.758s] INFO:colcon.colcon_core.package_selection:Skipping not selected package 'my_first_node' in 'src/my_first_node'
[5.758s] INFO:colcon.colcon_core.package_selection:Skipping not selected package 'turtlebot3_fake_node' in 'src/turtlebot3_simulations/turtlebot3_fake_node'
[5.758s] INFO:colcon.colcon_core.package_selection:Skipping not selected package 'turtlebot3_gazebo' in 'src/turtlebot3_simulations/turtlebot3_gazebo'
[5.758s] INFO:colcon.colcon_core.package_selection:Skipping not selected package 'turtlebot3_simulations' in 'src/turtlebot3_simulations/turtlebot3_simulations'
[5.868s] Level 1:colcon.colcon_core.package_discovery:discover_packages(prefix_path) check parameters
[5.869s] Level 1:colcon.colcon_core.package_discovery:discover_packages(prefix_path) discover
[5.990s] DEBUG:colcon.colcon_installed_package_information.package_discovery:Found 4 installed packages in /home/asun/turtlebot3_ws/install
[6.047s] DEBUG:colcon.colcon_installed_package_information.package_discovery:Found 336 installed packages in /opt/ros/galactic
[6.049s] Level 1:colcon.colcon_core.package_discovery:discover_packages(prefix_path) using defaults
[6.329s] Level 5:colcon.colcon_core.verb:set package 'my_world' build argument 'cmake_args' from command line to 'None'
[6.329s] Level 5:colcon.colcon_core.verb:set package 'my_world' build argument 'cmake_target' from command line to 'None'
[6.329s] Level 5:colcon.colcon_core.verb:set package 'my_world' build argument 'cmake_target_skip_unavailable' from command line to 'False'
[6.329s] Level 5:colcon.colcon_core.verb:set package 'my_world' build argument 'cmake_clean_cache' from command line to 'False'
[6.329s] Level 5:colcon.colcon_core.verb:set package 'my_world' build argument 'cmake_clean_first' from command line to 'False'
[6.329s] Level 5:colcon.colcon_core.verb:set package 'my_world' build argument 'cmake_force_configure' from command line to 'False'
[6.329s] Level 5:colcon.colcon_core.verb:set package 'my_world' build argument 'ament_cmake_args' from command line to 'None'
[6.329s] Level 5:colcon.colcon_core.verb:set package 'my_world' build argument 'catkin_cmake_args' from command line to 'None'
[6.329s] Level 5:colcon.colcon_core.verb:set package 'my_world' build argument 'catkin_skip_building_tests' from command line to 'False'
[6.329s] DEBUG:colcon.colcon_core.verb:Building package 'my_world' with the following arguments: {'ament_cmake_args': None, 'build_base': '/home/asun/Robotica/ProyectoRobotica_RoboEntrega/robot/build/my_world', 'catkin_cmake_args': None, 'catkin_skip_building_tests': False, 'cmake_args': None, 'cmake_clean_cache': False, 'cmake_clean_first': False, 'cmake_force_configure': False, 'cmake_target': None, 'cmake_target_skip_unavailable': False, 'install_base': '/home/asun/Robotica/ProyectoRobotica_RoboEntrega/robot/install/my_world', 'merge_install': False, 'path': '/home/asun/Robotica/ProyectoRobotica_RoboEntrega/robot/src/my_world', 'symlink_install': False, 'test_result_base': None}
[6.376s] INFO:colcon.colcon_core.executor:Executing jobs using 'parallel' executor
[6.426s] DEBUG:colcon.colcon_parallel_executor.executor.parallel:run_until_complete
[6.427s] INFO:colcon.colcon_ros.task.ament_cmake.build:Building ROS package in '/home/asun/Robotica/ProyectoRobotica_RoboEntrega/robot/src/my_world' with build type 'ament_cmake'
[6.428s] INFO:colcon.colcon_cmake.task.cmake.build:Building CMake package in '/home/asun/Robotica/ProyectoRobotica_RoboEntrega/robot/src/my_world'
[6.502s] INFO:colcon.colcon_core.plugin_system:Skipping extension 'colcon_core.shell.bat': Not used on non-Windows systems
[6.502s] INFO:colcon.colcon_core.shell:Skip shell extension 'powershell' for command environment: Not usable outside of PowerShell
[6.502s] DEBUG:colcon.colcon_core.shell:Skip shell extension 'dsv' for command environment
[6.671s] DEBUG:colcon.colcon_core.event_handler.log_command:Invoking command in '/home/asun/Robotica/ProyectoRobotica_RoboEntrega/robot/build/my_world': CMAKE_PREFIX_PATH=/home/asun/turtlebot3_ws/install/turtlebot3_gazebo:/home/asun/turtlebot3_ws/install/turtlebot3_simulations:/home/asun/turtlebot3_ws/install/my_world:/home/asun/turtlebot3_ws/install/turtlebot3_fake_node:/opt/ros/galactic /usr/bin/cmake --build /home/asun/Robotica/ProyectoRobotica_RoboEntrega/robot/build/my_world -- -j6 -l6
[6.951s] DEBUG:colcon.colcon_core.event_handler.log_command:Invoked command in '/home/asun/Robotica/ProyectoRobotica_RoboEntrega/robot/build/my_world' returned '0': CMAKE_PREFIX_PATH=/home/asun/turtlebot3_ws/install/turtlebot3_gazebo:/home/asun/turtlebot3_ws/install/turtlebot3_simulations:/home/asun/turtlebot3_ws/install/my_world:/home/asun/turtlebot3_ws/install/turtlebot3_fake_node:/opt/ros/galactic /usr/bin/cmake --build /home/asun/Robotica/ProyectoRobotica_RoboEntrega/robot/build/my_world -- -j6 -l6
[7.063s] DEBUG:colcon.colcon_core.event_handler.log_command:Invoking command in '/home/asun/Robotica/ProyectoRobotica_RoboEntrega/robot/build/my_world': CMAKE_PREFIX_PATH=/home/asun/turtlebot3_ws/install/turtlebot3_gazebo:/home/asun/turtlebot3_ws/install/turtlebot3_simulations:/home/asun/turtlebot3_ws/install/my_world:/home/asun/turtlebot3_ws/install/turtlebot3_fake_node:/opt/ros/galactic /usr/bin/cmake --install /home/asun/Robotica/ProyectoRobotica_RoboEntrega/robot/build/my_world
[7.275s] Level 1:colcon.colcon_core.environment:create_environment_scripts_only(my_world)
[7.276s] DEBUG:colcon.colcon_core.event_handler.log_command:Invoked command in '/home/asun/Robotica/ProyectoRobotica_RoboEntrega/robot/build/my_world' returned '0': CMAKE_PREFIX_PATH=/home/asun/turtlebot3_ws/install/turtlebot3_gazebo:/home/asun/turtlebot3_ws/install/turtlebot3_simulations:/home/asun/turtlebot3_ws/install/my_world:/home/asun/turtlebot3_ws/install/turtlebot3_fake_node:/opt/ros/galactic /usr/bin/cmake --install /home/asun/Robotica/ProyectoRobotica_RoboEntrega/robot/build/my_world
[7.373s] Level 1:colcon.colcon_core.environment:checking '/home/asun/Robotica/ProyectoRobotica_RoboEntrega/robot/install/my_world' for CMake module files
[7.374s] Level 1:colcon.colcon_core.environment:checking '/home/asun/Robotica/ProyectoRobotica_RoboEntrega/robot/install/my_world' for CMake config files
[7.381s] Level 1:colcon.colcon_core.shell:create_environment_hook('my_world', 'cmake_prefix_path')
[7.439s] INFO:colcon.colcon_core.shell:Creating environment hook '/home/asun/Robotica/ProyectoRobotica_RoboEntrega/robot/install/my_world/share/my_world/hook/cmake_prefix_path.ps1'
[7.442s] INFO:colcon.colcon_core.shell:Creating environment descriptor '/home/asun/Robotica/ProyectoRobotica_RoboEntrega/robot/install/my_world/share/my_world/hook/cmake_prefix_path.dsv'
[7.444s] INFO:colcon.colcon_core.shell:Creating environment hook '/home/asun/Robotica/ProyectoRobotica_RoboEntrega/robot/install/my_world/share/my_world/hook/cmake_prefix_path.sh'
[7.445s] Level 1:colcon.colcon_core.environment:checking '/home/asun/Robotica/ProyectoRobotica_RoboEntrega/robot/install/my_world/lib'
[7.445s] Level 1:colcon.colcon_core.environment:checking '/home/asun/Robotica/ProyectoRobotica_RoboEntrega/robot/install/my_world/bin'
[7.446s] Level 1:colcon.colcon_core.environment:checking '/home/asun/Robotica/ProyectoRobotica_RoboEntrega/robot/install/my_world/lib/pkgconfig/my_world.pc'
[7.446s] Level 1:colcon.colcon_core.environment:checking '/home/asun/Robotica/ProyectoRobotica_RoboEntrega/robot/install/my_world/lib/python3.8/site-packages'
[7.446s] Level 1:colcon.colcon_core.environment:checking '/home/asun/Robotica/ProyectoRobotica_RoboEntrega/robot/install/my_world/bin'
[7.533s] INFO:colcon.colcon_core.shell:Creating package script '/home/asun/Robotica/ProyectoRobotica_RoboEntrega/robot/install/my_world/share/my_world/package.ps1'
[7.535s] INFO:colcon.colcon_core.shell:Creating package descriptor '/home/asun/Robotica/ProyectoRobotica_RoboEntrega/robot/install/my_world/share/my_world/package.dsv'
[7.539s] INFO:colcon.colcon_core.shell:Creating package script '/home/asun/Robotica/ProyectoRobotica_RoboEntrega/robot/install/my_world/share/my_world/package.sh'
[7.543s] INFO:colcon.colcon_core.shell:Creating package script '/home/asun/Robotica/ProyectoRobotica_RoboEntrega/robot/install/my_world/share/my_world/package.bash'
[7.547s] INFO:colcon.colcon_core.shell:Creating package script '/home/asun/Robotica/ProyectoRobotica_RoboEntrega/robot/install/my_world/share/my_world/package.zsh'
[7.551s] Level 1:colcon.colcon_core.environment:create_file_with_runtime_dependencies(/home/asun/Robotica/ProyectoRobotica_RoboEntrega/robot/install/my_world/share/colcon-core/packages/my_world)
[7.682s] Level 1:colcon.colcon_core.environment:create_environment_scripts_only(my_world)
[7.752s] Level 1:colcon.colcon_core.environment:checking '/home/asun/Robotica/ProyectoRobotica_RoboEntrega/robot/install/my_world' for CMake module files
[7.752s] Level 1:colcon.colcon_core.environment:checking '/home/asun/Robotica/ProyectoRobotica_RoboEntrega/robot/install/my_world' for CMake config files
[7.759s] Level 1:colcon.colcon_core.shell:create_environment_hook('my_world', 'cmake_prefix_path')
[7.809s] INFO:colcon.colcon_core.shell:Creating environment hook '/home/asun/Robotica/ProyectoRobotica_RoboEntrega/robot/install/my_world/share/my_world/hook/cmake_prefix_path.ps1'
[7.810s] INFO:colcon.colcon_core.shell:Creating environment descriptor '/home/asun/Robotica/ProyectoRobotica_RoboEntrega/robot/install/my_world/share/my_world/hook/cmake_prefix_path.dsv'
[7.811s] INFO:colcon.colcon_core.shell:Creating environment hook '/home/asun/Robotica/ProyectoRobotica_RoboEntrega/robot/install/my_world/share/my_world/hook/cmake_prefix_path.sh'
[7.811s] Level 1:colcon.colcon_core.environment:checking '/home/asun/Robotica/ProyectoRobotica_RoboEntrega/robot/install/my_world/lib'
[7.812s] Level 1:colcon.colcon_core.environment:checking '/home/asun/Robotica/ProyectoRobotica_RoboEntrega/robot/install/my_world/bin'
[7.812s] Level 1:colcon.colcon_core.environment:checking '/home/asun/Robotica/ProyectoRobotica_RoboEntrega/robot/install/my_world/lib/pkgconfig/my_world.pc'
[7.812s] Level 1:colcon.colcon_core.environment:checking '/home/asun/Robotica/ProyectoRobotica_RoboEntrega/robot/install/my_world/lib/python3.8/site-packages'
[7.812s] Level 1:colcon.colcon_core.environment:checking '/home/asun/Robotica/ProyectoRobotica_RoboEntrega/robot/install/my_world/bin'
[7.862s] INFO:colcon.colcon_core.shell:Creating package script '/home/asun/Robotica/ProyectoRobotica_RoboEntrega/robot/install/my_world/share/my_world/package.ps1'
[7.863s] INFO:colcon.colcon_core.shell:Creating package descriptor '/home/asun/Robotica/ProyectoRobotica_RoboEntrega/robot/install/my_world/share/my_world/package.dsv'
[7.863s] INFO:colcon.colcon_core.shell:Creating package script '/home/asun/Robotica/ProyectoRobotica_RoboEntrega/robot/install/my_world/share/my_world/package.sh'
[7.864s] INFO:colcon.colcon_core.shell:Creating package script '/home/asun/Robotica/ProyectoRobotica_RoboEntrega/robot/install/my_world/share/my_world/package.bash'
[7.865s] INFO:colcon.colcon_core.shell:Creating package script '/home/asun/Robotica/ProyectoRobotica_RoboEntrega/robot/install/my_world/share/my_world/package.zsh'
[7.865s] Level 1:colcon.colcon_core.environment:create_file_with_runtime_dependencies(/home/asun/Robotica/ProyectoRobotica_RoboEntrega/robot/install/my_world/share/colcon-core/packages/my_world)
[7.866s] DEBUG:colcon.colcon_parallel_executor.executor.parallel:closing loop
[7.866s] DEBUG:colcon.colcon_parallel_executor.executor.parallel:loop closed
[7.866s] DEBUG:colcon.colcon_parallel_executor.executor.parallel:run_until_complete finished with '0'
[7.866s] DEBUG:colcon.colcon_core.event_reactor:joining thread
[7.933s] INFO:colcon.colcon_core.plugin_system:Skipping extension 'colcon_notification.desktop_notification.terminal_notifier': Not used on non-Darwin systems
[7.933s] INFO:colcon.colcon_core.plugin_system:Skipping extension 'colcon_notification.desktop_notification.win32': Not used on non-Windows systems
[7.933s] INFO:colcon.colcon_notification.desktop_notification:Sending desktop notification using 'notify2'
[7.962s] DEBUG:colcon.colcon_core.event_reactor:joined thread
[8.057s] INFO:colcon.colcon_core.shell:Creating prefix script '/home/asun/Robotica/ProyectoRobotica_RoboEntrega/robot/install/local_setup.ps1'
[8.061s] INFO:colcon.colcon_core.shell:Creating prefix util module '/home/asun/Robotica/ProyectoRobotica_RoboEntrega/robot/install/_local_setup_util_ps1.py'
[8.065s] INFO:colcon.colcon_core.shell:Creating prefix chain script '/home/asun/Robotica/ProyectoRobotica_RoboEntrega/robot/install/setup.ps1'
[8.245s] INFO:colcon.colcon_core.shell:Creating prefix script '/home/asun/Robotica/ProyectoRobotica_RoboEntrega/robot/install/local_setup.sh'
[8.249s] INFO:colcon.colcon_core.shell:Creating prefix util module '/home/asun/Robotica/ProyectoRobotica_RoboEntrega/robot/install/_local_setup_util_sh.py'
[8.251s] INFO:colcon.colcon_core.shell:Creating prefix chain script '/home/asun/Robotica/ProyectoRobotica_RoboEntrega/robot/install/setup.sh'
[8.381s] INFO:colcon.colcon_core.shell:Creating prefix script '/home/asun/Robotica/ProyectoRobotica_RoboEntrega/robot/install/local_setup.bash'
[8.384s] INFO:colcon.colcon_core.shell:Creating prefix chain script '/home/asun/Robotica/ProyectoRobotica_RoboEntrega/robot/install/setup.bash'
[8.440s] INFO:colcon.colcon_core.shell:Creating prefix script '/home/asun/Robotica/ProyectoRobotica_RoboEntrega/robot/install/local_setup.zsh'
[8.442s] INFO:colcon.colcon_core.shell:Creating prefix chain script '/home/asun/Robotica/ProyectoRobotica_RoboEntrega/robot/install/setup.zsh'
