[0.057s] Invoking command in '/home/robotica/proyectoRoboentrega/ProyectoRobotica_RoboEntrega/robot/build/turtlebot3_fake_node': CMAKE_PREFIX_PATH=/home/robotica/proyectoRoboentrega/ProyectoRobotica_RoboEntrega/robot/install/turtlebot3_simulations:/home/robotica/proyectoRoboentrega/ProyectoRobotica_RoboEntrega/robot/install/robo_entrega:/home/robotica/proyectoRoboentrega/ProyectoRobotica_RoboEntrega/robot/install/robo_entrega_office_world:/home/robotica/proyectoRoboentrega/ProyectoRobotica_RoboEntrega/robot/install/turtlebot3_gazebo:/home/robotica/proyectoRoboentrega/ProyectoRobotica_RoboEntrega/robot/install/turtlebot3_fake_node:/home/robotica/turtlebot3_ws/install/web_video_server:/home/robotica/turtlebot3_ws/install/turtlebot3_simulations:/home/robotica/turtlebot3_ws/install/my_world:/home/robotica/turtlebot3_ws/install/turtlebot3_gazebo:/home/robotica/turtlebot3_ws/install/turtlebot3_fake_node:/home/robotica/turtlebot3_ws/install/custom_interface:/home/robotica/proyectoRoboentrega/ProyectoRobotica_RoboEntrega/robot/install/robo_entrega_slam:/home/robotica/proyectoRoboentrega/ProyectoRobotica_RoboEntrega/robot/install/robo_entrega_provide_map:/home/robotica/proyectoRoboentrega/ProyectoRobotica_RoboEntrega/robot/install/robo_entrega_nav2_system:/home/robotica/turtlebot3_ws/install/testeo1:/home/robotica/turtlebot3_ws/install/show_msg:/home/robotica/turtlebot3_ws/install/provide_map:/home/robotica/turtlebot3_ws/install/my_slam:/home/robotica/turtlebot3_ws/install/my_nav2_system:/home/robotica/turtlebot3_ws/install/my_first_subscriber:/home/robotica/turtlebot3_ws/install/my_first_service:/home/robotica/turtlebot3_ws/install/my_first_publisher:/home/robotica/turtlebot3_ws/install/my_first_action:/opt/ros/galactic:/home/robotica/turtlebot3_ws/install/async_web_server_cpp /usr/bin/cmake /home/robotica/proyectoRoboentrega/ProyectoRobotica_RoboEntrega/robot/src/turtlebot3_simulations/turtlebot3_fake_node -DAMENT_CMAKE_SYMLINK_INSTALL=1 -DCMAKE_INSTALL_PREFIX=/home/robotica/proyectoRoboentrega/ProyectoRobotica_RoboEntrega/robot/install/turtlebot3_fake_node
[0.186s] -- The C compiler identification is GNU 9.4.0
[0.302s] -- The CXX compiler identification is GNU 9.4.0
[0.315s] -- Check for working C compiler: /usr/bin/cc
[0.603s] -- Check for working C compiler: /usr/bin/cc -- works
[0.603s] -- Detecting C compiler ABI info
[0.736s] -- Detecting C compiler ABI info - done
[0.768s] -- Detecting C compile features
[0.769s] -- Detecting C compile features - done
[0.776s] -- Check for working CXX compiler: /usr/bin/c++
[1.170s] -- Check for working CXX compiler: /usr/bin/c++ -- works
[1.170s] -- Detecting CXX compiler ABI info
[1.508s] -- Detecting CXX compiler ABI info - done
[1.543s] -- Detecting CXX compile features
[1.547s] -- Detecting CXX compile features - done
[1.562s] -- Found ament_cmake: 1.1.6 (/opt/ros/galactic/share/ament_cmake/cmake)
[1.687s] -- Found PythonInterp: /usr/bin/python3 (found suitable version "3.8.10", minimum required is "3") 
[1.687s] -- Using PYTHON_EXECUTABLE: /usr/bin/python3
[1.851s] -- Override CMake install command with custom implementation using symlinks instead of copying resources
[1.927s] -- Found geometry_msgs: 2.2.4 (/opt/ros/galactic/share/geometry_msgs/cmake)
[2.001s] -- Using all available rosidl_typesupport_c: rosidl_typesupport_fastrtps_c;rosidl_typesupport_introspection_c
[2.019s] -- Found rosidl_adapter: 2.2.3 (/opt/ros/galactic/share/rosidl_adapter/cmake)
[2.202s] -- Found OpenSSL: /usr/lib/x86_64-linux-gnu/libcrypto.so (found version "1.1.1f")  
[2.261s] -- Found FastRTPS: /opt/ros/galactic/include  
[2.430s] -- Using all available rosidl_typesupport_cpp: rosidl_typesupport_fastrtps_cpp;rosidl_typesupport_introspection_cpp
[2.587s] -- Found nav_msgs: 2.2.4 (/opt/ros/galactic/share/nav_msgs/cmake)
[2.733s] -- Found rclcpp: 9.2.2 (/opt/ros/galactic/share/rclcpp/cmake)
[2.868s] -- Found rmw_implementation_cmake: 3.3.1 (/opt/ros/galactic/share/rmw_implementation_cmake/cmake)
[2.884s] -- Found rmw_cyclonedds_cpp: 0.22.6 (/opt/ros/galactic/share/rmw_cyclonedds_cpp/cmake)
[2.987s] -- Using RMW implementation 'rmw_cyclonedds_cpp' as default
[2.990s] -- Looking for pthread.h
[3.364s] -- Looking for pthread.h - found
[3.364s] -- Performing Test CMAKE_HAVE_LIBC_PTHREAD
[3.652s] -- Performing Test CMAKE_HAVE_LIBC_PTHREAD - Failed
[3.653s] -- Looking for pthread_create in pthreads
[3.945s] -- Looking for pthread_create in pthreads - not found
[3.947s] -- Looking for pthread_create in pthread
[4.274s] -- Looking for pthread_create in pthread - found
[4.276s] -- Found Threads: TRUE  
[4.718s] -- Found sensor_msgs: 2.2.4 (/opt/ros/galactic/share/sensor_msgs/cmake)
[4.821s] -- Found tf2: 0.17.5 (/opt/ros/galactic/share/tf2/cmake)
[4.865s] -- Found tf2_msgs: 0.17.5 (/opt/ros/galactic/share/tf2_msgs/cmake)
[5.398s] -- Found turtlebot3_msgs: 2.2.2 (/opt/ros/galactic/share/turtlebot3_msgs/cmake)
[6.006s] -- Configuring done
[6.070s] -- Generating done
[6.102s] -- Build files have been written to: /home/robotica/proyectoRoboentrega/ProyectoRobotica_RoboEntrega/robot/build/turtlebot3_fake_node
[6.121s] Invoked command in '/home/robotica/proyectoRoboentrega/ProyectoRobotica_RoboEntrega/robot/build/turtlebot3_fake_node' returned '0': CMAKE_PREFIX_PATH=/home/robotica/proyectoRoboentrega/ProyectoRobotica_RoboEntrega/robot/install/turtlebot3_simulations:/home/robotica/proyectoRoboentrega/ProyectoRobotica_RoboEntrega/robot/install/robo_entrega:/home/robotica/proyectoRoboentrega/ProyectoRobotica_RoboEntrega/robot/install/robo_entrega_office_world:/home/robotica/proyectoRoboentrega/ProyectoRobotica_RoboEntrega/robot/install/turtlebot3_gazebo:/home/robotica/proyectoRoboentrega/ProyectoRobotica_RoboEntrega/robot/install/turtlebot3_fake_node:/home/robotica/turtlebot3_ws/install/web_video_server:/home/robotica/turtlebot3_ws/install/turtlebot3_simulations:/home/robotica/turtlebot3_ws/install/my_world:/home/robotica/turtlebot3_ws/install/turtlebot3_gazebo:/home/robotica/turtlebot3_ws/install/turtlebot3_fake_node:/home/robotica/turtlebot3_ws/install/custom_interface:/home/robotica/proyectoRoboentrega/ProyectoRobotica_RoboEntrega/robot/install/robo_entrega_slam:/home/robotica/proyectoRoboentrega/ProyectoRobotica_RoboEntrega/robot/install/robo_entrega_provide_map:/home/robotica/proyectoRoboentrega/ProyectoRobotica_RoboEntrega/robot/install/robo_entrega_nav2_system:/home/robotica/turtlebot3_ws/install/testeo1:/home/robotica/turtlebot3_ws/install/show_msg:/home/robotica/turtlebot3_ws/install/provide_map:/home/robotica/turtlebot3_ws/install/my_slam:/home/robotica/turtlebot3_ws/install/my_nav2_system:/home/robotica/turtlebot3_ws/install/my_first_subscriber:/home/robotica/turtlebot3_ws/install/my_first_service:/home/robotica/turtlebot3_ws/install/my_first_publisher:/home/robotica/turtlebot3_ws/install/my_first_action:/opt/ros/galactic:/home/robotica/turtlebot3_ws/install/async_web_server_cpp /usr/bin/cmake /home/robotica/proyectoRoboentrega/ProyectoRobotica_RoboEntrega/robot/src/turtlebot3_simulations/turtlebot3_fake_node -DAMENT_CMAKE_SYMLINK_INSTALL=1 -DCMAKE_INSTALL_PREFIX=/home/robotica/proyectoRoboentrega/ProyectoRobotica_RoboEntrega/robot/install/turtlebot3_fake_node
[6.124s] Invoking command in '/home/robotica/proyectoRoboentrega/ProyectoRobotica_RoboEntrega/robot/build/turtlebot3_fake_node': CMAKE_PREFIX_PATH=/home/robotica/proyectoRoboentrega/ProyectoRobotica_RoboEntrega/robot/install/turtlebot3_simulations:/home/robotica/proyectoRoboentrega/ProyectoRobotica_RoboEntrega/robot/install/robo_entrega:/home/robotica/proyectoRoboentrega/ProyectoRobotica_RoboEntrega/robot/install/robo_entrega_office_world:/home/robotica/proyectoRoboentrega/ProyectoRobotica_RoboEntrega/robot/install/turtlebot3_gazebo:/home/robotica/proyectoRoboentrega/ProyectoRobotica_RoboEntrega/robot/install/turtlebot3_fake_node:/home/robotica/turtlebot3_ws/install/web_video_server:/home/robotica/turtlebot3_ws/install/turtlebot3_simulations:/home/robotica/turtlebot3_ws/install/my_world:/home/robotica/turtlebot3_ws/install/turtlebot3_gazebo:/home/robotica/turtlebot3_ws/install/turtlebot3_fake_node:/home/robotica/turtlebot3_ws/install/custom_interface:/home/robotica/proyectoRoboentrega/ProyectoRobotica_RoboEntrega/robot/install/robo_entrega_slam:/home/robotica/proyectoRoboentrega/ProyectoRobotica_RoboEntrega/robot/install/robo_entrega_provide_map:/home/robotica/proyectoRoboentrega/ProyectoRobotica_RoboEntrega/robot/install/robo_entrega_nav2_system:/home/robotica/turtlebot3_ws/install/testeo1:/home/robotica/turtlebot3_ws/install/show_msg:/home/robotica/turtlebot3_ws/install/provide_map:/home/robotica/turtlebot3_ws/install/my_slam:/home/robotica/turtlebot3_ws/install/my_nav2_system:/home/robotica/turtlebot3_ws/install/my_first_subscriber:/home/robotica/turtlebot3_ws/install/my_first_service:/home/robotica/turtlebot3_ws/install/my_first_publisher:/home/robotica/turtlebot3_ws/install/my_first_action:/opt/ros/galactic:/home/robotica/turtlebot3_ws/install/async_web_server_cpp /usr/bin/cmake --build /home/robotica/proyectoRoboentrega/ProyectoRobotica_RoboEntrega/robot/build/turtlebot3_fake_node -- -j2 -l2
[6.310s] [35m[1mScanning dependencies of target turtlebot3_fake_node[0m
[6.620s] [ 50%] [32mBuilding CXX object CMakeFiles/turtlebot3_fake_node.dir/src/turtlebot3_fake_node.cpp.o[0m
[28.045s] [100%] [32m[1mLinking CXX executable turtlebot3_fake_node[0m
[29.296s] [100%] Built target turtlebot3_fake_node
[29.331s] Invoked command in '/home/robotica/proyectoRoboentrega/ProyectoRobotica_RoboEntrega/robot/build/turtlebot3_fake_node' returned '0': CMAKE_PREFIX_PATH=/home/robotica/proyectoRoboentrega/ProyectoRobotica_RoboEntrega/robot/install/turtlebot3_simulations:/home/robotica/proyectoRoboentrega/ProyectoRobotica_RoboEntrega/robot/install/robo_entrega:/home/robotica/proyectoRoboentrega/ProyectoRobotica_RoboEntrega/robot/install/robo_entrega_office_world:/home/robotica/proyectoRoboentrega/ProyectoRobotica_RoboEntrega/robot/install/turtlebot3_gazebo:/home/robotica/proyectoRoboentrega/ProyectoRobotica_RoboEntrega/robot/install/turtlebot3_fake_node:/home/robotica/turtlebot3_ws/install/web_video_server:/home/robotica/turtlebot3_ws/install/turtlebot3_simulations:/home/robotica/turtlebot3_ws/install/my_world:/home/robotica/turtlebot3_ws/install/turtlebot3_gazebo:/home/robotica/turtlebot3_ws/install/turtlebot3_fake_node:/home/robotica/turtlebot3_ws/install/custom_interface:/home/robotica/proyectoRoboentrega/ProyectoRobotica_RoboEntrega/robot/install/robo_entrega_slam:/home/robotica/proyectoRoboentrega/ProyectoRobotica_RoboEntrega/robot/install/robo_entrega_provide_map:/home/robotica/proyectoRoboentrega/ProyectoRobotica_RoboEntrega/robot/install/robo_entrega_nav2_system:/home/robotica/turtlebot3_ws/install/testeo1:/home/robotica/turtlebot3_ws/install/show_msg:/home/robotica/turtlebot3_ws/install/provide_map:/home/robotica/turtlebot3_ws/install/my_slam:/home/robotica/turtlebot3_ws/install/my_nav2_system:/home/robotica/turtlebot3_ws/install/my_first_subscriber:/home/robotica/turtlebot3_ws/install/my_first_service:/home/robotica/turtlebot3_ws/install/my_first_publisher:/home/robotica/turtlebot3_ws/install/my_first_action:/opt/ros/galactic:/home/robotica/turtlebot3_ws/install/async_web_server_cpp /usr/bin/cmake --build /home/robotica/proyectoRoboentrega/ProyectoRobotica_RoboEntrega/robot/build/turtlebot3_fake_node -- -j2 -l2
[29.354s] Invoking command in '/home/robotica/proyectoRoboentrega/ProyectoRobotica_RoboEntrega/robot/build/turtlebot3_fake_node': CMAKE_PREFIX_PATH=/home/robotica/proyectoRoboentrega/ProyectoRobotica_RoboEntrega/robot/install/turtlebot3_simulations:/home/robotica/proyectoRoboentrega/ProyectoRobotica_RoboEntrega/robot/install/robo_entrega:/home/robotica/proyectoRoboentrega/ProyectoRobotica_RoboEntrega/robot/install/robo_entrega_office_world:/home/robotica/proyectoRoboentrega/ProyectoRobotica_RoboEntrega/robot/install/turtlebot3_gazebo:/home/robotica/proyectoRoboentrega/ProyectoRobotica_RoboEntrega/robot/install/turtlebot3_fake_node:/home/robotica/turtlebot3_ws/install/web_video_server:/home/robotica/turtlebot3_ws/install/turtlebot3_simulations:/home/robotica/turtlebot3_ws/install/my_world:/home/robotica/turtlebot3_ws/install/turtlebot3_gazebo:/home/robotica/turtlebot3_ws/install/turtlebot3_fake_node:/home/robotica/turtlebot3_ws/install/custom_interface:/home/robotica/proyectoRoboentrega/ProyectoRobotica_RoboEntrega/robot/install/robo_entrega_slam:/home/robotica/proyectoRoboentrega/ProyectoRobotica_RoboEntrega/robot/install/robo_entrega_provide_map:/home/robotica/proyectoRoboentrega/ProyectoRobotica_RoboEntrega/robot/install/robo_entrega_nav2_system:/home/robotica/turtlebot3_ws/install/testeo1:/home/robotica/turtlebot3_ws/install/show_msg:/home/robotica/turtlebot3_ws/install/provide_map:/home/robotica/turtlebot3_ws/install/my_slam:/home/robotica/turtlebot3_ws/install/my_nav2_system:/home/robotica/turtlebot3_ws/install/my_first_subscriber:/home/robotica/turtlebot3_ws/install/my_first_service:/home/robotica/turtlebot3_ws/install/my_first_publisher:/home/robotica/turtlebot3_ws/install/my_first_action:/opt/ros/galactic:/home/robotica/turtlebot3_ws/install/async_web_server_cpp /usr/bin/cmake --install /home/robotica/proyectoRoboentrega/ProyectoRobotica_RoboEntrega/robot/build/turtlebot3_fake_node
[29.373s] -- Install configuration: ""
[29.376s] -- Execute custom install script
[29.380s] -- Symlinking: /home/robotica/proyectoRoboentrega/ProyectoRobotica_RoboEntrega/robot/install/turtlebot3_fake_node/lib/turtlebot3_fake_node/turtlebot3_fake_node
[29.399s] -- Symlinking: /home/robotica/proyectoRoboentrega/ProyectoRobotica_RoboEntrega/robot/install/turtlebot3_fake_node/share/turtlebot3_fake_node/launch/rviz2.launch.py
[29.416s] -- Symlinking: /home/robotica/proyectoRoboentrega/ProyectoRobotica_RoboEntrega/robot/install/turtlebot3_fake_node/share/turtlebot3_fake_node/launch/turtlebot3_fake_node.launch.py
[29.433s] -- Symlinking: /home/robotica/proyectoRoboentrega/ProyectoRobotica_RoboEntrega/robot/install/turtlebot3_fake_node/share/turtlebot3_fake_node/param/burger.yaml
[29.449s] -- Symlinking: /home/robotica/proyectoRoboentrega/ProyectoRobotica_RoboEntrega/robot/install/turtlebot3_fake_node/share/turtlebot3_fake_node/param/waffle.yaml
[29.464s] -- Symlinking: /home/robotica/proyectoRoboentrega/ProyectoRobotica_RoboEntrega/robot/install/turtlebot3_fake_node/share/turtlebot3_fake_node/param/waffle_pi.yaml
[29.481s] -- Symlinking: /home/robotica/proyectoRoboentrega/ProyectoRobotica_RoboEntrega/robot/install/turtlebot3_fake_node/include//turtlebot3_fake_node/turtlebot3_fake_node.hpp
[29.498s] -- Symlinking: /home/robotica/proyectoRoboentrega/ProyectoRobotica_RoboEntrega/robot/install/turtlebot3_fake_node/share/ament_index/resource_index/package_run_dependencies/turtlebot3_fake_node
[29.514s] -- Symlinking: /home/robotica/proyectoRoboentrega/ProyectoRobotica_RoboEntrega/robot/install/turtlebot3_fake_node/share/ament_index/resource_index/parent_prefix_path/turtlebot3_fake_node
[29.530s] -- Symlinking: /home/robotica/proyectoRoboentrega/ProyectoRobotica_RoboEntrega/robot/install/turtlebot3_fake_node/share/turtlebot3_fake_node/environment/ament_prefix_path.sh
[29.546s] -- Symlinking: /home/robotica/proyectoRoboentrega/ProyectoRobotica_RoboEntrega/robot/install/turtlebot3_fake_node/share/turtlebot3_fake_node/environment/ament_prefix_path.dsv
[29.561s] -- Symlinking: /home/robotica/proyectoRoboentrega/ProyectoRobotica_RoboEntrega/robot/install/turtlebot3_fake_node/share/turtlebot3_fake_node/environment/path.sh
[29.576s] -- Symlinking: /home/robotica/proyectoRoboentrega/ProyectoRobotica_RoboEntrega/robot/install/turtlebot3_fake_node/share/turtlebot3_fake_node/environment/path.dsv
[29.590s] -- Symlinking: /home/robotica/proyectoRoboentrega/ProyectoRobotica_RoboEntrega/robot/install/turtlebot3_fake_node/share/turtlebot3_fake_node/local_setup.bash
[29.605s] -- Symlinking: /home/robotica/proyectoRoboentrega/ProyectoRobotica_RoboEntrega/robot/install/turtlebot3_fake_node/share/turtlebot3_fake_node/local_setup.sh
[29.621s] -- Symlinking: /home/robotica/proyectoRoboentrega/ProyectoRobotica_RoboEntrega/robot/install/turtlebot3_fake_node/share/turtlebot3_fake_node/local_setup.zsh
[29.637s] -- Symlinking: /home/robotica/proyectoRoboentrega/ProyectoRobotica_RoboEntrega/robot/install/turtlebot3_fake_node/share/turtlebot3_fake_node/local_setup.dsv
[29.652s] -- Symlinking: /home/robotica/proyectoRoboentrega/ProyectoRobotica_RoboEntrega/robot/install/turtlebot3_fake_node/share/turtlebot3_fake_node/package.dsv
[29.669s] -- Symlinking: /home/robotica/proyectoRoboentrega/ProyectoRobotica_RoboEntrega/robot/install/turtlebot3_fake_node/share/ament_index/resource_index/packages/turtlebot3_fake_node
[29.685s] -- Symlinking: /home/robotica/proyectoRoboentrega/ProyectoRobotica_RoboEntrega/robot/install/turtlebot3_fake_node/share/turtlebot3_fake_node/cmake/ament_cmake_export_include_directories-extras.cmake
[29.704s] -- Symlinking: /home/robotica/proyectoRoboentrega/ProyectoRobotica_RoboEntrega/robot/install/turtlebot3_fake_node/share/turtlebot3_fake_node/cmake/ament_cmake_export_dependencies-extras.cmake
[29.719s] -- Symlinking: /home/robotica/proyectoRoboentrega/ProyectoRobotica_RoboEntrega/robot/install/turtlebot3_fake_node/share/turtlebot3_fake_node/cmake/turtlebot3_fake_nodeConfig.cmake
[29.734s] -- Symlinking: /home/robotica/proyectoRoboentrega/ProyectoRobotica_RoboEntrega/robot/install/turtlebot3_fake_node/share/turtlebot3_fake_node/cmake/turtlebot3_fake_nodeConfig-version.cmake
[29.750s] -- Symlinking: /home/robotica/proyectoRoboentrega/ProyectoRobotica_RoboEntrega/robot/install/turtlebot3_fake_node/share/turtlebot3_fake_node/package.xml
[29.767s] Invoked command in '/home/robotica/proyectoRoboentrega/ProyectoRobotica_RoboEntrega/robot/build/turtlebot3_fake_node' returned '0': CMAKE_PREFIX_PATH=/home/robotica/proyectoRoboentrega/ProyectoRobotica_RoboEntrega/robot/install/turtlebot3_simulations:/home/robotica/proyectoRoboentrega/ProyectoRobotica_RoboEntrega/robot/install/robo_entrega:/home/robotica/proyectoRoboentrega/ProyectoRobotica_RoboEntrega/robot/install/robo_entrega_office_world:/home/robotica/proyectoRoboentrega/ProyectoRobotica_RoboEntrega/robot/install/turtlebot3_gazebo:/home/robotica/proyectoRoboentrega/ProyectoRobotica_RoboEntrega/robot/install/turtlebot3_fake_node:/home/robotica/turtlebot3_ws/install/web_video_server:/home/robotica/turtlebot3_ws/install/turtlebot3_simulations:/home/robotica/turtlebot3_ws/install/my_world:/home/robotica/turtlebot3_ws/install/turtlebot3_gazebo:/home/robotica/turtlebot3_ws/install/turtlebot3_fake_node:/home/robotica/turtlebot3_ws/install/custom_interface:/home/robotica/proyectoRoboentrega/ProyectoRobotica_RoboEntrega/robot/install/robo_entrega_slam:/home/robotica/proyectoRoboentrega/ProyectoRobotica_RoboEntrega/robot/install/robo_entrega_provide_map:/home/robotica/proyectoRoboentrega/ProyectoRobotica_RoboEntrega/robot/install/robo_entrega_nav2_system:/home/robotica/turtlebot3_ws/install/testeo1:/home/robotica/turtlebot3_ws/install/show_msg:/home/robotica/turtlebot3_ws/install/provide_map:/home/robotica/turtlebot3_ws/install/my_slam:/home/robotica/turtlebot3_ws/install/my_nav2_system:/home/robotica/turtlebot3_ws/install/my_first_subscriber:/home/robotica/turtlebot3_ws/install/my_first_service:/home/robotica/turtlebot3_ws/install/my_first_publisher:/home/robotica/turtlebot3_ws/install/my_first_action:/opt/ros/galactic:/home/robotica/turtlebot3_ws/install/async_web_server_cpp /usr/bin/cmake --install /home/robotica/proyectoRoboentrega/ProyectoRobotica_RoboEntrega/robot/build/turtlebot3_fake_node
