[0.371s] Invoking command in '/home/haoxu/Git/ProyectoRobotica_RoboEntrega/robot/src/nav2_system': PYTHONPATH=/home/haoxu/Git/ProyectoRobotica_RoboEntrega/robot/build/nav2_system/prefix_override:/usr/lib/python3/dist-packages/colcon_core/task/python/colcon_distutils_commands:/home/haoxu/Git/ProyectoRobotica_RoboEntrega/robot/install/nav2_system/lib/python3.8/site-packages:${PYTHONPATH} /usr/bin/python3 -W ignore:setup.py install is deprecated -W ignore:easy_install command is deprecated setup.py egg_info --egg-base ../../build/nav2_system build --build-base /home/haoxu/Git/ProyectoRobotica_RoboEntrega/robot/build/nav2_system/build install --record /home/haoxu/Git/ProyectoRobotica_RoboEntrega/robot/build/nav2_system/install.log --single-version-externally-managed install_data
[0.504s] running egg_info
[0.504s] writing ../../build/nav2_system/nav2_system.egg-info/PKG-INFO
[0.505s] writing dependency_links to ../../build/nav2_system/nav2_system.egg-info/dependency_links.txt
[0.505s] writing entry points to ../../build/nav2_system/nav2_system.egg-info/entry_points.txt
[0.506s] writing requirements to ../../build/nav2_system/nav2_system.egg-info/requires.txt
[0.506s] writing top-level names to ../../build/nav2_system/nav2_system.egg-info/top_level.txt
[0.524s] reading manifest file '../../build/nav2_system/nav2_system.egg-info/SOURCES.txt'
[0.525s] writing manifest file '../../build/nav2_system/nav2_system.egg-info/SOURCES.txt'
[0.526s] running build
[0.526s] running build_py
[0.526s] copying nav2_system/initial_pose_pub.py -> /home/haoxu/Git/ProyectoRobotica_RoboEntrega/robot/build/nav2_system/build/lib/nav2_system
[0.526s] running install
[0.526s] running install_lib
[0.527s] copying /home/haoxu/Git/ProyectoRobotica_RoboEntrega/robot/build/nav2_system/build/lib/nav2_system/initial_pose_pub.py -> /home/haoxu/Git/ProyectoRobotica_RoboEntrega/robot/install/nav2_system/lib/python3.8/site-packages/nav2_system
[0.527s] byte-compiling /home/haoxu/Git/ProyectoRobotica_RoboEntrega/robot/install/nav2_system/lib/python3.8/site-packages/nav2_system/initial_pose_pub.py to initial_pose_pub.cpython-38.pyc
[0.529s] running install_data
[0.529s] copying launch/tb3_sim_nav2.launch.py -> /home/haoxu/Git/ProyectoRobotica_RoboEntrega/robot/install/nav2_system/share/nav2_system/launch
[0.529s] running install_egg_info
[0.530s] removing '/home/haoxu/Git/ProyectoRobotica_RoboEntrega/robot/install/nav2_system/lib/python3.8/site-packages/nav2_system-0.0.0-py3.8.egg-info' (and everything under it)
[0.531s] Copying ../../build/nav2_system/nav2_system.egg-info to /home/haoxu/Git/ProyectoRobotica_RoboEntrega/robot/install/nav2_system/lib/python3.8/site-packages/nav2_system-0.0.0-py3.8.egg-info
[0.531s] running install_scripts
[0.540s] Installing initial_pose_pub script to /home/haoxu/Git/ProyectoRobotica_RoboEntrega/robot/install/nav2_system/lib/nav2_system
[0.541s] writing list of installed files to '/home/haoxu/Git/ProyectoRobotica_RoboEntrega/robot/build/nav2_system/install.log'
[0.553s] Invoked command in '/home/haoxu/Git/ProyectoRobotica_RoboEntrega/robot/src/nav2_system' returned '0': PYTHONPATH=/home/haoxu/Git/ProyectoRobotica_RoboEntrega/robot/build/nav2_system/prefix_override:/usr/lib/python3/dist-packages/colcon_core/task/python/colcon_distutils_commands:/home/haoxu/Git/ProyectoRobotica_RoboEntrega/robot/install/nav2_system/lib/python3.8/site-packages:${PYTHONPATH} /usr/bin/python3 -W ignore:setup.py install is deprecated -W ignore:easy_install command is deprecated setup.py egg_info --egg-base ../../build/nav2_system build --build-base /home/haoxu/Git/ProyectoRobotica_RoboEntrega/robot/build/nav2_system/build install --record /home/haoxu/Git/ProyectoRobotica_RoboEntrega/robot/build/nav2_system/install.log --single-version-externally-managed install_data
