[0.232s] Invoking command in '/home/asun/turtlebot3_ws/build/my_world': CMAKE_PREFIX_PATH=/home/asun/turtlebot3_ws/install/turtlebot3_gazebo:/home/asun/turtlebot3_ws/install/turtlebot3_simulations:/home/asun/turtlebot3_ws/install/my_world:/home/asun/turtlebot3_ws/install/turtlebot3_fake_node:/opt/ros/galactic /usr/bin/cmake --build /home/asun/turtlebot3_ws/build/my_world -- -j6 -l6
[0.448s] [100%] Built target turtlebot3_drive
[0.467s] Invoked command in '/home/asun/turtlebot3_ws/build/my_world' returned '0': CMAKE_PREFIX_PATH=/home/asun/turtlebot3_ws/install/turtlebot3_gazebo:/home/asun/turtlebot3_ws/install/turtlebot3_simulations:/home/asun/turtlebot3_ws/install/my_world:/home/asun/turtlebot3_ws/install/turtlebot3_fake_node:/opt/ros/galactic /usr/bin/cmake --build /home/asun/turtlebot3_ws/build/my_world -- -j6 -l6
[0.529s] Invoking command in '/home/asun/turtlebot3_ws/build/my_world': CMAKE_PREFIX_PATH=/home/asun/turtlebot3_ws/install/turtlebot3_gazebo:/home/asun/turtlebot3_ws/install/turtlebot3_simulations:/home/asun/turtlebot3_ws/install/my_world:/home/asun/turtlebot3_ws/install/turtlebot3_fake_node:/opt/ros/galactic /usr/bin/cmake --install /home/asun/turtlebot3_ws/build/my_world
[0.544s] -- Install configuration: ""
[0.546s] -- Up-to-date: /home/asun/turtlebot3_ws/install/my_world/lib/my_world/turtlebot3_drive
[0.546s] -- Up-to-date: /home/asun/turtlebot3_ws/install/my_world/share/my_world//launch
[0.547s] -- Up-to-date: /home/asun/turtlebot3_ws/install/my_world/share/my_world//launch/turtlebot3_my_world.launch.py
[0.547s] -- Up-to-date: /home/asun/turtlebot3_ws/install/my_world/share/my_world//models
[0.547s] -- Up-to-date: /home/asun/turtlebot3_ws/install/my_world/share/my_world//models/elegant_female2
[0.547s] -- Up-to-date: /home/asun/turtlebot3_ws/install/my_world/share/my_world//models/elegant_female2/materials
[0.547s] -- Up-to-date: /home/asun/turtlebot3_ws/install/my_world/share/my_world//models/elegant_female2/materials/textures
[0.547s] -- Up-to-date: /home/asun/turtlebot3_ws/install/my_world/share/my_world//models/elegant_female2/materials/textures/female_elegantsuit01_diffuse.png
[0.548s] -- Up-to-date: /home/asun/turtlebot3_ws/install/my_world/share/my_world//models/elegant_female2/materials/textures/braid01_diffuse.png
[0.548s] -- Up-to-date: /home/asun/turtlebot3_ws/install/my_world/share/my_world//models/elegant_female2/materials/textures/female_elegantsuit01_normal.png
[0.548s] -- Up-to-date: /home/asun/turtlebot3_ws/install/my_world/share/my_world//models/elegant_female2/materials/textures/brown_eye.png
[0.548s] -- Up-to-date: /home/asun/turtlebot3_ws/install/my_world/share/my_world//models/elegant_female2/materials/textures/eyelashes01.png
[0.548s] -- Up-to-date: /home/asun/turtlebot3_ws/install/my_world/share/my_world//models/elegant_female2/materials/textures/shoes03_diffuse.png
[0.548s] -- Up-to-date: /home/asun/turtlebot3_ws/install/my_world/share/my_world//models/elegant_female2/materials/textures/young_darkskinned_female_diffuse.png
[0.548s] -- Up-to-date: /home/asun/turtlebot3_ws/install/my_world/share/my_world//models/elegant_female2/materials/textures/eyebrow003.png
[0.548s] -- Up-to-date: /home/asun/turtlebot3_ws/install/my_world/share/my_world//models/elegant_female2/meshes
[0.548s] -- Up-to-date: /home/asun/turtlebot3_ws/install/my_world/share/my_world//models/elegant_female2/meshes/elegant_female2.png
[0.548s] -- Up-to-date: /home/asun/turtlebot3_ws/install/my_world/share/my_world//models/elegant_female2/meshes/elegant_female2.dae
[0.548s] -- Up-to-date: /home/asun/turtlebot3_ws/install/my_world/share/my_world//models/elegant_female2/model.sdf
[0.548s] -- Up-to-date: /home/asun/turtlebot3_ws/install/my_world/share/my_world//models/elegant_female2/model.config
[0.548s] -- Installing: /home/asun/turtlebot3_ws/install/my_world/share/my_world//models/desk
[0.548s] -- Installing: /home/asun/turtlebot3_ws/install/my_world/share/my_world//models/desk/materials
[0.549s] -- Installing: /home/asun/turtlebot3_ws/install/my_world/share/my_world//models/desk/materials/textures
[0.549s] -- Installing: /home/asun/turtlebot3_ws/install/my_world/share/my_world//models/desk/materials/textures/desk.png
[0.550s] -- Installing: /home/asun/turtlebot3_ws/install/my_world/share/my_world//models/desk/meshes
[0.550s] -- Installing: /home/asun/turtlebot3_ws/install/my_world/share/my_world//models/desk/meshes/desk.obj
[0.551s] -- Installing: /home/asun/turtlebot3_ws/install/my_world/share/my_world//models/desk/meshes/desk.mtl
[0.551s] -- Installing: /home/asun/turtlebot3_ws/install/my_world/share/my_world//models/desk/model.sdf
[0.552s] -- Installing: /home/asun/turtlebot3_ws/install/my_world/share/my_world//models/desk/model.config
[0.552s] -- Up-to-date: /home/asun/turtlebot3_ws/install/my_world/share/my_world//models/media
[0.552s] -- Up-to-date: /home/asun/turtlebot3_ws/install/my_world/share/my_world//models/media/materials
[0.552s] -- Up-to-date: /home/asun/turtlebot3_ws/install/my_world/share/my_world//models/media/materials/textures
[0.553s] -- Up-to-date: /home/asun/turtlebot3_ws/install/my_world/share/my_world//models/media/materials/textures/sink.png
[0.553s] -- Up-to-date: /home/asun/turtlebot3_ws/install/my_world/share/my_world//models/media/materials/textures/bathroom.png
[0.553s] -- Up-to-date: /home/asun/turtlebot3_ws/install/my_world/share/my_world//models/media/materials/textures/hallway.png
[0.553s] -- Up-to-date: /home/asun/turtlebot3_ws/install/my_world/share/my_world//models/media/materials/textures/elevator.png
[0.553s] -- Up-to-date: /home/asun/turtlebot3_ws/install/my_world/share/my_world//models/media/materials/textures/wall_color.png
[0.554s] -- Up-to-date: /home/asun/turtlebot3_ws/install/my_world/share/my_world//models/media/materials/textures/window.png
[0.554s] -- Up-to-date: /home/asun/turtlebot3_ws/install/my_world/share/my_world//models/media/materials/textures/wall_window_and_elevator.png
[0.554s] -- Up-to-date: /home/asun/turtlebot3_ws/install/my_world/share/my_world//models/media/materials/textures/wall_plain_and_door.png
[0.554s] -- Up-to-date: /home/asun/turtlebot3_ws/install/my_world/share/my_world//models/media/materials/textures/cubicle_wall.png
[0.554s] -- Up-to-date: /home/asun/turtlebot3_ws/install/my_world/share/my_world//models/media/materials/textures/floors.png
[0.554s] -- Up-to-date: /home/asun/turtlebot3_ws/install/my_world/share/my_world//models/media/materials/textures/plain.png
[0.554s] -- Up-to-date: /home/asun/turtlebot3_ws/install/my_world/share/my_world//models/media/materials/textures/ceiling.png
[0.554s] -- Up-to-date: /home/asun/turtlebot3_ws/install/my_world/share/my_world//models/media/materials/textures/door_wall.png
[0.554s] -- Up-to-date: /home/asun/turtlebot3_ws/install/my_world/share/my_world//models/media/materials/scripts
[0.554s] -- Up-to-date: /home/asun/turtlebot3_ws/install/my_world/share/my_world//models/media/materials/scripts/servicesim.material
[0.555s] -- Up-to-date: /home/asun/turtlebot3_ws/install/my_world/share/my_world//models/media/meshes
[0.555s] -- Up-to-date: /home/asun/turtlebot3_ws/install/my_world/share/my_world//models/media/meshes/bathroom.obj
[0.555s] -- Up-to-date: /home/asun/turtlebot3_ws/install/my_world/share/my_world//models/media/meshes/wall_door.obj
[0.555s] -- Up-to-date: /home/asun/turtlebot3_ws/install/my_world/share/my_world//models/media/meshes/office_small.obj
[0.555s] -- Up-to-date: /home/asun/turtlebot3_ws/install/my_world/share/my_world//models/media/meshes/tile.obj
[0.555s] -- Up-to-date: /home/asun/turtlebot3_ws/install/my_world/share/my_world//models/media/meshes/sink.obj
[0.555s] -- Up-to-date: /home/asun/turtlebot3_ws/install/my_world/share/my_world//models/media/meshes/wall_plain.obj
[0.555s] -- Up-to-date: /home/asun/turtlebot3_ws/install/my_world/share/my_world//models/media/meshes/cubicle_wall.mtl
[0.555s] -- Up-to-date: /home/asun/turtlebot3_ws/install/my_world/share/my_world//models/media/meshes/refreshment_area.obj
[0.555s] -- Up-to-date: /home/asun/turtlebot3_ws/install/my_world/share/my_world//models/media/meshes/ceiling.obj
[0.556s] -- Up-to-date: /home/asun/turtlebot3_ws/install/my_world/share/my_world//models/media/meshes/office.mtl
[0.556s] -- Up-to-date: /home/asun/turtlebot3_ws/install/my_world/share/my_world//models/media/meshes/office_large.obj
[0.556s] -- Up-to-date: /home/asun/turtlebot3_ws/install/my_world/share/my_world//models/media/meshes/wall_window.obj
[0.556s] -- Up-to-date: /home/asun/turtlebot3_ws/install/my_world/share/my_world//models/media/meshes/reception.obj
[0.556s] -- Up-to-date: /home/asun/turtlebot3_ws/install/my_world/share/my_world//models/media/meshes/meeting_room_large.obj
[0.556s] -- Up-to-date: /home/asun/turtlebot3_ws/install/my_world/share/my_world//models/media/meshes/meeting_room_small.obj
[0.556s] -- Up-to-date: /home/asun/turtlebot3_ws/install/my_world/share/my_world//models/media/meshes/carpet.obj
[0.556s] -- Up-to-date: /home/asun/turtlebot3_ws/install/my_world/share/my_world//models/media/meshes/cubicle_wall.obj
[0.556s] -- Up-to-date: /home/asun/turtlebot3_ws/install/my_world/share/my_world//models/media/meshes/wall_elevator.obj
[0.556s] -- Up-to-date: /home/asun/turtlebot3_ws/install/my_world/share/my_world//models/media/meshes/hallway.obj
[0.556s] -- Installing: /home/asun/turtlebot3_ws/install/my_world/share/my_world//models/computer
[0.557s] -- Installing: /home/asun/turtlebot3_ws/install/my_world/share/my_world//models/computer/materials
[0.557s] -- Installing: /home/asun/turtlebot3_ws/install/my_world/share/my_world//models/computer/materials/textures
[0.557s] -- Installing: /home/asun/turtlebot3_ws/install/my_world/share/my_world//models/computer/materials/textures/computer.png
[0.558s] -- Installing: /home/asun/turtlebot3_ws/install/my_world/share/my_world//models/computer/meshes
[0.558s] -- Installing: /home/asun/turtlebot3_ws/install/my_world/share/my_world//models/computer/meshes/computer.mtl
[0.559s] -- Installing: /home/asun/turtlebot3_ws/install/my_world/share/my_world//models/computer/meshes/computer.obj
[0.560s] -- Installing: /home/asun/turtlebot3_ws/install/my_world/share/my_world//models/computer/meshes/computer_tower.obj
[0.561s] -- Installing: /home/asun/turtlebot3_ws/install/my_world/share/my_world//models/computer/meshes/computer_monitor.obj
[0.562s] -- Installing: /home/asun/turtlebot3_ws/install/my_world/share/my_world//models/computer/model.sdf
[0.562s] -- Installing: /home/asun/turtlebot3_ws/install/my_world/share/my_world//models/computer/model.config
[0.563s] -- Up-to-date: /home/asun/turtlebot3_ws/install/my_world/share/my_world//models/microwave
[0.563s] -- Up-to-date: /home/asun/turtlebot3_ws/install/my_world/share/my_world//models/microwave/materials
[0.563s] -- Up-to-date: /home/asun/turtlebot3_ws/install/my_world/share/my_world//models/microwave/materials/textures
[0.563s] -- Up-to-date: /home/asun/turtlebot3_ws/install/my_world/share/my_world//models/microwave/materials/textures/microwave.png
[0.563s] -- Up-to-date: /home/asun/turtlebot3_ws/install/my_world/share/my_world//models/microwave/meshes
[0.564s] -- Up-to-date: /home/asun/turtlebot3_ws/install/my_world/share/my_world//models/microwave/meshes/microwave.obj
[0.564s] -- Up-to-date: /home/asun/turtlebot3_ws/install/my_world/share/my_world//models/microwave/meshes/microwave.mtl
[0.564s] -- Up-to-date: /home/asun/turtlebot3_ws/install/my_world/share/my_world//models/microwave/model.sdf
[0.564s] -- Up-to-date: /home/asun/turtlebot3_ws/install/my_world/share/my_world//models/microwave/model.config
[0.564s] -- Up-to-date: /home/asun/turtlebot3_ws/install/my_world/share/my_world//models/toilet
[0.564s] -- Up-to-date: /home/asun/turtlebot3_ws/install/my_world/share/my_world//models/toilet/materials
[0.565s] -- Up-to-date: /home/asun/turtlebot3_ws/install/my_world/share/my_world//models/toilet/materials/textures
[0.565s] -- Up-to-date: /home/asun/turtlebot3_ws/install/my_world/share/my_world//models/toilet/materials/textures/toilet_diffuse_specular.png
[0.565s] -- Up-to-date: /home/asun/turtlebot3_ws/install/my_world/share/my_world//models/toilet/meshes
[0.565s] -- Up-to-date: /home/asun/turtlebot3_ws/install/my_world/share/my_world//models/toilet/meshes/toilet.dae
[0.565s] -- Up-to-date: /home/asun/turtlebot3_ws/install/my_world/share/my_world//models/toilet/model.sdf
[0.566s] -- Up-to-date: /home/asun/turtlebot3_ws/install/my_world/share/my_world//models/toilet/model.config
[0.566s] -- Up-to-date: /home/asun/turtlebot3_ws/install/my_world/share/my_world//models/map
[0.566s] -- Up-to-date: /home/asun/turtlebot3_ws/install/my_world/share/my_world//models/map/map.png
[0.566s] -- Up-to-date: /home/asun/turtlebot3_ws/install/my_world/share/my_world//models/map/map.yaml
[0.566s] -- Up-to-date: /home/asun/turtlebot3_ws/install/my_world/share/my_world//models/service.world
[0.566s] -- Up-to-date: /home/asun/turtlebot3_ws/install/my_world/share/my_world//models/office_desk
[0.566s] -- Up-to-date: /home/asun/turtlebot3_ws/install/my_world/share/my_world//models/office_desk/materials
[0.567s] -- Up-to-date: /home/asun/turtlebot3_ws/install/my_world/share/my_world//models/office_desk/materials/textures
[0.567s] -- Up-to-date: /home/asun/turtlebot3_ws/install/my_world/share/my_world//models/office_desk/materials/textures/office_desk_specular.png
[0.567s] -- Up-to-date: /home/asun/turtlebot3_ws/install/my_world/share/my_world//models/office_desk/materials/textures/office_desk_diffuse.png
[0.567s] -- Up-to-date: /home/asun/turtlebot3_ws/install/my_world/share/my_world//models/office_desk/meshes
[0.567s] -- Up-to-date: /home/asun/turtlebot3_ws/install/my_world/share/my_world//models/office_desk/meshes/office_desk.dae
[0.567s] -- Up-to-date: /home/asun/turtlebot3_ws/install/my_world/share/my_world//models/office_desk/model.sdf
[0.567s] -- Up-to-date: /home/asun/turtlebot3_ws/install/my_world/share/my_world//models/office_desk/model.config
[0.567s] -- Up-to-date: /home/asun/turtlebot3_ws/install/my_world/share/my_world//models/office_box
[0.567s] -- Up-to-date: /home/asun/turtlebot3_ws/install/my_world/share/my_world//models/office_box/materials
[0.567s] -- Up-to-date: /home/asun/turtlebot3_ws/install/my_world/share/my_world//models/office_box/materials/textures
[0.567s] -- Up-to-date: /home/asun/turtlebot3_ws/install/my_world/share/my_world//models/office_box/materials/textures/office_box.png
[0.567s] -- Up-to-date: /home/asun/turtlebot3_ws/install/my_world/share/my_world//models/office_box/meshes
[0.567s] -- Up-to-date: /home/asun/turtlebot3_ws/install/my_world/share/my_world//models/office_box/meshes/office_box.dae
[0.568s] -- Up-to-date: /home/asun/turtlebot3_ws/install/my_world/share/my_world//models/office_box/model.sdf
[0.568s] -- Up-to-date: /home/asun/turtlebot3_ws/install/my_world/share/my_world//models/office_box/model.config
[0.568s] -- Up-to-date: /home/asun/turtlebot3_ws/install/my_world/share/my_world//models/refrigerator
[0.568s] -- Up-to-date: /home/asun/turtlebot3_ws/install/my_world/share/my_world//models/refrigerator/materials
[0.568s] -- Up-to-date: /home/asun/turtlebot3_ws/install/my_world/share/my_world//models/refrigerator/materials/textures
[0.568s] -- Up-to-date: /home/asun/turtlebot3_ws/install/my_world/share/my_world//models/refrigerator/materials/textures/refrigerator.png
[0.568s] -- Up-to-date: /home/asun/turtlebot3_ws/install/my_world/share/my_world//models/refrigerator/meshes
[0.568s] -- Up-to-date: /home/asun/turtlebot3_ws/install/my_world/share/my_world//models/refrigerator/meshes/refrigerator.mtl
[0.568s] -- Up-to-date: /home/asun/turtlebot3_ws/install/my_world/share/my_world//models/refrigerator/meshes/refrigerator.obj
[0.568s] -- Up-to-date: /home/asun/turtlebot3_ws/install/my_world/share/my_world//models/refrigerator/model.sdf
[0.568s] -- Up-to-date: /home/asun/turtlebot3_ws/install/my_world/share/my_world//models/refrigerator/model.config
[0.568s] -- Up-to-date: /home/asun/turtlebot3_ws/install/my_world/share/my_world//models/office_table
[0.568s] -- Up-to-date: /home/asun/turtlebot3_ws/install/my_world/share/my_world//models/office_table/materials
[0.568s] -- Up-to-date: /home/asun/turtlebot3_ws/install/my_world/share/my_world//models/office_table/materials/textures
[0.569s] -- Up-to-date: /home/asun/turtlebot3_ws/install/my_world/share/my_world//models/office_table/materials/textures/office_table_specular.png
[0.569s] -- Up-to-date: /home/asun/turtlebot3_ws/install/my_world/share/my_world//models/office_table/materials/textures/office_table_diffuse.png
[0.569s] -- Up-to-date: /home/asun/turtlebot3_ws/install/my_world/share/my_world//models/office_table/meshes
[0.569s] -- Up-to-date: /home/asun/turtlebot3_ws/install/my_world/share/my_world//models/office_table/meshes/office_table.dae
[0.569s] -- Up-to-date: /home/asun/turtlebot3_ws/install/my_world/share/my_world//models/office_table/model.sdf
[0.569s] -- Up-to-date: /home/asun/turtlebot3_ws/install/my_world/share/my_world//models/office_table/model.config
[0.569s] -- Up-to-date: /home/asun/turtlebot3_ws/install/my_world/share/my_world//models/office_lamp
[0.569s] -- Up-to-date: /home/asun/turtlebot3_ws/install/my_world/share/my_world//models/office_lamp/materials
[0.569s] -- Up-to-date: /home/asun/turtlebot3_ws/install/my_world/share/my_world//models/office_lamp/materials/textures
[0.569s] -- Up-to-date: /home/asun/turtlebot3_ws/install/my_world/share/my_world//models/office_lamp/materials/textures/office_lamp_diffuse.png
[0.569s] -- Up-to-date: /home/asun/turtlebot3_ws/install/my_world/share/my_world//models/office_lamp/materials/textures/office_lamp_illumination.png
[0.569s] -- Up-to-date: /home/asun/turtlebot3_ws/install/my_world/share/my_world//models/office_lamp/materials/textures/office_lamp_specular.png
[0.569s] -- Up-to-date: /home/asun/turtlebot3_ws/install/my_world/share/my_world//models/office_lamp/meshes
[0.570s] -- Up-to-date: /home/asun/turtlebot3_ws/install/my_world/share/my_world//models/office_lamp/meshes/office_lamp.dae
[0.570s] -- Up-to-date: /home/asun/turtlebot3_ws/install/my_world/share/my_world//models/office_lamp/model.sdf
[0.570s] -- Up-to-date: /home/asun/turtlebot3_ws/install/my_world/share/my_world//models/office_lamp/model.config
[0.570s] -- Up-to-date: /home/asun/turtlebot3_ws/install/my_world/share/my_world//models/whiteboard
[0.570s] -- Up-to-date: /home/asun/turtlebot3_ws/install/my_world/share/my_world//models/whiteboard/materials
[0.570s] -- Up-to-date: /home/asun/turtlebot3_ws/install/my_world/share/my_world//models/whiteboard/materials/textures
[0.570s] -- Up-to-date: /home/asun/turtlebot3_ws/install/my_world/share/my_world//models/whiteboard/materials/textures/whiteboard.png
[0.570s] -- Up-to-date: /home/asun/turtlebot3_ws/install/my_world/share/my_world//models/whiteboard/meshes
[0.570s] -- Up-to-date: /home/asun/turtlebot3_ws/install/my_world/share/my_world//models/whiteboard/meshes/whiteboard.mtl
[0.570s] -- Up-to-date: /home/asun/turtlebot3_ws/install/my_world/share/my_world//models/whiteboard/meshes/whiteboard.obj
[0.570s] -- Up-to-date: /home/asun/turtlebot3_ws/install/my_world/share/my_world//models/whiteboard/model.sdf
[0.570s] -- Up-to-date: /home/asun/turtlebot3_ws/install/my_world/share/my_world//models/whiteboard/model.config
[0.570s] -- Up-to-date: /home/asun/turtlebot3_ws/install/my_world/share/my_world//models/hangout_chair
[0.570s] -- Up-to-date: /home/asun/turtlebot3_ws/install/my_world/share/my_world//models/hangout_chair/materials
[0.571s] -- Up-to-date: /home/asun/turtlebot3_ws/install/my_world/share/my_world//models/hangout_chair/materials/textures
[0.571s] -- Up-to-date: /home/asun/turtlebot3_ws/install/my_world/share/my_world//models/hangout_chair/materials/textures/hangout_chair.png
[0.571s] -- Up-to-date: /home/asun/turtlebot3_ws/install/my_world/share/my_world//models/hangout_chair/meshes
[0.571s] -- Up-to-date: /home/asun/turtlebot3_ws/install/my_world/share/my_world//models/hangout_chair/meshes/hangout_chair.mtl
[0.571s] -- Up-to-date: /home/asun/turtlebot3_ws/install/my_world/share/my_world//models/hangout_chair/meshes/hangout_chair.obj
[0.571s] -- Up-to-date: /home/asun/turtlebot3_ws/install/my_world/share/my_world//models/hangout_chair/model.sdf
[0.571s] -- Up-to-date: /home/asun/turtlebot3_ws/install/my_world/share/my_world//models/hangout_chair/model.config
[0.571s] -- Installing: /home/asun/turtlebot3_ws/install/my_world/share/my_world//models/casual_female
[0.571s] -- Installing: /home/asun/turtlebot3_ws/install/my_world/share/my_world//models/casual_female/materials
[0.571s] -- Installing: /home/asun/turtlebot3_ws/install/my_world/share/my_world//models/casual_female/materials/textures
[0.571s] -- Installing: /home/asun/turtlebot3_ws/install/my_world/share/my_world//models/casual_female/materials/textures/female_casualsuit02_normal.png
[0.575s] -- Installing: /home/asun/turtlebot3_ws/install/my_world/share/my_world//models/casual_female/materials/textures/female_casualsuit01_diffuse.png
[0.587s] -- Installing: /home/asun/turtlebot3_ws/install/my_world/share/my_world//models/casual_female/materials/textures/eyebrow002.png
[0.589s] -- Installing: /home/asun/turtlebot3_ws/install/my_world/share/my_world//models/casual_female/materials/textures/shoes05_diffuse.png
[0.595s] -- Installing: /home/asun/turtlebot3_ws/install/my_world/share/my_world//models/casual_female/materials/textures/ponytail01_diffuse.png
[0.611s] -- Installing: /home/asun/turtlebot3_ws/install/my_world/share/my_world//models/casual_female/materials/textures/female_casualsuit02_diffuse.png
[0.630s] -- Installing: /home/asun/turtlebot3_ws/install/my_world/share/my_world//models/casual_female/materials/textures/brown_eye.png
[0.634s] -- Installing: /home/asun/turtlebot3_ws/install/my_world/share/my_world//models/casual_female/materials/textures/female_casualsuit01_normal.png
[0.659s] -- Installing: /home/asun/turtlebot3_ws/install/my_world/share/my_world//models/casual_female/materials/textures/eyelashes01.png
[0.660s] -- Installing: /home/asun/turtlebot3_ws/install/my_world/share/my_world//models/casual_female/materials/textures/casual_female.png
[0.662s] -- Installing: /home/asun/turtlebot3_ws/install/my_world/share/my_world//models/casual_female/materials/textures/tongue01_diffuse.png
[0.667s] -- Installing: /home/asun/turtlebot3_ws/install/my_world/share/my_world//models/casual_female/materials/textures/young_lightskinned_female_diffuse.png
[0.683s] -- Installing: /home/asun/turtlebot3_ws/install/my_world/share/my_world//models/casual_female/meshes
[0.683s] -- Installing: /home/asun/turtlebot3_ws/install/my_world/share/my_world//models/casual_female/meshes/casual_female.dae
[0.699s] -- Installing: /home/asun/turtlebot3_ws/install/my_world/share/my_world//models/casual_female/model.sdf
[0.700s] -- Installing: /home/asun/turtlebot3_ws/install/my_world/share/my_world//models/casual_female/model.config
[0.700s] -- Installing: /home/asun/turtlebot3_ws/install/my_world/share/my_world//models/bathroom_sink
[0.700s] -- Installing: /home/asun/turtlebot3_ws/install/my_world/share/my_world//models/bathroom_sink/materials
[0.700s] -- Installing: /home/asun/turtlebot3_ws/install/my_world/share/my_world//models/bathroom_sink/materials/textures
[0.701s] -- Installing: /home/asun/turtlebot3_ws/install/my_world/share/my_world//models/bathroom_sink/materials/textures/bathroom_sink_diffuse.png
[0.707s] -- Installing: /home/asun/turtlebot3_ws/install/my_world/share/my_world//models/bathroom_sink/materials/textures/bathroom_sink_specular.png
[0.711s] -- Installing: /home/asun/turtlebot3_ws/install/my_world/share/my_world//models/bathroom_sink/meshes
[0.712s] -- Installing: /home/asun/turtlebot3_ws/install/my_world/share/my_world//models/bathroom_sink/meshes/bathroom_sink.dae
[0.713s] -- Installing: /home/asun/turtlebot3_ws/install/my_world/share/my_world//models/bathroom_sink/model.sdf
[0.713s] -- Installing: /home/asun/turtlebot3_ws/install/my_world/share/my_world//models/bathroom_sink/model.config
[0.714s] -- Installing: /home/asun/turtlebot3_ws/install/my_world/share/my_world//models/conference_table_small
[0.714s] -- Installing: /home/asun/turtlebot3_ws/install/my_world/share/my_world//models/conference_table_small/materials
[0.714s] -- Installing: /home/asun/turtlebot3_ws/install/my_world/share/my_world//models/conference_table_small/materials/textures
[0.714s] -- Installing: /home/asun/turtlebot3_ws/install/my_world/share/my_world//models/conference_table_small/materials/textures/conference_table.png
[0.720s] -- Installing: /home/asun/turtlebot3_ws/install/my_world/share/my_world//models/conference_table_small/meshes
[0.720s] -- Installing: /home/asun/turtlebot3_ws/install/my_world/share/my_world//models/conference_table_small/meshes/conference_table_small.mtl
[0.721s] -- Installing: /home/asun/turtlebot3_ws/install/my_world/share/my_world//models/conference_table_small/meshes/conference_table_small.obj
[0.721s] -- Installing: /home/asun/turtlebot3_ws/install/my_world/share/my_world//models/conference_table_small/model.sdf
[0.722s] -- Installing: /home/asun/turtlebot3_ws/install/my_world/share/my_world//models/conference_table_small/model.config
[0.722s] -- Up-to-date: /home/asun/turtlebot3_ws/install/my_world/share/my_world//models/tv_stand
[0.723s] -- Up-to-date: /home/asun/turtlebot3_ws/install/my_world/share/my_world//models/tv_stand/materials
[0.723s] -- Up-to-date: /home/asun/turtlebot3_ws/install/my_world/share/my_world//models/tv_stand/materials/textures
[0.723s] -- Up-to-date: /home/asun/turtlebot3_ws/install/my_world/share/my_world//models/tv_stand/materials/textures/tv_specular.png
[0.723s] -- Up-to-date: /home/asun/turtlebot3_ws/install/my_world/share/my_world//models/tv_stand/materials/textures/tv_diffuse.png
[0.723s] -- Up-to-date: /home/asun/turtlebot3_ws/install/my_world/share/my_world//models/tv_stand/materials/textures/stand_diffuse.png
[0.723s] -- Up-to-date: /home/asun/turtlebot3_ws/install/my_world/share/my_world//models/tv_stand/materials/textures/stand_specular.png
[0.724s] -- Up-to-date: /home/asun/turtlebot3_ws/install/my_world/share/my_world//models/tv_stand/meshes
[0.724s] -- Up-to-date: /home/asun/turtlebot3_ws/install/my_world/share/my_world//models/tv_stand/meshes/tv_stand.dae
[0.724s] -- Up-to-date: /home/asun/turtlebot3_ws/install/my_world/share/my_world//models/tv_stand/model.sdf
[0.724s] -- Up-to-date: /home/asun/turtlebot3_ws/install/my_world/share/my_world//models/tv_stand/model.config
[0.724s] -- Up-to-date: /home/asun/turtlebot3_ws/install/my_world/share/my_world//models/elegant_male
[0.724s] -- Up-to-date: /home/asun/turtlebot3_ws/install/my_world/share/my_world//models/elegant_male/materials
[0.724s] -- Up-to-date: /home/asun/turtlebot3_ws/install/my_world/share/my_world//models/elegant_male/materials/textures
[0.725s] -- Up-to-date: /home/asun/turtlebot3_ws/install/my_world/share/my_world//models/elegant_male/materials/textures/male_elegantsuit01_diffuse.png
[0.725s] -- Up-to-date: /home/asun/turtlebot3_ws/install/my_world/share/my_world//models/elegant_male/materials/textures/shoes01_diffuse.png
[0.725s] -- Up-to-date: /home/asun/turtlebot3_ws/install/my_world/share/my_world//models/elegant_male/materials/textures/short01_diffuse.png
[0.725s] -- Up-to-date: /home/asun/turtlebot3_ws/install/my_world/share/my_world//models/elegant_male/materials/textures/brown_eye.png
[0.725s] -- Up-to-date: /home/asun/turtlebot3_ws/install/my_world/share/my_world//models/elegant_male/materials/textures/young_lightskinned_male_diffuse3.png
[0.725s] -- Up-to-date: /home/asun/turtlebot3_ws/install/my_world/share/my_world//models/elegant_male/materials/textures/shoes01_normal.png
[0.725s] -- Up-to-date: /home/asun/turtlebot3_ws/install/my_world/share/my_world//models/elegant_male/materials/textures/eyebrow005.png
[0.725s] -- Up-to-date: /home/asun/turtlebot3_ws/install/my_world/share/my_world//models/elegant_male/meshes
[0.725s] -- Up-to-date: /home/asun/turtlebot3_ws/install/my_world/share/my_world//models/elegant_male/meshes/elegant_male.dae
[0.725s] -- Up-to-date: /home/asun/turtlebot3_ws/install/my_world/share/my_world//models/elegant_male/meshes/elegant_male.png
[0.725s] -- Up-to-date: /home/asun/turtlebot3_ws/install/my_world/share/my_world//models/elegant_male/model.sdf
[0.725s] -- Up-to-date: /home/asun/turtlebot3_ws/install/my_world/share/my_world//models/elegant_male/model.config
[0.726s] -- Up-to-date: /home/asun/turtlebot3_ws/install/my_world/share/my_world//models/office_chair
[0.726s] -- Up-to-date: /home/asun/turtlebot3_ws/install/my_world/share/my_world//models/office_chair/materials
[0.726s] -- Up-to-date: /home/asun/turtlebot3_ws/install/my_world/share/my_world//models/office_chair/materials/textures
[0.726s] -- Up-to-date: /home/asun/turtlebot3_ws/install/my_world/share/my_world//models/office_chair/materials/textures/office_chair_diffuse.png
[0.726s] -- Up-to-date: /home/asun/turtlebot3_ws/install/my_world/share/my_world//models/office_chair/materials/textures/office_chair_specular.png
[0.726s] -- Up-to-date: /home/asun/turtlebot3_ws/install/my_world/share/my_world//models/office_chair/meshes
[0.726s] -- Up-to-date: /home/asun/turtlebot3_ws/install/my_world/share/my_world//models/office_chair/meshes/office_chair.dae
[0.726s] -- Up-to-date: /home/asun/turtlebot3_ws/install/my_world/share/my_world//models/office_chair/model.sdf
[0.726s] -- Up-to-date: /home/asun/turtlebot3_ws/install/my_world/share/my_world//models/office_chair/model.config
[0.726s] -- Installing: /home/asun/turtlebot3_ws/install/my_world/share/my_world//models/desk_chair
[0.726s] -- Installing: /home/asun/turtlebot3_ws/install/my_world/share/my_world//models/desk_chair/materials
[0.726s] -- Installing: /home/asun/turtlebot3_ws/install/my_world/share/my_world//models/desk_chair/materials/textures
[0.727s] -- Installing: /home/asun/turtlebot3_ws/install/my_world/share/my_world//models/desk_chair/materials/textures/desk_chair.png
[0.738s] -- Installing: /home/asun/turtlebot3_ws/install/my_world/share/my_world//models/desk_chair/meshes
[0.738s] -- Installing: /home/asun/turtlebot3_ws/install/my_world/share/my_world//models/desk_chair/meshes/desk_chair.obj
[0.740s] -- Installing: /home/asun/turtlebot3_ws/install/my_world/share/my_world//models/desk_chair/meshes/desk_chair.mtl
[0.741s] -- Installing: /home/asun/turtlebot3_ws/install/my_world/share/my_world//models/desk_chair/model.sdf
[0.742s] -- Installing: /home/asun/turtlebot3_ws/install/my_world/share/my_world//models/desk_chair/model.config
[0.742s] -- Up-to-date: /home/asun/turtlebot3_ws/install/my_world/share/my_world//models/wastebasket
[0.743s] -- Up-to-date: /home/asun/turtlebot3_ws/install/my_world/share/my_world//models/wastebasket/materials
[0.743s] -- Up-to-date: /home/asun/turtlebot3_ws/install/my_world/share/my_world//models/wastebasket/materials/textures
[0.743s] -- Up-to-date: /home/asun/turtlebot3_ws/install/my_world/share/my_world//models/wastebasket/materials/textures/wastebasket_diffuse.png
[0.743s] -- Up-to-date: /home/asun/turtlebot3_ws/install/my_world/share/my_world//models/wastebasket/meshes
[0.743s] -- Up-to-date: /home/asun/turtlebot3_ws/install/my_world/share/my_world//models/wastebasket/meshes/wastebasket.dae
[0.743s] -- Up-to-date: /home/asun/turtlebot3_ws/install/my_world/share/my_world//models/wastebasket/model.sdf
[0.744s] -- Up-to-date: /home/asun/turtlebot3_ws/install/my_world/share/my_world//models/wastebasket/model.config
[0.744s] -- Up-to-date: /home/asun/turtlebot3_ws/install/my_world/share/my_world//models/turtlebot3_burger_pi
[0.744s] -- Up-to-date: /home/asun/turtlebot3_ws/install/my_world/share/my_world//models/turtlebot3_burger_pi/meshes
[0.744s] -- Up-to-date: /home/asun/turtlebot3_ws/install/my_world/share/my_world//models/turtlebot3_burger_pi/meshes/burger_base.dae
[0.744s] -- Up-to-date: /home/asun/turtlebot3_ws/install/my_world/share/my_world//models/turtlebot3_burger_pi/meshes/tire.dae
[0.744s] -- Up-to-date: /home/asun/turtlebot3_ws/install/my_world/share/my_world//models/turtlebot3_burger_pi/meshes/lds.dae
[0.744s] -- Up-to-date: /home/asun/turtlebot3_ws/install/my_world/share/my_world//models/turtlebot3_burger_pi/model.sdf
[0.744s] -- Up-to-date: /home/asun/turtlebot3_ws/install/my_world/share/my_world//models/turtlebot3_burger_pi/model.config
[0.744s] -- Up-to-date: /home/asun/turtlebot3_ws/install/my_world/share/my_world//models/turtlebot3_burger_pi/model-1_4.sdf
[0.744s] -- Up-to-date: /home/asun/turtlebot3_ws/install/my_world/share/my_world//models/mini_fridge
[0.744s] -- Up-to-date: /home/asun/turtlebot3_ws/install/my_world/share/my_world//models/mini_fridge/materials
[0.745s] -- Up-to-date: /home/asun/turtlebot3_ws/install/my_world/share/my_world//models/mini_fridge/materials/textures
[0.745s] -- Up-to-date: /home/asun/turtlebot3_ws/install/my_world/share/my_world//models/mini_fridge/materials/textures/mini_fridge.png
[0.745s] -- Up-to-date: /home/asun/turtlebot3_ws/install/my_world/share/my_world//models/mini_fridge/meshes
[0.745s] -- Up-to-date: /home/asun/turtlebot3_ws/install/my_world/share/my_world//models/mini_fridge/meshes/mini_fridge.mtl
[0.745s] -- Up-to-date: /home/asun/turtlebot3_ws/install/my_world/share/my_world//models/mini_fridge/meshes/mini_fridge.obj
[0.745s] -- Up-to-date: /home/asun/turtlebot3_ws/install/my_world/share/my_world//models/mini_fridge/model.sdf
[0.745s] -- Up-to-date: /home/asun/turtlebot3_ws/install/my_world/share/my_world//models/mini_fridge/model.config
[0.745s] -- Installing: /home/asun/turtlebot3_ws/install/my_world/share/my_world//models/dishwasher
[0.745s] -- Installing: /home/asun/turtlebot3_ws/install/my_world/share/my_world//models/dishwasher/materials
[0.745s] -- Installing: /home/asun/turtlebot3_ws/install/my_world/share/my_world//models/dishwasher/materials/textures
[0.745s] -- Installing: /home/asun/turtlebot3_ws/install/my_world/share/my_world//models/dishwasher/materials/textures/dishwasher.png
[0.746s] -- Installing: /home/asun/turtlebot3_ws/install/my_world/share/my_world//models/dishwasher/meshes
[0.746s] -- Installing: /home/asun/turtlebot3_ws/install/my_world/share/my_world//models/dishwasher/meshes/dishwasher.obj
[0.746s] -- Installing: /home/asun/turtlebot3_ws/install/my_world/share/my_world//models/dishwasher/meshes/dishwasher.mtl
[0.747s] -- Installing: /home/asun/turtlebot3_ws/install/my_world/share/my_world//models/dishwasher/model.sdf
[0.747s] -- Installing: /home/asun/turtlebot3_ws/install/my_world/share/my_world//models/dishwasher/model.config
[0.748s] -- Up-to-date: /home/asun/turtlebot3_ws/install/my_world/share/my_world//models/servicebot
[0.748s] -- Up-to-date: /home/asun/turtlebot3_ws/install/my_world/share/my_world//models/servicebot/materials
[0.748s] -- Up-to-date: /home/asun/turtlebot3_ws/install/my_world/share/my_world//models/servicebot/materials/textures
[0.748s] -- Up-to-date: /home/asun/turtlebot3_ws/install/my_world/share/my_world//models/servicebot/materials/textures/servicebot.png
[0.748s] -- Up-to-date: /home/asun/turtlebot3_ws/install/my_world/share/my_world//models/servicebot/meshes
[0.748s] -- Up-to-date: /home/asun/turtlebot3_ws/install/my_world/share/my_world//models/servicebot/meshes/servicebot.mtl
[0.749s] -- Up-to-date: /home/asun/turtlebot3_ws/install/my_world/share/my_world//models/servicebot/meshes/servicebot.obj
[0.749s] -- Up-to-date: /home/asun/turtlebot3_ws/install/my_world/share/my_world//models/servicebot/model.sdf
[0.749s] -- Up-to-date: /home/asun/turtlebot3_ws/install/my_world/share/my_world//models/servicebot/model.config
[0.749s] -- Installing: /home/asun/turtlebot3_ws/install/my_world/share/my_world//models/actor
[0.749s] -- Installing: /home/asun/turtlebot3_ws/install/my_world/share/my_world//models/actor/meshes
[0.749s] -- Installing: /home/asun/turtlebot3_ws/install/my_world/share/my_world//models/actor/meshes/ANIMATION_sitting.dae
[0.758s] -- Installing: /home/asun/turtlebot3_ws/install/my_world/share/my_world//models/actor/meshes/ANIMATION_running.dae
[0.768s] -- Installing: /home/asun/turtlebot3_ws/install/my_world/share/my_world//models/actor/meshes/SKIN_man_blue_shirt.dae
[0.776s] -- Installing: /home/asun/turtlebot3_ws/install/my_world/share/my_world//models/actor/meshes/SKIN_man_green_shirt.dae
[0.783s] -- Installing: /home/asun/turtlebot3_ws/install/my_world/share/my_world//models/actor/meshes/ANIMATION_walking.dae
[0.792s] -- Installing: /home/asun/turtlebot3_ws/install/my_world/share/my_world//models/actor/meshes/ANIMATION_standing.dae
[0.804s] -- Installing: /home/asun/turtlebot3_ws/install/my_world/share/my_world//models/actor/meshes/ANIMATION_talking_b.dae
[0.844s] -- Installing: /home/asun/turtlebot3_ws/install/my_world/share/my_world//models/actor/meshes/SKIN_man_red_shirt.dae
[0.851s] -- Installing: /home/asun/turtlebot3_ws/install/my_world/share/my_world//models/actor/meshes/ANIMATION_talking_a.dae
[0.893s] -- Installing: /home/asun/turtlebot3_ws/install/my_world/share/my_world//models/actor/model.sdf
[0.894s] -- Installing: /home/asun/turtlebot3_ws/install/my_world/share/my_world//models/actor/model.config
[0.894s] -- Installing: /home/asun/turtlebot3_ws/install/my_world/share/my_world//models/cafe_counter
[0.894s] -- Installing: /home/asun/turtlebot3_ws/install/my_world/share/my_world//models/cafe_counter/materials
[0.895s] -- Installing: /home/asun/turtlebot3_ws/install/my_world/share/my_world//models/cafe_counter/materials/textures
[0.895s] -- Installing: /home/asun/turtlebot3_ws/install/my_world/share/my_world//models/cafe_counter/materials/textures/cafe_counter.png
[0.898s] -- Installing: /home/asun/turtlebot3_ws/install/my_world/share/my_world//models/cafe_counter/meshes
[0.898s] -- Installing: /home/asun/turtlebot3_ws/install/my_world/share/my_world//models/cafe_counter/meshes/counter_sink.obj
[0.900s] -- Installing: /home/asun/turtlebot3_ws/install/my_world/share/my_world//models/cafe_counter/meshes/cafe_counter.mtl
[0.900s] -- Installing: /home/asun/turtlebot3_ws/install/my_world/share/my_world//models/cafe_counter/meshes/cafe_counter.obj
[0.901s] -- Installing: /home/asun/turtlebot3_ws/install/my_world/share/my_world//models/cafe_counter/meshes/counter_no_sink.obj
[0.902s] -- Installing: /home/asun/turtlebot3_ws/install/my_world/share/my_world//models/cafe_counter/model.sdf
[0.902s] -- Installing: /home/asun/turtlebot3_ws/install/my_world/share/my_world//models/cafe_counter/model.config
[0.903s] -- Up-to-date: /home/asun/turtlebot3_ws/install/my_world/share/my_world//models/elegant_female
[0.903s] -- Up-to-date: /home/asun/turtlebot3_ws/install/my_world/share/my_world//models/elegant_female/materials
[0.903s] -- Up-to-date: /home/asun/turtlebot3_ws/install/my_world/share/my_world//models/elegant_female/materials/textures
[0.904s] -- Up-to-date: /home/asun/turtlebot3_ws/install/my_world/share/my_world//models/elegant_female/materials/textures/male_elegantsuit01_diffuse.png
[0.904s] -- Up-to-date: /home/asun/turtlebot3_ws/install/my_world/share/my_world//models/elegant_female/materials/textures/eyebrow002.png
[0.904s] -- Up-to-date: /home/asun/turtlebot3_ws/install/my_world/share/my_world//models/elegant_female/materials/textures/young_lightskinned_female_diffuse2.png
[0.904s] -- Up-to-date: /home/asun/turtlebot3_ws/install/my_world/share/my_world//models/elegant_female/materials/textures/ponytail01_diffuse.png
[0.904s] -- Up-to-date: /home/asun/turtlebot3_ws/install/my_world/share/my_world//models/elegant_female/materials/textures/brown_eye.png
[0.904s] -- Up-to-date: /home/asun/turtlebot3_ws/install/my_world/share/my_world//models/elegant_female/materials/textures/eyelashes01.png
[0.904s] -- Up-to-date: /home/asun/turtlebot3_ws/install/my_world/share/my_world//models/elegant_female/materials/textures/shoes03_diffuse.png
[0.905s] -- Up-to-date: /home/asun/turtlebot3_ws/install/my_world/share/my_world//models/elegant_female/meshes
[0.905s] -- Up-to-date: /home/asun/turtlebot3_ws/install/my_world/share/my_world//models/elegant_female/meshes/elegant_female.png
[0.905s] -- Up-to-date: /home/asun/turtlebot3_ws/install/my_world/share/my_world//models/elegant_female/meshes/elegant_female.dae
[0.905s] -- Up-to-date: /home/asun/turtlebot3_ws/install/my_world/share/my_world//models/elegant_female/model.sdf
[0.905s] -- Up-to-date: /home/asun/turtlebot3_ws/install/my_world/share/my_world//models/elegant_female/model.config
[0.905s] -- Up-to-date: /home/asun/turtlebot3_ws/install/my_world/share/my_world//models/office_cafe_table
[0.906s] -- Up-to-date: /home/asun/turtlebot3_ws/install/my_world/share/my_world//models/office_cafe_table/materials
[0.906s] -- Up-to-date: /home/asun/turtlebot3_ws/install/my_world/share/my_world//models/office_cafe_table/materials/textures
[0.906s] -- Up-to-date: /home/asun/turtlebot3_ws/install/my_world/share/my_world//models/office_cafe_table/materials/textures/Wood_Floor_Dark.jpg
[0.906s] -- Up-to-date: /home/asun/turtlebot3_ws/install/my_world/share/my_world//models/office_cafe_table/materials/textures/Maple.jpg
[0.906s] -- Up-to-date: /home/asun/turtlebot3_ws/install/my_world/share/my_world//models/office_cafe_table/meshes
[0.907s] -- Up-to-date: /home/asun/turtlebot3_ws/install/my_world/share/my_world//models/office_cafe_table/meshes/office_cafe_table.dae
[0.907s] -- Up-to-date: /home/asun/turtlebot3_ws/install/my_world/share/my_world//models/office_cafe_table/model.sdf
[0.907s] -- Up-to-date: /home/asun/turtlebot3_ws/install/my_world/share/my_world//models/office_cafe_table/model.config
[0.907s] -- Up-to-date: /home/asun/turtlebot3_ws/install/my_world/share/my_world//models/.fr-0T31rz
[0.907s] -- Up-to-date: /home/asun/turtlebot3_ws/install/my_world/share/my_world//models/.fr-0T31rz/my_world
[0.908s] -- Up-to-date: /home/asun/turtlebot3_ws/install/my_world/share/my_world//models/.fr-0T31rz/my_world/models
[0.908s] -- Up-to-date: /home/asun/turtlebot3_ws/install/my_world/share/my_world//models/.fr-0T31rz/my_world/models/willowgarage
[0.908s] -- Up-to-date: /home/asun/turtlebot3_ws/install/my_world/share/my_world//models/.fr-0T31rz/my_world/models/willowgarage/model-1_3.sdf
[0.908s] -- Up-to-date: /home/asun/turtlebot3_ws/install/my_world/share/my_world//models/.fr-0T31rz/my_world/models/willowgarage/model-1_2.sdf
[0.908s] -- Up-to-date: /home/asun/turtlebot3_ws/install/my_world/share/my_world//models/.fr-0T31rz/my_world/models/willowgarage/materials
[0.909s] -- Up-to-date: /home/asun/turtlebot3_ws/install/my_world/share/my_world//models/.fr-0T31rz/my_world/models/willowgarage/materials/textures
[0.909s] -- Up-to-date: /home/asun/turtlebot3_ws/install/my_world/share/my_world//models/.fr-0T31rz/my_world/models/willowgarage/materials/textures/Stone_Brushed_Khaki_.png
[0.909s] -- Up-to-date: /home/asun/turtlebot3_ws/install/my_world/share/my_world//models/.fr-0T31rz/my_world/models/willowgarage/materials/textures/Wood_Cherry_Original_.png
[0.909s] -- Up-to-date: /home/asun/turtlebot3_ws/install/my_world/share/my_world//models/.fr-0T31rz/my_world/models/willowgarage/materials/textures/__auto_2.png
[0.909s] -- Up-to-date: /home/asun/turtlebot3_ws/install/my_world/share/my_world//models/.fr-0T31rz/my_world/models/willowgarage/materials/textures/__Wood_Bamboo_Medium_1.png
[0.909s] -- Up-to-date: /home/asun/turtlebot3_ws/install/my_world/share/my_world//models/.fr-0T31rz/my_world/models/willowgarage/materials/textures/__auto_12.png
[0.909s] -- Up-to-date: /home/asun/turtlebot3_ws/install/my_world/share/my_world//models/.fr-0T31rz/my_world/models/willowgarage/materials/textures/Wood_Bamboo_Medium_.png
[0.910s] -- Up-to-date: /home/asun/turtlebot3_ws/install/my_world/share/my_world//models/.fr-0T31rz/my_world/models/willowgarage/materials/textures/Carpet_Berber_Pattern_Gray_.png
[0.910s] -- Up-to-date: /home/asun/turtlebot3_ws/install/my_world/share/my_world//models/.fr-0T31rz/my_world/models/willowgarage/meshes
[0.910s] -- Up-to-date: /home/asun/turtlebot3_ws/install/my_world/share/my_world//models/.fr-0T31rz/my_world/models/willowgarage/meshes/willowgarage_visual.dae
[0.910s] -- Up-to-date: /home/asun/turtlebot3_ws/install/my_world/share/my_world//models/.fr-0T31rz/my_world/models/willowgarage/meshes/willowgarage_collision.dae
[0.910s] -- Up-to-date: /home/asun/turtlebot3_ws/install/my_world/share/my_world//models/.fr-0T31rz/my_world/models/willowgarage/model.sdf
[0.911s] -- Up-to-date: /home/asun/turtlebot3_ws/install/my_world/share/my_world//models/.fr-0T31rz/my_world/models/willowgarage/model.config
[0.911s] -- Up-to-date: /home/asun/turtlebot3_ws/install/my_world/share/my_world//models/.fr-0T31rz/my_world/models/willowgarage/model-1_4.sdf
[0.911s] -- Up-to-date: /home/asun/turtlebot3_ws/install/my_world/share/my_world//models/.fr-0T31rz/my_world/models/naokoeye
[0.912s] -- Up-to-date: /home/asun/turtlebot3_ws/install/my_world/share/my_world//models/.fr-0T31rz/my_world/models/naokoeye/meshes
[0.912s] -- Up-to-date: /home/asun/turtlebot3_ws/install/my_world/share/my_world//models/.fr-0T31rz/my_world/models/naokoeye/meshes/female_casualsuit02_normal.png
[0.912s] -- Up-to-date: /home/asun/turtlebot3_ws/install/my_world/share/my_world//models/.fr-0T31rz/my_world/models/naokoeye/meshes/female_casualsuit02_diffuse.png
[0.912s] -- Up-to-date: /home/asun/turtlebot3_ws/install/my_world/share/my_world//models/.fr-0T31rz/my_world/models/naokoeye/meshes/naokoeye.png
[0.912s] -- Up-to-date: /home/asun/turtlebot3_ws/install/my_world/share/my_world//models/.fr-0T31rz/my_world/models/naokoeye/meshes/eyebrow001.png
[0.913s] -- Up-to-date: /home/asun/turtlebot3_ws/install/my_world/share/my_world//models/.fr-0T31rz/my_world/models/naokoeye/meshes/brown_eye.png
[0.913s] -- Up-to-date: /home/asun/turtlebot3_ws/install/my_world/share/my_world//models/.fr-0T31rz/my_world/models/naokoeye/meshes/bob02_diffuse.png
[0.913s] -- Up-to-date: /home/asun/turtlebot3_ws/install/my_world/share/my_world//models/.fr-0T31rz/my_world/models/naokoeye/meshes/naokoeye.dae
[0.913s] -- Up-to-date: /home/asun/turtlebot3_ws/install/my_world/share/my_world//models/.fr-0T31rz/my_world/models/naokoeye/meshes/naokoeyev2.dae
[0.913s] -- Up-to-date: /home/asun/turtlebot3_ws/install/my_world/share/my_world//models/.fr-0T31rz/my_world/models/naokoeye/model.sdf
[0.913s] -- Up-to-date: /home/asun/turtlebot3_ws/install/my_world/share/my_world//models/.fr-0T31rz/my_world/models/naokoeye/model.config
[0.913s] -- Up-to-date: /home/asun/turtlebot3_ws/install/my_world/share/my_world//models/.fr-0T31rz/my_world/models/bobeye
[0.914s] -- Up-to-date: /home/asun/turtlebot3_ws/install/my_world/share/my_world//models/.fr-0T31rz/my_world/models/bobeye/meshes
[0.914s] -- Up-to-date: /home/asun/turtlebot3_ws/install/my_world/share/my_world//models/.fr-0T31rz/my_world/models/bobeye/meshes/bobeye.png
[0.914s] -- Up-to-date: /home/asun/turtlebot3_ws/install/my_world/share/my_world//models/.fr-0T31rz/my_world/models/bobeye/meshes/eyebrow001.png
[0.914s] -- Up-to-date: /home/asun/turtlebot3_ws/install/my_world/share/my_world//models/.fr-0T31rz/my_world/models/bobeye/meshes/brown_eye.png
[0.914s] -- Up-to-date: /home/asun/turtlebot3_ws/install/my_world/share/my_world//models/.fr-0T31rz/my_world/models/bobeye/meshes/male_casualsuit03_diffuse.png
[0.915s] -- Up-to-date: /home/asun/turtlebot3_ws/install/my_world/share/my_world//models/.fr-0T31rz/my_world/models/bobeye/meshes/male_casualsuit03_normal.png
[0.915s] -- Up-to-date: /home/asun/turtlebot3_ws/install/my_world/share/my_world//models/.fr-0T31rz/my_world/models/bobeye/meshes/teeth.png
[0.915s] -- Up-to-date: /home/asun/turtlebot3_ws/install/my_world/share/my_world//models/.fr-0T31rz/my_world/models/bobeye/meshes/shoes03_diffuse.png
[0.915s] -- Up-to-date: /home/asun/turtlebot3_ws/install/my_world/share/my_world//models/.fr-0T31rz/my_world/models/bobeye/meshes/tongue01_diffuse.png
[0.915s] -- Up-to-date: /home/asun/turtlebot3_ws/install/my_world/share/my_world//models/.fr-0T31rz/my_world/models/bobeye/meshes/bobeyev2.dae
[0.916s] -- Up-to-date: /home/asun/turtlebot3_ws/install/my_world/share/my_world//models/.fr-0T31rz/my_world/models/bobeye/meshes/bobeye.dae
[0.916s] -- Up-to-date: /home/asun/turtlebot3_ws/install/my_world/share/my_world//models/.fr-0T31rz/my_world/models/bobeye/meshes/young_darkskinned_male_diffuse.png
[0.916s] -- Up-to-date: /home/asun/turtlebot3_ws/install/my_world/share/my_world//models/.fr-0T31rz/my_world/models/bobeye/model.sdf
[0.916s] -- Up-to-date: /home/asun/turtlebot3_ws/install/my_world/share/my_world//models/.fr-0T31rz/my_world/models/bobeye/model.config
[0.916s] -- Up-to-date: /home/asun/turtlebot3_ws/install/my_world/share/my_world//models/.fr-0T31rz/my_world/models/doguinho
[0.917s] -- Up-to-date: /home/asun/turtlebot3_ws/install/my_world/share/my_world//models/.fr-0T31rz/my_world/models/doguinho/meshes
[0.917s] -- Up-to-date: /home/asun/turtlebot3_ws/install/my_world/share/my_world//models/.fr-0T31rz/my_world/models/doguinho/meshes/Doguinho_low_poly_doguinho_uv_Normal.png
[0.917s] -- Up-to-date: /home/asun/turtlebot3_ws/install/my_world/share/my_world//models/.fr-0T31rz/my_world/models/doguinho/meshes/Doguinho_low_poly_doguinho_uv_Metallic.png
[0.917s] -- Up-to-date: /home/asun/turtlebot3_ws/install/my_world/share/my_world//models/.fr-0T31rz/my_world/models/doguinho/meshes/Doguinho_low_poly_doguinho_uv_BaseColor.png
[0.917s] -- Up-to-date: /home/asun/turtlebot3_ws/install/my_world/share/my_world//models/.fr-0T31rz/my_world/models/doguinho/meshes/doguinho.dae
[0.917s] -- Up-to-date: /home/asun/turtlebot3_ws/install/my_world/share/my_world//models/.fr-0T31rz/my_world/models/doguinho/meshes/Doguinho_low_poly_doguinho_uv_Roughness.png
[0.918s] -- Up-to-date: /home/asun/turtlebot3_ws/install/my_world/share/my_world//models/.fr-0T31rz/my_world/models/doguinho/meshes/Doguinho_low_poly_doguinho_uv_Height.png
[0.918s] -- Up-to-date: /home/asun/turtlebot3_ws/install/my_world/share/my_world//models/.fr-0T31rz/my_world/models/doguinho/model.sdf
[0.918s] -- Up-to-date: /home/asun/turtlebot3_ws/install/my_world/share/my_world//models/.fr-0T31rz/my_world/models/doguinho/model.config
[0.918s] -- Up-to-date: /home/asun/turtlebot3_ws/install/my_world/share/my_world//models/.fr-0T31rz/my_world/models/apartment
[0.918s] -- Up-to-date: /home/asun/turtlebot3_ws/install/my_world/share/my_world//models/.fr-0T31rz/my_world/models/apartment/materials
[0.919s] -- Up-to-date: /home/asun/turtlebot3_ws/install/my_world/share/my_world//models/.fr-0T31rz/my_world/models/apartment/materials/textures
[0.919s] -- Up-to-date: /home/asun/turtlebot3_ws/install/my_world/share/my_world//models/.fr-0T31rz/my_world/models/apartment/materials/textures/apartment_diffuse.jpg
[0.919s] -- Up-to-date: /home/asun/turtlebot3_ws/install/my_world/share/my_world//models/.fr-0T31rz/my_world/models/apartment/materials/textures/apartment_spec.jpg
[0.919s] -- Up-to-date: /home/asun/turtlebot3_ws/install/my_world/share/my_world//models/.fr-0T31rz/my_world/models/apartment/meshes
[0.919s] -- Up-to-date: /home/asun/turtlebot3_ws/install/my_world/share/my_world//models/.fr-0T31rz/my_world/models/apartment/meshes/apartment.dae
[0.919s] -- Up-to-date: /home/asun/turtlebot3_ws/install/my_world/share/my_world//models/.fr-0T31rz/my_world/models/apartment/model.sdf
[0.919s] -- Up-to-date: /home/asun/turtlebot3_ws/install/my_world/share/my_world//models/.fr-0T31rz/my_world/models/apartment/model.config
[0.919s] -- Up-to-date: /home/asun/turtlebot3_ws/install/my_world/share/my_world//models/.fr-0T31rz/my_world/models/my_world
[0.920s] -- Up-to-date: /home/asun/turtlebot3_ws/install/my_world/share/my_world//models/.fr-0T31rz/my_world/models/my_world/model.sdf
[0.920s] -- Up-to-date: /home/asun/turtlebot3_ws/install/my_world/share/my_world//models/.fr-0T31rz/my_world/models/my_world/model.config
[0.920s] -- Up-to-date: /home/asun/turtlebot3_ws/install/my_world/share/my_world//models/.fr-0T31rz/my_world/models/ball_bearing
[0.920s] -- Up-to-date: /home/asun/turtlebot3_ws/install/my_world/share/my_world//models/.fr-0T31rz/my_world/models/ball_bearing/model.sdf
[0.920s] -- Up-to-date: /home/asun/turtlebot3_ws/install/my_world/share/my_world//models/.fr-0T31rz/my_world/models/ball_bearing/model.config
[0.920s] -- Up-to-date: /home/asun/turtlebot3_ws/install/my_world/share/my_world//models/.fr-0T31rz/my_world/models/ball_bearing/model.rsdf
[0.920s] -- Up-to-date: /home/asun/turtlebot3_ws/install/my_world/share/my_world//models/.fr-0T31rz/my_world/models/sweedish_apartment
[0.920s] -- Up-to-date: /home/asun/turtlebot3_ws/install/my_world/share/my_world//models/.fr-0T31rz/my_world/models/sweedish_apartment/meshes
[0.920s] -- Up-to-date: /home/asun/turtlebot3_ws/install/my_world/share/my_world//models/.fr-0T31rz/my_world/models/sweedish_apartment/meshes/model.dae
[0.920s] -- Up-to-date: /home/asun/turtlebot3_ws/install/my_world/share/my_world//models/.fr-0T31rz/my_world/models/sweedish_apartment/model.sdf
[0.921s] -- Up-to-date: /home/asun/turtlebot3_ws/install/my_world/share/my_world//models/.fr-0T31rz/my_world/models/sweedish_apartment/model.config
[0.921s] -- Up-to-date: /home/asun/turtlebot3_ws/install/my_world/share/my_world//models/.fr-0T31rz/my_world/models/gertrudiseye
[0.921s] -- Up-to-date: /home/asun/turtlebot3_ws/install/my_world/share/my_world//models/.fr-0T31rz/my_world/models/gertrudiseye/meshes
[0.921s] -- Up-to-date: /home/asun/turtlebot3_ws/install/my_world/share/my_world//models/.fr-0T31rz/my_world/models/gertrudiseye/meshes/old_lightskinned_female_diffuse.png
[0.921s] -- Up-to-date: /home/asun/turtlebot3_ws/install/my_world/share/my_world//models/.fr-0T31rz/my_world/models/gertrudiseye/meshes/female_elegantsuit01_diffuse.png
[0.921s] -- Up-to-date: /home/asun/turtlebot3_ws/install/my_world/share/my_world//models/.fr-0T31rz/my_world/models/gertrudiseye/meshes/braid01_diffuse.png
[0.921s] -- Up-to-date: /home/asun/turtlebot3_ws/install/my_world/share/my_world//models/.fr-0T31rz/my_world/models/gertrudiseye/meshes/green_eye.png
[0.921s] -- Up-to-date: /home/asun/turtlebot3_ws/install/my_world/share/my_world//models/.fr-0T31rz/my_world/models/gertrudiseye/meshes/female_elegantsuit01_normal.png
[0.922s] -- Up-to-date: /home/asun/turtlebot3_ws/install/my_world/share/my_world//models/.fr-0T31rz/my_world/models/gertrudiseye/meshes/gertrudiseye.png
[0.922s] -- Up-to-date: /home/asun/turtlebot3_ws/install/my_world/share/my_world//models/.fr-0T31rz/my_world/models/gertrudiseye/meshes/teeth.png
[0.922s] -- Up-to-date: /home/asun/turtlebot3_ws/install/my_world/share/my_world//models/.fr-0T31rz/my_world/models/gertrudiseye/meshes/gertrudiseye.dae
[0.922s] -- Up-to-date: /home/asun/turtlebot3_ws/install/my_world/share/my_world//models/.fr-0T31rz/my_world/models/gertrudiseye/meshes/tongue01_diffuse.png
[0.922s] -- Up-to-date: /home/asun/turtlebot3_ws/install/my_world/share/my_world//models/.fr-0T31rz/my_world/models/gertrudiseye/meshes/gertrudiseyev2.dae
[0.922s] -- Up-to-date: /home/asun/turtlebot3_ws/install/my_world/share/my_world//models/.fr-0T31rz/my_world/models/gertrudiseye/model.sdf
[0.922s] -- Up-to-date: /home/asun/turtlebot3_ws/install/my_world/share/my_world//models/.fr-0T31rz/my_world/models/gertrudiseye/model.config
[0.922s] -- Up-to-date: /home/asun/turtlebot3_ws/install/my_world/share/my_world//models/.fr-0T31rz/my_world/models/drc_practice_ball_valve
[0.922s] -- Up-to-date: /home/asun/turtlebot3_ws/install/my_world/share/my_world//models/.fr-0T31rz/my_world/models/drc_practice_ball_valve/materials
[0.922s] -- Up-to-date: /home/asun/turtlebot3_ws/install/my_world/share/my_world//models/.fr-0T31rz/my_world/models/drc_practice_ball_valve/materials/textures
[0.922s] -- Up-to-date: /home/asun/turtlebot3_ws/install/my_world/share/my_world//models/.fr-0T31rz/my_world/models/drc_practice_ball_valve/materials/textures/Metal_Rough.png
[0.923s] -- Up-to-date: /home/asun/turtlebot3_ws/install/my_world/share/my_world//models/.fr-0T31rz/my_world/models/drc_practice_ball_valve/meshes
[0.923s] -- Up-to-date: /home/asun/turtlebot3_ws/install/my_world/share/my_world//models/.fr-0T31rz/my_world/models/drc_practice_ball_valve/meshes/attachment.dae
[0.923s] -- Up-to-date: /home/asun/turtlebot3_ws/install/my_world/share/my_world//models/.fr-0T31rz/my_world/models/drc_practice_ball_valve/meshes/ball_valve.dae
[0.923s] -- Up-to-date: /home/asun/turtlebot3_ws/install/my_world/share/my_world//models/.fr-0T31rz/my_world/models/drc_practice_ball_valve/model.sdf
[0.923s] -- Up-to-date: /home/asun/turtlebot3_ws/install/my_world/share/my_world//models/.fr-0T31rz/my_world/models/drc_practice_ball_valve/model.config
[0.923s] -- Up-to-date: /home/asun/turtlebot3_ws/install/my_world/share/my_world//models/.fr-0T31rz/my_world/models/drc_practice_ball_valve/model-1_4.sdf
[0.923s] -- Up-to-date: /home/asun/turtlebot3_ws/install/my_world/share/my_world//models/.fr-0T31rz/my_world/models/warehouse_1
[0.923s] -- Up-to-date: /home/asun/turtlebot3_ws/install/my_world/share/my_world//models/.fr-0T31rz/my_world/models/warehouse_1/meshes
[0.923s] -- Up-to-date: /home/asun/turtlebot3_ws/install/my_world/share/my_world//models/.fr-0T31rz/my_world/models/warehouse_1/meshes/dummy.png
[0.924s] -- Up-to-date: /home/asun/turtlebot3_ws/install/my_world/share/my_world//models/.fr-0T31rz/my_world/models/warehouse_1/meshes/SICK_V2_WHITE.jpg
[0.924s] -- Up-to-date: /home/asun/turtlebot3_ws/install/my_world/share/my_world//models/.fr-0T31rz/my_world/models/warehouse_1/meshes/rock1.JPG
[0.924s] -- Up-to-date: /home/asun/turtlebot3_ws/install/my_world/share/my_world//models/.fr-0T31rz/my_world/models/warehouse_1/meshes/SCHUNK_logo.jpg
[0.924s] -- Up-to-date: /home/asun/turtlebot3_ws/install/my_world/share/my_world//models/.fr-0T31rz/my_world/models/warehouse_1/meshes/fetchit_env_version2.dae
[0.924s] -- Up-to-date: /home/asun/turtlebot3_ws/install/my_world/share/my_world//models/.fr-0T31rz/my_world/models/warehouse_1/meshes/icra2019-poster-image.png
[0.924s] -- Up-to-date: /home/asun/turtlebot3_ws/install/my_world/share/my_world//models/.fr-0T31rz/my_world/models/warehouse_1/meshes/fetchit_manipulation_challenge_logo.png
[0.924s] -- Up-to-date: /home/asun/turtlebot3_ws/install/my_world/share/my_world//models/.fr-0T31rz/my_world/models/warehouse_1/meshes/box_labels.png
[0.925s] -- Up-to-date: /home/asun/turtlebot3_ws/install/my_world/share/my_world//models/.fr-0T31rz/my_world/models/warehouse_1/meshes/warehouse_collision.stl
[0.925s] -- Up-to-date: /home/asun/turtlebot3_ws/install/my_world/share/my_world//models/.fr-0T31rz/my_world/models/warehouse_1/meshes/fetchit_env_version1.dae
[0.925s] -- Up-to-date: /home/asun/turtlebot3_ws/install/my_world/share/my_world//models/.fr-0T31rz/my_world/models/warehouse_1/meshes/SICK_V2.png
[0.925s] -- Up-to-date: /home/asun/turtlebot3_ws/install/my_world/share/my_world//models/.fr-0T31rz/my_world/models/warehouse_1/meshes/fetchit_env_version3.dae
[0.925s] -- Up-to-date: /home/asun/turtlebot3_ws/install/my_world/share/my_world//models/.fr-0T31rz/my_world/models/warehouse_1/meshes/EandM.jpg
[0.925s] -- Up-to-date: /home/asun/turtlebot3_ws/install/my_world/share/my_world//models/.fr-0T31rz/my_world/models/warehouse_1/meshes/Logo-TheConstruct-primario-NEW-tagline-2.jpg
[0.925s] -- Up-to-date: /home/asun/turtlebot3_ws/install/my_world/share/my_world//models/.fr-0T31rz/my_world/models/warehouse_1/meshes/fetchit_env_version4.dae
[0.926s] -- Up-to-date: /home/asun/turtlebot3_ws/install/my_world/share/my_world//models/.fr-0T31rz/my_world/models/warehouse_1/meshes/FetchLogo-1024x388.png
[0.926s] -- Up-to-date: /home/asun/turtlebot3_ws/install/my_world/share/my_world//models/.fr-0T31rz/my_world/models/warehouse_1/meshes/Logo-SICK.jpg
[0.926s] -- Up-to-date: /home/asun/turtlebot3_ws/install/my_world/share/my_world//models/.fr-0T31rz/my_world/models/warehouse_1/model.sdf
[0.926s] -- Up-to-date: /home/asun/turtlebot3_ws/install/my_world/share/my_world//models/.fr-0T31rz/my_world/models/warehouse_1/model.config
[0.926s] -- Up-to-date: /home/asun/turtlebot3_ws/install/my_world/share/my_world//models/.fr-0T31rz/my_world/models/turtlebot3_burger_pi
[0.926s] -- Up-to-date: /home/asun/turtlebot3_ws/install/my_world/share/my_world//models/.fr-0T31rz/my_world/models/turtlebot3_burger_pi/meshes
[0.926s] -- Up-to-date: /home/asun/turtlebot3_ws/install/my_world/share/my_world//models/.fr-0T31rz/my_world/models/turtlebot3_burger_pi/meshes/burger_base.dae
[0.926s] -- Up-to-date: /home/asun/turtlebot3_ws/install/my_world/share/my_world//models/.fr-0T31rz/my_world/models/turtlebot3_burger_pi/meshes/tire.dae
[0.927s] -- Up-to-date: /home/asun/turtlebot3_ws/install/my_world/share/my_world//models/.fr-0T31rz/my_world/models/turtlebot3_burger_pi/meshes/lds.dae
[0.927s] -- Up-to-date: /home/asun/turtlebot3_ws/install/my_world/share/my_world//models/.fr-0T31rz/my_world/models/turtlebot3_burger_pi/model.sdf
[0.927s] -- Up-to-date: /home/asun/turtlebot3_ws/install/my_world/share/my_world//models/.fr-0T31rz/my_world/models/turtlebot3_burger_pi/model.config
[0.927s] -- Up-to-date: /home/asun/turtlebot3_ws/install/my_world/share/my_world//models/.fr-0T31rz/my_world/models/turtlebot3_burger_pi/model-1_4.sdf
[0.927s] -- Up-to-date: /home/asun/turtlebot3_ws/install/my_world/share/my_world//models/.fr-0T31rz/my_world/models/kumaeye
[0.927s] -- Up-to-date: /home/asun/turtlebot3_ws/install/my_world/share/my_world//models/.fr-0T31rz/my_world/models/kumaeye/meshes
[0.927s] -- Up-to-date: /home/asun/turtlebot3_ws/install/my_world/share/my_world//models/.fr-0T31rz/my_world/models/kumaeye/meshes/eyebrow010.png
[0.928s] -- Up-to-date: /home/asun/turtlebot3_ws/install/my_world/share/my_world//models/.fr-0T31rz/my_world/models/kumaeye/meshes/kumaeye.png
[0.928s] -- Up-to-date: /home/asun/turtlebot3_ws/install/my_world/share/my_world//models/.fr-0T31rz/my_world/models/kumaeye/meshes/kumaeye.dae
[0.928s] -- Up-to-date: /home/asun/turtlebot3_ws/install/my_world/share/my_world//models/.fr-0T31rz/my_world/models/kumaeye/meshes/short01_diffuse.png
[0.928s] -- Up-to-date: /home/asun/turtlebot3_ws/install/my_world/share/my_world//models/.fr-0T31rz/my_world/models/kumaeye/meshes/brown_eye.png
[0.928s] -- Up-to-date: /home/asun/turtlebot3_ws/install/my_world/share/my_world//models/.fr-0T31rz/my_world/models/kumaeye/meshes/young_lightskinned_female_diffuse3.png
[0.928s] -- Up-to-date: /home/asun/turtlebot3_ws/install/my_world/share/my_world//models/.fr-0T31rz/my_world/models/kumaeye/meshes/teeth.png
[0.928s] -- Up-to-date: /home/asun/turtlebot3_ws/install/my_world/share/my_world//models/.fr-0T31rz/my_world/models/kumaeye/meshes/tongue01_diffuse.png
[0.928s] -- Up-to-date: /home/asun/turtlebot3_ws/install/my_world/share/my_world//models/.fr-0T31rz/my_world/models/kumaeye/meshes/male_worksuit01_diffuse.png
[0.929s] -- Up-to-date: /home/asun/turtlebot3_ws/install/my_world/share/my_world//models/.fr-0T31rz/my_world/models/kumaeye/meshes/male_worksuit01_normal.png
[0.929s] -- Up-to-date: /home/asun/turtlebot3_ws/install/my_world/share/my_world//models/.fr-0T31rz/my_world/models/kumaeye/meshes/kumaeyev2.dae
[0.929s] -- Up-to-date: /home/asun/turtlebot3_ws/install/my_world/share/my_world//models/.fr-0T31rz/my_world/models/kumaeye/model.sdf
[0.929s] -- Up-to-date: /home/asun/turtlebot3_ws/install/my_world/share/my_world//models/.fr-0T31rz/my_world/models/kumaeye/model.config
[0.929s] -- Up-to-date: /home/asun/turtlebot3_ws/install/my_world/share/my_world//models/.fr-0T31rz/my_world/models/ej0vwvf0j8jk-lowpolycat
[0.929s] -- Up-to-date: /home/asun/turtlebot3_ws/install/my_world/share/my_world//models/.fr-0T31rz/my_world/models/kitchen_dining
[0.929s] -- Up-to-date: /home/asun/turtlebot3_ws/install/my_world/share/my_world//models/.fr-0T31rz/my_world/models/kitchen_dining/model-1_3.sdf
[0.929s] -- Up-to-date: /home/asun/turtlebot3_ws/install/my_world/share/my_world//models/.fr-0T31rz/my_world/models/kitchen_dining/materials
[0.929s] -- Up-to-date: /home/asun/turtlebot3_ws/install/my_world/share/my_world//models/.fr-0T31rz/my_world/models/kitchen_dining/materials/textures
[0.930s] -- Up-to-date: /home/asun/turtlebot3_ws/install/my_world/share/my_world//models/.fr-0T31rz/my_world/models/kitchen_dining/materials/textures/__auto_42.png
[0.930s] -- Up-to-date: /home/asun/turtlebot3_ws/install/my_world/share/my_world//models/.fr-0T31rz/my_world/models/kitchen_dining/materials/textures/__auto_2.png
[0.930s] -- Up-to-date: /home/asun/turtlebot3_ws/install/my_world/share/my_world//models/.fr-0T31rz/my_world/models/kitchen_dining/materials/textures/__auto_61.png
[0.930s] -- Up-to-date: /home/asun/turtlebot3_ws/install/my_world/share/my_world//models/.fr-0T31rz/my_world/models/kitchen_dining/materials/textures/__auto_47.png
[0.930s] -- Up-to-date: /home/asun/turtlebot3_ws/install/my_world/share/my_world//models/.fr-0T31rz/my_world/models/kitchen_dining/materials/textures/__auto_40.png
[0.930s] -- Up-to-date: /home/asun/turtlebot3_ws/install/my_world/share/my_world//models/.fr-0T31rz/my_world/models/kitchen_dining/materials/textures/__auto_19.png
[0.930s] -- Up-to-date: /home/asun/turtlebot3_ws/install/my_world/share/my_world//models/.fr-0T31rz/my_world/models/kitchen_dining/materials/textures/__auto_44.png
[0.930s] -- Up-to-date: /home/asun/turtlebot3_ws/install/my_world/share/my_world//models/.fr-0T31rz/my_world/models/kitchen_dining/materials/textures/__auto_64.png
[0.931s] -- Up-to-date: /home/asun/turtlebot3_ws/install/my_world/share/my_world//models/.fr-0T31rz/my_world/models/kitchen_dining/materials/textures/__auto_53.png
[0.931s] -- Up-to-date: /home/asun/turtlebot3_ws/install/my_world/share/my_world//models/.fr-0T31rz/my_world/models/kitchen_dining/materials/textures/__auto_49.png
[0.931s] -- Up-to-date: /home/asun/turtlebot3_ws/install/my_world/share/my_world//models/.fr-0T31rz/my_world/models/kitchen_dining/materials/textures/__auto_59.png
[0.931s] -- Up-to-date: /home/asun/turtlebot3_ws/install/my_world/share/my_world//models/.fr-0T31rz/my_world/models/kitchen_dining/materials/textures/__auto_57.png
[0.931s] -- Up-to-date: /home/asun/turtlebot3_ws/install/my_world/share/my_world//models/.fr-0T31rz/my_world/models/kitchen_dining/materials/textures/__auto_52.png
[0.931s] -- Up-to-date: /home/asun/turtlebot3_ws/install/my_world/share/my_world//models/.fr-0T31rz/my_world/models/kitchen_dining/materials/textures/__auto_25.png
[0.931s] -- Up-to-date: /home/asun/turtlebot3_ws/install/my_world/share/my_world//models/.fr-0T31rz/my_world/models/kitchen_dining/materials/textures/__auto_9.png
[0.931s] -- Up-to-date: /home/asun/turtlebot3_ws/install/my_world/share/my_world//models/.fr-0T31rz/my_world/models/kitchen_dining/materials/textures/__auto_41.png
[0.931s] -- Up-to-date: /home/asun/turtlebot3_ws/install/my_world/share/my_world//models/.fr-0T31rz/my_world/models/kitchen_dining/materials/textures/__auto_51.png
[0.932s] -- Up-to-date: /home/asun/turtlebot3_ws/install/my_world/share/my_world//models/.fr-0T31rz/my_world/models/kitchen_dining/materials/textures/__auto_30.png
[0.932s] -- Up-to-date: /home/asun/turtlebot3_ws/install/my_world/share/my_world//models/.fr-0T31rz/my_world/models/kitchen_dining/materials/textures/__auto_29.png
[0.932s] -- Up-to-date: /home/asun/turtlebot3_ws/install/my_world/share/my_world//models/.fr-0T31rz/my_world/models/kitchen_dining/materials/textures/__auto_56.png
[0.932s] -- Up-to-date: /home/asun/turtlebot3_ws/install/my_world/share/my_world//models/.fr-0T31rz/my_world/models/kitchen_dining/materials/textures/__auto_28.png
[0.932s] -- Up-to-date: /home/asun/turtlebot3_ws/install/my_world/share/my_world//models/.fr-0T31rz/my_world/models/kitchen_dining/materials/textures/__auto_39.png
[0.932s] -- Up-to-date: /home/asun/turtlebot3_ws/install/my_world/share/my_world//models/.fr-0T31rz/my_world/models/kitchen_dining/materials/textures/__auto_50.png
[0.932s] -- Up-to-date: /home/asun/turtlebot3_ws/install/my_world/share/my_world//models/.fr-0T31rz/my_world/models/kitchen_dining/materials/textures/__auto_24.png
[0.933s] -- Up-to-date: /home/asun/turtlebot3_ws/install/my_world/share/my_world//models/.fr-0T31rz/my_world/models/kitchen_dining/materials/textures/__auto_69.png
[0.933s] -- Up-to-date: /home/asun/turtlebot3_ws/install/my_world/share/my_world//models/.fr-0T31rz/my_world/models/kitchen_dining/materials/textures/__auto_60.png
[0.933s] -- Up-to-date: /home/asun/turtlebot3_ws/install/my_world/share/my_world//models/.fr-0T31rz/my_world/models/kitchen_dining/materials/textures/__auto_43.png
[0.933s] -- Up-to-date: /home/asun/turtlebot3_ws/install/my_world/share/my_world//models/.fr-0T31rz/my_world/models/kitchen_dining/materials/textures/__auto_18.png
[0.933s] -- Up-to-date: /home/asun/turtlebot3_ws/install/my_world/share/my_world//models/.fr-0T31rz/my_world/models/kitchen_dining/materials/textures/__auto_16.png
[0.933s] -- Up-to-date: /home/asun/turtlebot3_ws/install/my_world/share/my_world//models/.fr-0T31rz/my_world/models/kitchen_dining/materials/textures/__auto_7.png
[0.933s] -- Up-to-date: /home/asun/turtlebot3_ws/install/my_world/share/my_world//models/.fr-0T31rz/my_world/models/kitchen_dining/materials/textures/__auto_13.png
[0.933s] -- Up-to-date: /home/asun/turtlebot3_ws/install/my_world/share/my_world//models/.fr-0T31rz/my_world/models/kitchen_dining/materials/textures/__auto_8.png
[0.933s] -- Up-to-date: /home/asun/turtlebot3_ws/install/my_world/share/my_world//models/.fr-0T31rz/my_world/models/kitchen_dining/materials/textures/__auto_66.png
[0.933s] -- Up-to-date: /home/asun/turtlebot3_ws/install/my_world/share/my_world//models/.fr-0T31rz/my_world/models/kitchen_dining/materials/textures/__auto_17.png
[0.933s] -- Up-to-date: /home/asun/turtlebot3_ws/install/my_world/share/my_world//models/.fr-0T31rz/my_world/models/kitchen_dining/materials/textures/__auto_14.png
[0.933s] -- Up-to-date: /home/asun/turtlebot3_ws/install/my_world/share/my_world//models/.fr-0T31rz/my_world/models/kitchen_dining/materials/textures/__auto_46.png
[0.934s] -- Up-to-date: /home/asun/turtlebot3_ws/install/my_world/share/my_world//models/.fr-0T31rz/my_world/models/kitchen_dining/materials/textures/__auto_38.png
[0.934s] -- Up-to-date: /home/asun/turtlebot3_ws/install/my_world/share/my_world//models/.fr-0T31rz/my_world/models/kitchen_dining/materials/textures/__auto_22.png
[0.934s] -- Up-to-date: /home/asun/turtlebot3_ws/install/my_world/share/my_world//models/.fr-0T31rz/my_world/models/kitchen_dining/materials/textures/__auto_20.png
[0.934s] -- Up-to-date: /home/asun/turtlebot3_ws/install/my_world/share/my_world//models/.fr-0T31rz/my_world/models/kitchen_dining/materials/textures/__auto_45.png
[0.934s] -- Up-to-date: /home/asun/turtlebot3_ws/install/my_world/share/my_world//models/.fr-0T31rz/my_world/models/kitchen_dining/materials/textures/__auto_1.png
[0.934s] -- Up-to-date: /home/asun/turtlebot3_ws/install/my_world/share/my_world//models/.fr-0T31rz/my_world/models/kitchen_dining/materials/textures/__auto_21.png
[0.934s] -- Up-to-date: /home/asun/turtlebot3_ws/install/my_world/share/my_world//models/.fr-0T31rz/my_world/models/kitchen_dining/meshes
[0.934s] -- Up-to-date: /home/asun/turtlebot3_ws/install/my_world/share/my_world//models/.fr-0T31rz/my_world/models/kitchen_dining/meshes/kitchen_dining.dae
[0.934s] -- Up-to-date: /home/asun/turtlebot3_ws/install/my_world/share/my_world//models/.fr-0T31rz/my_world/models/kitchen_dining/model.sdf
[0.934s] -- Up-to-date: /home/asun/turtlebot3_ws/install/my_world/share/my_world//models/.fr-0T31rz/my_world/models/kitchen_dining/model.config
[0.934s] -- Up-to-date: /home/asun/turtlebot3_ws/install/my_world/share/my_world//models/.fr-0T31rz/my_world/models/kitchen_dining/model-1_4.sdf
[0.934s] -- Up-to-date: /home/asun/turtlebot3_ws/install/my_world/share/my_world//models/.fr-0T31rz/my_world/models/cafe
[0.934s] -- Up-to-date: /home/asun/turtlebot3_ws/install/my_world/share/my_world//models/.fr-0T31rz/my_world/models/cafe/materials
[0.935s] -- Up-to-date: /home/asun/turtlebot3_ws/install/my_world/share/my_world//models/.fr-0T31rz/my_world/models/cafe/materials/textures
[0.935s] -- Up-to-date: /home/asun/turtlebot3_ws/install/my_world/share/my_world//models/.fr-0T31rz/my_world/models/cafe/materials/textures/__auto_25.jpg
[0.935s] -- Up-to-date: /home/asun/turtlebot3_ws/install/my_world/share/my_world//models/.fr-0T31rz/my_world/models/cafe/materials/textures/__auto_37.jpg
[0.935s] -- Up-to-date: /home/asun/turtlebot3_ws/install/my_world/share/my_world//models/.fr-0T31rz/my_world/models/cafe/materials/textures/__auto_24.jpg
[0.935s] -- Up-to-date: /home/asun/turtlebot3_ws/install/my_world/share/my_world//models/.fr-0T31rz/my_world/models/cafe/materials/textures/__auto_2.jpg
[0.935s] -- Up-to-date: /home/asun/turtlebot3_ws/install/my_world/share/my_world//models/.fr-0T31rz/my_world/models/cafe/materials/textures/__auto_34.jpg
[0.935s] -- Up-to-date: /home/asun/turtlebot3_ws/install/my_world/share/my_world//models/.fr-0T31rz/my_world/models/cafe/materials/textures/__auto_29.jpg
[0.935s] -- Up-to-date: /home/asun/turtlebot3_ws/install/my_world/share/my_world//models/.fr-0T31rz/my_world/models/cafe/materials/textures/__auto_28.jpg
[0.936s] -- Up-to-date: /home/asun/turtlebot3_ws/install/my_world/share/my_world//models/.fr-0T31rz/my_world/models/cafe/materials/textures/__auto_26.jpg
[0.936s] -- Up-to-date: /home/asun/turtlebot3_ws/install/my_world/share/my_world//models/.fr-0T31rz/my_world/models/cafe/materials/textures/__auto_10.jpg
[0.937s] -- Up-to-date: /home/asun/turtlebot3_ws/install/my_world/share/my_world//models/.fr-0T31rz/my_world/models/cafe/materials/textures/__auto_30.jpg
[0.937s] -- Up-to-date: /home/asun/turtlebot3_ws/install/my_world/share/my_world//models/.fr-0T31rz/my_world/models/cafe/materials/textures/__auto_22.jpg
[0.937s] -- Up-to-date: /home/asun/turtlebot3_ws/install/my_world/share/my_world//models/.fr-0T31rz/my_world/models/cafe/materials/textures/__auto_31.jpg
[0.938s] -- Up-to-date: /home/asun/turtlebot3_ws/install/my_world/share/my_world//models/.fr-0T31rz/my_world/models/cafe/materials/textures/__auto_21.jpg
[0.938s] -- Up-to-date: /home/asun/turtlebot3_ws/install/my_world/share/my_world//models/.fr-0T31rz/my_world/models/cafe/materials/textures/__auto_35.jpg
[0.938s] -- Up-to-date: /home/asun/turtlebot3_ws/install/my_world/share/my_world//models/.fr-0T31rz/my_world/models/cafe/materials/textures/__auto_23.jpg
[0.938s] -- Up-to-date: /home/asun/turtlebot3_ws/install/my_world/share/my_world//models/.fr-0T31rz/my_world/models/cafe/meshes
[0.938s] -- Up-to-date: /home/asun/turtlebot3_ws/install/my_world/share/my_world//models/.fr-0T31rz/my_world/models/cafe/meshes/cafe.dae
[0.938s] -- Up-to-date: /home/asun/turtlebot3_ws/install/my_world/share/my_world//models/.fr-0T31rz/my_world/models/cafe/model.sdf
[0.938s] -- Up-to-date: /home/asun/turtlebot3_ws/install/my_world/share/my_world//models/.fr-0T31rz/my_world/models/cafe/model.config
[0.938s] -- Up-to-date: /home/asun/turtlebot3_ws/install/my_world/share/my_world//models/.fr-0T31rz/my_world/models/turtlebot3_burger
[0.938s] -- Up-to-date: /home/asun/turtlebot3_ws/install/my_world/share/my_world//models/.fr-0T31rz/my_world/models/turtlebot3_burger/meshes
[0.938s] -- Up-to-date: /home/asun/turtlebot3_ws/install/my_world/share/my_world//models/.fr-0T31rz/my_world/models/turtlebot3_burger/meshes/burger_base.dae
[0.939s] -- Up-to-date: /home/asun/turtlebot3_ws/install/my_world/share/my_world//models/.fr-0T31rz/my_world/models/turtlebot3_burger/meshes/tire.dae
[0.939s] -- Up-to-date: /home/asun/turtlebot3_ws/install/my_world/share/my_world//models/.fr-0T31rz/my_world/models/turtlebot3_burger/meshes/lds.dae
[0.939s] -- Up-to-date: /home/asun/turtlebot3_ws/install/my_world/share/my_world//models/.fr-0T31rz/my_world/models/turtlebot3_burger/model.sdf
[0.939s] -- Up-to-date: /home/asun/turtlebot3_ws/install/my_world/share/my_world//models/.fr-0T31rz/my_world/models/turtlebot3_burger/model.config
[0.939s] -- Up-to-date: /home/asun/turtlebot3_ws/install/my_world/share/my_world//models/.fr-0T31rz/my_world/models/turtlebot3_burger/model-1_4.sdf
[0.939s] -- Up-to-date: /home/asun/turtlebot3_ws/install/my_world/share/my_world//models/.fr-0T31rz/my_world/models/cricket_ball
[0.939s] -- Up-to-date: /home/asun/turtlebot3_ws/install/my_world/share/my_world//models/.fr-0T31rz/my_world/models/cricket_ball/model.sdf
[0.940s] -- Up-to-date: /home/asun/turtlebot3_ws/install/my_world/share/my_world//models/.fr-0T31rz/my_world/models/cricket_ball/model.config
[0.940s] -- Up-to-date: /home/asun/turtlebot3_ws/install/my_world/share/my_world//models/.fr-0T31rz/my_world/models/cricket_ball/model.rsdf
[0.940s] -- Up-to-date: /home/asun/turtlebot3_ws/install/my_world/share/my_world//models/office_couch
[0.940s] -- Up-to-date: /home/asun/turtlebot3_ws/install/my_world/share/my_world//models/office_couch/materials
[0.940s] -- Up-to-date: /home/asun/turtlebot3_ws/install/my_world/share/my_world//models/office_couch/materials/textures
[0.940s] -- Up-to-date: /home/asun/turtlebot3_ws/install/my_world/share/my_world//models/office_couch/materials/textures/office_couch_specular.png
[0.941s] -- Up-to-date: /home/asun/turtlebot3_ws/install/my_world/share/my_world//models/office_couch/materials/textures/office_couch_diffuse.png
[0.941s] -- Up-to-date: /home/asun/turtlebot3_ws/install/my_world/share/my_world//models/office_couch/meshes
[0.941s] -- Up-to-date: /home/asun/turtlebot3_ws/install/my_world/share/my_world//models/office_couch/meshes/office_couch.dae
[0.941s] -- Up-to-date: /home/asun/turtlebot3_ws/install/my_world/share/my_world//models/office_couch/model.sdf
[0.941s] -- Up-to-date: /home/asun/turtlebot3_ws/install/my_world/share/my_world//models/office_couch/model.config
[0.941s] -- Up-to-date: /home/asun/turtlebot3_ws/install/my_world/share/my_world//models/turtlebot3_burger
[0.942s] -- Up-to-date: /home/asun/turtlebot3_ws/install/my_world/share/my_world//models/turtlebot3_burger/meshes
[0.942s] -- Up-to-date: /home/asun/turtlebot3_ws/install/my_world/share/my_world//models/turtlebot3_burger/meshes/burger_base.dae
[0.942s] -- Up-to-date: /home/asun/turtlebot3_ws/install/my_world/share/my_world//models/turtlebot3_burger/meshes/tire.dae
[0.942s] -- Up-to-date: /home/asun/turtlebot3_ws/install/my_world/share/my_world//models/turtlebot3_burger/meshes/lds.dae
[0.942s] -- Up-to-date: /home/asun/turtlebot3_ws/install/my_world/share/my_world//models/turtlebot3_burger/model.sdf
[0.942s] -- Up-to-date: /home/asun/turtlebot3_ws/install/my_world/share/my_world//models/turtlebot3_burger/model.config
[0.943s] -- Up-to-date: /home/asun/turtlebot3_ws/install/my_world/share/my_world//models/turtlebot3_burger/model-1_4.sdf
[0.943s] -- Up-to-date: /home/asun/turtlebot3_ws/install/my_world/share/my_world//models/reception_desk
[0.943s] -- Up-to-date: /home/asun/turtlebot3_ws/install/my_world/share/my_world//models/reception_desk/materials
[0.943s] -- Up-to-date: /home/asun/turtlebot3_ws/install/my_world/share/my_world//models/reception_desk/materials/textures
[0.943s] -- Up-to-date: /home/asun/turtlebot3_ws/install/my_world/share/my_world//models/reception_desk/materials/textures/reception_desk.png
[0.943s] -- Up-to-date: /home/asun/turtlebot3_ws/install/my_world/share/my_world//models/reception_desk/meshes
[0.943s] -- Up-to-date: /home/asun/turtlebot3_ws/install/my_world/share/my_world//models/reception_desk/meshes/reception_desk.obj
[0.943s] -- Up-to-date: /home/asun/turtlebot3_ws/install/my_world/share/my_world//models/reception_desk/meshes/reception_desk.mtl
[0.944s] -- Up-to-date: /home/asun/turtlebot3_ws/install/my_world/share/my_world//models/reception_desk/model.sdf
[0.944s] -- Up-to-date: /home/asun/turtlebot3_ws/install/my_world/share/my_world//models/reception_desk/model.config
[0.944s] -- Installing: /home/asun/turtlebot3_ws/install/my_world/share/my_world//models/coffee_maker
[0.944s] -- Installing: /home/asun/turtlebot3_ws/install/my_world/share/my_world//models/coffee_maker/materials
[0.944s] -- Installing: /home/asun/turtlebot3_ws/install/my_world/share/my_world//models/coffee_maker/materials/textures
[0.944s] -- Installing: /home/asun/turtlebot3_ws/install/my_world/share/my_world//models/coffee_maker/materials/textures/coffee_maker.png
[0.944s] -- Installing: /home/asun/turtlebot3_ws/install/my_world/share/my_world//models/coffee_maker/meshes
[0.944s] -- Installing: /home/asun/turtlebot3_ws/install/my_world/share/my_world//models/coffee_maker/meshes/coffee_maker.mtl
[0.946s] -- Installing: /home/asun/turtlebot3_ws/install/my_world/share/my_world//models/coffee_maker/meshes/coffee_maker.obj
[0.946s] -- Installing: /home/asun/turtlebot3_ws/install/my_world/share/my_world//models/coffee_maker/model.sdf
[0.946s] -- Installing: /home/asun/turtlebot3_ws/install/my_world/share/my_world//models/coffee_maker/model.config
[0.946s] -- Installing: /home/asun/turtlebot3_ws/install/my_world/share/my_world//models/conference_table_large
[0.946s] -- Installing: /home/asun/turtlebot3_ws/install/my_world/share/my_world//models/conference_table_large/meshes
[0.947s] -- Installing: /home/asun/turtlebot3_ws/install/my_world/share/my_world//models/conference_table_large/meshes/conference_table_large.mtl
[0.947s] -- Installing: /home/asun/turtlebot3_ws/install/my_world/share/my_world//models/conference_table_large/meshes/conference_table_large.obj
[0.947s] -- Installing: /home/asun/turtlebot3_ws/install/my_world/share/my_world//models/conference_table_large/model.sdf
[0.947s] -- Installing: /home/asun/turtlebot3_ws/install/my_world/share/my_world//models/conference_table_large/model.config
[0.947s] -- Up-to-date: /home/asun/turtlebot3_ws/install/my_world/share/my_world//world
[0.947s] -- Up-to-date: /home/asun/turtlebot3_ws/install/my_world/share/my_world//world/burger_pi.model
[0.947s] -- Up-to-date: /home/asun/turtlebot3_ws/install/my_world/share/my_world//world/burger_office.world
[0.947s] -- Up-to-date: /home/asun/turtlebot3_ws/install/my_world/share/my_world//world/burger.model
[0.947s] -- Up-to-date: /home/asun/turtlebot3_ws/install/my_world/share/my_world//urdf
[0.948s] -- Up-to-date: /home/asun/turtlebot3_ws/install/my_world/share/my_world//urdf/turtlebot3_burger_pi.urdf
[0.948s] -- Up-to-date: /home/asun/turtlebot3_ws/install/my_world/share/my_world//urdf/turtlebot3_burger.urdf
[0.949s] -- Up-to-date: /home/asun/turtlebot3_ws/install/my_world/include/
[0.949s] -- Up-to-date: /home/asun/turtlebot3_ws/install/my_world/include//my_world
[0.949s] -- Up-to-date: /home/asun/turtlebot3_ws/install/my_world/share/ament_index/resource_index/package_run_dependencies/my_world
[0.949s] -- Up-to-date: /home/asun/turtlebot3_ws/install/my_world/share/ament_index/resource_index/parent_prefix_path/my_world
[0.950s] -- Up-to-date: /home/asun/turtlebot3_ws/install/my_world/share/my_world/environment/ament_prefix_path.sh
[0.950s] -- Up-to-date: /home/asun/turtlebot3_ws/install/my_world/share/my_world/environment/ament_prefix_path.dsv
[0.950s] -- Up-to-date: /home/asun/turtlebot3_ws/install/my_world/share/my_world/environment/path.sh
[0.950s] -- Up-to-date: /home/asun/turtlebot3_ws/install/my_world/share/my_world/environment/path.dsv
[0.951s] -- Up-to-date: /home/asun/turtlebot3_ws/install/my_world/share/my_world/local_setup.bash
[0.951s] -- Up-to-date: /home/asun/turtlebot3_ws/install/my_world/share/my_world/local_setup.sh
[0.952s] -- Up-to-date: /home/asun/turtlebot3_ws/install/my_world/share/my_world/local_setup.zsh
[0.952s] -- Up-to-date: /home/asun/turtlebot3_ws/install/my_world/share/my_world/local_setup.dsv
[0.952s] -- Installing: /home/asun/turtlebot3_ws/install/my_world/share/my_world/package.dsv
[0.952s] -- Up-to-date: /home/asun/turtlebot3_ws/install/my_world/share/ament_index/resource_index/packages/my_world
[0.953s] -- Up-to-date: /home/asun/turtlebot3_ws/install/my_world/share/my_world/cmake/ament_cmake_export_include_directories-extras.cmake
[0.953s] -- Up-to-date: /home/asun/turtlebot3_ws/install/my_world/share/my_world/cmake/ament_cmake_export_dependencies-extras.cmake
[0.953s] -- Up-to-date: /home/asun/turtlebot3_ws/install/my_world/share/my_world/cmake/my_worldConfig.cmake
[0.954s] -- Up-to-date: /home/asun/turtlebot3_ws/install/my_world/share/my_world/cmake/my_worldConfig-version.cmake
[0.954s] -- Up-to-date: /home/asun/turtlebot3_ws/install/my_world/share/my_world/package.xml
[0.954s] Invoked command in '/home/asun/turtlebot3_ws/build/my_world' returned '0': CMAKE_PREFIX_PATH=/home/asun/turtlebot3_ws/install/turtlebot3_gazebo:/home/asun/turtlebot3_ws/install/turtlebot3_simulations:/home/asun/turtlebot3_ws/install/my_world:/home/asun/turtlebot3_ws/install/turtlebot3_fake_node:/opt/ros/galactic /usr/bin/cmake --install /home/asun/turtlebot3_ws/build/my_world
