[0.535s] Invoking command in '/home/haoxu/Git/ProyectoRobotica_RoboEntrega/robot/src/nav2_system': PYTHONPATH=/home/haoxu/Git/ProyectoRobotica_RoboEntrega/robot/src/nav2_system/build/nav2_system/prefix_override:/usr/lib/python3/dist-packages/colcon_core/task/python/colcon_distutils_commands:/home/haoxu/Git/ProyectoRobotica_RoboEntrega/robot/src/nav2_system/install/nav2_system/lib/python3.8/site-packages:${PYTHONPATH} /usr/bin/python3 -W ignore:setup.py install is deprecated -W ignore:easy_install command is deprecated setup.py egg_info --egg-base build/nav2_system build --build-base /home/haoxu/Git/ProyectoRobotica_RoboEntrega/robot/src/nav2_system/build/nav2_system/build install --record /home/haoxu/Git/ProyectoRobotica_RoboEntrega/robot/src/nav2_system/build/nav2_system/install.log --single-version-externally-managed install_data
[0.664s] running egg_info
[0.664s] creating build/nav2_system/nav2_system.egg-info
[0.664s] writing build/nav2_system/nav2_system.egg-info/PKG-INFO
[0.664s] writing dependency_links to build/nav2_system/nav2_system.egg-info/dependency_links.txt
[0.665s] writing entry points to build/nav2_system/nav2_system.egg-info/entry_points.txt
[0.665s] writing requirements to build/nav2_system/nav2_system.egg-info/requires.txt
[0.665s] writing top-level names to build/nav2_system/nav2_system.egg-info/top_level.txt
[0.669s] writing manifest file 'build/nav2_system/nav2_system.egg-info/SOURCES.txt'
[0.687s] reading manifest file 'build/nav2_system/nav2_system.egg-info/SOURCES.txt'
[0.688s] writing manifest file 'build/nav2_system/nav2_system.egg-info/SOURCES.txt'
[0.688s] running build
[0.688s] running build_py
[0.688s] creating /home/haoxu/Git/ProyectoRobotica_RoboEntrega/robot/src/nav2_system/build/nav2_system/build
[0.688s] creating /home/haoxu/Git/ProyectoRobotica_RoboEntrega/robot/src/nav2_system/build/nav2_system/build/lib
[0.688s] creating /home/haoxu/Git/ProyectoRobotica_RoboEntrega/robot/src/nav2_system/build/nav2_system/build/lib/nav2_system
[0.689s] copying nav2_system/__init__.py -> /home/haoxu/Git/ProyectoRobotica_RoboEntrega/robot/src/nav2_system/build/nav2_system/build/lib/nav2_system
[0.689s] running install
[0.689s] running install_lib
[0.690s] creating /home/haoxu/Git/ProyectoRobotica_RoboEntrega/robot/src/nav2_system/install/nav2_system/lib/python3.8/site-packages/nav2_system
[0.690s] copying /home/haoxu/Git/ProyectoRobotica_RoboEntrega/robot/src/nav2_system/build/nav2_system/build/lib/nav2_system/__init__.py -> /home/haoxu/Git/ProyectoRobotica_RoboEntrega/robot/src/nav2_system/install/nav2_system/lib/python3.8/site-packages/nav2_system
[0.690s] byte-compiling /home/haoxu/Git/ProyectoRobotica_RoboEntrega/robot/src/nav2_system/install/nav2_system/lib/python3.8/site-packages/nav2_system/__init__.py to __init__.cpython-38.pyc
[0.691s] running install_data
[0.691s] creating /home/haoxu/Git/ProyectoRobotica_RoboEntrega/robot/src/nav2_system/install/nav2_system/share/ament_index
[0.691s] creating /home/haoxu/Git/ProyectoRobotica_RoboEntrega/robot/src/nav2_system/install/nav2_system/share/ament_index/resource_index
[0.691s] creating /home/haoxu/Git/ProyectoRobotica_RoboEntrega/robot/src/nav2_system/install/nav2_system/share/ament_index/resource_index/packages
[0.691s] copying resource/nav2_system -> /home/haoxu/Git/ProyectoRobotica_RoboEntrega/robot/src/nav2_system/install/nav2_system/share/ament_index/resource_index/packages
[0.691s] copying package.xml -> /home/haoxu/Git/ProyectoRobotica_RoboEntrega/robot/src/nav2_system/install/nav2_system/share/nav2_system
[0.691s] creating /home/haoxu/Git/ProyectoRobotica_RoboEntrega/robot/src/nav2_system/install/nav2_system/share/nav2_system/launch
[0.691s] copying launch/nav2_system.launch.py -> /home/haoxu/Git/ProyectoRobotica_RoboEntrega/robot/src/nav2_system/install/nav2_system/share/nav2_system/launch
[0.691s] creating /home/haoxu/Git/ProyectoRobotica_RoboEntrega/robot/src/nav2_system/install/nav2_system/share/nav2_system/config
[0.691s] copying config/my_map.yaml -> /home/haoxu/Git/ProyectoRobotica_RoboEntrega/robot/src/nav2_system/install/nav2_system/share/nav2_system/config
[0.691s] copying config/my_nav2_params.yaml -> /home/haoxu/Git/ProyectoRobotica_RoboEntrega/robot/src/nav2_system/install/nav2_system/share/nav2_system/config
[0.691s] copying config/slam.rviz -> /home/haoxu/Git/ProyectoRobotica_RoboEntrega/robot/src/nav2_system/install/nav2_system/share/nav2_system/config
[0.691s] copying config/map.rviz -> /home/haoxu/Git/ProyectoRobotica_RoboEntrega/robot/src/nav2_system/install/nav2_system/share/nav2_system/config
[0.691s] copying config/my_map.pgm -> /home/haoxu/Git/ProyectoRobotica_RoboEntrega/robot/src/nav2_system/install/nav2_system/share/nav2_system/config
[0.691s] running install_egg_info
[0.693s] Copying build/nav2_system/nav2_system.egg-info to /home/haoxu/Git/ProyectoRobotica_RoboEntrega/robot/src/nav2_system/install/nav2_system/lib/python3.8/site-packages/nav2_system-0.0.0-py3.8.egg-info
[0.693s] running install_scripts
[0.703s] writing list of installed files to '/home/haoxu/Git/ProyectoRobotica_RoboEntrega/robot/src/nav2_system/build/nav2_system/install.log'
[0.716s] Invoked command in '/home/haoxu/Git/ProyectoRobotica_RoboEntrega/robot/src/nav2_system' returned '0': PYTHONPATH=/home/haoxu/Git/ProyectoRobotica_RoboEntrega/robot/src/nav2_system/build/nav2_system/prefix_override:/usr/lib/python3/dist-packages/colcon_core/task/python/colcon_distutils_commands:/home/haoxu/Git/ProyectoRobotica_RoboEntrega/robot/src/nav2_system/install/nav2_system/lib/python3.8/site-packages:${PYTHONPATH} /usr/bin/python3 -W ignore:setup.py install is deprecated -W ignore:easy_install command is deprecated setup.py egg_info --egg-base build/nav2_system build --build-base /home/haoxu/Git/ProyectoRobotica_RoboEntrega/robot/src/nav2_system/build/nav2_system/build install --record /home/haoxu/Git/ProyectoRobotica_RoboEntrega/robot/src/nav2_system/build/nav2_system/install.log --single-version-externally-managed install_data
