[0.433s] Invoking command in '/home/haoxu/Git/ProyectoRobotica_RoboEntrega/robot/src/slam': PYTHONPATH=/home/haoxu/Git/ProyectoRobotica_RoboEntrega/robot/build/slam/prefix_override:/usr/lib/python3/dist-packages/colcon_core/task/python/colcon_distutils_commands:/home/haoxu/Git/ProyectoRobotica_RoboEntrega/robot/install/slam/lib/python3.8/site-packages:${PYTHONPATH} /usr/bin/python3 -W ignore:setup.py install is deprecated -W ignore:easy_install command is deprecated setup.py egg_info --egg-base ../../build/slam build --build-base /home/haoxu/Git/ProyectoRobotica_RoboEntrega/robot/build/slam/build install --record /home/haoxu/Git/ProyectoRobotica_RoboEntrega/robot/build/slam/install.log --single-version-externally-managed install_data
[0.567s] running egg_info
[0.567s] creating ../../build/slam/slam.egg-info
[0.567s] writing ../../build/slam/slam.egg-info/PKG-INFO
[0.569s] writing dependency_links to ../../build/slam/slam.egg-info/dependency_links.txt
[0.569s] writing entry points to ../../build/slam/slam.egg-info/entry_points.txt
[0.570s] writing requirements to ../../build/slam/slam.egg-info/requires.txt
[0.570s] writing top-level names to ../../build/slam/slam.egg-info/top_level.txt
[0.577s] writing manifest file '../../build/slam/slam.egg-info/SOURCES.txt'
[0.600s] reading manifest file '../../build/slam/slam.egg-info/SOURCES.txt'
[0.600s] writing manifest file '../../build/slam/slam.egg-info/SOURCES.txt'
[0.600s] running build
[0.600s] running build_py
[0.601s] creating /home/haoxu/Git/ProyectoRobotica_RoboEntrega/robot/build/slam/build
[0.601s] creating /home/haoxu/Git/ProyectoRobotica_RoboEntrega/robot/build/slam/build/lib
[0.601s] creating /home/haoxu/Git/ProyectoRobotica_RoboEntrega/robot/build/slam/build/lib/slam
[0.601s] copying slam/__init__.py -> /home/haoxu/Git/ProyectoRobotica_RoboEntrega/robot/build/slam/build/lib/slam
[0.601s] running install
[0.602s] running install_lib
[0.602s] creating /home/haoxu/Git/ProyectoRobotica_RoboEntrega/robot/install/slam/lib/python3.8/site-packages/slam
[0.603s] copying /home/haoxu/Git/ProyectoRobotica_RoboEntrega/robot/build/slam/build/lib/slam/__init__.py -> /home/haoxu/Git/ProyectoRobotica_RoboEntrega/robot/install/slam/lib/python3.8/site-packages/slam
[0.603s] byte-compiling /home/haoxu/Git/ProyectoRobotica_RoboEntrega/robot/install/slam/lib/python3.8/site-packages/slam/__init__.py to __init__.cpython-38.pyc
[0.604s] running install_data
[0.604s] creating /home/haoxu/Git/ProyectoRobotica_RoboEntrega/robot/install/slam/share/ament_index
[0.605s] creating /home/haoxu/Git/ProyectoRobotica_RoboEntrega/robot/install/slam/share/ament_index/resource_index
[0.605s] creating /home/haoxu/Git/ProyectoRobotica_RoboEntrega/robot/install/slam/share/ament_index/resource_index/packages
[0.605s] copying resource/slam -> /home/haoxu/Git/ProyectoRobotica_RoboEntrega/robot/install/slam/share/ament_index/resource_index/packages
[0.605s] copying package.xml -> /home/haoxu/Git/ProyectoRobotica_RoboEntrega/robot/install/slam/share/slam
[0.605s] creating /home/haoxu/Git/ProyectoRobotica_RoboEntrega/robot/install/slam/share/slam/map
[0.605s] creating /home/haoxu/Git/ProyectoRobotica_RoboEntrega/robot/install/slam/share/slam/rviz
[0.605s] creating /home/haoxu/Git/ProyectoRobotica_RoboEntrega/robot/install/slam/share/slam/launch
[0.605s] copying launch/slam.launch.py -> /home/haoxu/Git/ProyectoRobotica_RoboEntrega/robot/install/slam/share/slam/launch
[0.605s] creating /home/haoxu/Git/ProyectoRobotica_RoboEntrega/robot/install/slam/share/slam/config
[0.605s] copying config/slam.lua -> /home/haoxu/Git/ProyectoRobotica_RoboEntrega/robot/install/slam/share/slam/config
[0.605s] running install_egg_info
[0.607s] Copying ../../build/slam/slam.egg-info to /home/haoxu/Git/ProyectoRobotica_RoboEntrega/robot/install/slam/lib/python3.8/site-packages/slam-0.0.0-py3.8.egg-info
[0.607s] running install_scripts
[0.622s] writing list of installed files to '/home/haoxu/Git/ProyectoRobotica_RoboEntrega/robot/build/slam/install.log'
[0.640s] Invoked command in '/home/haoxu/Git/ProyectoRobotica_RoboEntrega/robot/src/slam' returned '0': PYTHONPATH=/home/haoxu/Git/ProyectoRobotica_RoboEntrega/robot/build/slam/prefix_override:/usr/lib/python3/dist-packages/colcon_core/task/python/colcon_distutils_commands:/home/haoxu/Git/ProyectoRobotica_RoboEntrega/robot/install/slam/lib/python3.8/site-packages:${PYTHONPATH} /usr/bin/python3 -W ignore:setup.py install is deprecated -W ignore:easy_install command is deprecated setup.py egg_info --egg-base ../../build/slam build --build-base /home/haoxu/Git/ProyectoRobotica_RoboEntrega/robot/build/slam/build install --record /home/haoxu/Git/ProyectoRobotica_RoboEntrega/robot/build/slam/install.log --single-version-externally-managed install_data
