[0.591s] Invoking command in '/home/haoxu/Git/ProyectoRobotica_RoboEntrega/robot/src/provide_map': PYTHONPATH=/home/haoxu/Git/ProyectoRobotica_RoboEntrega/robot/build/provide_map/prefix_override:/usr/lib/python3/dist-packages/colcon_core/task/python/colcon_distutils_commands:/home/haoxu/Git/ProyectoRobotica_RoboEntrega/robot/install/provide_map/lib/python3.8/site-packages:${PYTHONPATH} /usr/bin/python3 -W ignore:setup.py install is deprecated -W ignore:easy_install command is deprecated setup.py egg_info --egg-base ../../build/provide_map build --build-base /home/haoxu/Git/ProyectoRobotica_RoboEntrega/robot/build/provide_map/build install --record /home/haoxu/Git/ProyectoRobotica_RoboEntrega/robot/build/provide_map/install.log --single-version-externally-managed install_data
[0.722s] running egg_info
[0.722s] writing ../../build/provide_map/provide_map.egg-info/PKG-INFO
[0.729s] writing dependency_links to ../../build/provide_map/provide_map.egg-info/dependency_links.txt
[0.729s] writing entry points to ../../build/provide_map/provide_map.egg-info/entry_points.txt
[0.730s] writing requirements to ../../build/provide_map/provide_map.egg-info/requires.txt
[0.730s] writing top-level names to ../../build/provide_map/provide_map.egg-info/top_level.txt
[0.753s] reading manifest file '../../build/provide_map/provide_map.egg-info/SOURCES.txt'
[0.755s] writing manifest file '../../build/provide_map/provide_map.egg-info/SOURCES.txt'
[0.755s] running build
[0.755s] running build_py
[0.756s] running install
[0.756s] running install_lib
[0.759s] running install_data
[0.761s] copying map/my_map.yaml -> /home/haoxu/Git/ProyectoRobotica_RoboEntrega/robot/install/provide_map/share/provide_map/map
[0.761s] copying launch/provide_map.launch.py -> /home/haoxu/Git/ProyectoRobotica_RoboEntrega/robot/install/provide_map/share/provide_map/launch
[0.761s] running install_egg_info
[0.763s] removing '/home/haoxu/Git/ProyectoRobotica_RoboEntrega/robot/install/provide_map/lib/python3.8/site-packages/provide_map-0.0.0-py3.8.egg-info' (and everything under it)
[0.763s] Copying ../../build/provide_map/provide_map.egg-info to /home/haoxu/Git/ProyectoRobotica_RoboEntrega/robot/install/provide_map/lib/python3.8/site-packages/provide_map-0.0.0-py3.8.egg-info
[0.764s] running install_scripts
[0.775s] writing list of installed files to '/home/haoxu/Git/ProyectoRobotica_RoboEntrega/robot/build/provide_map/install.log'
[0.787s] Invoked command in '/home/haoxu/Git/ProyectoRobotica_RoboEntrega/robot/src/provide_map' returned '0': PYTHONPATH=/home/haoxu/Git/ProyectoRobotica_RoboEntrega/robot/build/provide_map/prefix_override:/usr/lib/python3/dist-packages/colcon_core/task/python/colcon_distutils_commands:/home/haoxu/Git/ProyectoRobotica_RoboEntrega/robot/install/provide_map/lib/python3.8/site-packages:${PYTHONPATH} /usr/bin/python3 -W ignore:setup.py install is deprecated -W ignore:easy_install command is deprecated setup.py egg_info --egg-base ../../build/provide_map build --build-base /home/haoxu/Git/ProyectoRobotica_RoboEntrega/robot/build/provide_map/build install --record /home/haoxu/Git/ProyectoRobotica_RoboEntrega/robot/build/provide_map/install.log --single-version-externally-managed install_data
