running develop
running egg_info
creating robo_entrega_slam.egg-info
writing robo_entrega_slam.egg-info/PKG-INFO
writing dependency_links to robo_entrega_slam.egg-info/dependency_links.txt
writing entry points to robo_entrega_slam.egg-info/entry_points.txt
writing requirements to robo_entrega_slam.egg-info/requires.txt
writing top-level names to robo_entrega_slam.egg-info/top_level.txt
writing manifest file 'robo_entrega_slam.egg-info/SOURCES.txt'
reading manifest file 'robo_entrega_slam.egg-info/SOURCES.txt'
writing manifest file 'robo_entrega_slam.egg-info/SOURCES.txt'
running build_ext
Creating /home/robotica/proyectoRoboentrega/ProyectoRobotica_RoboEntrega/robot/install/robo_entrega_slam/lib/python3.8/site-packages/site.py
Creating /home/robotica/proyectoRoboentrega/ProyectoRobotica_RoboEntrega/robot/install/robo_entrega_slam/lib/python3.8/site-packages/robo-entrega-slam.egg-link (link to .)

Installed /home/robotica/proyectoRoboentrega/ProyectoRobotica_RoboEntrega/robot/build/robo_entrega_slam
running symlink_data
creating /home/robotica/proyectoRoboentrega/ProyectoRobotica_RoboEntrega/robot/install/robo_entrega_slam/share/ament_index
creating /home/robotica/proyectoRoboentrega/ProyectoRobotica_RoboEntrega/robot/install/robo_entrega_slam/share/ament_index/resource_index
creating /home/robotica/proyectoRoboentrega/ProyectoRobotica_RoboEntrega/robot/install/robo_entrega_slam/share/ament_index/resource_index/packages
symbolically linking /home/robotica/proyectoRoboentrega/ProyectoRobotica_RoboEntrega/robot/build/robo_entrega_slam/resource/robo_entrega_slam -> /home/robotica/proyectoRoboentrega/ProyectoRobotica_RoboEntrega/robot/install/robo_entrega_slam/share/ament_index/resource_index/packages
symbolically linking /home/robotica/proyectoRoboentrega/ProyectoRobotica_RoboEntrega/robot/build/robo_entrega_slam/package.xml -> /home/robotica/proyectoRoboentrega/ProyectoRobotica_RoboEntrega/robot/install/robo_entrega_slam/share/robo_entrega_slam
creating /home/robotica/proyectoRoboentrega/ProyectoRobotica_RoboEntrega/robot/install/robo_entrega_slam/share/robo_entrega_slam/map
creating /home/robotica/proyectoRoboentrega/ProyectoRobotica_RoboEntrega/robot/install/robo_entrega_slam/share/robo_entrega_slam/rviz
creating /home/robotica/proyectoRoboentrega/ProyectoRobotica_RoboEntrega/robot/install/robo_entrega_slam/share/robo_entrega_slam/launch
symbolically linking /home/robotica/proyectoRoboentrega/ProyectoRobotica_RoboEntrega/robot/build/robo_entrega_slam/launch/slam.launch.py -> /home/robotica/proyectoRoboentrega/ProyectoRobotica_RoboEntrega/robot/install/robo_entrega_slam/share/robo_entrega_slam/launch
creating /home/robotica/proyectoRoboentrega/ProyectoRobotica_RoboEntrega/robot/install/robo_entrega_slam/share/robo_entrega_slam/config
symbolically linking /home/robotica/proyectoRoboentrega/ProyectoRobotica_RoboEntrega/robot/build/robo_entrega_slam/config/slam.lua -> /home/robotica/proyectoRoboentrega/ProyectoRobotica_RoboEntrega/robot/install/robo_entrega_slam/share/robo_entrega_slam/config
