[1.936s] Invoking command in '/home/robotica/proyectoRoboentrega/ProyectoRobotica_RoboEntrega/robot/build/robo_entrega_slam': PYTHONPATH=/home/robotica/proyectoRoboentrega/ProyectoRobotica_RoboEntrega/robot/build/robo_entrega_slam/prefix_override:/usr/lib/python3/dist-packages/colcon_core/task/python/colcon_distutils_commands:/home/robotica/proyectoRoboentrega/ProyectoRobotica_RoboEntrega/robot/install/robo_entrega_slam/lib/python3.8/site-packages:${PYTHONPATH} /usr/bin/python3 -W ignore:setup.py install is deprecated -W ignore:easy_install command is deprecated setup.py develop --editable --build-directory /home/robotica/proyectoRoboentrega/ProyectoRobotica_RoboEntrega/robot/build/robo_entrega_slam/build --no-deps symlink_data
[2.685s] running develop
[2.948s] running egg_info
[2.949s] creating robo_entrega_slam.egg-info
[2.950s] writing robo_entrega_slam.egg-info/PKG-INFO
[2.952s] writing dependency_links to robo_entrega_slam.egg-info/dependency_links.txt
[2.953s] writing entry points to robo_entrega_slam.egg-info/entry_points.txt
[2.954s] writing requirements to robo_entrega_slam.egg-info/requires.txt
[2.955s] writing top-level names to robo_entrega_slam.egg-info/top_level.txt
[2.959s] writing manifest file 'robo_entrega_slam.egg-info/SOURCES.txt'
[3.013s] reading manifest file 'robo_entrega_slam.egg-info/SOURCES.txt'
[3.014s] writing manifest file 'robo_entrega_slam.egg-info/SOURCES.txt'
[3.099s] running build_ext
[3.101s] Creating /home/robotica/proyectoRoboentrega/ProyectoRobotica_RoboEntrega/robot/install/robo_entrega_slam/lib/python3.8/site-packages/site.py
[3.118s] Creating /home/robotica/proyectoRoboentrega/ProyectoRobotica_RoboEntrega/robot/install/robo_entrega_slam/lib/python3.8/site-packages/robo-entrega-slam.egg-link (link to .)
[3.118s] 
[3.118s] Installed /home/robotica/proyectoRoboentrega/ProyectoRobotica_RoboEntrega/robot/build/robo_entrega_slam
[3.119s] running symlink_data
[3.120s] creating /home/robotica/proyectoRoboentrega/ProyectoRobotica_RoboEntrega/robot/install/robo_entrega_slam/share/ament_index
[3.120s] creating /home/robotica/proyectoRoboentrega/ProyectoRobotica_RoboEntrega/robot/install/robo_entrega_slam/share/ament_index/resource_index
[3.120s] creating /home/robotica/proyectoRoboentrega/ProyectoRobotica_RoboEntrega/robot/install/robo_entrega_slam/share/ament_index/resource_index/packages
[3.121s] symbolically linking /home/robotica/proyectoRoboentrega/ProyectoRobotica_RoboEntrega/robot/build/robo_entrega_slam/resource/robo_entrega_slam -> /home/robotica/proyectoRoboentrega/ProyectoRobotica_RoboEntrega/robot/install/robo_entrega_slam/share/ament_index/resource_index/packages
[3.121s] symbolically linking /home/robotica/proyectoRoboentrega/ProyectoRobotica_RoboEntrega/robot/build/robo_entrega_slam/package.xml -> /home/robotica/proyectoRoboentrega/ProyectoRobotica_RoboEntrega/robot/install/robo_entrega_slam/share/robo_entrega_slam
[3.121s] creating /home/robotica/proyectoRoboentrega/ProyectoRobotica_RoboEntrega/robot/install/robo_entrega_slam/share/robo_entrega_slam/map
[3.123s] creating /home/robotica/proyectoRoboentrega/ProyectoRobotica_RoboEntrega/robot/install/robo_entrega_slam/share/robo_entrega_slam/rviz
[3.125s] creating /home/robotica/proyectoRoboentrega/ProyectoRobotica_RoboEntrega/robot/install/robo_entrega_slam/share/robo_entrega_slam/launch
[3.126s] symbolically linking /home/robotica/proyectoRoboentrega/ProyectoRobotica_RoboEntrega/robot/build/robo_entrega_slam/launch/slam.launch.py -> /home/robotica/proyectoRoboentrega/ProyectoRobotica_RoboEntrega/robot/install/robo_entrega_slam/share/robo_entrega_slam/launch
[3.126s] creating /home/robotica/proyectoRoboentrega/ProyectoRobotica_RoboEntrega/robot/install/robo_entrega_slam/share/robo_entrega_slam/config
[3.128s] symbolically linking /home/robotica/proyectoRoboentrega/ProyectoRobotica_RoboEntrega/robot/build/robo_entrega_slam/config/slam.lua -> /home/robotica/proyectoRoboentrega/ProyectoRobotica_RoboEntrega/robot/install/robo_entrega_slam/share/robo_entrega_slam/config
[3.205s] Invoked command in '/home/robotica/proyectoRoboentrega/ProyectoRobotica_RoboEntrega/robot/build/robo_entrega_slam' returned '0': PYTHONPATH=/home/robotica/proyectoRoboentrega/ProyectoRobotica_RoboEntrega/robot/build/robo_entrega_slam/prefix_override:/usr/lib/python3/dist-packages/colcon_core/task/python/colcon_distutils_commands:/home/robotica/proyectoRoboentrega/ProyectoRobotica_RoboEntrega/robot/install/robo_entrega_slam/lib/python3.8/site-packages:${PYTHONPATH} /usr/bin/python3 -W ignore:setup.py install is deprecated -W ignore:easy_install command is deprecated setup.py develop --editable --build-directory /home/robotica/proyectoRoboentrega/ProyectoRobotica_RoboEntrega/robot/build/robo_entrega_slam/build --no-deps symlink_data
