running develop
running egg_info
creating robo_entrega_nav_to_pose.egg-info
writing robo_entrega_nav_to_pose.egg-info/PKG-INFO
writing dependency_links to robo_entrega_nav_to_pose.egg-info/dependency_links.txt
writing entry points to robo_entrega_nav_to_pose.egg-info/entry_points.txt
writing requirements to robo_entrega_nav_to_pose.egg-info/requires.txt
writing top-level names to robo_entrega_nav_to_pose.egg-info/top_level.txt
writing manifest file 'robo_entrega_nav_to_pose.egg-info/SOURCES.txt'
reading manifest file 'robo_entrega_nav_to_pose.egg-info/SOURCES.txt'
writing manifest file 'robo_entrega_nav_to_pose.egg-info/SOURCES.txt'
running build_ext
Creating /home/robotica/proyectoRoboentrega/ProyectoRobotica_RoboEntrega/robot/install/robo_entrega_nav_to_pose/lib/python3.8/site-packages/site.py
Creating /home/robotica/proyectoRoboentrega/ProyectoRobotica_RoboEntrega/robot/install/robo_entrega_nav_to_pose/lib/python3.8/site-packages/robo-entrega-nav-to-pose.egg-link (link to .)
Installing nav_to_pose_subscriber script to /home/robotica/proyectoRoboentrega/ProyectoRobotica_RoboEntrega/robot/install/robo_entrega_nav_to_pose/lib/robo_entrega_nav_to_pose

Installed /home/robotica/proyectoRoboentrega/ProyectoRobotica_RoboEntrega/robot/build/robo_entrega_nav_to_pose
running symlink_data
creating /home/robotica/proyectoRoboentrega/ProyectoRobotica_RoboEntrega/robot/install/robo_entrega_nav_to_pose/share/ament_index
creating /home/robotica/proyectoRoboentrega/ProyectoRobotica_RoboEntrega/robot/install/robo_entrega_nav_to_pose/share/ament_index/resource_index
creating /home/robotica/proyectoRoboentrega/ProyectoRobotica_RoboEntrega/robot/install/robo_entrega_nav_to_pose/share/ament_index/resource_index/packages
symbolically linking /home/robotica/proyectoRoboentrega/ProyectoRobotica_RoboEntrega/robot/build/robo_entrega_nav_to_pose/resource/robo_entrega_nav_to_pose -> /home/robotica/proyectoRoboentrega/ProyectoRobotica_RoboEntrega/robot/install/robo_entrega_nav_to_pose/share/ament_index/resource_index/packages
symbolically linking /home/robotica/proyectoRoboentrega/ProyectoRobotica_RoboEntrega/robot/build/robo_entrega_nav_to_pose/package.xml -> /home/robotica/proyectoRoboentrega/ProyectoRobotica_RoboEntrega/robot/install/robo_entrega_nav_to_pose/share/robo_entrega_nav_to_pose
symbolically linking /home/robotica/proyectoRoboentrega/ProyectoRobotica_RoboEntrega/robot/build/robo_entrega_nav_to_pose/launch/nav_to_pose_subscriber.launch.py -> /home/robotica/proyectoRoboentrega/ProyectoRobotica_RoboEntrega/robot/install/robo_entrega_nav_to_pose/share/robo_entrega_nav_to_pose
