[1.394s] Invoking command in '/home/robotica/proyectoRoboentrega/ProyectoRobotica_RoboEntrega/robot/build/robo_entrega_nav_to_pose': PYTHONPATH=/home/robotica/proyectoRoboentrega/ProyectoRobotica_RoboEntrega/robot/build/robo_entrega_nav_to_pose/prefix_override:/usr/lib/python3/dist-packages/colcon_core/task/python/colcon_distutils_commands:/home/robotica/proyectoRoboentrega/ProyectoRobotica_RoboEntrega/robot/install/robo_entrega_nav_to_pose/lib/python3.8/site-packages:${PYTHONPATH} /usr/bin/python3 -W ignore:setup.py install is deprecated -W ignore:easy_install command is deprecated setup.py develop --editable --build-directory /home/robotica/proyectoRoboentrega/ProyectoRobotica_RoboEntrega/robot/build/robo_entrega_nav_to_pose/build --no-deps symlink_data
[1.813s] running develop
[2.039s] running egg_info
[2.040s] creating robo_entrega_nav_to_pose.egg-info
[2.043s] writing robo_entrega_nav_to_pose.egg-info/PKG-INFO
[2.045s] writing dependency_links to robo_entrega_nav_to_pose.egg-info/dependency_links.txt
[2.046s] writing entry points to robo_entrega_nav_to_pose.egg-info/entry_points.txt
[2.047s] writing requirements to robo_entrega_nav_to_pose.egg-info/requires.txt
[2.049s] writing top-level names to robo_entrega_nav_to_pose.egg-info/top_level.txt
[2.051s] writing manifest file 'robo_entrega_nav_to_pose.egg-info/SOURCES.txt'
[2.108s] reading manifest file 'robo_entrega_nav_to_pose.egg-info/SOURCES.txt'
[2.110s] writing manifest file 'robo_entrega_nav_to_pose.egg-info/SOURCES.txt'
[2.183s] running build_ext
[2.184s] Creating /home/robotica/proyectoRoboentrega/ProyectoRobotica_RoboEntrega/robot/install/robo_entrega_nav_to_pose/lib/python3.8/site-packages/site.py
[2.189s] Creating /home/robotica/proyectoRoboentrega/ProyectoRobotica_RoboEntrega/robot/install/robo_entrega_nav_to_pose/lib/python3.8/site-packages/robo-entrega-nav-to-pose.egg-link (link to .)
[2.192s] Installing nav_to_pose_subscriber script to /home/robotica/proyectoRoboentrega/ProyectoRobotica_RoboEntrega/robot/install/robo_entrega_nav_to_pose/lib/robo_entrega_nav_to_pose
[2.194s] 
[2.194s] Installed /home/robotica/proyectoRoboentrega/ProyectoRobotica_RoboEntrega/robot/build/robo_entrega_nav_to_pose
[2.195s] running symlink_data
[2.195s] creating /home/robotica/proyectoRoboentrega/ProyectoRobotica_RoboEntrega/robot/install/robo_entrega_nav_to_pose/share/ament_index
[2.196s] creating /home/robotica/proyectoRoboentrega/ProyectoRobotica_RoboEntrega/robot/install/robo_entrega_nav_to_pose/share/ament_index/resource_index
[2.197s] creating /home/robotica/proyectoRoboentrega/ProyectoRobotica_RoboEntrega/robot/install/robo_entrega_nav_to_pose/share/ament_index/resource_index/packages
[2.198s] symbolically linking /home/robotica/proyectoRoboentrega/ProyectoRobotica_RoboEntrega/robot/build/robo_entrega_nav_to_pose/resource/robo_entrega_nav_to_pose -> /home/robotica/proyectoRoboentrega/ProyectoRobotica_RoboEntrega/robot/install/robo_entrega_nav_to_pose/share/ament_index/resource_index/packages
[2.199s] symbolically linking /home/robotica/proyectoRoboentrega/ProyectoRobotica_RoboEntrega/robot/build/robo_entrega_nav_to_pose/package.xml -> /home/robotica/proyectoRoboentrega/ProyectoRobotica_RoboEntrega/robot/install/robo_entrega_nav_to_pose/share/robo_entrega_nav_to_pose
[2.200s] symbolically linking /home/robotica/proyectoRoboentrega/ProyectoRobotica_RoboEntrega/robot/build/robo_entrega_nav_to_pose/launch/nav_to_pose_subscriber.launch.py -> /home/robotica/proyectoRoboentrega/ProyectoRobotica_RoboEntrega/robot/install/robo_entrega_nav_to_pose/share/robo_entrega_nav_to_pose
[2.277s] Invoked command in '/home/robotica/proyectoRoboentrega/ProyectoRobotica_RoboEntrega/robot/build/robo_entrega_nav_to_pose' returned '0': PYTHONPATH=/home/robotica/proyectoRoboentrega/ProyectoRobotica_RoboEntrega/robot/build/robo_entrega_nav_to_pose/prefix_override:/usr/lib/python3/dist-packages/colcon_core/task/python/colcon_distutils_commands:/home/robotica/proyectoRoboentrega/ProyectoRobotica_RoboEntrega/robot/install/robo_entrega_nav_to_pose/lib/python3.8/site-packages:${PYTHONPATH} /usr/bin/python3 -W ignore:setup.py install is deprecated -W ignore:easy_install command is deprecated setup.py develop --editable --build-directory /home/robotica/proyectoRoboentrega/ProyectoRobotica_RoboEntrega/robot/build/robo_entrega_nav_to_pose/build --no-deps symlink_data
