-- The C compiler identification is GNU 9.4.0
-- The CXX compiler identification is GNU 9.4.0
-- Check for working C compiler: /usr/bin/cc
-- Check for working C compiler: /usr/bin/cc -- works
-- Detecting C compiler ABI info
-- Detecting C compiler ABI info - done
-- Detecting C compile features
-- Detecting C compile features - done
-- Check for working CXX compiler: /usr/bin/c++
-- Check for working CXX compiler: /usr/bin/c++ -- works
-- Detecting CXX compiler ABI info
-- Detecting CXX compiler ABI info - done
-- Detecting CXX compile features
-- Detecting CXX compile features - done
-- Found ament_cmake: 1.1.6 (/opt/ros/galactic/share/ament_cmake/cmake)
-- Found PythonInterp: /usr/bin/python3 (found suitable version "3.8.10", minimum required is "3") 
-- Using PYTHON_EXECUTABLE: /usr/bin/python3
-- Override CMake install command with custom implementation using symlinks instead of copying resources
-- Configuring done
-- Generating done
-- Build files have been written to: /home/haoxu/Git/ProyectoRobotica_RoboEntrega/robot/build/robo_entrega
-- Install configuration: ""
-- Execute custom install script
-- Symlinking: /home/haoxu/Git/ProyectoRobotica_RoboEntrega/robot/install/robo_entrega/share/ament_index/resource_index/package_run_dependencies/robo_entrega
-- Symlinking: /home/haoxu/Git/ProyectoRobotica_RoboEntrega/robot/install/robo_entrega/share/ament_index/resource_index/parent_prefix_path/robo_entrega
-- Symlinking: /home/haoxu/Git/ProyectoRobotica_RoboEntrega/robot/install/robo_entrega/share/robo_entrega/environment/ament_prefix_path.sh
-- Symlinking: /home/haoxu/Git/ProyectoRobotica_RoboEntrega/robot/install/robo_entrega/share/robo_entrega/environment/ament_prefix_path.dsv
-- Symlinking: /home/haoxu/Git/ProyectoRobotica_RoboEntrega/robot/install/robo_entrega/share/robo_entrega/environment/path.sh
-- Symlinking: /home/haoxu/Git/ProyectoRobotica_RoboEntrega/robot/install/robo_entrega/share/robo_entrega/environment/path.dsv
-- Symlinking: /home/haoxu/Git/ProyectoRobotica_RoboEntrega/robot/install/robo_entrega/share/robo_entrega/local_setup.bash
-- Symlinking: /home/haoxu/Git/ProyectoRobotica_RoboEntrega/robot/install/robo_entrega/share/robo_entrega/local_setup.sh
-- Symlinking: /home/haoxu/Git/ProyectoRobotica_RoboEntrega/robot/install/robo_entrega/share/robo_entrega/local_setup.zsh
-- Symlinking: /home/haoxu/Git/ProyectoRobotica_RoboEntrega/robot/install/robo_entrega/share/robo_entrega/local_setup.dsv
-- Symlinking: /home/haoxu/Git/ProyectoRobotica_RoboEntrega/robot/install/robo_entrega/share/robo_entrega/package.dsv
-- Symlinking: /home/haoxu/Git/ProyectoRobotica_RoboEntrega/robot/install/robo_entrega/share/ament_index/resource_index/packages/robo_entrega
-- Symlinking: /home/haoxu/Git/ProyectoRobotica_RoboEntrega/robot/install/robo_entrega/share/robo_entrega/cmake/robo_entregaConfig.cmake
-- Symlinking: /home/haoxu/Git/ProyectoRobotica_RoboEntrega/robot/install/robo_entrega/share/robo_entrega/cmake/robo_entregaConfig-version.cmake
-- Symlinking: /home/haoxu/Git/ProyectoRobotica_RoboEntrega/robot/install/robo_entrega/share/robo_entrega/package.xml
-- Symlinking: /home/haoxu/Git/ProyectoRobotica_RoboEntrega/robot/install/robo_entrega/lib/robo_entrega/load_map_client.py
