[0.053s] Invoking command in '/home/robotica/proyectoRoboentrega/ProyectoRobotica_RoboEntrega/robot/build/turtlebot3_gazebo': CMAKE_PREFIX_PATH=/home/robotica/proyectoRoboentrega/ProyectoRobotica_RoboEntrega/robot/install/turtlebot3_simulations:/home/robotica/proyectoRoboentrega/ProyectoRobotica_RoboEntrega/robot/install/robo_entrega:/home/robotica/proyectoRoboentrega/ProyectoRobotica_RoboEntrega/robot/install/robo_entrega_office_world:/home/robotica/proyectoRoboentrega/ProyectoRobotica_RoboEntrega/robot/install/turtlebot3_gazebo:/home/robotica/proyectoRoboentrega/ProyectoRobotica_RoboEntrega/robot/install/turtlebot3_fake_node:/home/robotica/turtlebot3_ws/install/web_video_server:/home/robotica/turtlebot3_ws/install/turtlebot3_simulations:/home/robotica/turtlebot3_ws/install/my_world:/home/robotica/turtlebot3_ws/install/turtlebot3_gazebo:/home/robotica/turtlebot3_ws/install/turtlebot3_fake_node:/home/robotica/turtlebot3_ws/install/custom_interface:/home/robotica/proyectoRoboentrega/ProyectoRobotica_RoboEntrega/robot/install/robo_entrega_slam:/home/robotica/proyectoRoboentrega/ProyectoRobotica_RoboEntrega/robot/install/robo_entrega_provide_map:/home/robotica/proyectoRoboentrega/ProyectoRobotica_RoboEntrega/robot/install/robo_entrega_nav2_system:/home/robotica/turtlebot3_ws/install/testeo1:/home/robotica/turtlebot3_ws/install/show_msg:/home/robotica/turtlebot3_ws/install/provide_map:/home/robotica/turtlebot3_ws/install/my_slam:/home/robotica/turtlebot3_ws/install/my_nav2_system:/home/robotica/turtlebot3_ws/install/my_first_subscriber:/home/robotica/turtlebot3_ws/install/my_first_service:/home/robotica/turtlebot3_ws/install/my_first_publisher:/home/robotica/turtlebot3_ws/install/my_first_action:/opt/ros/galactic:/home/robotica/turtlebot3_ws/install/async_web_server_cpp /usr/bin/cmake /home/robotica/proyectoRoboentrega/ProyectoRobotica_RoboEntrega/robot/src/turtlebot3_simulations/turtlebot3_gazebo -DAMENT_CMAKE_SYMLINK_INSTALL=1 -DCMAKE_INSTALL_PREFIX=/home/robotica/proyectoRoboentrega/ProyectoRobotica_RoboEntrega/robot/install/turtlebot3_gazebo
[0.401s] -- The C compiler identification is GNU 9.4.0
[0.647s] -- The CXX compiler identification is GNU 9.4.0
[0.666s] -- Check for working C compiler: /usr/bin/cc
[0.847s] -- Check for working C compiler: /usr/bin/cc -- works
[0.850s] -- Detecting C compiler ABI info
[1.033s] -- Detecting C compiler ABI info - done
[1.057s] -- Detecting C compile features
[1.058s] -- Detecting C compile features - done
[1.067s] -- Check for working CXX compiler: /usr/bin/c++
[1.280s] -- Check for working CXX compiler: /usr/bin/c++ -- works
[1.282s] -- Detecting CXX compiler ABI info
[1.519s] -- Detecting CXX compiler ABI info - done
[1.562s] -- Detecting CXX compile features
[1.568s] -- Detecting CXX compile features - done
[1.598s] -- Found ament_cmake: 1.1.6 (/opt/ros/galactic/share/ament_cmake/cmake)
[1.720s] -- Found PythonInterp: /usr/bin/python3 (found suitable version "3.8.10", minimum required is "3") 
[1.721s] -- Using PYTHON_EXECUTABLE: /usr/bin/python3
[1.930s] -- Override CMake install command with custom implementation using symlinks instead of copying resources
[2.048s] -- Found PkgConfig: /usr/bin/pkg-config (found version "0.29.1") 
[2.059s] -- Checking for module 'bullet>=2.82'
[2.115s] --   Found bullet, version 2.88
[2.395s] -- Found ccd: /usr/include (found suitable version "2.0", minimum required is "2.0") 
[2.518s] -- Found fcl: /usr/include (found suitable version "0.5.0", minimum required is "0.3.2") 
[2.642s] -- Found assimp: /usr/include (found version "5.0.0") 
[2.721s] -- Found DART: /usr/include (Required is at least version "6.6") found components: dart 
[3.630s] -- Found Boost: /usr/lib/x86_64-linux-gnu/cmake/Boost-1.71.0/BoostConfig.cmake (found suitable version "1.71.0", minimum required is "1.40.0") found components: thread system filesystem program_options regex iostreams date_time 
[3.720s] -- Found Protobuf: /usr/lib/x86_64-linux-gnu/libprotobuf.so;-lpthread (found version "3.6.1") 
[3.737s] -- Looking for ignition-math6 -- found version 6.15.1
[3.762s] -- Searching for dependencies of ignition-math6
[3.768s] -- Looking for OGRE...
[3.769s] -- OGRE_PREFIX_WATCH changed.
[3.781s] -- Checking for module 'OGRE'
[3.816s] --   Found OGRE, version 1.9.0
[3.900s] -- Found Ogre Ghadamon (1.9.0)
[3.925s] -- Found OGRE: optimized;/usr/lib/x86_64-linux-gnu/libOgreMain.so;debug;/usr/lib/x86_64-linux-gnu/libOgreMain.so
[3.941s] -- Looking for OGRE_Paging...
[3.961s] -- Found OGRE_Paging: optimized;/usr/lib/x86_64-linux-gnu/libOgrePaging.so;debug;/usr/lib/x86_64-linux-gnu/libOgrePaging.so
[3.961s] -- Looking for OGRE_Terrain...
[3.983s] -- Found OGRE_Terrain: optimized;/usr/lib/x86_64-linux-gnu/libOgreTerrain.so;debug;/usr/lib/x86_64-linux-gnu/libOgreTerrain.so
[3.983s] -- Looking for OGRE_Property...
[4.002s] -- Found OGRE_Property: optimized;/usr/lib/x86_64-linux-gnu/libOgreProperty.so;debug;/usr/lib/x86_64-linux-gnu/libOgreProperty.so
[4.003s] -- Looking for OGRE_RTShaderSystem...
[4.029s] -- Found OGRE_RTShaderSystem: optimized;/usr/lib/x86_64-linux-gnu/libOgreRTShaderSystem.so;debug;/usr/lib/x86_64-linux-gnu/libOgreRTShaderSystem.so
[4.029s] -- Looking for OGRE_Volume...
[4.050s] -- Found OGRE_Volume: optimized;/usr/lib/x86_64-linux-gnu/libOgreVolume.so;debug;/usr/lib/x86_64-linux-gnu/libOgreVolume.so
[4.050s] -- Looking for OGRE_Overlay...
[4.074s] -- Found OGRE_Overlay: optimized;/usr/lib/x86_64-linux-gnu/libOgreOverlay.so;debug;/usr/lib/x86_64-linux-gnu/libOgreOverlay.so
[4.518s] -- Looking for ignition-math6 -- found version 6.15.1
[4.526s] -- Looking for ignition-transport8 -- found version 8.3.0
[4.527s] -- Searching for dependencies of ignition-transport8
[4.559s] -- Found Protobuf: /usr/lib/x86_64-linux-gnu/libprotobuf.so;-lpthread (found suitable version "3.6.1", minimum required is "3") 
[4.580s] -- Config-file not installed for ZeroMQ -- checking for pkg-config
[4.587s] -- Checking for module 'libzmq >= 4'
[4.630s] --   Found libzmq , version 4.3.2
[4.715s] -- Found ZeroMQ: TRUE (Required is at least version "4") 
[4.730s] -- Checking for module 'uuid'
[4.767s] --   Found uuid, version 2.34.0
[4.851s] -- Found UUID: TRUE  
[4.858s] -- Looking for ignition-msgs5 -- found version 5.10.0
[4.859s] -- Searching for dependencies of ignition-msgs5
[4.895s] -- Looking for ignition-math6 -- found version 6.15.1
[4.904s] -- Checking for module 'tinyxml2'
[4.947s] --   Found tinyxml2, version 6.2.0
[5.049s] -- Looking for ignition-msgs5 -- found version 5.10.0
[5.059s] -- Looking for ignition-common3 -- found version 3.14.2
[5.061s] -- Searching for dependencies of ignition-common3
[5.062s] -- Looking for dlfcn.h - found
[5.069s] -- Looking for libdl - found
[5.073s] -- Found DL: TRUE  
[5.093s] -- Searching for <ignition-common3> component [graphics]
[5.099s] -- Looking for ignition-common3-graphics -- found version 3.14.2
[5.100s] -- Searching for dependencies of ignition-common3-graphics
[5.100s] -- Looking for ignition-math6 -- found version 6.15.1
[5.111s] -- Looking for ignition-fuel_tools4 -- found version 4.6.0
[5.111s] -- Searching for dependencies of ignition-fuel_tools4
[5.281s] -- Found CURL: /usr/lib/x86_64-linux-gnu/libcurl.so (found version "7.68.0")  
[5.297s] -- Checking for module 'jsoncpp'
[5.331s] --   Found jsoncpp, version 1.7.4
[5.456s] -- Found JSONCPP: TRUE  
[5.474s] -- Checking for module 'libzip'
[5.562s] --   Found libzip, version 1.5.1
[5.677s] -- Found ZIP: TRUE  
[5.678s] -- Looking for ignition-common3 -- found version 3.14.2
[5.679s] -- Looking for ignition-math6 -- found version 6.15.1
[5.680s] -- Looking for ignition-msgs5 -- found version 5.10.0
[5.689s] -- Found gazebo_ros_pkgs: 3.5.2 (/opt/ros/galactic/share/gazebo_ros_pkgs/cmake)
[5.696s] -- Found geometry_msgs: 2.2.4 (/opt/ros/galactic/share/geometry_msgs/cmake)
[5.782s] -- Using all available rosidl_typesupport_c: rosidl_typesupport_fastrtps_c;rosidl_typesupport_introspection_c
[5.808s] -- Found rosidl_adapter: 2.2.3 (/opt/ros/galactic/share/rosidl_adapter/cmake)
[6.008s] -- Found OpenSSL: /usr/lib/x86_64-linux-gnu/libcrypto.so (found version "1.1.1f")  
[6.061s] -- Found FastRTPS: /opt/ros/galactic/include  
[6.248s] -- Using all available rosidl_typesupport_cpp: rosidl_typesupport_fastrtps_cpp;rosidl_typesupport_introspection_cpp
[6.441s] -- Found nav_msgs: 2.2.4 (/opt/ros/galactic/share/nav_msgs/cmake)
[6.565s] -- Found rclcpp: 9.2.2 (/opt/ros/galactic/share/rclcpp/cmake)
[6.715s] -- Found rmw_implementation_cmake: 3.3.1 (/opt/ros/galactic/share/rmw_implementation_cmake/cmake)
[6.728s] -- Found rmw_cyclonedds_cpp: 0.22.6 (/opt/ros/galactic/share/rmw_cyclonedds_cpp/cmake)
[6.781s] -- Using RMW implementation 'rmw_cyclonedds_cpp' as default
[6.784s] -- Found Threads: TRUE  
[7.081s] -- Found sensor_msgs: 2.2.4 (/opt/ros/galactic/share/sensor_msgs/cmake)
[7.219s] -- Found tf2: 0.17.5 (/opt/ros/galactic/share/tf2/cmake)
[7.446s] -- Configuring done
[7.599s] -- Generating done
[7.645s] -- Build files have been written to: /home/robotica/proyectoRoboentrega/ProyectoRobotica_RoboEntrega/robot/build/turtlebot3_gazebo
[7.895s] Invoked command in '/home/robotica/proyectoRoboentrega/ProyectoRobotica_RoboEntrega/robot/build/turtlebot3_gazebo' returned '0': CMAKE_PREFIX_PATH=/home/robotica/proyectoRoboentrega/ProyectoRobotica_RoboEntrega/robot/install/turtlebot3_simulations:/home/robotica/proyectoRoboentrega/ProyectoRobotica_RoboEntrega/robot/install/robo_entrega:/home/robotica/proyectoRoboentrega/ProyectoRobotica_RoboEntrega/robot/install/robo_entrega_office_world:/home/robotica/proyectoRoboentrega/ProyectoRobotica_RoboEntrega/robot/install/turtlebot3_gazebo:/home/robotica/proyectoRoboentrega/ProyectoRobotica_RoboEntrega/robot/install/turtlebot3_fake_node:/home/robotica/turtlebot3_ws/install/web_video_server:/home/robotica/turtlebot3_ws/install/turtlebot3_simulations:/home/robotica/turtlebot3_ws/install/my_world:/home/robotica/turtlebot3_ws/install/turtlebot3_gazebo:/home/robotica/turtlebot3_ws/install/turtlebot3_fake_node:/home/robotica/turtlebot3_ws/install/custom_interface:/home/robotica/proyectoRoboentrega/ProyectoRobotica_RoboEntrega/robot/install/robo_entrega_slam:/home/robotica/proyectoRoboentrega/ProyectoRobotica_RoboEntrega/robot/install/robo_entrega_provide_map:/home/robotica/proyectoRoboentrega/ProyectoRobotica_RoboEntrega/robot/install/robo_entrega_nav2_system:/home/robotica/turtlebot3_ws/install/testeo1:/home/robotica/turtlebot3_ws/install/show_msg:/home/robotica/turtlebot3_ws/install/provide_map:/home/robotica/turtlebot3_ws/install/my_slam:/home/robotica/turtlebot3_ws/install/my_nav2_system:/home/robotica/turtlebot3_ws/install/my_first_subscriber:/home/robotica/turtlebot3_ws/install/my_first_service:/home/robotica/turtlebot3_ws/install/my_first_publisher:/home/robotica/turtlebot3_ws/install/my_first_action:/opt/ros/galactic:/home/robotica/turtlebot3_ws/install/async_web_server_cpp /usr/bin/cmake /home/robotica/proyectoRoboentrega/ProyectoRobotica_RoboEntrega/robot/src/turtlebot3_simulations/turtlebot3_gazebo -DAMENT_CMAKE_SYMLINK_INSTALL=1 -DCMAKE_INSTALL_PREFIX=/home/robotica/proyectoRoboentrega/ProyectoRobotica_RoboEntrega/robot/install/turtlebot3_gazebo
[7.901s] Invoking command in '/home/robotica/proyectoRoboentrega/ProyectoRobotica_RoboEntrega/robot/build/turtlebot3_gazebo': CMAKE_PREFIX_PATH=/home/robotica/proyectoRoboentrega/ProyectoRobotica_RoboEntrega/robot/install/turtlebot3_simulations:/home/robotica/proyectoRoboentrega/ProyectoRobotica_RoboEntrega/robot/install/robo_entrega:/home/robotica/proyectoRoboentrega/ProyectoRobotica_RoboEntrega/robot/install/robo_entrega_office_world:/home/robotica/proyectoRoboentrega/ProyectoRobotica_RoboEntrega/robot/install/turtlebot3_gazebo:/home/robotica/proyectoRoboentrega/ProyectoRobotica_RoboEntrega/robot/install/turtlebot3_fake_node:/home/robotica/turtlebot3_ws/install/web_video_server:/home/robotica/turtlebot3_ws/install/turtlebot3_simulations:/home/robotica/turtlebot3_ws/install/my_world:/home/robotica/turtlebot3_ws/install/turtlebot3_gazebo:/home/robotica/turtlebot3_ws/install/turtlebot3_fake_node:/home/robotica/turtlebot3_ws/install/custom_interface:/home/robotica/proyectoRoboentrega/ProyectoRobotica_RoboEntrega/robot/install/robo_entrega_slam:/home/robotica/proyectoRoboentrega/ProyectoRobotica_RoboEntrega/robot/install/robo_entrega_provide_map:/home/robotica/proyectoRoboentrega/ProyectoRobotica_RoboEntrega/robot/install/robo_entrega_nav2_system:/home/robotica/turtlebot3_ws/install/testeo1:/home/robotica/turtlebot3_ws/install/show_msg:/home/robotica/turtlebot3_ws/install/provide_map:/home/robotica/turtlebot3_ws/install/my_slam:/home/robotica/turtlebot3_ws/install/my_nav2_system:/home/robotica/turtlebot3_ws/install/my_first_subscriber:/home/robotica/turtlebot3_ws/install/my_first_service:/home/robotica/turtlebot3_ws/install/my_first_publisher:/home/robotica/turtlebot3_ws/install/my_first_action:/opt/ros/galactic:/home/robotica/turtlebot3_ws/install/async_web_server_cpp /usr/bin/cmake --build /home/robotica/proyectoRoboentrega/ProyectoRobotica_RoboEntrega/robot/build/turtlebot3_gazebo -- -j2 -l2
[7.996s] [35m[1mScanning dependencies of target obstacles[0m
[8.012s] [35m[1mScanning dependencies of target obstacle2[0m
[8.648s] [ 12%] [32mBuilding CXX object CMakeFiles/obstacle2.dir/models/turtlebot3_dqn_world/obstacle_plugin/obstacle2.cc.o[0m
[8.668s] [ 25%] [32mBuilding CXX object CMakeFiles/obstacles.dir/models/turtlebot3_dqn_world/obstacle_plugin/obstacles.cc.o[0m
[33.554s] [ 37%] [32m[1mLinking CXX shared library libobstacle2.so[0m
[35.643s] [ 37%] Built target obstacle2
[35.805s] [ 50%] [32m[1mLinking CXX shared library libobstacles.so[0m
[36.725s] [ 50%] Built target obstacles
[36.744s] [35m[1mScanning dependencies of target turtlebot3_drive[0m
[36.880s] [ 62%] [32mBuilding CXX object CMakeFiles/turtlebot3_drive.dir/src/turtlebot3_drive.cpp.o[0m
[50.807s] [ 75%] [32m[1mLinking CXX executable turtlebot3_drive[0m
[51.693s] [ 75%] Built target turtlebot3_drive
[51.719s] [35m[1mScanning dependencies of target obstacle1[0m
[52.055s] [ 87%] [32mBuilding CXX object CMakeFiles/obstacle1.dir/models/turtlebot3_dqn_world/obstacle_plugin/obstacle1.cc.o[0m
[65.583s] [100%] [32m[1mLinking CXX shared library libobstacle1.so[0m
[66.115s] [100%] Built target obstacle1
[66.141s] Invoked command in '/home/robotica/proyectoRoboentrega/ProyectoRobotica_RoboEntrega/robot/build/turtlebot3_gazebo' returned '0': CMAKE_PREFIX_PATH=/home/robotica/proyectoRoboentrega/ProyectoRobotica_RoboEntrega/robot/install/turtlebot3_simulations:/home/robotica/proyectoRoboentrega/ProyectoRobotica_RoboEntrega/robot/install/robo_entrega:/home/robotica/proyectoRoboentrega/ProyectoRobotica_RoboEntrega/robot/install/robo_entrega_office_world:/home/robotica/proyectoRoboentrega/ProyectoRobotica_RoboEntrega/robot/install/turtlebot3_gazebo:/home/robotica/proyectoRoboentrega/ProyectoRobotica_RoboEntrega/robot/install/turtlebot3_fake_node:/home/robotica/turtlebot3_ws/install/web_video_server:/home/robotica/turtlebot3_ws/install/turtlebot3_simulations:/home/robotica/turtlebot3_ws/install/my_world:/home/robotica/turtlebot3_ws/install/turtlebot3_gazebo:/home/robotica/turtlebot3_ws/install/turtlebot3_fake_node:/home/robotica/turtlebot3_ws/install/custom_interface:/home/robotica/proyectoRoboentrega/ProyectoRobotica_RoboEntrega/robot/install/robo_entrega_slam:/home/robotica/proyectoRoboentrega/ProyectoRobotica_RoboEntrega/robot/install/robo_entrega_provide_map:/home/robotica/proyectoRoboentrega/ProyectoRobotica_RoboEntrega/robot/install/robo_entrega_nav2_system:/home/robotica/turtlebot3_ws/install/testeo1:/home/robotica/turtlebot3_ws/install/show_msg:/home/robotica/turtlebot3_ws/install/provide_map:/home/robotica/turtlebot3_ws/install/my_slam:/home/robotica/turtlebot3_ws/install/my_nav2_system:/home/robotica/turtlebot3_ws/install/my_first_subscriber:/home/robotica/turtlebot3_ws/install/my_first_service:/home/robotica/turtlebot3_ws/install/my_first_publisher:/home/robotica/turtlebot3_ws/install/my_first_action:/opt/ros/galactic:/home/robotica/turtlebot3_ws/install/async_web_server_cpp /usr/bin/cmake --build /home/robotica/proyectoRoboentrega/ProyectoRobotica_RoboEntrega/robot/build/turtlebot3_gazebo -- -j2 -l2
[66.148s] Invoking command in '/home/robotica/proyectoRoboentrega/ProyectoRobotica_RoboEntrega/robot/build/turtlebot3_gazebo': CMAKE_PREFIX_PATH=/home/robotica/proyectoRoboentrega/ProyectoRobotica_RoboEntrega/robot/install/turtlebot3_simulations:/home/robotica/proyectoRoboentrega/ProyectoRobotica_RoboEntrega/robot/install/robo_entrega:/home/robotica/proyectoRoboentrega/ProyectoRobotica_RoboEntrega/robot/install/robo_entrega_office_world:/home/robotica/proyectoRoboentrega/ProyectoRobotica_RoboEntrega/robot/install/turtlebot3_gazebo:/home/robotica/proyectoRoboentrega/ProyectoRobotica_RoboEntrega/robot/install/turtlebot3_fake_node:/home/robotica/turtlebot3_ws/install/web_video_server:/home/robotica/turtlebot3_ws/install/turtlebot3_simulations:/home/robotica/turtlebot3_ws/install/my_world:/home/robotica/turtlebot3_ws/install/turtlebot3_gazebo:/home/robotica/turtlebot3_ws/install/turtlebot3_fake_node:/home/robotica/turtlebot3_ws/install/custom_interface:/home/robotica/proyectoRoboentrega/ProyectoRobotica_RoboEntrega/robot/install/robo_entrega_slam:/home/robotica/proyectoRoboentrega/ProyectoRobotica_RoboEntrega/robot/install/robo_entrega_provide_map:/home/robotica/proyectoRoboentrega/ProyectoRobotica_RoboEntrega/robot/install/robo_entrega_nav2_system:/home/robotica/turtlebot3_ws/install/testeo1:/home/robotica/turtlebot3_ws/install/show_msg:/home/robotica/turtlebot3_ws/install/provide_map:/home/robotica/turtlebot3_ws/install/my_slam:/home/robotica/turtlebot3_ws/install/my_nav2_system:/home/robotica/turtlebot3_ws/install/my_first_subscriber:/home/robotica/turtlebot3_ws/install/my_first_service:/home/robotica/turtlebot3_ws/install/my_first_publisher:/home/robotica/turtlebot3_ws/install/my_first_action:/opt/ros/galactic:/home/robotica/turtlebot3_ws/install/async_web_server_cpp /usr/bin/cmake --install /home/robotica/proyectoRoboentrega/ProyectoRobotica_RoboEntrega/robot/build/turtlebot3_gazebo
[66.161s] -- Install configuration: ""
[66.162s] -- Execute custom install script
[66.164s] -- Symlinking: /home/robotica/proyectoRoboentrega/ProyectoRobotica_RoboEntrega/robot/install/turtlebot3_gazebo/lib/turtlebot3_gazebo/turtlebot3_drive
[66.179s] -- Symlinking: /home/robotica/proyectoRoboentrega/ProyectoRobotica_RoboEntrega/robot/install/turtlebot3_gazebo/share/turtlebot3_gazebo//launch/empty_world.launch.py
[66.193s] -- Symlinking: /home/robotica/proyectoRoboentrega/ProyectoRobotica_RoboEntrega/robot/install/turtlebot3_gazebo/share/turtlebot3_gazebo//launch/robot_state_publisher.launch.py
[66.209s] -- Symlinking: /home/robotica/proyectoRoboentrega/ProyectoRobotica_RoboEntrega/robot/install/turtlebot3_gazebo/share/turtlebot3_gazebo//launch/spawn_turtlebot3.launch.py
[66.223s] -- Symlinking: /home/robotica/proyectoRoboentrega/ProyectoRobotica_RoboEntrega/robot/install/turtlebot3_gazebo/share/turtlebot3_gazebo//launch/turtlebot3_dqn_stage1.launch.py
[66.236s] -- Symlinking: /home/robotica/proyectoRoboentrega/ProyectoRobotica_RoboEntrega/robot/install/turtlebot3_gazebo/share/turtlebot3_gazebo//launch/turtlebot3_dqn_stage2.launch.py
[66.252s] -- Symlinking: /home/robotica/proyectoRoboentrega/ProyectoRobotica_RoboEntrega/robot/install/turtlebot3_gazebo/share/turtlebot3_gazebo//launch/turtlebot3_dqn_stage3.launch.py
[66.271s] -- Symlinking: /home/robotica/proyectoRoboentrega/ProyectoRobotica_RoboEntrega/robot/install/turtlebot3_gazebo/share/turtlebot3_gazebo//launch/turtlebot3_dqn_stage4.launch.py
[66.287s] -- Symlinking: /home/robotica/proyectoRoboentrega/ProyectoRobotica_RoboEntrega/robot/install/turtlebot3_gazebo/share/turtlebot3_gazebo//launch/turtlebot3_house.launch.py
[66.302s] -- Symlinking: /home/robotica/proyectoRoboentrega/ProyectoRobotica_RoboEntrega/robot/install/turtlebot3_gazebo/share/turtlebot3_gazebo//launch/turtlebot3_world.launch.py
[66.315s] -- Symlinking: /home/robotica/proyectoRoboentrega/ProyectoRobotica_RoboEntrega/robot/install/turtlebot3_gazebo/share/turtlebot3_gazebo//models/turtlebot3_burger/model-1_4.sdf
[66.329s] -- Symlinking: /home/robotica/proyectoRoboentrega/ProyectoRobotica_RoboEntrega/robot/install/turtlebot3_gazebo/share/turtlebot3_gazebo//models/turtlebot3_burger/model.config
[66.343s] -- Symlinking: /home/robotica/proyectoRoboentrega/ProyectoRobotica_RoboEntrega/robot/install/turtlebot3_gazebo/share/turtlebot3_gazebo//models/turtlebot3_burger/model.sdf
[66.357s] -- Symlinking: /home/robotica/proyectoRoboentrega/ProyectoRobotica_RoboEntrega/robot/install/turtlebot3_gazebo/share/turtlebot3_gazebo//models/turtlebot3_common/meshes/burger_base.dae
[66.370s] -- Symlinking: /home/robotica/proyectoRoboentrega/ProyectoRobotica_RoboEntrega/robot/install/turtlebot3_gazebo/share/turtlebot3_gazebo//models/turtlebot3_common/meshes/lds.dae
[66.386s] -- Symlinking: /home/robotica/proyectoRoboentrega/ProyectoRobotica_RoboEntrega/robot/install/turtlebot3_gazebo/share/turtlebot3_gazebo//models/turtlebot3_common/meshes/r200.dae
[66.399s] -- Symlinking: /home/robotica/proyectoRoboentrega/ProyectoRobotica_RoboEntrega/robot/install/turtlebot3_gazebo/share/turtlebot3_gazebo//models/turtlebot3_common/meshes/tire.dae
[66.413s] -- Symlinking: /home/robotica/proyectoRoboentrega/ProyectoRobotica_RoboEntrega/robot/install/turtlebot3_gazebo/share/turtlebot3_gazebo//models/turtlebot3_common/meshes/waffle_base.dae
[66.426s] -- Symlinking: /home/robotica/proyectoRoboentrega/ProyectoRobotica_RoboEntrega/robot/install/turtlebot3_gazebo/share/turtlebot3_gazebo//models/turtlebot3_common/meshes/waffle_pi_base.dae
[66.441s] -- Symlinking: /home/robotica/proyectoRoboentrega/ProyectoRobotica_RoboEntrega/robot/install/turtlebot3_gazebo/share/turtlebot3_gazebo//models/turtlebot3_common/model.config
[66.453s] -- Symlinking: /home/robotica/proyectoRoboentrega/ProyectoRobotica_RoboEntrega/robot/install/turtlebot3_gazebo/share/turtlebot3_gazebo//models/turtlebot3_dqn_world/goal_box/model.config
[66.478s] -- Symlinking: /home/robotica/proyectoRoboentrega/ProyectoRobotica_RoboEntrega/robot/install/turtlebot3_gazebo/share/turtlebot3_gazebo//models/turtlebot3_dqn_world/goal_box/model.sdf
[66.484s] -- Symlinking: /home/robotica/proyectoRoboentrega/ProyectoRobotica_RoboEntrega/robot/install/turtlebot3_gazebo/share/turtlebot3_gazebo//models/turtlebot3_dqn_world/inner_walls/model.config
[66.496s] -- Symlinking: /home/robotica/proyectoRoboentrega/ProyectoRobotica_RoboEntrega/robot/install/turtlebot3_gazebo/share/turtlebot3_gazebo//models/turtlebot3_dqn_world/inner_walls/model.sdf
[66.511s] -- Symlinking: /home/robotica/proyectoRoboentrega/ProyectoRobotica_RoboEntrega/robot/install/turtlebot3_gazebo/share/turtlebot3_gazebo//models/turtlebot3_dqn_world/model.config
[66.533s] -- Symlinking: /home/robotica/proyectoRoboentrega/ProyectoRobotica_RoboEntrega/robot/install/turtlebot3_gazebo/share/turtlebot3_gazebo//models/turtlebot3_dqn_world/model.sdf
[66.547s] -- Symlinking: /home/robotica/proyectoRoboentrega/ProyectoRobotica_RoboEntrega/robot/install/turtlebot3_gazebo/share/turtlebot3_gazebo//models/turtlebot3_dqn_world/obstacle1/model.config
[66.560s] -- Symlinking: /home/robotica/proyectoRoboentrega/ProyectoRobotica_RoboEntrega/robot/install/turtlebot3_gazebo/share/turtlebot3_gazebo//models/turtlebot3_dqn_world/obstacle1/model.sdf
[66.574s] -- Symlinking: /home/robotica/proyectoRoboentrega/ProyectoRobotica_RoboEntrega/robot/install/turtlebot3_gazebo/share/turtlebot3_gazebo//models/turtlebot3_dqn_world/obstacle2/model.config
[66.587s] -- Symlinking: /home/robotica/proyectoRoboentrega/ProyectoRobotica_RoboEntrega/robot/install/turtlebot3_gazebo/share/turtlebot3_gazebo//models/turtlebot3_dqn_world/obstacle2/model.sdf
[66.602s] -- Symlinking: /home/robotica/proyectoRoboentrega/ProyectoRobotica_RoboEntrega/robot/install/turtlebot3_gazebo/share/turtlebot3_gazebo//models/turtlebot3_dqn_world/obstacle_plugin/CMakeLists.txt
[66.616s] -- Symlinking: /home/robotica/proyectoRoboentrega/ProyectoRobotica_RoboEntrega/robot/install/turtlebot3_gazebo/share/turtlebot3_gazebo//models/turtlebot3_dqn_world/obstacle_plugin/obstacle1.cc
[66.631s] -- Symlinking: /home/robotica/proyectoRoboentrega/ProyectoRobotica_RoboEntrega/robot/install/turtlebot3_gazebo/share/turtlebot3_gazebo//models/turtlebot3_dqn_world/obstacle_plugin/obstacle2.cc
[66.644s] -- Symlinking: /home/robotica/proyectoRoboentrega/ProyectoRobotica_RoboEntrega/robot/install/turtlebot3_gazebo/share/turtlebot3_gazebo//models/turtlebot3_dqn_world/obstacle_plugin/obstacles.cc
[66.658s] -- Symlinking: /home/robotica/proyectoRoboentrega/ProyectoRobotica_RoboEntrega/robot/install/turtlebot3_gazebo/share/turtlebot3_gazebo//models/turtlebot3_dqn_world/obstacles/model.config
[66.672s] -- Symlinking: /home/robotica/proyectoRoboentrega/ProyectoRobotica_RoboEntrega/robot/install/turtlebot3_gazebo/share/turtlebot3_gazebo//models/turtlebot3_dqn_world/obstacles/model.sdf
[66.687s] -- Symlinking: /home/robotica/proyectoRoboentrega/ProyectoRobotica_RoboEntrega/robot/install/turtlebot3_gazebo/share/turtlebot3_gazebo//models/turtlebot3_house/model.config
[66.701s] -- Symlinking: /home/robotica/proyectoRoboentrega/ProyectoRobotica_RoboEntrega/robot/install/turtlebot3_gazebo/share/turtlebot3_gazebo//models/turtlebot3_house/model.sdf
[66.714s] -- Symlinking: /home/robotica/proyectoRoboentrega/ProyectoRobotica_RoboEntrega/robot/install/turtlebot3_gazebo/share/turtlebot3_gazebo//models/turtlebot3_waffle/model-1_4.sdf
[66.728s] -- Symlinking: /home/robotica/proyectoRoboentrega/ProyectoRobotica_RoboEntrega/robot/install/turtlebot3_gazebo/share/turtlebot3_gazebo//models/turtlebot3_waffle/model.config
[66.743s] -- Symlinking: /home/robotica/proyectoRoboentrega/ProyectoRobotica_RoboEntrega/robot/install/turtlebot3_gazebo/share/turtlebot3_gazebo//models/turtlebot3_waffle/model.sdf
[66.757s] -- Symlinking: /home/robotica/proyectoRoboentrega/ProyectoRobotica_RoboEntrega/robot/install/turtlebot3_gazebo/share/turtlebot3_gazebo//models/turtlebot3_waffle_pi/model-1_4_.sdf
[66.770s] -- Symlinking: /home/robotica/proyectoRoboentrega/ProyectoRobotica_RoboEntrega/robot/install/turtlebot3_gazebo/share/turtlebot3_gazebo//models/turtlebot3_waffle_pi/model.config
[66.785s] -- Symlinking: /home/robotica/proyectoRoboentrega/ProyectoRobotica_RoboEntrega/robot/install/turtlebot3_gazebo/share/turtlebot3_gazebo//models/turtlebot3_waffle_pi/model.sdf
[66.799s] -- Symlinking: /home/robotica/proyectoRoboentrega/ProyectoRobotica_RoboEntrega/robot/install/turtlebot3_gazebo/share/turtlebot3_gazebo//models/turtlebot3_world/meshes/hexagon.dae
[66.812s] -- Symlinking: /home/robotica/proyectoRoboentrega/ProyectoRobotica_RoboEntrega/robot/install/turtlebot3_gazebo/share/turtlebot3_gazebo//models/turtlebot3_world/meshes/wall.dae
[66.827s] -- Symlinking: /home/robotica/proyectoRoboentrega/ProyectoRobotica_RoboEntrega/robot/install/turtlebot3_gazebo/share/turtlebot3_gazebo//models/turtlebot3_world/model-1_4.sdf
[66.841s] -- Symlinking: /home/robotica/proyectoRoboentrega/ProyectoRobotica_RoboEntrega/robot/install/turtlebot3_gazebo/share/turtlebot3_gazebo//models/turtlebot3_world/model.config
[66.855s] -- Symlinking: /home/robotica/proyectoRoboentrega/ProyectoRobotica_RoboEntrega/robot/install/turtlebot3_gazebo/share/turtlebot3_gazebo//models/turtlebot3_world/model.sdf
[66.869s] -- Symlinking: /home/robotica/proyectoRoboentrega/ProyectoRobotica_RoboEntrega/robot/install/turtlebot3_gazebo/share/turtlebot3_gazebo//rviz/tb3_gazebo.rviz
[66.883s] -- Symlinking: /home/robotica/proyectoRoboentrega/ProyectoRobotica_RoboEntrega/robot/install/turtlebot3_gazebo/share/turtlebot3_gazebo//urdf/common_properties.urdf
[66.897s] -- Symlinking: /home/robotica/proyectoRoboentrega/ProyectoRobotica_RoboEntrega/robot/install/turtlebot3_gazebo/share/turtlebot3_gazebo//urdf/turtlebot3_burger.urdf
[66.910s] -- Symlinking: /home/robotica/proyectoRoboentrega/ProyectoRobotica_RoboEntrega/robot/install/turtlebot3_gazebo/share/turtlebot3_gazebo//urdf/turtlebot3_waffle.urdf
[66.924s] -- Symlinking: /home/robotica/proyectoRoboentrega/ProyectoRobotica_RoboEntrega/robot/install/turtlebot3_gazebo/share/turtlebot3_gazebo//urdf/turtlebot3_waffle_pi.urdf
[66.938s] -- Symlinking: /home/robotica/proyectoRoboentrega/ProyectoRobotica_RoboEntrega/robot/install/turtlebot3_gazebo/share/turtlebot3_gazebo//worlds/empty_world.world
[66.951s] -- Symlinking: /home/robotica/proyectoRoboentrega/ProyectoRobotica_RoboEntrega/robot/install/turtlebot3_gazebo/share/turtlebot3_gazebo//worlds/turtlebot3_dqn_stage1.world
[66.965s] -- Symlinking: /home/robotica/proyectoRoboentrega/ProyectoRobotica_RoboEntrega/robot/install/turtlebot3_gazebo/share/turtlebot3_gazebo//worlds/turtlebot3_dqn_stage2.world
[66.987s] -- Symlinking: /home/robotica/proyectoRoboentrega/ProyectoRobotica_RoboEntrega/robot/install/turtlebot3_gazebo/share/turtlebot3_gazebo//worlds/turtlebot3_dqn_stage3.world
[66.994s] -- Symlinking: /home/robotica/proyectoRoboentrega/ProyectoRobotica_RoboEntrega/robot/install/turtlebot3_gazebo/share/turtlebot3_gazebo//worlds/turtlebot3_dqn_stage4.world
[67.010s] -- Symlinking: /home/robotica/proyectoRoboentrega/ProyectoRobotica_RoboEntrega/robot/install/turtlebot3_gazebo/share/turtlebot3_gazebo//worlds/turtlebot3_house.world
[67.024s] -- Symlinking: /home/robotica/proyectoRoboentrega/ProyectoRobotica_RoboEntrega/robot/install/turtlebot3_gazebo/share/turtlebot3_gazebo//worlds/turtlebot3_world.world
[67.045s] -- Symlinking: /home/robotica/proyectoRoboentrega/ProyectoRobotica_RoboEntrega/robot/install/turtlebot3_gazebo/include//turtlebot3_gazebo/turtlebot3_drive.hpp
[67.058s] -- Symlinking: /home/robotica/proyectoRoboentrega/ProyectoRobotica_RoboEntrega/robot/install/turtlebot3_gazebo/share/ament_index/resource_index/package_run_dependencies/turtlebot3_gazebo
[67.073s] -- Symlinking: /home/robotica/proyectoRoboentrega/ProyectoRobotica_RoboEntrega/robot/install/turtlebot3_gazebo/share/ament_index/resource_index/parent_prefix_path/turtlebot3_gazebo
[67.088s] -- Symlinking: /home/robotica/proyectoRoboentrega/ProyectoRobotica_RoboEntrega/robot/install/turtlebot3_gazebo/share/turtlebot3_gazebo/environment/ament_prefix_path.sh
[67.103s] -- Symlinking: /home/robotica/proyectoRoboentrega/ProyectoRobotica_RoboEntrega/robot/install/turtlebot3_gazebo/share/turtlebot3_gazebo/environment/ament_prefix_path.dsv
[67.118s] -- Symlinking: /home/robotica/proyectoRoboentrega/ProyectoRobotica_RoboEntrega/robot/install/turtlebot3_gazebo/share/turtlebot3_gazebo/environment/path.sh
[67.133s] -- Symlinking: /home/robotica/proyectoRoboentrega/ProyectoRobotica_RoboEntrega/robot/install/turtlebot3_gazebo/share/turtlebot3_gazebo/environment/path.dsv
[67.147s] -- Symlinking: /home/robotica/proyectoRoboentrega/ProyectoRobotica_RoboEntrega/robot/install/turtlebot3_gazebo/share/turtlebot3_gazebo/local_setup.bash
[67.162s] -- Symlinking: /home/robotica/proyectoRoboentrega/ProyectoRobotica_RoboEntrega/robot/install/turtlebot3_gazebo/share/turtlebot3_gazebo/local_setup.sh
[67.175s] -- Symlinking: /home/robotica/proyectoRoboentrega/ProyectoRobotica_RoboEntrega/robot/install/turtlebot3_gazebo/share/turtlebot3_gazebo/local_setup.zsh
[67.189s] -- Symlinking: /home/robotica/proyectoRoboentrega/ProyectoRobotica_RoboEntrega/robot/install/turtlebot3_gazebo/share/turtlebot3_gazebo/local_setup.dsv
[67.203s] -- Symlinking: /home/robotica/proyectoRoboentrega/ProyectoRobotica_RoboEntrega/robot/install/turtlebot3_gazebo/share/turtlebot3_gazebo/package.dsv
[67.221s] -- Symlinking: /home/robotica/proyectoRoboentrega/ProyectoRobotica_RoboEntrega/robot/install/turtlebot3_gazebo/share/ament_index/resource_index/packages/turtlebot3_gazebo
[67.236s] -- Symlinking: /home/robotica/proyectoRoboentrega/ProyectoRobotica_RoboEntrega/robot/install/turtlebot3_gazebo/share/turtlebot3_gazebo/cmake/ament_cmake_export_include_directories-extras.cmake
[67.255s] -- Symlinking: /home/robotica/proyectoRoboentrega/ProyectoRobotica_RoboEntrega/robot/install/turtlebot3_gazebo/share/turtlebot3_gazebo/cmake/ament_cmake_export_dependencies-extras.cmake
[67.274s] -- Symlinking: /home/robotica/proyectoRoboentrega/ProyectoRobotica_RoboEntrega/robot/install/turtlebot3_gazebo/share/turtlebot3_gazebo/cmake/turtlebot3_gazeboConfig.cmake
[67.291s] -- Symlinking: /home/robotica/proyectoRoboentrega/ProyectoRobotica_RoboEntrega/robot/install/turtlebot3_gazebo/share/turtlebot3_gazebo/cmake/turtlebot3_gazeboConfig-version.cmake
[67.303s] -- Symlinking: /home/robotica/proyectoRoboentrega/ProyectoRobotica_RoboEntrega/robot/install/turtlebot3_gazebo/share/turtlebot3_gazebo/package.xml
[67.320s] Invoked command in '/home/robotica/proyectoRoboentrega/ProyectoRobotica_RoboEntrega/robot/build/turtlebot3_gazebo' returned '0': CMAKE_PREFIX_PATH=/home/robotica/proyectoRoboentrega/ProyectoRobotica_RoboEntrega/robot/install/turtlebot3_simulations:/home/robotica/proyectoRoboentrega/ProyectoRobotica_RoboEntrega/robot/install/robo_entrega:/home/robotica/proyectoRoboentrega/ProyectoRobotica_RoboEntrega/robot/install/robo_entrega_office_world:/home/robotica/proyectoRoboentrega/ProyectoRobotica_RoboEntrega/robot/install/turtlebot3_gazebo:/home/robotica/proyectoRoboentrega/ProyectoRobotica_RoboEntrega/robot/install/turtlebot3_fake_node:/home/robotica/turtlebot3_ws/install/web_video_server:/home/robotica/turtlebot3_ws/install/turtlebot3_simulations:/home/robotica/turtlebot3_ws/install/my_world:/home/robotica/turtlebot3_ws/install/turtlebot3_gazebo:/home/robotica/turtlebot3_ws/install/turtlebot3_fake_node:/home/robotica/turtlebot3_ws/install/custom_interface:/home/robotica/proyectoRoboentrega/ProyectoRobotica_RoboEntrega/robot/install/robo_entrega_slam:/home/robotica/proyectoRoboentrega/ProyectoRobotica_RoboEntrega/robot/install/robo_entrega_provide_map:/home/robotica/proyectoRoboentrega/ProyectoRobotica_RoboEntrega/robot/install/robo_entrega_nav2_system:/home/robotica/turtlebot3_ws/install/testeo1:/home/robotica/turtlebot3_ws/install/show_msg:/home/robotica/turtlebot3_ws/install/provide_map:/home/robotica/turtlebot3_ws/install/my_slam:/home/robotica/turtlebot3_ws/install/my_nav2_system:/home/robotica/turtlebot3_ws/install/my_first_subscriber:/home/robotica/turtlebot3_ws/install/my_first_service:/home/robotica/turtlebot3_ws/install/my_first_publisher:/home/robotica/turtlebot3_ws/install/my_first_action:/opt/ros/galactic:/home/robotica/turtlebot3_ws/install/async_web_server_cpp /usr/bin/cmake --install /home/robotica/proyectoRoboentrega/ProyectoRobotica_RoboEntrega/robot/build/turtlebot3_gazebo
