running develop
running egg_info
creating robo_entrega_provide_map.egg-info
writing robo_entrega_provide_map.egg-info/PKG-INFO
writing dependency_links to robo_entrega_provide_map.egg-info/dependency_links.txt
writing entry points to robo_entrega_provide_map.egg-info/entry_points.txt
writing requirements to robo_entrega_provide_map.egg-info/requires.txt
writing top-level names to robo_entrega_provide_map.egg-info/top_level.txt
writing manifest file 'robo_entrega_provide_map.egg-info/SOURCES.txt'
reading manifest file 'robo_entrega_provide_map.egg-info/SOURCES.txt'
writing manifest file 'robo_entrega_provide_map.egg-info/SOURCES.txt'
running build_ext
Creating /home/robotica/proyectoRoboentrega/ProyectoRobotica_RoboEntrega/robot/install/robo_entrega_provide_map/lib/python3.8/site-packages/site.py
Creating /home/robotica/proyectoRoboentrega/ProyectoRobotica_RoboEntrega/robot/install/robo_entrega_provide_map/lib/python3.8/site-packages/robo-entrega-provide-map.egg-link (link to .)
Installing load_map_client script to /home/robotica/proyectoRoboentrega/ProyectoRobotica_RoboEntrega/robot/install/robo_entrega_provide_map/lib/robo_entrega_provide_map

Installed /home/robotica/proyectoRoboentrega/ProyectoRobotica_RoboEntrega/robot/build/robo_entrega_provide_map
running symlink_data
creating /home/robotica/proyectoRoboentrega/ProyectoRobotica_RoboEntrega/robot/install/robo_entrega_provide_map/share/ament_index
creating /home/robotica/proyectoRoboentrega/ProyectoRobotica_RoboEntrega/robot/install/robo_entrega_provide_map/share/ament_index/resource_index
creating /home/robotica/proyectoRoboentrega/ProyectoRobotica_RoboEntrega/robot/install/robo_entrega_provide_map/share/ament_index/resource_index/packages
symbolically linking /home/robotica/proyectoRoboentrega/ProyectoRobotica_RoboEntrega/robot/build/robo_entrega_provide_map/resource/robo_entrega_provide_map -> /home/robotica/proyectoRoboentrega/ProyectoRobotica_RoboEntrega/robot/install/robo_entrega_provide_map/share/ament_index/resource_index/packages
symbolically linking /home/robotica/proyectoRoboentrega/ProyectoRobotica_RoboEntrega/robot/build/robo_entrega_provide_map/package.xml -> /home/robotica/proyectoRoboentrega/ProyectoRobotica_RoboEntrega/robot/install/robo_entrega_provide_map/share/robo_entrega_provide_map
creating /home/robotica/proyectoRoboentrega/ProyectoRobotica_RoboEntrega/robot/install/robo_entrega_provide_map/share/robo_entrega_provide_map/map
symbolically linking /home/robotica/proyectoRoboentrega/ProyectoRobotica_RoboEntrega/robot/build/robo_entrega_provide_map/map/my_map.pgm -> /home/robotica/proyectoRoboentrega/ProyectoRobotica_RoboEntrega/robot/install/robo_entrega_provide_map/share/robo_entrega_provide_map/map
symbolically linking /home/robotica/proyectoRoboentrega/ProyectoRobotica_RoboEntrega/robot/build/robo_entrega_provide_map/map/mapa_test.pgm -> /home/robotica/proyectoRoboentrega/ProyectoRobotica_RoboEntrega/robot/install/robo_entrega_provide_map/share/robo_entrega_provide_map/map
symbolically linking /home/robotica/proyectoRoboentrega/ProyectoRobotica_RoboEntrega/robot/build/robo_entrega_provide_map/map/my_map.yaml -> /home/robotica/proyectoRoboentrega/ProyectoRobotica_RoboEntrega/robot/install/robo_entrega_provide_map/share/robo_entrega_provide_map/map
creating /home/robotica/proyectoRoboentrega/ProyectoRobotica_RoboEntrega/robot/install/robo_entrega_provide_map/share/robo_entrega_provide_map/rviz
symbolically linking /home/robotica/proyectoRoboentrega/ProyectoRobotica_RoboEntrega/robot/build/robo_entrega_provide_map/rviz/map.rviz -> /home/robotica/proyectoRoboentrega/ProyectoRobotica_RoboEntrega/robot/install/robo_entrega_provide_map/share/robo_entrega_provide_map/rviz
symbolically linking /home/robotica/proyectoRoboentrega/ProyectoRobotica_RoboEntrega/robot/build/robo_entrega_provide_map/rviz/slam.rviz -> /home/robotica/proyectoRoboentrega/ProyectoRobotica_RoboEntrega/robot/install/robo_entrega_provide_map/share/robo_entrega_provide_map/rviz
symbolically linking /home/robotica/proyectoRoboentrega/ProyectoRobotica_RoboEntrega/robot/build/robo_entrega_provide_map/rviz/map copy.rviz -> /home/robotica/proyectoRoboentrega/ProyectoRobotica_RoboEntrega/robot/install/robo_entrega_provide_map/share/robo_entrega_provide_map/rviz
creating /home/robotica/proyectoRoboentrega/ProyectoRobotica_RoboEntrega/robot/install/robo_entrega_provide_map/share/robo_entrega_provide_map/launch
symbolically linking /home/robotica/proyectoRoboentrega/ProyectoRobotica_RoboEntrega/robot/build/robo_entrega_provide_map/launch/provide_map.launch.py -> /home/robotica/proyectoRoboentrega/ProyectoRobotica_RoboEntrega/robot/install/robo_entrega_provide_map/share/robo_entrega_provide_map/launch
