[1.341s] Invoking command in '/home/robotica/proyectoRoboentrega/ProyectoRobotica_RoboEntrega/robot/build/robo_entrega_provide_map': PYTHONPATH=/home/robotica/proyectoRoboentrega/ProyectoRobotica_RoboEntrega/robot/build/robo_entrega_provide_map/prefix_override:/usr/lib/python3/dist-packages/colcon_core/task/python/colcon_distutils_commands:/home/robotica/proyectoRoboentrega/ProyectoRobotica_RoboEntrega/robot/install/robo_entrega_provide_map/lib/python3.8/site-packages:${PYTHONPATH} /usr/bin/python3 -W ignore:setup.py install is deprecated -W ignore:easy_install command is deprecated setup.py develop --editable --build-directory /home/robotica/proyectoRoboentrega/ProyectoRobotica_RoboEntrega/robot/build/robo_entrega_provide_map/build --no-deps symlink_data
[1.816s] running develop
[2.045s] running egg_info
[2.046s] creating robo_entrega_provide_map.egg-info
[2.046s] writing robo_entrega_provide_map.egg-info/PKG-INFO
[2.048s] writing dependency_links to robo_entrega_provide_map.egg-info/dependency_links.txt
[2.049s] writing entry points to robo_entrega_provide_map.egg-info/entry_points.txt
[2.049s] writing requirements to robo_entrega_provide_map.egg-info/requires.txt
[2.050s] writing top-level names to robo_entrega_provide_map.egg-info/top_level.txt
[2.053s] writing manifest file 'robo_entrega_provide_map.egg-info/SOURCES.txt'
[2.108s] reading manifest file 'robo_entrega_provide_map.egg-info/SOURCES.txt'
[2.108s] writing manifest file 'robo_entrega_provide_map.egg-info/SOURCES.txt'
[2.170s] running build_ext
[2.172s] Creating /home/robotica/proyectoRoboentrega/ProyectoRobotica_RoboEntrega/robot/install/robo_entrega_provide_map/lib/python3.8/site-packages/site.py
[2.180s] Creating /home/robotica/proyectoRoboentrega/ProyectoRobotica_RoboEntrega/robot/install/robo_entrega_provide_map/lib/python3.8/site-packages/robo-entrega-provide-map.egg-link (link to .)
[2.182s] Installing load_map_client script to /home/robotica/proyectoRoboentrega/ProyectoRobotica_RoboEntrega/robot/install/robo_entrega_provide_map/lib/robo_entrega_provide_map
[2.184s] 
[2.184s] Installed /home/robotica/proyectoRoboentrega/ProyectoRobotica_RoboEntrega/robot/build/robo_entrega_provide_map
[2.184s] running symlink_data
[2.185s] creating /home/robotica/proyectoRoboentrega/ProyectoRobotica_RoboEntrega/robot/install/robo_entrega_provide_map/share/ament_index
[2.185s] creating /home/robotica/proyectoRoboentrega/ProyectoRobotica_RoboEntrega/robot/install/robo_entrega_provide_map/share/ament_index/resource_index
[2.185s] creating /home/robotica/proyectoRoboentrega/ProyectoRobotica_RoboEntrega/robot/install/robo_entrega_provide_map/share/ament_index/resource_index/packages
[2.185s] symbolically linking /home/robotica/proyectoRoboentrega/ProyectoRobotica_RoboEntrega/robot/build/robo_entrega_provide_map/resource/robo_entrega_provide_map -> /home/robotica/proyectoRoboentrega/ProyectoRobotica_RoboEntrega/robot/install/robo_entrega_provide_map/share/ament_index/resource_index/packages
[2.186s] symbolically linking /home/robotica/proyectoRoboentrega/ProyectoRobotica_RoboEntrega/robot/build/robo_entrega_provide_map/package.xml -> /home/robotica/proyectoRoboentrega/ProyectoRobotica_RoboEntrega/robot/install/robo_entrega_provide_map/share/robo_entrega_provide_map
[2.186s] creating /home/robotica/proyectoRoboentrega/ProyectoRobotica_RoboEntrega/robot/install/robo_entrega_provide_map/share/robo_entrega_provide_map/map
[2.186s] symbolically linking /home/robotica/proyectoRoboentrega/ProyectoRobotica_RoboEntrega/robot/build/robo_entrega_provide_map/map/my_map.pgm -> /home/robotica/proyectoRoboentrega/ProyectoRobotica_RoboEntrega/robot/install/robo_entrega_provide_map/share/robo_entrega_provide_map/map
[2.187s] symbolically linking /home/robotica/proyectoRoboentrega/ProyectoRobotica_RoboEntrega/robot/build/robo_entrega_provide_map/map/mapa_test.pgm -> /home/robotica/proyectoRoboentrega/ProyectoRobotica_RoboEntrega/robot/install/robo_entrega_provide_map/share/robo_entrega_provide_map/map
[2.187s] symbolically linking /home/robotica/proyectoRoboentrega/ProyectoRobotica_RoboEntrega/robot/build/robo_entrega_provide_map/map/my_map.yaml -> /home/robotica/proyectoRoboentrega/ProyectoRobotica_RoboEntrega/robot/install/robo_entrega_provide_map/share/robo_entrega_provide_map/map
[2.187s] creating /home/robotica/proyectoRoboentrega/ProyectoRobotica_RoboEntrega/robot/install/robo_entrega_provide_map/share/robo_entrega_provide_map/rviz
[2.188s] symbolically linking /home/robotica/proyectoRoboentrega/ProyectoRobotica_RoboEntrega/robot/build/robo_entrega_provide_map/rviz/map.rviz -> /home/robotica/proyectoRoboentrega/ProyectoRobotica_RoboEntrega/robot/install/robo_entrega_provide_map/share/robo_entrega_provide_map/rviz
[2.189s] symbolically linking /home/robotica/proyectoRoboentrega/ProyectoRobotica_RoboEntrega/robot/build/robo_entrega_provide_map/rviz/slam.rviz -> /home/robotica/proyectoRoboentrega/ProyectoRobotica_RoboEntrega/robot/install/robo_entrega_provide_map/share/robo_entrega_provide_map/rviz
[2.191s] symbolically linking /home/robotica/proyectoRoboentrega/ProyectoRobotica_RoboEntrega/robot/build/robo_entrega_provide_map/rviz/map copy.rviz -> /home/robotica/proyectoRoboentrega/ProyectoRobotica_RoboEntrega/robot/install/robo_entrega_provide_map/share/robo_entrega_provide_map/rviz
[2.192s] creating /home/robotica/proyectoRoboentrega/ProyectoRobotica_RoboEntrega/robot/install/robo_entrega_provide_map/share/robo_entrega_provide_map/launch
[2.193s] symbolically linking /home/robotica/proyectoRoboentrega/ProyectoRobotica_RoboEntrega/robot/build/robo_entrega_provide_map/launch/provide_map.launch.py -> /home/robotica/proyectoRoboentrega/ProyectoRobotica_RoboEntrega/robot/install/robo_entrega_provide_map/share/robo_entrega_provide_map/launch
[2.267s] Invoked command in '/home/robotica/proyectoRoboentrega/ProyectoRobotica_RoboEntrega/robot/build/robo_entrega_provide_map' returned '0': PYTHONPATH=/home/robotica/proyectoRoboentrega/ProyectoRobotica_RoboEntrega/robot/build/robo_entrega_provide_map/prefix_override:/usr/lib/python3/dist-packages/colcon_core/task/python/colcon_distutils_commands:/home/robotica/proyectoRoboentrega/ProyectoRobotica_RoboEntrega/robot/install/robo_entrega_provide_map/lib/python3.8/site-packages:${PYTHONPATH} /usr/bin/python3 -W ignore:setup.py install is deprecated -W ignore:easy_install command is deprecated setup.py develop --editable --build-directory /home/robotica/proyectoRoboentrega/ProyectoRobotica_RoboEntrega/robot/build/robo_entrega_provide_map/build --no-deps symlink_data
