[0.098s] Invoking command in '/home/asun/turtlebot3_ws/build/turtlebot3_gazebo': CMAKE_PREFIX_PATH=/opt/ros/galactic /usr/bin/cmake /home/asun/turtlebot3_ws/src/turtlebot3_simulations/turtlebot3_gazebo -DCMAKE_INSTALL_PREFIX=/home/asun/turtlebot3_ws/install/turtlebot3_gazebo
[0.415s] -- The C compiler identification is GNU 9.4.0
[0.602s] -- The CXX compiler identification is GNU 9.4.0
[0.620s] -- Check for working C compiler: /usr/bin/cc
[0.692s] -- Check for working C compiler: /usr/bin/cc -- works
[0.694s] -- Detecting C compiler ABI info
[0.752s] -- Detecting C compiler ABI info - done
[0.760s] -- Detecting C compile features
[0.761s] -- Detecting C compile features - done
[0.765s] -- Check for working CXX compiler: /usr/bin/c++
[0.823s] -- Check for working CXX compiler: /usr/bin/c++ -- works
[0.824s] -- Detecting CXX compiler ABI info
[0.891s] -- Detecting CXX compiler ABI info - done
[0.897s] -- Detecting CXX compile features
[0.897s] -- Detecting CXX compile features - done
[0.915s] -- Found ament_cmake: 1.1.6 (/opt/ros/galactic/share/ament_cmake/cmake)
[0.944s] -- Found PythonInterp: /usr/bin/python3 (found suitable version "3.8.10", minimum required is "3") 
[0.944s] -- Using PYTHON_EXECUTABLE: /usr/bin/python3
[1.055s] -- Found PkgConfig: /usr/bin/pkg-config (found version "0.29.1") 
[1.059s] -- Checking for module 'bullet>=2.82'
[1.085s] --   Found bullet, version 2.88
[1.199s] -- Found ccd: /usr/include (found suitable version "2.0", minimum required is "2.0") 
[1.246s] -- Found fcl: /usr/include (found suitable version "0.5.0", minimum required is "0.3.2") 
[1.290s] -- Found assimp: /usr/include (found version "5.0.0") 
[1.341s] -- Found DART: /usr/include (Required is at least version "6.6") found components: dart 
[1.635s] -- Found Boost: /usr/lib/x86_64-linux-gnu/cmake/Boost-1.71.0/BoostConfig.cmake (found suitable version "1.71.0", minimum required is "1.40.0") found components: thread system filesystem program_options regex iostreams date_time 
[1.669s] -- Found Protobuf: /usr/lib/x86_64-linux-gnu/libprotobuf.so;-lpthread (found version "3.6.1") 
[1.680s] -- Looking for ignition-math6 -- found version 6.15.0
[1.696s] -- Searching for dependencies of ignition-math6
[1.701s] -- Looking for OGRE...
[1.701s] -- OGRE_PREFIX_WATCH changed.
[1.705s] -- Checking for module 'OGRE'
[1.717s] --   Found OGRE, version 1.9.0
[1.751s] -- Found Ogre Ghadamon (1.9.0)
[1.757s] -- Found OGRE: optimized;/usr/lib/x86_64-linux-gnu/libOgreMain.so;debug;/usr/lib/x86_64-linux-gnu/libOgreMain.so
[1.765s] -- Looking for OGRE_Paging...
[1.770s] -- Found OGRE_Paging: optimized;/usr/lib/x86_64-linux-gnu/libOgrePaging.so;debug;/usr/lib/x86_64-linux-gnu/libOgrePaging.so
[1.770s] -- Looking for OGRE_Terrain...
[1.773s] -- Found OGRE_Terrain: optimized;/usr/lib/x86_64-linux-gnu/libOgreTerrain.so;debug;/usr/lib/x86_64-linux-gnu/libOgreTerrain.so
[1.774s] -- Looking for OGRE_Property...
[1.778s] -- Found OGRE_Property: optimized;/usr/lib/x86_64-linux-gnu/libOgreProperty.so;debug;/usr/lib/x86_64-linux-gnu/libOgreProperty.so
[1.778s] -- Looking for OGRE_RTShaderSystem...
[1.783s] -- Found OGRE_RTShaderSystem: optimized;/usr/lib/x86_64-linux-gnu/libOgreRTShaderSystem.so;debug;/usr/lib/x86_64-linux-gnu/libOgreRTShaderSystem.so
[1.783s] -- Looking for OGRE_Volume...
[1.787s] -- Found OGRE_Volume: optimized;/usr/lib/x86_64-linux-gnu/libOgreVolume.so;debug;/usr/lib/x86_64-linux-gnu/libOgreVolume.so
[1.787s] -- Looking for OGRE_Overlay...
[1.791s] -- Found OGRE_Overlay: optimized;/usr/lib/x86_64-linux-gnu/libOgreOverlay.so;debug;/usr/lib/x86_64-linux-gnu/libOgreOverlay.so
[1.879s] -- Looking for ignition-math6 -- found version 6.15.0
[1.882s] -- Looking for ignition-transport8 -- found version 8.3.0
[1.882s] -- Searching for dependencies of ignition-transport8
[1.895s] -- Found Protobuf: /usr/lib/x86_64-linux-gnu/libprotobuf.so;-lpthread (found suitable version "3.6.1", minimum required is "3") 
[1.904s] -- Config-file not installed for ZeroMQ -- checking for pkg-config
[1.908s] -- Checking for module 'libzmq >= 4'
[1.926s] --   Found libzmq , version 4.3.2
[1.958s] -- Found ZeroMQ: TRUE (Required is at least version "4") 
[1.963s] -- Checking for module 'uuid'
[1.976s] --   Found uuid, version 2.34.0
[2.008s] -- Found UUID: TRUE  
[2.011s] -- Looking for ignition-msgs5 -- found version 5.10.0
[2.012s] -- Searching for dependencies of ignition-msgs5
[2.026s] -- Looking for ignition-math6 -- found version 6.15.0
[2.031s] -- Checking for module 'tinyxml2'
[2.045s] --   Found tinyxml2, version 6.2.0
[2.079s] -- Looking for ignition-msgs5 -- found version 5.10.0
[2.082s] -- Looking for ignition-common3 -- found version 3.14.2
[2.082s] -- Searching for dependencies of ignition-common3
[2.083s] -- Looking for dlfcn.h - found
[2.083s] -- Looking for libdl - found
[2.085s] -- Found DL: TRUE  
[2.093s] -- Searching for <ignition-common3> component [graphics]
[2.096s] -- Looking for ignition-common3-graphics -- found version 3.14.2
[2.096s] -- Searching for dependencies of ignition-common3-graphics
[2.096s] -- Looking for ignition-math6 -- found version 6.15.0
[2.100s] -- Looking for ignition-fuel_tools4 -- found version 4.6.0
[2.101s] -- Searching for dependencies of ignition-fuel_tools4
[2.169s] -- Found CURL: /usr/lib/x86_64-linux-gnu/libcurl.so (found version "7.68.0")  
[2.178s] -- Checking for module 'jsoncpp'
[2.192s] --   Found jsoncpp, version 1.7.4
[2.225s] -- Found JSONCPP: TRUE  
[2.231s] -- Checking for module 'libzip'
[2.244s] --   Found libzip, version 1.5.1
[2.276s] -- Found ZIP: TRUE  
[2.277s] -- Looking for ignition-common3 -- found version 3.14.2
[2.277s] -- Looking for ignition-math6 -- found version 6.15.0
[2.278s] -- Looking for ignition-msgs5 -- found version 5.10.0
[2.281s] -- Found gazebo_ros_pkgs: 3.5.2 (/opt/ros/galactic/share/gazebo_ros_pkgs/cmake)
[2.282s] -- Found geometry_msgs: 2.2.4 (/opt/ros/galactic/share/geometry_msgs/cmake)
[2.298s] -- Using all available rosidl_typesupport_c: rosidl_typesupport_fastrtps_c;rosidl_typesupport_introspection_c
[2.302s] -- Found rosidl_adapter: 2.2.3 (/opt/ros/galactic/share/rosidl_adapter/cmake)
[2.381s] -- Found OpenSSL: /usr/lib/x86_64-linux-gnu/libcrypto.so (found version "1.1.1f")  
[2.404s] -- Found FastRTPS: /opt/ros/galactic/include  
[2.459s] -- Using all available rosidl_typesupport_cpp: rosidl_typesupport_fastrtps_cpp;rosidl_typesupport_introspection_cpp
[2.517s] -- Found nav_msgs: 2.2.4 (/opt/ros/galactic/share/nav_msgs/cmake)
[2.565s] -- Found rclcpp: 9.2.2 (/opt/ros/galactic/share/rclcpp/cmake)
[2.600s] -- Found rmw_implementation_cmake: 3.3.1 (/opt/ros/galactic/share/rmw_implementation_cmake/cmake)
[2.602s] -- Found rmw_cyclonedds_cpp: 0.22.6 (/opt/ros/galactic/share/rmw_cyclonedds_cpp/cmake)
[2.616s] -- Using RMW implementation 'rmw_cyclonedds_cpp' as default
[2.617s] -- Found Threads: TRUE  
[2.717s] -- Found sensor_msgs: 2.2.4 (/opt/ros/galactic/share/sensor_msgs/cmake)
[2.769s] -- Found tf2: 0.17.5 (/opt/ros/galactic/share/tf2/cmake)
[2.819s] -- Configuring done
[2.902s] -- Generating done
[2.905s] -- Build files have been written to: /home/asun/turtlebot3_ws/build/turtlebot3_gazebo
[2.913s] Invoked command in '/home/asun/turtlebot3_ws/build/turtlebot3_gazebo' returned '0': CMAKE_PREFIX_PATH=/opt/ros/galactic /usr/bin/cmake /home/asun/turtlebot3_ws/src/turtlebot3_simulations/turtlebot3_gazebo -DCMAKE_INSTALL_PREFIX=/home/asun/turtlebot3_ws/install/turtlebot3_gazebo
[2.917s] Invoking command in '/home/asun/turtlebot3_ws/build/turtlebot3_gazebo': CMAKE_PREFIX_PATH=/opt/ros/galactic /usr/bin/cmake --build /home/asun/turtlebot3_ws/build/turtlebot3_gazebo -- -j6 -l6
[2.963s] [35m[1mScanning dependencies of target obstacles[0m
[2.963s] [35m[1mScanning dependencies of target obstacle2[0m
[2.966s] [35m[1mScanning dependencies of target turtlebot3_drive[0m
[2.974s] [35m[1mScanning dependencies of target obstacle1[0m
[3.015s] [ 12%] [32mBuilding CXX object CMakeFiles/turtlebot3_drive.dir/src/turtlebot3_drive.cpp.o[0m
[3.457s] [ 25%] [32mBuilding CXX object CMakeFiles/obstacles.dir/models/turtlebot3_dqn_world/obstacle_plugin/obstacles.cc.o[0m
[3.468s] [ 37%] [32mBuilding CXX object CMakeFiles/obstacle1.dir/models/turtlebot3_dqn_world/obstacle_plugin/obstacle1.cc.o[0m
[3.474s] [ 50%] [32mBuilding CXX object CMakeFiles/obstacle2.dir/models/turtlebot3_dqn_world/obstacle_plugin/obstacle2.cc.o[0m
[13.533s] [ 62%] [32m[1mLinking CXX executable turtlebot3_drive[0m
[14.076s] [ 62%] Built target turtlebot3_drive
[14.958s] [ 75%] [32m[1mLinking CXX shared library libobstacle2.so[0m
[15.057s] [ 87%] [32m[1mLinking CXX shared library libobstacles.so[0m
[15.460s] [ 87%] Built target obstacles
[15.460s] [ 87%] Built target obstacle2
[16.080s] [100%] [32m[1mLinking CXX shared library libobstacle1.so[0m
[16.283s] [100%] Built target obstacle1
[16.297s] Invoked command in '/home/asun/turtlebot3_ws/build/turtlebot3_gazebo' returned '0': CMAKE_PREFIX_PATH=/opt/ros/galactic /usr/bin/cmake --build /home/asun/turtlebot3_ws/build/turtlebot3_gazebo -- -j6 -l6
[16.337s] Invoking command in '/home/asun/turtlebot3_ws/build/turtlebot3_gazebo': CMAKE_PREFIX_PATH=/opt/ros/galactic /usr/bin/cmake --install /home/asun/turtlebot3_ws/build/turtlebot3_gazebo
[16.343s] -- Install configuration: ""
[16.343s] -- Installing: /home/asun/turtlebot3_ws/install/turtlebot3_gazebo/lib/turtlebot3_gazebo/turtlebot3_drive
[16.346s] -- Set runtime path of "/home/asun/turtlebot3_ws/install/turtlebot3_gazebo/lib/turtlebot3_gazebo/turtlebot3_drive" to ""
[16.346s] -- Installing: /home/asun/turtlebot3_ws/install/turtlebot3_gazebo/share/turtlebot3_gazebo//launch
[16.348s] -- Installing: /home/asun/turtlebot3_ws/install/turtlebot3_gazebo/share/turtlebot3_gazebo//launch/turtlebot3_world.launch.py
[16.349s] -- Installing: /home/asun/turtlebot3_ws/install/turtlebot3_gazebo/share/turtlebot3_gazebo//launch/robot_state_publisher.launch.py
[16.350s] -- Installing: /home/asun/turtlebot3_ws/install/turtlebot3_gazebo/share/turtlebot3_gazebo//launch/spawn_turtlebot3.launch.py
[16.351s] -- Installing: /home/asun/turtlebot3_ws/install/turtlebot3_gazebo/share/turtlebot3_gazebo//launch/turtlebot3_dqn_stage1.launch.py
[16.352s] -- Installing: /home/asun/turtlebot3_ws/install/turtlebot3_gazebo/share/turtlebot3_gazebo//launch/turtlebot3_house.launch.py
[16.353s] -- Installing: /home/asun/turtlebot3_ws/install/turtlebot3_gazebo/share/turtlebot3_gazebo//launch/turtlebot3_dqn_stage4.launch.py
[16.353s] -- Installing: /home/asun/turtlebot3_ws/install/turtlebot3_gazebo/share/turtlebot3_gazebo//launch/empty_world.launch.py
[16.354s] -- Installing: /home/asun/turtlebot3_ws/install/turtlebot3_gazebo/share/turtlebot3_gazebo//launch/turtlebot3_dqn_stage3.launch.py
[16.355s] -- Installing: /home/asun/turtlebot3_ws/install/turtlebot3_gazebo/share/turtlebot3_gazebo//launch/turtlebot3_dqn_stage2.launch.py
[16.356s] -- Installing: /home/asun/turtlebot3_ws/install/turtlebot3_gazebo/share/turtlebot3_gazebo//models
[16.357s] -- Installing: /home/asun/turtlebot3_ws/install/turtlebot3_gazebo/share/turtlebot3_gazebo//models/turtlebot3_common
[16.357s] -- Installing: /home/asun/turtlebot3_ws/install/turtlebot3_gazebo/share/turtlebot3_gazebo//models/turtlebot3_common/meshes
[16.359s] -- Installing: /home/asun/turtlebot3_ws/install/turtlebot3_gazebo/share/turtlebot3_gazebo//models/turtlebot3_common/meshes/burger_base.dae
[16.360s] -- Installing: /home/asun/turtlebot3_ws/install/turtlebot3_gazebo/share/turtlebot3_gazebo//models/turtlebot3_common/meshes/tire.dae
[16.361s] -- Installing: /home/asun/turtlebot3_ws/install/turtlebot3_gazebo/share/turtlebot3_gazebo//models/turtlebot3_common/meshes/waffle_base.dae
[16.362s] -- Installing: /home/asun/turtlebot3_ws/install/turtlebot3_gazebo/share/turtlebot3_gazebo//models/turtlebot3_common/meshes/lds.dae
[16.363s] -- Installing: /home/asun/turtlebot3_ws/install/turtlebot3_gazebo/share/turtlebot3_gazebo//models/turtlebot3_common/meshes/waffle_pi_base.dae
[16.364s] -- Installing: /home/asun/turtlebot3_ws/install/turtlebot3_gazebo/share/turtlebot3_gazebo//models/turtlebot3_common/meshes/r200.dae
[16.366s] -- Installing: /home/asun/turtlebot3_ws/install/turtlebot3_gazebo/share/turtlebot3_gazebo//models/turtlebot3_common/model.config
[16.367s] -- Installing: /home/asun/turtlebot3_ws/install/turtlebot3_gazebo/share/turtlebot3_gazebo//models/turtlebot3_world
[16.368s] -- Installing: /home/asun/turtlebot3_ws/install/turtlebot3_gazebo/share/turtlebot3_gazebo//models/turtlebot3_world/meshes
[16.368s] -- Installing: /home/asun/turtlebot3_ws/install/turtlebot3_gazebo/share/turtlebot3_gazebo//models/turtlebot3_world/meshes/hexagon.dae
[16.369s] -- Installing: /home/asun/turtlebot3_ws/install/turtlebot3_gazebo/share/turtlebot3_gazebo//models/turtlebot3_world/meshes/wall.dae
[16.370s] -- Installing: /home/asun/turtlebot3_ws/install/turtlebot3_gazebo/share/turtlebot3_gazebo//models/turtlebot3_world/model.sdf
[16.371s] -- Installing: /home/asun/turtlebot3_ws/install/turtlebot3_gazebo/share/turtlebot3_gazebo//models/turtlebot3_world/model.config
[16.371s] -- Installing: /home/asun/turtlebot3_ws/install/turtlebot3_gazebo/share/turtlebot3_gazebo//models/turtlebot3_world/model-1_4.sdf
[16.372s] -- Installing: /home/asun/turtlebot3_ws/install/turtlebot3_gazebo/share/turtlebot3_gazebo//models/turtlebot3_dqn_world
[16.373s] -- Installing: /home/asun/turtlebot3_ws/install/turtlebot3_gazebo/share/turtlebot3_gazebo//models/turtlebot3_dqn_world/obstacle_plugin
[16.373s] -- Installing: /home/asun/turtlebot3_ws/install/turtlebot3_gazebo/share/turtlebot3_gazebo//models/turtlebot3_dqn_world/obstacle_plugin/obstacles.cc
[16.374s] -- Installing: /home/asun/turtlebot3_ws/install/turtlebot3_gazebo/share/turtlebot3_gazebo//models/turtlebot3_dqn_world/obstacle_plugin/obstacle1.cc
[16.375s] -- Installing: /home/asun/turtlebot3_ws/install/turtlebot3_gazebo/share/turtlebot3_gazebo//models/turtlebot3_dqn_world/obstacle_plugin/CMakeLists.txt
[16.375s] -- Installing: /home/asun/turtlebot3_ws/install/turtlebot3_gazebo/share/turtlebot3_gazebo//models/turtlebot3_dqn_world/obstacle_plugin/obstacle2.cc
[16.376s] -- Installing: /home/asun/turtlebot3_ws/install/turtlebot3_gazebo/share/turtlebot3_gazebo//models/turtlebot3_dqn_world/obstacle1
[16.376s] -- Installing: /home/asun/turtlebot3_ws/install/turtlebot3_gazebo/share/turtlebot3_gazebo//models/turtlebot3_dqn_world/obstacle1/model.sdf
[16.377s] -- Installing: /home/asun/turtlebot3_ws/install/turtlebot3_gazebo/share/turtlebot3_gazebo//models/turtlebot3_dqn_world/obstacle1/model.config
[16.377s] -- Installing: /home/asun/turtlebot3_ws/install/turtlebot3_gazebo/share/turtlebot3_gazebo//models/turtlebot3_dqn_world/obstacle2
[16.381s] -- Installing: /home/asun/turtlebot3_ws/install/turtlebot3_gazebo/share/turtlebot3_gazebo//models/turtlebot3_dqn_world/obstacle2/model.sdf
[16.381s] -- Installing: /home/asun/turtlebot3_ws/install/turtlebot3_gazebo/share/turtlebot3_gazebo//models/turtlebot3_dqn_world/obstacle2/model.config
[16.382s] -- Installing: /home/asun/turtlebot3_ws/install/turtlebot3_gazebo/share/turtlebot3_gazebo//models/turtlebot3_dqn_world/obstacles
[16.383s] -- Installing: /home/asun/turtlebot3_ws/install/turtlebot3_gazebo/share/turtlebot3_gazebo//models/turtlebot3_dqn_world/obstacles/model.sdf
[16.383s] -- Installing: /home/asun/turtlebot3_ws/install/turtlebot3_gazebo/share/turtlebot3_gazebo//models/turtlebot3_dqn_world/obstacles/model.config
[16.384s] -- Installing: /home/asun/turtlebot3_ws/install/turtlebot3_gazebo/share/turtlebot3_gazebo//models/turtlebot3_dqn_world/model.sdf
[16.384s] -- Installing: /home/asun/turtlebot3_ws/install/turtlebot3_gazebo/share/turtlebot3_gazebo//models/turtlebot3_dqn_world/goal_box
[16.385s] -- Installing: /home/asun/turtlebot3_ws/install/turtlebot3_gazebo/share/turtlebot3_gazebo//models/turtlebot3_dqn_world/goal_box/model.sdf
[16.386s] -- Installing: /home/asun/turtlebot3_ws/install/turtlebot3_gazebo/share/turtlebot3_gazebo//models/turtlebot3_dqn_world/goal_box/model.config
[16.386s] -- Installing: /home/asun/turtlebot3_ws/install/turtlebot3_gazebo/share/turtlebot3_gazebo//models/turtlebot3_dqn_world/model.config
[16.387s] -- Installing: /home/asun/turtlebot3_ws/install/turtlebot3_gazebo/share/turtlebot3_gazebo//models/turtlebot3_dqn_world/inner_walls
[16.388s] -- Installing: /home/asun/turtlebot3_ws/install/turtlebot3_gazebo/share/turtlebot3_gazebo//models/turtlebot3_dqn_world/inner_walls/model.sdf
[16.389s] -- Installing: /home/asun/turtlebot3_ws/install/turtlebot3_gazebo/share/turtlebot3_gazebo//models/turtlebot3_dqn_world/inner_walls/model.config
[16.389s] -- Installing: /home/asun/turtlebot3_ws/install/turtlebot3_gazebo/share/turtlebot3_gazebo//models/turtlebot3_house
[16.390s] -- Installing: /home/asun/turtlebot3_ws/install/turtlebot3_gazebo/share/turtlebot3_gazebo//models/turtlebot3_house/model.sdf
[16.392s] -- Installing: /home/asun/turtlebot3_ws/install/turtlebot3_gazebo/share/turtlebot3_gazebo//models/turtlebot3_house/model.config
[16.393s] -- Installing: /home/asun/turtlebot3_ws/install/turtlebot3_gazebo/share/turtlebot3_gazebo//models/turtlebot3_waffle_pi
[16.393s] -- Installing: /home/asun/turtlebot3_ws/install/turtlebot3_gazebo/share/turtlebot3_gazebo//models/turtlebot3_waffle_pi/model-1_4_.sdf
[16.394s] -- Installing: /home/asun/turtlebot3_ws/install/turtlebot3_gazebo/share/turtlebot3_gazebo//models/turtlebot3_waffle_pi/model.sdf
[16.394s] -- Installing: /home/asun/turtlebot3_ws/install/turtlebot3_gazebo/share/turtlebot3_gazebo//models/turtlebot3_waffle_pi/model.config
[16.395s] -- Installing: /home/asun/turtlebot3_ws/install/turtlebot3_gazebo/share/turtlebot3_gazebo//models/turtlebot3_waffle
[16.395s] -- Installing: /home/asun/turtlebot3_ws/install/turtlebot3_gazebo/share/turtlebot3_gazebo//models/turtlebot3_waffle/model.sdf
[16.396s] -- Installing: /home/asun/turtlebot3_ws/install/turtlebot3_gazebo/share/turtlebot3_gazebo//models/turtlebot3_waffle/model.config
[16.397s] -- Installing: /home/asun/turtlebot3_ws/install/turtlebot3_gazebo/share/turtlebot3_gazebo//models/turtlebot3_waffle/model-1_4.sdf
[16.397s] -- Installing: /home/asun/turtlebot3_ws/install/turtlebot3_gazebo/share/turtlebot3_gazebo//models/turtlebot3_burger
[16.398s] -- Installing: /home/asun/turtlebot3_ws/install/turtlebot3_gazebo/share/turtlebot3_gazebo//models/turtlebot3_burger/model.sdf
[16.398s] -- Installing: /home/asun/turtlebot3_ws/install/turtlebot3_gazebo/share/turtlebot3_gazebo//models/turtlebot3_burger/model.config
[16.399s] -- Installing: /home/asun/turtlebot3_ws/install/turtlebot3_gazebo/share/turtlebot3_gazebo//models/turtlebot3_burger/model-1_4.sdf
[16.400s] -- Installing: /home/asun/turtlebot3_ws/install/turtlebot3_gazebo/share/turtlebot3_gazebo//rviz
[16.400s] -- Installing: /home/asun/turtlebot3_ws/install/turtlebot3_gazebo/share/turtlebot3_gazebo//rviz/tb3_gazebo.rviz
[16.401s] -- Installing: /home/asun/turtlebot3_ws/install/turtlebot3_gazebo/share/turtlebot3_gazebo//urdf
[16.401s] -- Installing: /home/asun/turtlebot3_ws/install/turtlebot3_gazebo/share/turtlebot3_gazebo//urdf/turtlebot3_waffle.urdf
[16.402s] -- Installing: /home/asun/turtlebot3_ws/install/turtlebot3_gazebo/share/turtlebot3_gazebo//urdf/common_properties.urdf
[16.402s] -- Installing: /home/asun/turtlebot3_ws/install/turtlebot3_gazebo/share/turtlebot3_gazebo//urdf/turtlebot3_waffle_pi.urdf
[16.403s] -- Installing: /home/asun/turtlebot3_ws/install/turtlebot3_gazebo/share/turtlebot3_gazebo//urdf/turtlebot3_burger.urdf
[16.403s] -- Installing: /home/asun/turtlebot3_ws/install/turtlebot3_gazebo/share/turtlebot3_gazebo//worlds
[16.404s] -- Installing: /home/asun/turtlebot3_ws/install/turtlebot3_gazebo/share/turtlebot3_gazebo//worlds/turtlebot3_dqn_stage4.world
[16.405s] -- Installing: /home/asun/turtlebot3_ws/install/turtlebot3_gazebo/share/turtlebot3_gazebo//worlds/turtlebot3_dqn_stage3.world
[16.405s] -- Installing: /home/asun/turtlebot3_ws/install/turtlebot3_gazebo/share/turtlebot3_gazebo//worlds/turtlebot3_house.world
[16.406s] -- Installing: /home/asun/turtlebot3_ws/install/turtlebot3_gazebo/share/turtlebot3_gazebo//worlds/empty_world.world
[16.406s] -- Installing: /home/asun/turtlebot3_ws/install/turtlebot3_gazebo/share/turtlebot3_gazebo//worlds/turtlebot3_world.world
[16.407s] -- Installing: /home/asun/turtlebot3_ws/install/turtlebot3_gazebo/share/turtlebot3_gazebo//worlds/turtlebot3_dqn_stage2.world
[16.407s] -- Installing: /home/asun/turtlebot3_ws/install/turtlebot3_gazebo/share/turtlebot3_gazebo//worlds/turtlebot3_dqn_stage1.world
[16.408s] -- Installing: /home/asun/turtlebot3_ws/install/turtlebot3_gazebo/include/
[16.409s] -- Installing: /home/asun/turtlebot3_ws/install/turtlebot3_gazebo/include//turtlebot3_gazebo
[16.409s] -- Installing: /home/asun/turtlebot3_ws/install/turtlebot3_gazebo/include//turtlebot3_gazebo/turtlebot3_drive.hpp
[16.412s] -- Installing: /home/asun/turtlebot3_ws/install/turtlebot3_gazebo/share/ament_index/resource_index/package_run_dependencies/turtlebot3_gazebo
[16.413s] -- Installing: /home/asun/turtlebot3_ws/install/turtlebot3_gazebo/share/ament_index/resource_index/parent_prefix_path/turtlebot3_gazebo
[16.414s] -- Installing: /home/asun/turtlebot3_ws/install/turtlebot3_gazebo/share/turtlebot3_gazebo/environment/ament_prefix_path.sh
[16.414s] -- Installing: /home/asun/turtlebot3_ws/install/turtlebot3_gazebo/share/turtlebot3_gazebo/environment/ament_prefix_path.dsv
[16.415s] -- Installing: /home/asun/turtlebot3_ws/install/turtlebot3_gazebo/share/turtlebot3_gazebo/environment/path.sh
[16.415s] -- Installing: /home/asun/turtlebot3_ws/install/turtlebot3_gazebo/share/turtlebot3_gazebo/environment/path.dsv
[16.416s] -- Installing: /home/asun/turtlebot3_ws/install/turtlebot3_gazebo/share/turtlebot3_gazebo/local_setup.bash
[16.416s] -- Installing: /home/asun/turtlebot3_ws/install/turtlebot3_gazebo/share/turtlebot3_gazebo/local_setup.sh
[16.417s] -- Installing: /home/asun/turtlebot3_ws/install/turtlebot3_gazebo/share/turtlebot3_gazebo/local_setup.zsh
[16.417s] -- Installing: /home/asun/turtlebot3_ws/install/turtlebot3_gazebo/share/turtlebot3_gazebo/local_setup.dsv
[16.418s] -- Installing: /home/asun/turtlebot3_ws/install/turtlebot3_gazebo/share/turtlebot3_gazebo/package.dsv
[16.419s] -- Installing: /home/asun/turtlebot3_ws/install/turtlebot3_gazebo/share/ament_index/resource_index/packages/turtlebot3_gazebo
[16.420s] -- Installing: /home/asun/turtlebot3_ws/install/turtlebot3_gazebo/share/turtlebot3_gazebo/cmake/ament_cmake_export_include_directories-extras.cmake
[16.421s] -- Installing: /home/asun/turtlebot3_ws/install/turtlebot3_gazebo/share/turtlebot3_gazebo/cmake/ament_cmake_export_dependencies-extras.cmake
[16.422s] -- Installing: /home/asun/turtlebot3_ws/install/turtlebot3_gazebo/share/turtlebot3_gazebo/cmake/turtlebot3_gazeboConfig.cmake
[16.423s] -- Installing: /home/asun/turtlebot3_ws/install/turtlebot3_gazebo/share/turtlebot3_gazebo/cmake/turtlebot3_gazeboConfig-version.cmake
[16.423s] -- Installing: /home/asun/turtlebot3_ws/install/turtlebot3_gazebo/share/turtlebot3_gazebo/package.xml
[16.426s] Invoked command in '/home/asun/turtlebot3_ws/build/turtlebot3_gazebo' returned '0': CMAKE_PREFIX_PATH=/opt/ros/galactic /usr/bin/cmake --install /home/asun/turtlebot3_ws/build/turtlebot3_gazebo
