CMake Error: The current CMakeCache.txt directory /home/asun/Robotica/ProyectoRobotica_RoboEntrega/robot/build/my_world/CMakeCache.txt is different than the directory /home/asun/turtlebot3_ws/build/my_world where CMakeCache.txt was created. This may result in binaries being created in the wrong place. If you are not sure, reedit the CMakeCache.txt
[100%] Built target turtlebot3_drive
-- Install configuration: ""
-- Up-to-date: /home/asun/turtlebot3_ws/install/my_world/lib/my_world/turtlebot3_drive
-- Up-to-date: /home/asun/turtlebot3_ws/install/my_world/share/my_world//launch
-- Up-to-date: /home/asun/turtlebot3_ws/install/my_world/share/my_world//launch/turtlebot3_my_world.launch.py
-- Up-to-date: /home/asun/turtlebot3_ws/install/my_world/share/my_world//models
-- Up-to-date: /home/asun/turtlebot3_ws/install/my_world/share/my_world//models/elegant_female2
-- Up-to-date: /home/asun/turtlebot3_ws/install/my_world/share/my_world//models/elegant_female2/materials
-- Up-to-date: /home/asun/turtlebot3_ws/install/my_world/share/my_world//models/elegant_female2/materials/textures
-- Up-to-date: /home/asun/turtlebot3_ws/install/my_world/share/my_world//models/elegant_female2/materials/textures/female_elegantsuit01_diffuse.png
-- Up-to-date: /home/asun/turtlebot3_ws/install/my_world/share/my_world//models/elegant_female2/materials/textures/braid01_diffuse.png
-- Up-to-date: /home/asun/turtlebot3_ws/install/my_world/share/my_world//models/elegant_female2/materials/textures/female_elegantsuit01_normal.png
-- Up-to-date: /home/asun/turtlebot3_ws/install/my_world/share/my_world//models/elegant_female2/materials/textures/brown_eye.png
-- Up-to-date: /home/asun/turtlebot3_ws/install/my_world/share/my_world//models/elegant_female2/materials/textures/eyelashes01.png
-- Up-to-date: /home/asun/turtlebot3_ws/install/my_world/share/my_world//models/elegant_female2/materials/textures/shoes03_diffuse.png
-- Up-to-date: /home/asun/turtlebot3_ws/install/my_world/share/my_world//models/elegant_female2/materials/textures/young_darkskinned_female_diffuse.png
-- Up-to-date: /home/asun/turtlebot3_ws/install/my_world/share/my_world//models/elegant_female2/materials/textures/eyebrow003.png
-- Up-to-date: /home/asun/turtlebot3_ws/install/my_world/share/my_world//models/elegant_female2/meshes
-- Up-to-date: /home/asun/turtlebot3_ws/install/my_world/share/my_world//models/elegant_female2/meshes/elegant_female2.png
-- Up-to-date: /home/asun/turtlebot3_ws/install/my_world/share/my_world//models/elegant_female2/meshes/elegant_female2.dae
-- Up-to-date: /home/asun/turtlebot3_ws/install/my_world/share/my_world//models/elegant_female2/model.sdf
-- Up-to-date: /home/asun/turtlebot3_ws/install/my_world/share/my_world//models/elegant_female2/model.config
-- Up-to-date: /home/asun/turtlebot3_ws/install/my_world/share/my_world//models/desk
-- Up-to-date: /home/asun/turtlebot3_ws/install/my_world/share/my_world//models/desk/materials
-- Up-to-date: /home/asun/turtlebot3_ws/install/my_world/share/my_world//models/desk/materials/textures
-- Up-to-date: /home/asun/turtlebot3_ws/install/my_world/share/my_world//models/desk/materials/textures/desk.png
-- Up-to-date: /home/asun/turtlebot3_ws/install/my_world/share/my_world//models/desk/meshes
-- Up-to-date: /home/asun/turtlebot3_ws/install/my_world/share/my_world//models/desk/meshes/desk.obj
-- Up-to-date: /home/asun/turtlebot3_ws/install/my_world/share/my_world//models/desk/meshes/desk.mtl
-- Up-to-date: /home/asun/turtlebot3_ws/install/my_world/share/my_world//models/desk/model.sdf
-- Up-to-date: /home/asun/turtlebot3_ws/install/my_world/share/my_world//models/desk/model.config
-- Installing: /home/asun/turtlebot3_ws/install/my_world/share/my_world//models/door
-- Installing: /home/asun/turtlebot3_ws/install/my_world/share/my_world//models/door/materials
-- Installing: /home/asun/turtlebot3_ws/install/my_world/share/my_world//models/door/materials/textures
-- Installing: /home/asun/turtlebot3_ws/install/my_world/share/my_world//models/door/materials/textures/door.png
-- Installing: /home/asun/turtlebot3_ws/install/my_world/share/my_world//models/door/materials/textures/ceiling.png
-- Installing: /home/asun/turtlebot3_ws/install/my_world/share/my_world//models/door/materials/textures/refrigerator.png
-- Installing: /home/asun/turtlebot3_ws/install/my_world/share/my_world//models/door/meshes
-- Installing: /home/asun/turtlebot3_ws/install/my_world/share/my_world//models/door/meshes/door.mtl
-- Installing: /home/asun/turtlebot3_ws/install/my_world/share/my_world//models/door/meshes/door_frame.obj
-- Installing: /home/asun/turtlebot3_ws/install/my_world/share/my_world//models/door/meshes/door_door.obj
-- Installing: /home/asun/turtlebot3_ws/install/my_world/share/my_world//models/door/meshes/door.obj
-- Installing: /home/asun/turtlebot3_ws/install/my_world/share/my_world//models/door/model.sdf
-- Installing: /home/asun/turtlebot3_ws/install/my_world/share/my_world//models/door/model.config
-- Up-to-date: /home/asun/turtlebot3_ws/install/my_world/share/my_world//models/media
-- Up-to-date: /home/asun/turtlebot3_ws/install/my_world/share/my_world//models/media/materials
-- Up-to-date: /home/asun/turtlebot3_ws/install/my_world/share/my_world//models/media/materials/textures
-- Up-to-date: /home/asun/turtlebot3_ws/install/my_world/share/my_world//models/media/materials/textures/sink.png
-- Up-to-date: /home/asun/turtlebot3_ws/install/my_world/share/my_world//models/media/materials/textures/bathroom.png
-- Up-to-date: /home/asun/turtlebot3_ws/install/my_world/share/my_world//models/media/materials/textures/hallway.png
-- Up-to-date: /home/asun/turtlebot3_ws/install/my_world/share/my_world//models/media/materials/textures/elevator.png
-- Up-to-date: /home/asun/turtlebot3_ws/install/my_world/share/my_world//models/media/materials/textures/wall_color.png
-- Up-to-date: /home/asun/turtlebot3_ws/install/my_world/share/my_world//models/media/materials/textures/window.png
-- Up-to-date: /home/asun/turtlebot3_ws/install/my_world/share/my_world//models/media/materials/textures/wall_window_and_elevator.png
-- Up-to-date: /home/asun/turtlebot3_ws/install/my_world/share/my_world//models/media/materials/textures/wall_plain_and_door.png
-- Up-to-date: /home/asun/turtlebot3_ws/install/my_world/share/my_world//models/media/materials/textures/cubicle_wall.png
-- Up-to-date: /home/asun/turtlebot3_ws/install/my_world/share/my_world//models/media/materials/textures/floors.png
-- Up-to-date: /home/asun/turtlebot3_ws/install/my_world/share/my_world//models/media/materials/textures/plain.png
-- Up-to-date: /home/asun/turtlebot3_ws/install/my_world/share/my_world//models/media/materials/textures/ceiling.png
-- Up-to-date: /home/asun/turtlebot3_ws/install/my_world/share/my_world//models/media/materials/textures/door_wall.png
-- Up-to-date: /home/asun/turtlebot3_ws/install/my_world/share/my_world//models/media/materials/scripts
-- Up-to-date: /home/asun/turtlebot3_ws/install/my_world/share/my_world//models/media/materials/scripts/servicesim.material
-- Up-to-date: /home/asun/turtlebot3_ws/install/my_world/share/my_world//models/media/meshes
-- Up-to-date: /home/asun/turtlebot3_ws/install/my_world/share/my_world//models/media/meshes/bathroom.obj
-- Up-to-date: /home/asun/turtlebot3_ws/install/my_world/share/my_world//models/media/meshes/wall_door.obj
-- Up-to-date: /home/asun/turtlebot3_ws/install/my_world/share/my_world//models/media/meshes/office_small.obj
-- Up-to-date: /home/asun/turtlebot3_ws/install/my_world/share/my_world//models/media/meshes/tile.obj
-- Up-to-date: /home/asun/turtlebot3_ws/install/my_world/share/my_world//models/media/meshes/sink.obj
-- Up-to-date: /home/asun/turtlebot3_ws/install/my_world/share/my_world//models/media/meshes/wall_plain.obj
-- Up-to-date: /home/asun/turtlebot3_ws/install/my_world/share/my_world//models/media/meshes/cubicle_wall.mtl
-- Up-to-date: /home/asun/turtlebot3_ws/install/my_world/share/my_world//models/media/meshes/refreshment_area.obj
-- Up-to-date: /home/asun/turtlebot3_ws/install/my_world/share/my_world//models/media/meshes/ceiling.obj
-- Up-to-date: /home/asun/turtlebot3_ws/install/my_world/share/my_world//models/media/meshes/office.mtl
-- Up-to-date: /home/asun/turtlebot3_ws/install/my_world/share/my_world//models/media/meshes/office_large.obj
-- Up-to-date: /home/asun/turtlebot3_ws/install/my_world/share/my_world//models/media/meshes/wall_window.obj
-- Up-to-date: /home/asun/turtlebot3_ws/install/my_world/share/my_world//models/media/meshes/reception.obj
-- Up-to-date: /home/asun/turtlebot3_ws/install/my_world/share/my_world//models/media/meshes/meeting_room_large.obj
-- Up-to-date: /home/asun/turtlebot3_ws/install/my_world/share/my_world//models/media/meshes/meeting_room_small.obj
-- Up-to-date: /home/asun/turtlebot3_ws/install/my_world/share/my_world//models/media/meshes/carpet.obj
-- Up-to-date: /home/asun/turtlebot3_ws/install/my_world/share/my_world//models/media/meshes/cubicle_wall.obj
-- Up-to-date: /home/asun/turtlebot3_ws/install/my_world/share/my_world//models/media/meshes/wall_elevator.obj
-- Up-to-date: /home/asun/turtlebot3_ws/install/my_world/share/my_world//models/media/meshes/hallway.obj
-- Up-to-date: /home/asun/turtlebot3_ws/install/my_world/share/my_world//models/computer
-- Up-to-date: /home/asun/turtlebot3_ws/install/my_world/share/my_world//models/computer/materials
-- Up-to-date: /home/asun/turtlebot3_ws/install/my_world/share/my_world//models/computer/materials/textures
-- Up-to-date: /home/asun/turtlebot3_ws/install/my_world/share/my_world//models/computer/materials/textures/computer.png
-- Up-to-date: /home/asun/turtlebot3_ws/install/my_world/share/my_world//models/computer/meshes
-- Up-to-date: /home/asun/turtlebot3_ws/install/my_world/share/my_world//models/computer/meshes/computer.mtl
-- Up-to-date: /home/asun/turtlebot3_ws/install/my_world/share/my_world//models/computer/meshes/computer.obj
-- Up-to-date: /home/asun/turtlebot3_ws/install/my_world/share/my_world//models/computer/meshes/computer_tower.obj
-- Up-to-date: /home/asun/turtlebot3_ws/install/my_world/share/my_world//models/computer/meshes/computer_monitor.obj
-- Up-to-date: /home/asun/turtlebot3_ws/install/my_world/share/my_world//models/computer/model.sdf
-- Up-to-date: /home/asun/turtlebot3_ws/install/my_world/share/my_world//models/computer/model.config
-- Up-to-date: /home/asun/turtlebot3_ws/install/my_world/share/my_world//models/microwave
-- Up-to-date: /home/asun/turtlebot3_ws/install/my_world/share/my_world//models/microwave/materials
-- Up-to-date: /home/asun/turtlebot3_ws/install/my_world/share/my_world//models/microwave/materials/textures
-- Up-to-date: /home/asun/turtlebot3_ws/install/my_world/share/my_world//models/microwave/materials/textures/microwave.png
-- Up-to-date: /home/asun/turtlebot3_ws/install/my_world/share/my_world//models/microwave/meshes
-- Up-to-date: /home/asun/turtlebot3_ws/install/my_world/share/my_world//models/microwave/meshes/microwave.obj
-- Up-to-date: /home/asun/turtlebot3_ws/install/my_world/share/my_world//models/microwave/meshes/microwave.mtl
-- Up-to-date: /home/asun/turtlebot3_ws/install/my_world/share/my_world//models/microwave/model.sdf
-- Up-to-date: /home/asun/turtlebot3_ws/install/my_world/share/my_world//models/microwave/model.config
-- Up-to-date: /home/asun/turtlebot3_ws/install/my_world/share/my_world//models/toilet
-- Up-to-date: /home/asun/turtlebot3_ws/install/my_world/share/my_world//models/toilet/materials
-- Up-to-date: /home/asun/turtlebot3_ws/install/my_world/share/my_world//models/toilet/materials/textures
-- Up-to-date: /home/asun/turtlebot3_ws/install/my_world/share/my_world//models/toilet/materials/textures/toilet_diffuse_specular.png
-- Up-to-date: /home/asun/turtlebot3_ws/install/my_world/share/my_world//models/toilet/meshes
-- Up-to-date: /home/asun/turtlebot3_ws/install/my_world/share/my_world//models/toilet/meshes/toilet.dae
-- Up-to-date: /home/asun/turtlebot3_ws/install/my_world/share/my_world//models/toilet/model.sdf
-- Up-to-date: /home/asun/turtlebot3_ws/install/my_world/share/my_world//models/toilet/model.config
-- Installing: /home/asun/turtlebot3_ws/install/my_world/share/my_world//models/cubicle_wall
-- Installing: /home/asun/turtlebot3_ws/install/my_world/share/my_world//models/cubicle_wall/materials
-- Installing: /home/asun/turtlebot3_ws/install/my_world/share/my_world//models/cubicle_wall/materials/textures
-- Installing: /home/asun/turtlebot3_ws/install/my_world/share/my_world//models/cubicle_wall/materials/textures/cubicle_wall.png
-- Installing: /home/asun/turtlebot3_ws/install/my_world/share/my_world//models/cubicle_wall/meshes
-- Installing: /home/asun/turtlebot3_ws/install/my_world/share/my_world//models/cubicle_wall/meshes/cubicle_wall.mtl
-- Installing: /home/asun/turtlebot3_ws/install/my_world/share/my_world//models/cubicle_wall/meshes/cubicle_corner.obj
-- Installing: /home/asun/turtlebot3_ws/install/my_world/share/my_world//models/cubicle_wall/meshes/cubicle_closed.obj
-- Installing: /home/asun/turtlebot3_ws/install/my_world/share/my_world//models/cubicle_wall/meshes/cubicle_open.obj
-- Installing: /home/asun/turtlebot3_ws/install/my_world/share/my_world//models/cubicle_wall/meshes/cubicle_wall.obj
-- Installing: /home/asun/turtlebot3_ws/install/my_world/share/my_world//models/cubicle_wall/model.sdf
-- Installing: /home/asun/turtlebot3_ws/install/my_world/share/my_world//models/cubicle_wall/model.config
-- Up-to-date: /home/asun/turtlebot3_ws/install/my_world/share/my_world//models/office_desk
-- Up-to-date: /home/asun/turtlebot3_ws/install/my_world/share/my_world//models/office_desk/materials
-- Up-to-date: /home/asun/turtlebot3_ws/install/my_world/share/my_world//models/office_desk/materials/textures
-- Up-to-date: /home/asun/turtlebot3_ws/install/my_world/share/my_world//models/office_desk/materials/textures/office_desk_specular.png
-- Up-to-date: /home/asun/turtlebot3_ws/install/my_world/share/my_world//models/office_desk/materials/textures/office_desk_diffuse.png
-- Up-to-date: /home/asun/turtlebot3_ws/install/my_world/share/my_world//models/office_desk/meshes
-- Up-to-date: /home/asun/turtlebot3_ws/install/my_world/share/my_world//models/office_desk/meshes/office_desk.dae
-- Up-to-date: /home/asun/turtlebot3_ws/install/my_world/share/my_world//models/office_desk/model.sdf
-- Up-to-date: /home/asun/turtlebot3_ws/install/my_world/share/my_world//models/office_desk/model.config
-- Up-to-date: /home/asun/turtlebot3_ws/install/my_world/share/my_world//models/office_box
-- Up-to-date: /home/asun/turtlebot3_ws/install/my_world/share/my_world//models/office_box/materials
-- Up-to-date: /home/asun/turtlebot3_ws/install/my_world/share/my_world//models/office_box/materials/textures
-- Up-to-date: /home/asun/turtlebot3_ws/install/my_world/share/my_world//models/office_box/materials/textures/office_box.png
-- Up-to-date: /home/asun/turtlebot3_ws/install/my_world/share/my_world//models/office_box/meshes
-- Up-to-date: /home/asun/turtlebot3_ws/install/my_world/share/my_world//models/office_box/meshes/office_box.dae
-- Up-to-date: /home/asun/turtlebot3_ws/install/my_world/share/my_world//models/office_box/model.sdf
-- Up-to-date: /home/asun/turtlebot3_ws/install/my_world/share/my_world//models/office_box/model.config
-- Installing: /home/asun/turtlebot3_ws/install/my_world/share/my_world//models/casual_male
-- Installing: /home/asun/turtlebot3_ws/install/my_world/share/my_world//models/casual_male/materials
-- Installing: /home/asun/turtlebot3_ws/install/my_world/share/my_world//models/casual_male/materials/textures
-- Installing: /home/asun/turtlebot3_ws/install/my_world/share/my_world//models/casual_male/materials/textures/middleage_lightskinned_male_diffuse.png
-- Installing: /home/asun/turtlebot3_ws/install/my_world/share/my_world//models/casual_male/materials/textures/shoes01_diffuse.png
-- Installing: /home/asun/turtlebot3_ws/install/my_world/share/my_world//models/casual_male/materials/textures/male_casualsuit01_diffuse.png
-- Installing: /home/asun/turtlebot3_ws/install/my_world/share/my_world//models/casual_male/materials/textures/brown_eye.png
-- Installing: /home/asun/turtlebot3_ws/install/my_world/share/my_world//models/casual_male/materials/textures/shoes01_normal.png
-- Installing: /home/asun/turtlebot3_ws/install/my_world/share/my_world//models/casual_male/materials/textures/male_casualsuit01_normal.png
-- Installing: /home/asun/turtlebot3_ws/install/my_world/share/my_world//models/casual_male/materials/textures/eyebrow005.png
-- Installing: /home/asun/turtlebot3_ws/install/my_world/share/my_world//models/casual_male/meshes
-- Installing: /home/asun/turtlebot3_ws/install/my_world/share/my_world//models/casual_male/meshes/casual_male.dae
-- Installing: /home/asun/turtlebot3_ws/install/my_world/share/my_world//models/casual_male/model.sdf
-- Installing: /home/asun/turtlebot3_ws/install/my_world/share/my_world//models/casual_male/model.config
-- Up-to-date: /home/asun/turtlebot3_ws/install/my_world/share/my_world//models/refrigerator
-- Up-to-date: /home/asun/turtlebot3_ws/install/my_world/share/my_world//models/refrigerator/materials
-- Up-to-date: /home/asun/turtlebot3_ws/install/my_world/share/my_world//models/refrigerator/materials/textures
-- Up-to-date: /home/asun/turtlebot3_ws/install/my_world/share/my_world//models/refrigerator/materials/textures/refrigerator.png
-- Up-to-date: /home/asun/turtlebot3_ws/install/my_world/share/my_world//models/refrigerator/meshes
-- Up-to-date: /home/asun/turtlebot3_ws/install/my_world/share/my_world//models/refrigerator/meshes/refrigerator.mtl
-- Up-to-date: /home/asun/turtlebot3_ws/install/my_world/share/my_world//models/refrigerator/meshes/refrigerator.obj
-- Up-to-date: /home/asun/turtlebot3_ws/install/my_world/share/my_world//models/refrigerator/model.sdf
-- Up-to-date: /home/asun/turtlebot3_ws/install/my_world/share/my_world//models/refrigerator/model.config
-- Up-to-date: /home/asun/turtlebot3_ws/install/my_world/share/my_world//models/office_table
-- Up-to-date: /home/asun/turtlebot3_ws/install/my_world/share/my_world//models/office_table/materials
-- Up-to-date: /home/asun/turtlebot3_ws/install/my_world/share/my_world//models/office_table/materials/textures
-- Up-to-date: /home/asun/turtlebot3_ws/install/my_world/share/my_world//models/office_table/materials/textures/office_table_specular.png
-- Up-to-date: /home/asun/turtlebot3_ws/install/my_world/share/my_world//models/office_table/materials/textures/office_table_diffuse.png
-- Up-to-date: /home/asun/turtlebot3_ws/install/my_world/share/my_world//models/office_table/meshes
-- Up-to-date: /home/asun/turtlebot3_ws/install/my_world/share/my_world//models/office_table/meshes/office_table.dae
-- Up-to-date: /home/asun/turtlebot3_ws/install/my_world/share/my_world//models/office_table/model.sdf
-- Up-to-date: /home/asun/turtlebot3_ws/install/my_world/share/my_world//models/office_table/model.config
-- Up-to-date: /home/asun/turtlebot3_ws/install/my_world/share/my_world//models/office_lamp
-- Up-to-date: /home/asun/turtlebot3_ws/install/my_world/share/my_world//models/office_lamp/materials
-- Up-to-date: /home/asun/turtlebot3_ws/install/my_world/share/my_world//models/office_lamp/materials/textures
-- Up-to-date: /home/asun/turtlebot3_ws/install/my_world/share/my_world//models/office_lamp/materials/textures/office_lamp_diffuse.png
-- Up-to-date: /home/asun/turtlebot3_ws/install/my_world/share/my_world//models/office_lamp/materials/textures/office_lamp_illumination.png
-- Up-to-date: /home/asun/turtlebot3_ws/install/my_world/share/my_world//models/office_lamp/materials/textures/office_lamp_specular.png
-- Up-to-date: /home/asun/turtlebot3_ws/install/my_world/share/my_world//models/office_lamp/meshes
-- Up-to-date: /home/asun/turtlebot3_ws/install/my_world/share/my_world//models/office_lamp/meshes/office_lamp.dae
-- Up-to-date: /home/asun/turtlebot3_ws/install/my_world/share/my_world//models/office_lamp/model.sdf
-- Up-to-date: /home/asun/turtlebot3_ws/install/my_world/share/my_world//models/office_lamp/model.config
-- Up-to-date: /home/asun/turtlebot3_ws/install/my_world/share/my_world//models/whiteboard
-- Up-to-date: /home/asun/turtlebot3_ws/install/my_world/share/my_world//models/whiteboard/materials
-- Up-to-date: /home/asun/turtlebot3_ws/install/my_world/share/my_world//models/whiteboard/materials/textures
-- Up-to-date: /home/asun/turtlebot3_ws/install/my_world/share/my_world//models/whiteboard/materials/textures/whiteboard.png
-- Up-to-date: /home/asun/turtlebot3_ws/install/my_world/share/my_world//models/whiteboard/meshes
-- Up-to-date: /home/asun/turtlebot3_ws/install/my_world/share/my_world//models/whiteboard/meshes/whiteboard.mtl
-- Up-to-date: /home/asun/turtlebot3_ws/install/my_world/share/my_world//models/whiteboard/meshes/whiteboard.obj
-- Up-to-date: /home/asun/turtlebot3_ws/install/my_world/share/my_world//models/whiteboard/model.sdf
-- Up-to-date: /home/asun/turtlebot3_ws/install/my_world/share/my_world//models/whiteboard/model.config
-- Up-to-date: /home/asun/turtlebot3_ws/install/my_world/share/my_world//models/hangout_chair
-- Up-to-date: /home/asun/turtlebot3_ws/install/my_world/share/my_world//models/hangout_chair/materials
-- Up-to-date: /home/asun/turtlebot3_ws/install/my_world/share/my_world//models/hangout_chair/materials/textures
-- Up-to-date: /home/asun/turtlebot3_ws/install/my_world/share/my_world//models/hangout_chair/materials/textures/hangout_chair.png
-- Up-to-date: /home/asun/turtlebot3_ws/install/my_world/share/my_world//models/hangout_chair/meshes
-- Up-to-date: /home/asun/turtlebot3_ws/install/my_world/share/my_world//models/hangout_chair/meshes/hangout_chair.mtl
-- Up-to-date: /home/asun/turtlebot3_ws/install/my_world/share/my_world//models/hangout_chair/meshes/hangout_chair.obj
-- Up-to-date: /home/asun/turtlebot3_ws/install/my_world/share/my_world//models/hangout_chair/model.sdf
-- Up-to-date: /home/asun/turtlebot3_ws/install/my_world/share/my_world//models/hangout_chair/model.config
-- Up-to-date: /home/asun/turtlebot3_ws/install/my_world/share/my_world//models/casual_female
-- Up-to-date: /home/asun/turtlebot3_ws/install/my_world/share/my_world//models/casual_female/materials
-- Up-to-date: /home/asun/turtlebot3_ws/install/my_world/share/my_world//models/casual_female/materials/textures
-- Up-to-date: /home/asun/turtlebot3_ws/install/my_world/share/my_world//models/casual_female/materials/textures/female_casualsuit02_normal.png
-- Up-to-date: /home/asun/turtlebot3_ws/install/my_world/share/my_world//models/casual_female/materials/textures/female_casualsuit01_diffuse.png
-- Up-to-date: /home/asun/turtlebot3_ws/install/my_world/share/my_world//models/casual_female/materials/textures/eyebrow002.png
-- Up-to-date: /home/asun/turtlebot3_ws/install/my_world/share/my_world//models/casual_female/materials/textures/shoes05_diffuse.png
-- Up-to-date: /home/asun/turtlebot3_ws/install/my_world/share/my_world//models/casual_female/materials/textures/ponytail01_diffuse.png
-- Up-to-date: /home/asun/turtlebot3_ws/install/my_world/share/my_world//models/casual_female/materials/textures/female_casualsuit02_diffuse.png
-- Up-to-date: /home/asun/turtlebot3_ws/install/my_world/share/my_world//models/casual_female/materials/textures/brown_eye.png
-- Up-to-date: /home/asun/turtlebot3_ws/install/my_world/share/my_world//models/casual_female/materials/textures/female_casualsuit01_normal.png
-- Up-to-date: /home/asun/turtlebot3_ws/install/my_world/share/my_world//models/casual_female/materials/textures/eyelashes01.png
-- Up-to-date: /home/asun/turtlebot3_ws/install/my_world/share/my_world//models/casual_female/materials/textures/casual_female.png
-- Up-to-date: /home/asun/turtlebot3_ws/install/my_world/share/my_world//models/casual_female/materials/textures/tongue01_diffuse.png
-- Up-to-date: /home/asun/turtlebot3_ws/install/my_world/share/my_world//models/casual_female/materials/textures/young_lightskinned_female_diffuse.png
-- Up-to-date: /home/asun/turtlebot3_ws/install/my_world/share/my_world//models/casual_female/meshes
-- Up-to-date: /home/asun/turtlebot3_ws/install/my_world/share/my_world//models/casual_female/meshes/casual_female.dae
-- Up-to-date: /home/asun/turtlebot3_ws/install/my_world/share/my_world//models/casual_female/model.sdf
-- Up-to-date: /home/asun/turtlebot3_ws/install/my_world/share/my_world//models/casual_female/model.config
-- Up-to-date: /home/asun/turtlebot3_ws/install/my_world/share/my_world//models/bathroom_sink
-- Up-to-date: /home/asun/turtlebot3_ws/install/my_world/share/my_world//models/bathroom_sink/materials
-- Up-to-date: /home/asun/turtlebot3_ws/install/my_world/share/my_world//models/bathroom_sink/materials/textures
-- Up-to-date: /home/asun/turtlebot3_ws/install/my_world/share/my_world//models/bathroom_sink/materials/textures/bathroom_sink_diffuse.png
-- Up-to-date: /home/asun/turtlebot3_ws/install/my_world/share/my_world//models/bathroom_sink/materials/textures/bathroom_sink_specular.png
-- Up-to-date: /home/asun/turtlebot3_ws/install/my_world/share/my_world//models/bathroom_sink/meshes
-- Up-to-date: /home/asun/turtlebot3_ws/install/my_world/share/my_world//models/bathroom_sink/meshes/bathroom_sink.dae
-- Up-to-date: /home/asun/turtlebot3_ws/install/my_world/share/my_world//models/bathroom_sink/model.sdf
-- Up-to-date: /home/asun/turtlebot3_ws/install/my_world/share/my_world//models/bathroom_sink/model.config
-- Up-to-date: /home/asun/turtlebot3_ws/install/my_world/share/my_world//models/conference_table_small
-- Up-to-date: /home/asun/turtlebot3_ws/install/my_world/share/my_world//models/conference_table_small/materials
-- Up-to-date: /home/asun/turtlebot3_ws/install/my_world/share/my_world//models/conference_table_small/materials/textures
-- Up-to-date: /home/asun/turtlebot3_ws/install/my_world/share/my_world//models/conference_table_small/materials/textures/conference_table.png
-- Up-to-date: /home/asun/turtlebot3_ws/install/my_world/share/my_world//models/conference_table_small/meshes
-- Up-to-date: /home/asun/turtlebot3_ws/install/my_world/share/my_world//models/conference_table_small/meshes/conference_table_small.mtl
-- Up-to-date: /home/asun/turtlebot3_ws/install/my_world/share/my_world//models/conference_table_small/meshes/conference_table_small.obj
-- Up-to-date: /home/asun/turtlebot3_ws/install/my_world/share/my_world//models/conference_table_small/model.sdf
-- Up-to-date: /home/asun/turtlebot3_ws/install/my_world/share/my_world//models/conference_table_small/model.config
-- Up-to-date: /home/asun/turtlebot3_ws/install/my_world/share/my_world//models/tv_stand
-- Up-to-date: /home/asun/turtlebot3_ws/install/my_world/share/my_world//models/tv_stand/materials
-- Up-to-date: /home/asun/turtlebot3_ws/install/my_world/share/my_world//models/tv_stand/materials/textures
-- Up-to-date: /home/asun/turtlebot3_ws/install/my_world/share/my_world//models/tv_stand/materials/textures/tv_specular.png
-- Up-to-date: /home/asun/turtlebot3_ws/install/my_world/share/my_world//models/tv_stand/materials/textures/tv_diffuse.png
-- Up-to-date: /home/asun/turtlebot3_ws/install/my_world/share/my_world//models/tv_stand/materials/textures/stand_diffuse.png
-- Up-to-date: /home/asun/turtlebot3_ws/install/my_world/share/my_world//models/tv_stand/materials/textures/stand_specular.png
-- Up-to-date: /home/asun/turtlebot3_ws/install/my_world/share/my_world//models/tv_stand/meshes
-- Up-to-date: /home/asun/turtlebot3_ws/install/my_world/share/my_world//models/tv_stand/meshes/tv_stand.dae
-- Up-to-date: /home/asun/turtlebot3_ws/install/my_world/share/my_world//models/tv_stand/model.sdf
-- Up-to-date: /home/asun/turtlebot3_ws/install/my_world/share/my_world//models/tv_stand/model.config
-- Up-to-date: /home/asun/turtlebot3_ws/install/my_world/share/my_world//models/elegant_male
-- Up-to-date: /home/asun/turtlebot3_ws/install/my_world/share/my_world//models/elegant_male/materials
-- Up-to-date: /home/asun/turtlebot3_ws/install/my_world/share/my_world//models/elegant_male/materials/textures
-- Up-to-date: /home/asun/turtlebot3_ws/install/my_world/share/my_world//models/elegant_male/materials/textures/male_elegantsuit01_diffuse.png
-- Up-to-date: /home/asun/turtlebot3_ws/install/my_world/share/my_world//models/elegant_male/materials/textures/shoes01_diffuse.png
-- Up-to-date: /home/asun/turtlebot3_ws/install/my_world/share/my_world//models/elegant_male/materials/textures/short01_diffuse.png
-- Up-to-date: /home/asun/turtlebot3_ws/install/my_world/share/my_world//models/elegant_male/materials/textures/brown_eye.png
-- Up-to-date: /home/asun/turtlebot3_ws/install/my_world/share/my_world//models/elegant_male/materials/textures/young_lightskinned_male_diffuse3.png
-- Up-to-date: /home/asun/turtlebot3_ws/install/my_world/share/my_world//models/elegant_male/materials/textures/shoes01_normal.png
-- Up-to-date: /home/asun/turtlebot3_ws/install/my_world/share/my_world//models/elegant_male/materials/textures/eyebrow005.png
-- Up-to-date: /home/asun/turtlebot3_ws/install/my_world/share/my_world//models/elegant_male/meshes
-- Up-to-date: /home/asun/turtlebot3_ws/install/my_world/share/my_world//models/elegant_male/meshes/elegant_male.dae
-- Up-to-date: /home/asun/turtlebot3_ws/install/my_world/share/my_world//models/elegant_male/meshes/elegant_male.png
-- Up-to-date: /home/asun/turtlebot3_ws/install/my_world/share/my_world//models/elegant_male/model.sdf
-- Up-to-date: /home/asun/turtlebot3_ws/install/my_world/share/my_world//models/elegant_male/model.config
-- Installing: /home/asun/turtlebot3_ws/install/my_world/share/my_world//models/meshes
-- Installing: /home/asun/turtlebot3_ws/install/my_world/share/my_world//models/meshes/arm_base.stl
-- Installing: /home/asun/turtlebot3_ws/install/my_world/share/my_world//models/meshes/elbow.stl
-- Installing: /home/asun/turtlebot3_ws/install/my_world/share/my_world//models/meshes/wrist.stl
-- Installing: /home/asun/turtlebot3_ws/install/my_world/share/my_world//models/meshes/bicep.stl
-- Installing: /home/asun/turtlebot3_ws/install/my_world/share/my_world//models/meshes/robot_base.stl
-- Installing: /home/asun/turtlebot3_ws/install/my_world/share/my_world//models/meshes/cafe
-- Installing: /home/asun/turtlebot3_ws/install/my_world/share/my_world//models/meshes/cafe/walk.dae
-- Installing: /home/asun/turtlebot3_ws/install/my_world/share/my_world//models/meshes/office
-- Installing: /home/asun/turtlebot3_ws/install/my_world/share/my_world//models/meshes/office/bathroom.obj
-- Installing: /home/asun/turtlebot3_ws/install/my_world/share/my_world//models/meshes/office/wall_door.obj
-- Installing: /home/asun/turtlebot3_ws/install/my_world/share/my_world//models/meshes/office/office_small.obj
-- Installing: /home/asun/turtlebot3_ws/install/my_world/share/my_world//models/meshes/office/tile.obj
-- Installing: /home/asun/turtlebot3_ws/install/my_world/share/my_world//models/meshes/office/sink.obj
-- Installing: /home/asun/turtlebot3_ws/install/my_world/share/my_world//models/meshes/office/wall_plain.obj
-- Installing: /home/asun/turtlebot3_ws/install/my_world/share/my_world//models/meshes/office/cubicle_wall.mtl
-- Installing: /home/asun/turtlebot3_ws/install/my_world/share/my_world//models/meshes/office/refreshment_area.obj
-- Installing: /home/asun/turtlebot3_ws/install/my_world/share/my_world//models/meshes/office/ceiling.obj
-- Installing: /home/asun/turtlebot3_ws/install/my_world/share/my_world//models/meshes/office/office.mtl
-- Installing: /home/asun/turtlebot3_ws/install/my_world/share/my_world//models/meshes/office/office_large.obj
-- Installing: /home/asun/turtlebot3_ws/install/my_world/share/my_world//models/meshes/office/wall_window.obj
-- Installing: /home/asun/turtlebot3_ws/install/my_world/share/my_world//models/meshes/office/reception.obj
-- Installing: /home/asun/turtlebot3_ws/install/my_world/share/my_world//models/meshes/office/meeting_room_large.obj
-- Installing: /home/asun/turtlebot3_ws/install/my_world/share/my_world//models/meshes/office/meeting_room_small.obj
-- Installing: /home/asun/turtlebot3_ws/install/my_world/share/my_world//models/meshes/office/carpet.obj
-- Installing: /home/asun/turtlebot3_ws/install/my_world/share/my_world//models/meshes/office/cubicle_wall.obj
-- Installing: /home/asun/turtlebot3_ws/install/my_world/share/my_world//models/meshes/office/wall_elevator.obj
-- Installing: /home/asun/turtlebot3_ws/install/my_world/share/my_world//models/meshes/office/hallway.obj
-- Installing: /home/asun/turtlebot3_ws/install/my_world/share/my_world//models/meshes/wheel.stl
-- Up-to-date: /home/asun/turtlebot3_ws/install/my_world/share/my_world//models/office_chair
-- Up-to-date: /home/asun/turtlebot3_ws/install/my_world/share/my_world//models/office_chair/materials
-- Up-to-date: /home/asun/turtlebot3_ws/install/my_world/share/my_world//models/office_chair/materials/textures
-- Up-to-date: /home/asun/turtlebot3_ws/install/my_world/share/my_world//models/office_chair/materials/textures/office_chair_diffuse.png
-- Up-to-date: /home/asun/turtlebot3_ws/install/my_world/share/my_world//models/office_chair/materials/textures/office_chair_specular.png
-- Up-to-date: /home/asun/turtlebot3_ws/install/my_world/share/my_world//models/office_chair/meshes
-- Up-to-date: /home/asun/turtlebot3_ws/install/my_world/share/my_world//models/office_chair/meshes/office_chair.dae
-- Up-to-date: /home/asun/turtlebot3_ws/install/my_world/share/my_world//models/office_chair/model.sdf
-- Up-to-date: /home/asun/turtlebot3_ws/install/my_world/share/my_world//models/office_chair/model.config
-- Up-to-date: /home/asun/turtlebot3_ws/install/my_world/share/my_world//models/desk_chair
-- Up-to-date: /home/asun/turtlebot3_ws/install/my_world/share/my_world//models/desk_chair/materials
-- Up-to-date: /home/asun/turtlebot3_ws/install/my_world/share/my_world//models/desk_chair/materials/textures
-- Up-to-date: /home/asun/turtlebot3_ws/install/my_world/share/my_world//models/desk_chair/materials/textures/desk_chair.png
-- Up-to-date: /home/asun/turtlebot3_ws/install/my_world/share/my_world//models/desk_chair/meshes
-- Up-to-date: /home/asun/turtlebot3_ws/install/my_world/share/my_world//models/desk_chair/meshes/desk_chair.obj
-- Up-to-date: /home/asun/turtlebot3_ws/install/my_world/share/my_world//models/desk_chair/meshes/desk_chair.mtl
-- Up-to-date: /home/asun/turtlebot3_ws/install/my_world/share/my_world//models/desk_chair/model.sdf
-- Up-to-date: /home/asun/turtlebot3_ws/install/my_world/share/my_world//models/desk_chair/model.config
-- Up-to-date: /home/asun/turtlebot3_ws/install/my_world/share/my_world//models/wastebasket
-- Up-to-date: /home/asun/turtlebot3_ws/install/my_world/share/my_world//models/wastebasket/materials
-- Up-to-date: /home/asun/turtlebot3_ws/install/my_world/share/my_world//models/wastebasket/materials/textures
-- Up-to-date: /home/asun/turtlebot3_ws/install/my_world/share/my_world//models/wastebasket/materials/textures/wastebasket_diffuse.png
-- Up-to-date: /home/asun/turtlebot3_ws/install/my_world/share/my_world//models/wastebasket/meshes
-- Up-to-date: /home/asun/turtlebot3_ws/install/my_world/share/my_world//models/wastebasket/meshes/wastebasket.dae
-- Up-to-date: /home/asun/turtlebot3_ws/install/my_world/share/my_world//models/wastebasket/model.sdf
-- Up-to-date: /home/asun/turtlebot3_ws/install/my_world/share/my_world//models/wastebasket/model.config
-- Up-to-date: /home/asun/turtlebot3_ws/install/my_world/share/my_world//models/turtlebot3_burger_pi
-- Up-to-date: /home/asun/turtlebot3_ws/install/my_world/share/my_world//models/turtlebot3_burger_pi/meshes
-- Up-to-date: /home/asun/turtlebot3_ws/install/my_world/share/my_world//models/turtlebot3_burger_pi/meshes/burger_base.dae
-- Up-to-date: /home/asun/turtlebot3_ws/install/my_world/share/my_world//models/turtlebot3_burger_pi/meshes/tire.dae
-- Up-to-date: /home/asun/turtlebot3_ws/install/my_world/share/my_world//models/turtlebot3_burger_pi/meshes/lds.dae
-- Up-to-date: /home/asun/turtlebot3_ws/install/my_world/share/my_world//models/turtlebot3_burger_pi/model.sdf
-- Up-to-date: /home/asun/turtlebot3_ws/install/my_world/share/my_world//models/turtlebot3_burger_pi/model.config
-- Up-to-date: /home/asun/turtlebot3_ws/install/my_world/share/my_world//models/turtlebot3_burger_pi/model-1_4.sdf
-- Up-to-date: /home/asun/turtlebot3_ws/install/my_world/share/my_world//models/mini_fridge
-- Up-to-date: /home/asun/turtlebot3_ws/install/my_world/share/my_world//models/mini_fridge/materials
-- Up-to-date: /home/asun/turtlebot3_ws/install/my_world/share/my_world//models/mini_fridge/materials/textures
-- Up-to-date: /home/asun/turtlebot3_ws/install/my_world/share/my_world//models/mini_fridge/materials/textures/mini_fridge.png
-- Up-to-date: /home/asun/turtlebot3_ws/install/my_world/share/my_world//models/mini_fridge/meshes
-- Up-to-date: /home/asun/turtlebot3_ws/install/my_world/share/my_world//models/mini_fridge/meshes/mini_fridge.mtl
-- Up-to-date: /home/asun/turtlebot3_ws/install/my_world/share/my_world//models/mini_fridge/meshes/mini_fridge.obj
-- Up-to-date: /home/asun/turtlebot3_ws/install/my_world/share/my_world//models/mini_fridge/model.sdf
-- Up-to-date: /home/asun/turtlebot3_ws/install/my_world/share/my_world//models/mini_fridge/model.config
-- Installing: /home/asun/turtlebot3_ws/install/my_world/share/my_world//models/cubicle_corner
-- Installing: /home/asun/turtlebot3_ws/install/my_world/share/my_world//models/cubicle_corner/materials
-- Installing: /home/asun/turtlebot3_ws/install/my_world/share/my_world//models/cubicle_corner/materials/textures
-- Installing: /home/asun/turtlebot3_ws/install/my_world/share/my_world//models/cubicle_corner/materials/textures/cubicle_corner.png
-- Installing: /home/asun/turtlebot3_ws/install/my_world/share/my_world//models/cubicle_corner/meshes
-- Installing: /home/asun/turtlebot3_ws/install/my_world/share/my_world//models/cubicle_corner/meshes/cubicle_corner.obj
-- Installing: /home/asun/turtlebot3_ws/install/my_world/share/my_world//models/cubicle_corner/meshes/cubicle_corner.mtl
-- Installing: /home/asun/turtlebot3_ws/install/my_world/share/my_world//models/cubicle_corner/model.sdf
-- Installing: /home/asun/turtlebot3_ws/install/my_world/share/my_world//models/cubicle_corner/model.config
-- Up-to-date: /home/asun/turtlebot3_ws/install/my_world/share/my_world//models/dishwasher
-- Up-to-date: /home/asun/turtlebot3_ws/install/my_world/share/my_world//models/dishwasher/materials
-- Up-to-date: /home/asun/turtlebot3_ws/install/my_world/share/my_world//models/dishwasher/materials/textures
-- Up-to-date: /home/asun/turtlebot3_ws/install/my_world/share/my_world//models/dishwasher/materials/textures/dishwasher.png
-- Up-to-date: /home/asun/turtlebot3_ws/install/my_world/share/my_world//models/dishwasher/meshes
-- Up-to-date: /home/asun/turtlebot3_ws/install/my_world/share/my_world//models/dishwasher/meshes/dishwasher.obj
-- Up-to-date: /home/asun/turtlebot3_ws/install/my_world/share/my_world//models/dishwasher/meshes/dishwasher.mtl
-- Up-to-date: /home/asun/turtlebot3_ws/install/my_world/share/my_world//models/dishwasher/model.sdf
-- Up-to-date: /home/asun/turtlebot3_ws/install/my_world/share/my_world//models/dishwasher/model.config
-- Up-to-date: /home/asun/turtlebot3_ws/install/my_world/share/my_world//models/servicebot
-- Up-to-date: /home/asun/turtlebot3_ws/install/my_world/share/my_world//models/servicebot/materials
-- Up-to-date: /home/asun/turtlebot3_ws/install/my_world/share/my_world//models/servicebot/materials/textures
-- Up-to-date: /home/asun/turtlebot3_ws/install/my_world/share/my_world//models/servicebot/materials/textures/servicebot.png
-- Up-to-date: /home/asun/turtlebot3_ws/install/my_world/share/my_world//models/servicebot/meshes
-- Up-to-date: /home/asun/turtlebot3_ws/install/my_world/share/my_world//models/servicebot/meshes/servicebot.mtl
-- Up-to-date: /home/asun/turtlebot3_ws/install/my_world/share/my_world//models/servicebot/meshes/servicebot.obj
-- Up-to-date: /home/asun/turtlebot3_ws/install/my_world/share/my_world//models/servicebot/model.sdf
-- Up-to-date: /home/asun/turtlebot3_ws/install/my_world/share/my_world//models/servicebot/model.config
-- Up-to-date: /home/asun/turtlebot3_ws/install/my_world/share/my_world//models/actor
-- Up-to-date: /home/asun/turtlebot3_ws/install/my_world/share/my_world//models/actor/meshes
-- Up-to-date: /home/asun/turtlebot3_ws/install/my_world/share/my_world//models/actor/meshes/ANIMATION_sitting.dae
-- Up-to-date: /home/asun/turtlebot3_ws/install/my_world/share/my_world//models/actor/meshes/ANIMATION_running.dae
-- Up-to-date: /home/asun/turtlebot3_ws/install/my_world/share/my_world//models/actor/meshes/SKIN_man_blue_shirt.dae
-- Up-to-date: /home/asun/turtlebot3_ws/install/my_world/share/my_world//models/actor/meshes/SKIN_man_green_shirt.dae
-- Up-to-date: /home/asun/turtlebot3_ws/install/my_world/share/my_world//models/actor/meshes/ANIMATION_walking.dae
-- Up-to-date: /home/asun/turtlebot3_ws/install/my_world/share/my_world//models/actor/meshes/ANIMATION_standing.dae
-- Up-to-date: /home/asun/turtlebot3_ws/install/my_world/share/my_world//models/actor/meshes/ANIMATION_talking_b.dae
-- Up-to-date: /home/asun/turtlebot3_ws/install/my_world/share/my_world//models/actor/meshes/SKIN_man_red_shirt.dae
-- Up-to-date: /home/asun/turtlebot3_ws/install/my_world/share/my_world//models/actor/meshes/ANIMATION_talking_a.dae
-- Up-to-date: /home/asun/turtlebot3_ws/install/my_world/share/my_world//models/actor/model.sdf
-- Up-to-date: /home/asun/turtlebot3_ws/install/my_world/share/my_world//models/actor/model.config
-- Up-to-date: /home/asun/turtlebot3_ws/install/my_world/share/my_world//models/cafe_counter
-- Up-to-date: /home/asun/turtlebot3_ws/install/my_world/share/my_world//models/cafe_counter/materials
-- Up-to-date: /home/asun/turtlebot3_ws/install/my_world/share/my_world//models/cafe_counter/materials/textures
-- Up-to-date: /home/asun/turtlebot3_ws/install/my_world/share/my_world//models/cafe_counter/materials/textures/cafe_counter.png
-- Up-to-date: /home/asun/turtlebot3_ws/install/my_world/share/my_world//models/cafe_counter/meshes
-- Up-to-date: /home/asun/turtlebot3_ws/install/my_world/share/my_world//models/cafe_counter/meshes/counter_sink.obj
-- Up-to-date: /home/asun/turtlebot3_ws/install/my_world/share/my_world//models/cafe_counter/meshes/cafe_counter.mtl
-- Up-to-date: /home/asun/turtlebot3_ws/install/my_world/share/my_world//models/cafe_counter/meshes/cafe_counter.obj
-- Up-to-date: /home/asun/turtlebot3_ws/install/my_world/share/my_world//models/cafe_counter/meshes/counter_no_sink.obj
-- Up-to-date: /home/asun/turtlebot3_ws/install/my_world/share/my_world//models/cafe_counter/model.sdf
-- Up-to-date: /home/asun/turtlebot3_ws/install/my_world/share/my_world//models/cafe_counter/model.config
-- Up-to-date: /home/asun/turtlebot3_ws/install/my_world/share/my_world//models/elegant_female
-- Up-to-date: /home/asun/turtlebot3_ws/install/my_world/share/my_world//models/elegant_female/materials
-- Up-to-date: /home/asun/turtlebot3_ws/install/my_world/share/my_world//models/elegant_female/materials/textures
-- Up-to-date: /home/asun/turtlebot3_ws/install/my_world/share/my_world//models/elegant_female/materials/textures/male_elegantsuit01_diffuse.png
-- Up-to-date: /home/asun/turtlebot3_ws/install/my_world/share/my_world//models/elegant_female/materials/textures/eyebrow002.png
-- Up-to-date: /home/asun/turtlebot3_ws/install/my_world/share/my_world//models/elegant_female/materials/textures/young_lightskinned_female_diffuse2.png
-- Up-to-date: /home/asun/turtlebot3_ws/install/my_world/share/my_world//models/elegant_female/materials/textures/ponytail01_diffuse.png
-- Up-to-date: /home/asun/turtlebot3_ws/install/my_world/share/my_world//models/elegant_female/materials/textures/brown_eye.png
-- Up-to-date: /home/asun/turtlebot3_ws/install/my_world/share/my_world//models/elegant_female/materials/textures/eyelashes01.png
-- Up-to-date: /home/asun/turtlebot3_ws/install/my_world/share/my_world//models/elegant_female/materials/textures/shoes03_diffuse.png
-- Up-to-date: /home/asun/turtlebot3_ws/install/my_world/share/my_world//models/elegant_female/meshes
-- Up-to-date: /home/asun/turtlebot3_ws/install/my_world/share/my_world//models/elegant_female/meshes/elegant_female.png
-- Up-to-date: /home/asun/turtlebot3_ws/install/my_world/share/my_world//models/elegant_female/meshes/elegant_female.dae
-- Up-to-date: /home/asun/turtlebot3_ws/install/my_world/share/my_world//models/elegant_female/model.sdf
-- Up-to-date: /home/asun/turtlebot3_ws/install/my_world/share/my_world//models/elegant_female/model.config
-- Up-to-date: /home/asun/turtlebot3_ws/install/my_world/share/my_world//models/office_cafe_table
-- Up-to-date: /home/asun/turtlebot3_ws/install/my_world/share/my_world//models/office_cafe_table/materials
-- Up-to-date: /home/asun/turtlebot3_ws/install/my_world/share/my_world//models/office_cafe_table/materials/textures
-- Up-to-date: /home/asun/turtlebot3_ws/install/my_world/share/my_world//models/office_cafe_table/materials/textures/Wood_Floor_Dark.jpg
-- Up-to-date: /home/asun/turtlebot3_ws/install/my_world/share/my_world//models/office_cafe_table/materials/textures/Maple.jpg
-- Up-to-date: /home/asun/turtlebot3_ws/install/my_world/share/my_world//models/office_cafe_table/meshes
-- Up-to-date: /home/asun/turtlebot3_ws/install/my_world/share/my_world//models/office_cafe_table/meshes/office_cafe_table.dae
-- Up-to-date: /home/asun/turtlebot3_ws/install/my_world/share/my_world//models/office_cafe_table/model.sdf
-- Up-to-date: /home/asun/turtlebot3_ws/install/my_world/share/my_world//models/office_cafe_table/model.config
-- Up-to-date: /home/asun/turtlebot3_ws/install/my_world/share/my_world//models/.fr-0T31rz
-- Up-to-date: /home/asun/turtlebot3_ws/install/my_world/share/my_world//models/.fr-0T31rz/my_world
-- Up-to-date: /home/asun/turtlebot3_ws/install/my_world/share/my_world//models/.fr-0T31rz/my_world/models
-- Up-to-date: /home/asun/turtlebot3_ws/install/my_world/share/my_world//models/.fr-0T31rz/my_world/models/willowgarage
-- Up-to-date: /home/asun/turtlebot3_ws/install/my_world/share/my_world//models/.fr-0T31rz/my_world/models/willowgarage/model-1_3.sdf
-- Up-to-date: /home/asun/turtlebot3_ws/install/my_world/share/my_world//models/.fr-0T31rz/my_world/models/willowgarage/model-1_2.sdf
-- Up-to-date: /home/asun/turtlebot3_ws/install/my_world/share/my_world//models/.fr-0T31rz/my_world/models/willowgarage/materials
-- Up-to-date: /home/asun/turtlebot3_ws/install/my_world/share/my_world//models/.fr-0T31rz/my_world/models/willowgarage/materials/textures
-- Up-to-date: /home/asun/turtlebot3_ws/install/my_world/share/my_world//models/.fr-0T31rz/my_world/models/willowgarage/materials/textures/Stone_Brushed_Khaki_.png
-- Up-to-date: /home/asun/turtlebot3_ws/install/my_world/share/my_world//models/.fr-0T31rz/my_world/models/willowgarage/materials/textures/Wood_Cherry_Original_.png
-- Up-to-date: /home/asun/turtlebot3_ws/install/my_world/share/my_world//models/.fr-0T31rz/my_world/models/willowgarage/materials/textures/__auto_2.png
-- Up-to-date: /home/asun/turtlebot3_ws/install/my_world/share/my_world//models/.fr-0T31rz/my_world/models/willowgarage/materials/textures/__Wood_Bamboo_Medium_1.png
-- Up-to-date: /home/asun/turtlebot3_ws/install/my_world/share/my_world//models/.fr-0T31rz/my_world/models/willowgarage/materials/textures/__auto_12.png
-- Up-to-date: /home/asun/turtlebot3_ws/install/my_world/share/my_world//models/.fr-0T31rz/my_world/models/willowgarage/materials/textures/Wood_Bamboo_Medium_.png
-- Up-to-date: /home/asun/turtlebot3_ws/install/my_world/share/my_world//models/.fr-0T31rz/my_world/models/willowgarage/materials/textures/Carpet_Berber_Pattern_Gray_.png
-- Up-to-date: /home/asun/turtlebot3_ws/install/my_world/share/my_world//models/.fr-0T31rz/my_world/models/willowgarage/meshes
-- Up-to-date: /home/asun/turtlebot3_ws/install/my_world/share/my_world//models/.fr-0T31rz/my_world/models/willowgarage/meshes/willowgarage_visual.dae
-- Up-to-date: /home/asun/turtlebot3_ws/install/my_world/share/my_world//models/.fr-0T31rz/my_world/models/willowgarage/meshes/willowgarage_collision.dae
-- Up-to-date: /home/asun/turtlebot3_ws/install/my_world/share/my_world//models/.fr-0T31rz/my_world/models/willowgarage/model.sdf
-- Up-to-date: /home/asun/turtlebot3_ws/install/my_world/share/my_world//models/.fr-0T31rz/my_world/models/willowgarage/model.config
-- Up-to-date: /home/asun/turtlebot3_ws/install/my_world/share/my_world//models/.fr-0T31rz/my_world/models/willowgarage/model-1_4.sdf
-- Up-to-date: /home/asun/turtlebot3_ws/install/my_world/share/my_world//models/.fr-0T31rz/my_world/models/naokoeye
-- Up-to-date: /home/asun/turtlebot3_ws/install/my_world/share/my_world//models/.fr-0T31rz/my_world/models/naokoeye/meshes
-- Up-to-date: /home/asun/turtlebot3_ws/install/my_world/share/my_world//models/.fr-0T31rz/my_world/models/naokoeye/meshes/female_casualsuit02_normal.png
-- Up-to-date: /home/asun/turtlebot3_ws/install/my_world/share/my_world//models/.fr-0T31rz/my_world/models/naokoeye/meshes/female_casualsuit02_diffuse.png
-- Up-to-date: /home/asun/turtlebot3_ws/install/my_world/share/my_world//models/.fr-0T31rz/my_world/models/naokoeye/meshes/naokoeye.png
-- Up-to-date: /home/asun/turtlebot3_ws/install/my_world/share/my_world//models/.fr-0T31rz/my_world/models/naokoeye/meshes/eyebrow001.png
-- Up-to-date: /home/asun/turtlebot3_ws/install/my_world/share/my_world//models/.fr-0T31rz/my_world/models/naokoeye/meshes/brown_eye.png
-- Up-to-date: /home/asun/turtlebot3_ws/install/my_world/share/my_world//models/.fr-0T31rz/my_world/models/naokoeye/meshes/bob02_diffuse.png
-- Up-to-date: /home/asun/turtlebot3_ws/install/my_world/share/my_world//models/.fr-0T31rz/my_world/models/naokoeye/meshes/naokoeye.dae
-- Up-to-date: /home/asun/turtlebot3_ws/install/my_world/share/my_world//models/.fr-0T31rz/my_world/models/naokoeye/meshes/naokoeyev2.dae
-- Up-to-date: /home/asun/turtlebot3_ws/install/my_world/share/my_world//models/.fr-0T31rz/my_world/models/naokoeye/model.sdf
-- Up-to-date: /home/asun/turtlebot3_ws/install/my_world/share/my_world//models/.fr-0T31rz/my_world/models/naokoeye/model.config
-- Up-to-date: /home/asun/turtlebot3_ws/install/my_world/share/my_world//models/.fr-0T31rz/my_world/models/bobeye
-- Up-to-date: /home/asun/turtlebot3_ws/install/my_world/share/my_world//models/.fr-0T31rz/my_world/models/bobeye/meshes
-- Up-to-date: /home/asun/turtlebot3_ws/install/my_world/share/my_world//models/.fr-0T31rz/my_world/models/bobeye/meshes/bobeye.png
-- Up-to-date: /home/asun/turtlebot3_ws/install/my_world/share/my_world//models/.fr-0T31rz/my_world/models/bobeye/meshes/eyebrow001.png
-- Up-to-date: /home/asun/turtlebot3_ws/install/my_world/share/my_world//models/.fr-0T31rz/my_world/models/bobeye/meshes/brown_eye.png
-- Up-to-date: /home/asun/turtlebot3_ws/install/my_world/share/my_world//models/.fr-0T31rz/my_world/models/bobeye/meshes/male_casualsuit03_diffuse.png
-- Up-to-date: /home/asun/turtlebot3_ws/install/my_world/share/my_world//models/.fr-0T31rz/my_world/models/bobeye/meshes/male_casualsuit03_normal.png
-- Up-to-date: /home/asun/turtlebot3_ws/install/my_world/share/my_world//models/.fr-0T31rz/my_world/models/bobeye/meshes/teeth.png
-- Up-to-date: /home/asun/turtlebot3_ws/install/my_world/share/my_world//models/.fr-0T31rz/my_world/models/bobeye/meshes/shoes03_diffuse.png
-- Up-to-date: /home/asun/turtlebot3_ws/install/my_world/share/my_world//models/.fr-0T31rz/my_world/models/bobeye/meshes/tongue01_diffuse.png
-- Up-to-date: /home/asun/turtlebot3_ws/install/my_world/share/my_world//models/.fr-0T31rz/my_world/models/bobeye/meshes/bobeyev2.dae
-- Up-to-date: /home/asun/turtlebot3_ws/install/my_world/share/my_world//models/.fr-0T31rz/my_world/models/bobeye/meshes/bobeye.dae
-- Up-to-date: /home/asun/turtlebot3_ws/install/my_world/share/my_world//models/.fr-0T31rz/my_world/models/bobeye/meshes/young_darkskinned_male_diffuse.png
-- Up-to-date: /home/asun/turtlebot3_ws/install/my_world/share/my_world//models/.fr-0T31rz/my_world/models/bobeye/model.sdf
-- Up-to-date: /home/asun/turtlebot3_ws/install/my_world/share/my_world//models/.fr-0T31rz/my_world/models/bobeye/model.config
-- Up-to-date: /home/asun/turtlebot3_ws/install/my_world/share/my_world//models/.fr-0T31rz/my_world/models/doguinho
-- Up-to-date: /home/asun/turtlebot3_ws/install/my_world/share/my_world//models/.fr-0T31rz/my_world/models/doguinho/meshes
-- Up-to-date: /home/asun/turtlebot3_ws/install/my_world/share/my_world//models/.fr-0T31rz/my_world/models/doguinho/meshes/Doguinho_low_poly_doguinho_uv_Normal.png
-- Up-to-date: /home/asun/turtlebot3_ws/install/my_world/share/my_world//models/.fr-0T31rz/my_world/models/doguinho/meshes/Doguinho_low_poly_doguinho_uv_Metallic.png
-- Up-to-date: /home/asun/turtlebot3_ws/install/my_world/share/my_world//models/.fr-0T31rz/my_world/models/doguinho/meshes/Doguinho_low_poly_doguinho_uv_BaseColor.png
-- Up-to-date: /home/asun/turtlebot3_ws/install/my_world/share/my_world//models/.fr-0T31rz/my_world/models/doguinho/meshes/doguinho.dae
-- Up-to-date: /home/asun/turtlebot3_ws/install/my_world/share/my_world//models/.fr-0T31rz/my_world/models/doguinho/meshes/Doguinho_low_poly_doguinho_uv_Roughness.png
-- Up-to-date: /home/asun/turtlebot3_ws/install/my_world/share/my_world//models/.fr-0T31rz/my_world/models/doguinho/meshes/Doguinho_low_poly_doguinho_uv_Height.png
-- Up-to-date: /home/asun/turtlebot3_ws/install/my_world/share/my_world//models/.fr-0T31rz/my_world/models/doguinho/model.sdf
-- Up-to-date: /home/asun/turtlebot3_ws/install/my_world/share/my_world//models/.fr-0T31rz/my_world/models/doguinho/model.config
-- Up-to-date: /home/asun/turtlebot3_ws/install/my_world/share/my_world//models/.fr-0T31rz/my_world/models/apartment
-- Up-to-date: /home/asun/turtlebot3_ws/install/my_world/share/my_world//models/.fr-0T31rz/my_world/models/apartment/materials
-- Up-to-date: /home/asun/turtlebot3_ws/install/my_world/share/my_world//models/.fr-0T31rz/my_world/models/apartment/materials/textures
-- Up-to-date: /home/asun/turtlebot3_ws/install/my_world/share/my_world//models/.fr-0T31rz/my_world/models/apartment/materials/textures/apartment_diffuse.jpg
-- Up-to-date: /home/asun/turtlebot3_ws/install/my_world/share/my_world//models/.fr-0T31rz/my_world/models/apartment/materials/textures/apartment_spec.jpg
-- Up-to-date: /home/asun/turtlebot3_ws/install/my_world/share/my_world//models/.fr-0T31rz/my_world/models/apartment/meshes
-- Up-to-date: /home/asun/turtlebot3_ws/install/my_world/share/my_world//models/.fr-0T31rz/my_world/models/apartment/meshes/apartment.dae
-- Up-to-date: /home/asun/turtlebot3_ws/install/my_world/share/my_world//models/.fr-0T31rz/my_world/models/apartment/model.sdf
-- Up-to-date: /home/asun/turtlebot3_ws/install/my_world/share/my_world//models/.fr-0T31rz/my_world/models/apartment/model.config
-- Up-to-date: /home/asun/turtlebot3_ws/install/my_world/share/my_world//models/.fr-0T31rz/my_world/models/my_world
-- Up-to-date: /home/asun/turtlebot3_ws/install/my_world/share/my_world//models/.fr-0T31rz/my_world/models/my_world/model.sdf
-- Up-to-date: /home/asun/turtlebot3_ws/install/my_world/share/my_world//models/.fr-0T31rz/my_world/models/my_world/model.config
-- Up-to-date: /home/asun/turtlebot3_ws/install/my_world/share/my_world//models/.fr-0T31rz/my_world/models/ball_bearing
-- Up-to-date: /home/asun/turtlebot3_ws/install/my_world/share/my_world//models/.fr-0T31rz/my_world/models/ball_bearing/model.sdf
-- Up-to-date: /home/asun/turtlebot3_ws/install/my_world/share/my_world//models/.fr-0T31rz/my_world/models/ball_bearing/model.config
-- Up-to-date: /home/asun/turtlebot3_ws/install/my_world/share/my_world//models/.fr-0T31rz/my_world/models/ball_bearing/model.rsdf
-- Up-to-date: /home/asun/turtlebot3_ws/install/my_world/share/my_world//models/.fr-0T31rz/my_world/models/sweedish_apartment
-- Up-to-date: /home/asun/turtlebot3_ws/install/my_world/share/my_world//models/.fr-0T31rz/my_world/models/sweedish_apartment/meshes
-- Up-to-date: /home/asun/turtlebot3_ws/install/my_world/share/my_world//models/.fr-0T31rz/my_world/models/sweedish_apartment/meshes/model.dae
-- Up-to-date: /home/asun/turtlebot3_ws/install/my_world/share/my_world//models/.fr-0T31rz/my_world/models/sweedish_apartment/model.sdf
-- Up-to-date: /home/asun/turtlebot3_ws/install/my_world/share/my_world//models/.fr-0T31rz/my_world/models/sweedish_apartment/model.config
-- Up-to-date: /home/asun/turtlebot3_ws/install/my_world/share/my_world//models/.fr-0T31rz/my_world/models/gertrudiseye
-- Up-to-date: /home/asun/turtlebot3_ws/install/my_world/share/my_world//models/.fr-0T31rz/my_world/models/gertrudiseye/meshes
-- Up-to-date: /home/asun/turtlebot3_ws/install/my_world/share/my_world//models/.fr-0T31rz/my_world/models/gertrudiseye/meshes/old_lightskinned_female_diffuse.png
-- Up-to-date: /home/asun/turtlebot3_ws/install/my_world/share/my_world//models/.fr-0T31rz/my_world/models/gertrudiseye/meshes/female_elegantsuit01_diffuse.png
-- Up-to-date: /home/asun/turtlebot3_ws/install/my_world/share/my_world//models/.fr-0T31rz/my_world/models/gertrudiseye/meshes/braid01_diffuse.png
-- Up-to-date: /home/asun/turtlebot3_ws/install/my_world/share/my_world//models/.fr-0T31rz/my_world/models/gertrudiseye/meshes/green_eye.png
-- Up-to-date: /home/asun/turtlebot3_ws/install/my_world/share/my_world//models/.fr-0T31rz/my_world/models/gertrudiseye/meshes/female_elegantsuit01_normal.png
-- Up-to-date: /home/asun/turtlebot3_ws/install/my_world/share/my_world//models/.fr-0T31rz/my_world/models/gertrudiseye/meshes/gertrudiseye.png
-- Up-to-date: /home/asun/turtlebot3_ws/install/my_world/share/my_world//models/.fr-0T31rz/my_world/models/gertrudiseye/meshes/teeth.png
-- Up-to-date: /home/asun/turtlebot3_ws/install/my_world/share/my_world//models/.fr-0T31rz/my_world/models/gertrudiseye/meshes/gertrudiseye.dae
-- Up-to-date: /home/asun/turtlebot3_ws/install/my_world/share/my_world//models/.fr-0T31rz/my_world/models/gertrudiseye/meshes/tongue01_diffuse.png
-- Up-to-date: /home/asun/turtlebot3_ws/install/my_world/share/my_world//models/.fr-0T31rz/my_world/models/gertrudiseye/meshes/gertrudiseyev2.dae
-- Up-to-date: /home/asun/turtlebot3_ws/install/my_world/share/my_world//models/.fr-0T31rz/my_world/models/gertrudiseye/model.sdf
-- Up-to-date: /home/asun/turtlebot3_ws/install/my_world/share/my_world//models/.fr-0T31rz/my_world/models/gertrudiseye/model.config
-- Up-to-date: /home/asun/turtlebot3_ws/install/my_world/share/my_world//models/.fr-0T31rz/my_world/models/drc_practice_ball_valve
-- Up-to-date: /home/asun/turtlebot3_ws/install/my_world/share/my_world//models/.fr-0T31rz/my_world/models/drc_practice_ball_valve/materials
-- Up-to-date: /home/asun/turtlebot3_ws/install/my_world/share/my_world//models/.fr-0T31rz/my_world/models/drc_practice_ball_valve/materials/textures
-- Up-to-date: /home/asun/turtlebot3_ws/install/my_world/share/my_world//models/.fr-0T31rz/my_world/models/drc_practice_ball_valve/materials/textures/Metal_Rough.png
-- Up-to-date: /home/asun/turtlebot3_ws/install/my_world/share/my_world//models/.fr-0T31rz/my_world/models/drc_practice_ball_valve/meshes
-- Up-to-date: /home/asun/turtlebot3_ws/install/my_world/share/my_world//models/.fr-0T31rz/my_world/models/drc_practice_ball_valve/meshes/attachment.dae
-- Up-to-date: /home/asun/turtlebot3_ws/install/my_world/share/my_world//models/.fr-0T31rz/my_world/models/drc_practice_ball_valve/meshes/ball_valve.dae
-- Up-to-date: /home/asun/turtlebot3_ws/install/my_world/share/my_world//models/.fr-0T31rz/my_world/models/drc_practice_ball_valve/model.sdf
-- Up-to-date: /home/asun/turtlebot3_ws/install/my_world/share/my_world//models/.fr-0T31rz/my_world/models/drc_practice_ball_valve/model.config
-- Up-to-date: /home/asun/turtlebot3_ws/install/my_world/share/my_world//models/.fr-0T31rz/my_world/models/drc_practice_ball_valve/model-1_4.sdf
-- Up-to-date: /home/asun/turtlebot3_ws/install/my_world/share/my_world//models/.fr-0T31rz/my_world/models/warehouse_1
-- Up-to-date: /home/asun/turtlebot3_ws/install/my_world/share/my_world//models/.fr-0T31rz/my_world/models/warehouse_1/meshes
-- Up-to-date: /home/asun/turtlebot3_ws/install/my_world/share/my_world//models/.fr-0T31rz/my_world/models/warehouse_1/meshes/dummy.png
-- Up-to-date: /home/asun/turtlebot3_ws/install/my_world/share/my_world//models/.fr-0T31rz/my_world/models/warehouse_1/meshes/SICK_V2_WHITE.jpg
-- Up-to-date: /home/asun/turtlebot3_ws/install/my_world/share/my_world//models/.fr-0T31rz/my_world/models/warehouse_1/meshes/rock1.JPG
-- Up-to-date: /home/asun/turtlebot3_ws/install/my_world/share/my_world//models/.fr-0T31rz/my_world/models/warehouse_1/meshes/SCHUNK_logo.jpg
-- Up-to-date: /home/asun/turtlebot3_ws/install/my_world/share/my_world//models/.fr-0T31rz/my_world/models/warehouse_1/meshes/fetchit_env_version2.dae
-- Up-to-date: /home/asun/turtlebot3_ws/install/my_world/share/my_world//models/.fr-0T31rz/my_world/models/warehouse_1/meshes/icra2019-poster-image.png
-- Up-to-date: /home/asun/turtlebot3_ws/install/my_world/share/my_world//models/.fr-0T31rz/my_world/models/warehouse_1/meshes/fetchit_manipulation_challenge_logo.png
-- Up-to-date: /home/asun/turtlebot3_ws/install/my_world/share/my_world//models/.fr-0T31rz/my_world/models/warehouse_1/meshes/box_labels.png
-- Up-to-date: /home/asun/turtlebot3_ws/install/my_world/share/my_world//models/.fr-0T31rz/my_world/models/warehouse_1/meshes/warehouse_collision.stl
-- Up-to-date: /home/asun/turtlebot3_ws/install/my_world/share/my_world//models/.fr-0T31rz/my_world/models/warehouse_1/meshes/fetchit_env_version1.dae
-- Up-to-date: /home/asun/turtlebot3_ws/install/my_world/share/my_world//models/.fr-0T31rz/my_world/models/warehouse_1/meshes/SICK_V2.png
-- Up-to-date: /home/asun/turtlebot3_ws/install/my_world/share/my_world//models/.fr-0T31rz/my_world/models/warehouse_1/meshes/fetchit_env_version3.dae
-- Up-to-date: /home/asun/turtlebot3_ws/install/my_world/share/my_world//models/.fr-0T31rz/my_world/models/warehouse_1/meshes/EandM.jpg
-- Up-to-date: /home/asun/turtlebot3_ws/install/my_world/share/my_world//models/.fr-0T31rz/my_world/models/warehouse_1/meshes/Logo-TheConstruct-primario-NEW-tagline-2.jpg
-- Up-to-date: /home/asun/turtlebot3_ws/install/my_world/share/my_world//models/.fr-0T31rz/my_world/models/warehouse_1/meshes/fetchit_env_version4.dae
-- Up-to-date: /home/asun/turtlebot3_ws/install/my_world/share/my_world//models/.fr-0T31rz/my_world/models/warehouse_1/meshes/FetchLogo-1024x388.png
-- Up-to-date: /home/asun/turtlebot3_ws/install/my_world/share/my_world//models/.fr-0T31rz/my_world/models/warehouse_1/meshes/Logo-SICK.jpg
-- Up-to-date: /home/asun/turtlebot3_ws/install/my_world/share/my_world//models/.fr-0T31rz/my_world/models/warehouse_1/model.sdf
-- Up-to-date: /home/asun/turtlebot3_ws/install/my_world/share/my_world//models/.fr-0T31rz/my_world/models/warehouse_1/model.config
-- Up-to-date: /home/asun/turtlebot3_ws/install/my_world/share/my_world//models/.fr-0T31rz/my_world/models/turtlebot3_burger_pi
-- Up-to-date: /home/asun/turtlebot3_ws/install/my_world/share/my_world//models/.fr-0T31rz/my_world/models/turtlebot3_burger_pi/meshes
-- Up-to-date: /home/asun/turtlebot3_ws/install/my_world/share/my_world//models/.fr-0T31rz/my_world/models/turtlebot3_burger_pi/meshes/burger_base.dae
-- Up-to-date: /home/asun/turtlebot3_ws/install/my_world/share/my_world//models/.fr-0T31rz/my_world/models/turtlebot3_burger_pi/meshes/tire.dae
-- Up-to-date: /home/asun/turtlebot3_ws/install/my_world/share/my_world//models/.fr-0T31rz/my_world/models/turtlebot3_burger_pi/meshes/lds.dae
-- Up-to-date: /home/asun/turtlebot3_ws/install/my_world/share/my_world//models/.fr-0T31rz/my_world/models/turtlebot3_burger_pi/model.sdf
-- Up-to-date: /home/asun/turtlebot3_ws/install/my_world/share/my_world//models/.fr-0T31rz/my_world/models/turtlebot3_burger_pi/model.config
-- Up-to-date: /home/asun/turtlebot3_ws/install/my_world/share/my_world//models/.fr-0T31rz/my_world/models/turtlebot3_burger_pi/model-1_4.sdf
-- Up-to-date: /home/asun/turtlebot3_ws/install/my_world/share/my_world//models/.fr-0T31rz/my_world/models/kumaeye
-- Up-to-date: /home/asun/turtlebot3_ws/install/my_world/share/my_world//models/.fr-0T31rz/my_world/models/kumaeye/meshes
-- Up-to-date: /home/asun/turtlebot3_ws/install/my_world/share/my_world//models/.fr-0T31rz/my_world/models/kumaeye/meshes/eyebrow010.png
-- Up-to-date: /home/asun/turtlebot3_ws/install/my_world/share/my_world//models/.fr-0T31rz/my_world/models/kumaeye/meshes/kumaeye.png
-- Up-to-date: /home/asun/turtlebot3_ws/install/my_world/share/my_world//models/.fr-0T31rz/my_world/models/kumaeye/meshes/kumaeye.dae
-- Up-to-date: /home/asun/turtlebot3_ws/install/my_world/share/my_world//models/.fr-0T31rz/my_world/models/kumaeye/meshes/short01_diffuse.png
-- Up-to-date: /home/asun/turtlebot3_ws/install/my_world/share/my_world//models/.fr-0T31rz/my_world/models/kumaeye/meshes/brown_eye.png
-- Up-to-date: /home/asun/turtlebot3_ws/install/my_world/share/my_world//models/.fr-0T31rz/my_world/models/kumaeye/meshes/young_lightskinned_female_diffuse3.png
-- Up-to-date: /home/asun/turtlebot3_ws/install/my_world/share/my_world//models/.fr-0T31rz/my_world/models/kumaeye/meshes/teeth.png
-- Up-to-date: /home/asun/turtlebot3_ws/install/my_world/share/my_world//models/.fr-0T31rz/my_world/models/kumaeye/meshes/tongue01_diffuse.png
-- Up-to-date: /home/asun/turtlebot3_ws/install/my_world/share/my_world//models/.fr-0T31rz/my_world/models/kumaeye/meshes/male_worksuit01_diffuse.png
-- Up-to-date: /home/asun/turtlebot3_ws/install/my_world/share/my_world//models/.fr-0T31rz/my_world/models/kumaeye/meshes/male_worksuit01_normal.png
-- Up-to-date: /home/asun/turtlebot3_ws/install/my_world/share/my_world//models/.fr-0T31rz/my_world/models/kumaeye/meshes/kumaeyev2.dae
-- Up-to-date: /home/asun/turtlebot3_ws/install/my_world/share/my_world//models/.fr-0T31rz/my_world/models/kumaeye/model.sdf
-- Up-to-date: /home/asun/turtlebot3_ws/install/my_world/share/my_world//models/.fr-0T31rz/my_world/models/kumaeye/model.config
-- Up-to-date: /home/asun/turtlebot3_ws/install/my_world/share/my_world//models/.fr-0T31rz/my_world/models/ej0vwvf0j8jk-lowpolycat
-- Up-to-date: /home/asun/turtlebot3_ws/install/my_world/share/my_world//models/.fr-0T31rz/my_world/models/kitchen_dining
-- Up-to-date: /home/asun/turtlebot3_ws/install/my_world/share/my_world//models/.fr-0T31rz/my_world/models/kitchen_dining/model-1_3.sdf
-- Up-to-date: /home/asun/turtlebot3_ws/install/my_world/share/my_world//models/.fr-0T31rz/my_world/models/kitchen_dining/materials
-- Up-to-date: /home/asun/turtlebot3_ws/install/my_world/share/my_world//models/.fr-0T31rz/my_world/models/kitchen_dining/materials/textures
-- Up-to-date: /home/asun/turtlebot3_ws/install/my_world/share/my_world//models/.fr-0T31rz/my_world/models/kitchen_dining/materials/textures/__auto_42.png
-- Up-to-date: /home/asun/turtlebot3_ws/install/my_world/share/my_world//models/.fr-0T31rz/my_world/models/kitchen_dining/materials/textures/__auto_2.png
-- Up-to-date: /home/asun/turtlebot3_ws/install/my_world/share/my_world//models/.fr-0T31rz/my_world/models/kitchen_dining/materials/textures/__auto_61.png
-- Up-to-date: /home/asun/turtlebot3_ws/install/my_world/share/my_world//models/.fr-0T31rz/my_world/models/kitchen_dining/materials/textures/__auto_47.png
-- Up-to-date: /home/asun/turtlebot3_ws/install/my_world/share/my_world//models/.fr-0T31rz/my_world/models/kitchen_dining/materials/textures/__auto_40.png
-- Up-to-date: /home/asun/turtlebot3_ws/install/my_world/share/my_world//models/.fr-0T31rz/my_world/models/kitchen_dining/materials/textures/__auto_19.png
-- Up-to-date: /home/asun/turtlebot3_ws/install/my_world/share/my_world//models/.fr-0T31rz/my_world/models/kitchen_dining/materials/textures/__auto_44.png
-- Up-to-date: /home/asun/turtlebot3_ws/install/my_world/share/my_world//models/.fr-0T31rz/my_world/models/kitchen_dining/materials/textures/__auto_64.png
-- Up-to-date: /home/asun/turtlebot3_ws/install/my_world/share/my_world//models/.fr-0T31rz/my_world/models/kitchen_dining/materials/textures/__auto_53.png
-- Up-to-date: /home/asun/turtlebot3_ws/install/my_world/share/my_world//models/.fr-0T31rz/my_world/models/kitchen_dining/materials/textures/__auto_49.png
-- Up-to-date: /home/asun/turtlebot3_ws/install/my_world/share/my_world//models/.fr-0T31rz/my_world/models/kitchen_dining/materials/textures/__auto_59.png
-- Up-to-date: /home/asun/turtlebot3_ws/install/my_world/share/my_world//models/.fr-0T31rz/my_world/models/kitchen_dining/materials/textures/__auto_57.png
-- Up-to-date: /home/asun/turtlebot3_ws/install/my_world/share/my_world//models/.fr-0T31rz/my_world/models/kitchen_dining/materials/textures/__auto_52.png
-- Up-to-date: /home/asun/turtlebot3_ws/install/my_world/share/my_world//models/.fr-0T31rz/my_world/models/kitchen_dining/materials/textures/__auto_25.png
-- Up-to-date: /home/asun/turtlebot3_ws/install/my_world/share/my_world//models/.fr-0T31rz/my_world/models/kitchen_dining/materials/textures/__auto_9.png
-- Up-to-date: /home/asun/turtlebot3_ws/install/my_world/share/my_world//models/.fr-0T31rz/my_world/models/kitchen_dining/materials/textures/__auto_41.png
-- Up-to-date: /home/asun/turtlebot3_ws/install/my_world/share/my_world//models/.fr-0T31rz/my_world/models/kitchen_dining/materials/textures/__auto_51.png
-- Up-to-date: /home/asun/turtlebot3_ws/install/my_world/share/my_world//models/.fr-0T31rz/my_world/models/kitchen_dining/materials/textures/__auto_30.png
-- Up-to-date: /home/asun/turtlebot3_ws/install/my_world/share/my_world//models/.fr-0T31rz/my_world/models/kitchen_dining/materials/textures/__auto_29.png
-- Up-to-date: /home/asun/turtlebot3_ws/install/my_world/share/my_world//models/.fr-0T31rz/my_world/models/kitchen_dining/materials/textures/__auto_56.png
-- Up-to-date: /home/asun/turtlebot3_ws/install/my_world/share/my_world//models/.fr-0T31rz/my_world/models/kitchen_dining/materials/textures/__auto_28.png
-- Up-to-date: /home/asun/turtlebot3_ws/install/my_world/share/my_world//models/.fr-0T31rz/my_world/models/kitchen_dining/materials/textures/__auto_39.png
-- Up-to-date: /home/asun/turtlebot3_ws/install/my_world/share/my_world//models/.fr-0T31rz/my_world/models/kitchen_dining/materials/textures/__auto_50.png
-- Up-to-date: /home/asun/turtlebot3_ws/install/my_world/share/my_world//models/.fr-0T31rz/my_world/models/kitchen_dining/materials/textures/__auto_24.png
-- Up-to-date: /home/asun/turtlebot3_ws/install/my_world/share/my_world//models/.fr-0T31rz/my_world/models/kitchen_dining/materials/textures/__auto_69.png
-- Up-to-date: /home/asun/turtlebot3_ws/install/my_world/share/my_world//models/.fr-0T31rz/my_world/models/kitchen_dining/materials/textures/__auto_60.png
-- Up-to-date: /home/asun/turtlebot3_ws/install/my_world/share/my_world//models/.fr-0T31rz/my_world/models/kitchen_dining/materials/textures/__auto_43.png
-- Up-to-date: /home/asun/turtlebot3_ws/install/my_world/share/my_world//models/.fr-0T31rz/my_world/models/kitchen_dining/materials/textures/__auto_18.png
-- Up-to-date: /home/asun/turtlebot3_ws/install/my_world/share/my_world//models/.fr-0T31rz/my_world/models/kitchen_dining/materials/textures/__auto_16.png
-- Up-to-date: /home/asun/turtlebot3_ws/install/my_world/share/my_world//models/.fr-0T31rz/my_world/models/kitchen_dining/materials/textures/__auto_7.png
-- Up-to-date: /home/asun/turtlebot3_ws/install/my_world/share/my_world//models/.fr-0T31rz/my_world/models/kitchen_dining/materials/textures/__auto_13.png
-- Up-to-date: /home/asun/turtlebot3_ws/install/my_world/share/my_world//models/.fr-0T31rz/my_world/models/kitchen_dining/materials/textures/__auto_8.png
-- Up-to-date: /home/asun/turtlebot3_ws/install/my_world/share/my_world//models/.fr-0T31rz/my_world/models/kitchen_dining/materials/textures/__auto_66.png
-- Up-to-date: /home/asun/turtlebot3_ws/install/my_world/share/my_world//models/.fr-0T31rz/my_world/models/kitchen_dining/materials/textures/__auto_17.png
-- Up-to-date: /home/asun/turtlebot3_ws/install/my_world/share/my_world//models/.fr-0T31rz/my_world/models/kitchen_dining/materials/textures/__auto_14.png
-- Up-to-date: /home/asun/turtlebot3_ws/install/my_world/share/my_world//models/.fr-0T31rz/my_world/models/kitchen_dining/materials/textures/__auto_46.png
-- Up-to-date: /home/asun/turtlebot3_ws/install/my_world/share/my_world//models/.fr-0T31rz/my_world/models/kitchen_dining/materials/textures/__auto_38.png
-- Up-to-date: /home/asun/turtlebot3_ws/install/my_world/share/my_world//models/.fr-0T31rz/my_world/models/kitchen_dining/materials/textures/__auto_22.png
-- Up-to-date: /home/asun/turtlebot3_ws/install/my_world/share/my_world//models/.fr-0T31rz/my_world/models/kitchen_dining/materials/textures/__auto_20.png
-- Up-to-date: /home/asun/turtlebot3_ws/install/my_world/share/my_world//models/.fr-0T31rz/my_world/models/kitchen_dining/materials/textures/__auto_45.png
-- Up-to-date: /home/asun/turtlebot3_ws/install/my_world/share/my_world//models/.fr-0T31rz/my_world/models/kitchen_dining/materials/textures/__auto_1.png
-- Up-to-date: /home/asun/turtlebot3_ws/install/my_world/share/my_world//models/.fr-0T31rz/my_world/models/kitchen_dining/materials/textures/__auto_21.png
-- Up-to-date: /home/asun/turtlebot3_ws/install/my_world/share/my_world//models/.fr-0T31rz/my_world/models/kitchen_dining/meshes
-- Up-to-date: /home/asun/turtlebot3_ws/install/my_world/share/my_world//models/.fr-0T31rz/my_world/models/kitchen_dining/meshes/kitchen_dining.dae
-- Up-to-date: /home/asun/turtlebot3_ws/install/my_world/share/my_world//models/.fr-0T31rz/my_world/models/kitchen_dining/model.sdf
-- Up-to-date: /home/asun/turtlebot3_ws/install/my_world/share/my_world//models/.fr-0T31rz/my_world/models/kitchen_dining/model.config
-- Up-to-date: /home/asun/turtlebot3_ws/install/my_world/share/my_world//models/.fr-0T31rz/my_world/models/kitchen_dining/model-1_4.sdf
-- Up-to-date: /home/asun/turtlebot3_ws/install/my_world/share/my_world//models/.fr-0T31rz/my_world/models/cafe
-- Up-to-date: /home/asun/turtlebot3_ws/install/my_world/share/my_world//models/.fr-0T31rz/my_world/models/cafe/materials
-- Up-to-date: /home/asun/turtlebot3_ws/install/my_world/share/my_world//models/.fr-0T31rz/my_world/models/cafe/materials/textures
-- Up-to-date: /home/asun/turtlebot3_ws/install/my_world/share/my_world//models/.fr-0T31rz/my_world/models/cafe/materials/textures/__auto_25.jpg
-- Up-to-date: /home/asun/turtlebot3_ws/install/my_world/share/my_world//models/.fr-0T31rz/my_world/models/cafe/materials/textures/__auto_37.jpg
-- Up-to-date: /home/asun/turtlebot3_ws/install/my_world/share/my_world//models/.fr-0T31rz/my_world/models/cafe/materials/textures/__auto_24.jpg
-- Up-to-date: /home/asun/turtlebot3_ws/install/my_world/share/my_world//models/.fr-0T31rz/my_world/models/cafe/materials/textures/__auto_2.jpg
-- Up-to-date: /home/asun/turtlebot3_ws/install/my_world/share/my_world//models/.fr-0T31rz/my_world/models/cafe/materials/textures/__auto_34.jpg
-- Up-to-date: /home/asun/turtlebot3_ws/install/my_world/share/my_world//models/.fr-0T31rz/my_world/models/cafe/materials/textures/__auto_29.jpg
-- Up-to-date: /home/asun/turtlebot3_ws/install/my_world/share/my_world//models/.fr-0T31rz/my_world/models/cafe/materials/textures/__auto_28.jpg
-- Up-to-date: /home/asun/turtlebot3_ws/install/my_world/share/my_world//models/.fr-0T31rz/my_world/models/cafe/materials/textures/__auto_26.jpg
-- Up-to-date: /home/asun/turtlebot3_ws/install/my_world/share/my_world//models/.fr-0T31rz/my_world/models/cafe/materials/textures/__auto_10.jpg
-- Up-to-date: /home/asun/turtlebot3_ws/install/my_world/share/my_world//models/.fr-0T31rz/my_world/models/cafe/materials/textures/__auto_30.jpg
-- Up-to-date: /home/asun/turtlebot3_ws/install/my_world/share/my_world//models/.fr-0T31rz/my_world/models/cafe/materials/textures/__auto_22.jpg
-- Up-to-date: /home/asun/turtlebot3_ws/install/my_world/share/my_world//models/.fr-0T31rz/my_world/models/cafe/materials/textures/__auto_31.jpg
-- Up-to-date: /home/asun/turtlebot3_ws/install/my_world/share/my_world//models/.fr-0T31rz/my_world/models/cafe/materials/textures/__auto_21.jpg
-- Up-to-date: /home/asun/turtlebot3_ws/install/my_world/share/my_world//models/.fr-0T31rz/my_world/models/cafe/materials/textures/__auto_35.jpg
-- Up-to-date: /home/asun/turtlebot3_ws/install/my_world/share/my_world//models/.fr-0T31rz/my_world/models/cafe/materials/textures/__auto_23.jpg
-- Up-to-date: /home/asun/turtlebot3_ws/install/my_world/share/my_world//models/.fr-0T31rz/my_world/models/cafe/meshes
-- Up-to-date: /home/asun/turtlebot3_ws/install/my_world/share/my_world//models/.fr-0T31rz/my_world/models/cafe/meshes/cafe.dae
-- Up-to-date: /home/asun/turtlebot3_ws/install/my_world/share/my_world//models/.fr-0T31rz/my_world/models/cafe/model.sdf
-- Up-to-date: /home/asun/turtlebot3_ws/install/my_world/share/my_world//models/.fr-0T31rz/my_world/models/cafe/model.config
-- Up-to-date: /home/asun/turtlebot3_ws/install/my_world/share/my_world//models/.fr-0T31rz/my_world/models/turtlebot3_burger
-- Up-to-date: /home/asun/turtlebot3_ws/install/my_world/share/my_world//models/.fr-0T31rz/my_world/models/turtlebot3_burger/meshes
-- Up-to-date: /home/asun/turtlebot3_ws/install/my_world/share/my_world//models/.fr-0T31rz/my_world/models/turtlebot3_burger/meshes/burger_base.dae
-- Up-to-date: /home/asun/turtlebot3_ws/install/my_world/share/my_world//models/.fr-0T31rz/my_world/models/turtlebot3_burger/meshes/tire.dae
-- Up-to-date: /home/asun/turtlebot3_ws/install/my_world/share/my_world//models/.fr-0T31rz/my_world/models/turtlebot3_burger/meshes/lds.dae
-- Up-to-date: /home/asun/turtlebot3_ws/install/my_world/share/my_world//models/.fr-0T31rz/my_world/models/turtlebot3_burger/model.sdf
-- Up-to-date: /home/asun/turtlebot3_ws/install/my_world/share/my_world//models/.fr-0T31rz/my_world/models/turtlebot3_burger/model.config
-- Up-to-date: /home/asun/turtlebot3_ws/install/my_world/share/my_world//models/.fr-0T31rz/my_world/models/turtlebot3_burger/model-1_4.sdf
-- Up-to-date: /home/asun/turtlebot3_ws/install/my_world/share/my_world//models/.fr-0T31rz/my_world/models/cricket_ball
-- Up-to-date: /home/asun/turtlebot3_ws/install/my_world/share/my_world//models/.fr-0T31rz/my_world/models/cricket_ball/model.sdf
-- Up-to-date: /home/asun/turtlebot3_ws/install/my_world/share/my_world//models/.fr-0T31rz/my_world/models/cricket_ball/model.config
-- Up-to-date: /home/asun/turtlebot3_ws/install/my_world/share/my_world//models/.fr-0T31rz/my_world/models/cricket_ball/model.rsdf
-- Up-to-date: /home/asun/turtlebot3_ws/install/my_world/share/my_world//models/office_couch
-- Up-to-date: /home/asun/turtlebot3_ws/install/my_world/share/my_world//models/office_couch/materials
-- Up-to-date: /home/asun/turtlebot3_ws/install/my_world/share/my_world//models/office_couch/materials/textures
-- Up-to-date: /home/asun/turtlebot3_ws/install/my_world/share/my_world//models/office_couch/materials/textures/office_couch_specular.png
-- Up-to-date: /home/asun/turtlebot3_ws/install/my_world/share/my_world//models/office_couch/materials/textures/office_couch_diffuse.png
-- Up-to-date: /home/asun/turtlebot3_ws/install/my_world/share/my_world//models/office_couch/meshes
-- Up-to-date: /home/asun/turtlebot3_ws/install/my_world/share/my_world//models/office_couch/meshes/office_couch.dae
-- Up-to-date: /home/asun/turtlebot3_ws/install/my_world/share/my_world//models/office_couch/model.sdf
-- Up-to-date: /home/asun/turtlebot3_ws/install/my_world/share/my_world//models/office_couch/model.config
-- Installing: /home/asun/turtlebot3_ws/install/my_world/share/my_world//models/casual_male2
-- Installing: /home/asun/turtlebot3_ws/install/my_world/share/my_world//models/casual_male2/materials
-- Installing: /home/asun/turtlebot3_ws/install/my_world/share/my_world//models/casual_male2/materials/textures
-- Installing: /home/asun/turtlebot3_ws/install/my_world/share/my_world//models/casual_male2/materials/textures/afro_diffuse.png
-- Installing: /home/asun/turtlebot3_ws/install/my_world/share/my_world//models/casual_male2/materials/textures/male_casualsuit05_diffuse.png
-- Installing: /home/asun/turtlebot3_ws/install/my_world/share/my_world//models/casual_male2/materials/textures/eyebrow012.png
-- Installing: /home/asun/turtlebot3_ws/install/my_world/share/my_world//models/casual_male2/materials/textures/brown_eye.png
-- Installing: /home/asun/turtlebot3_ws/install/my_world/share/my_world//models/casual_male2/materials/textures/male_casualsuit05_normal.png
-- Installing: /home/asun/turtlebot3_ws/install/my_world/share/my_world//models/casual_male2/materials/textures/young_darkskinned_male_diffuse.png
-- Installing: /home/asun/turtlebot3_ws/install/my_world/share/my_world//models/casual_male2/meshes
-- Installing: /home/asun/turtlebot3_ws/install/my_world/share/my_world//models/casual_male2/meshes/casual_male2.dae
-- Installing: /home/asun/turtlebot3_ws/install/my_world/share/my_world//models/casual_male2/model.sdf
-- Installing: /home/asun/turtlebot3_ws/install/my_world/share/my_world//models/casual_male2/model.config
-- Up-to-date: /home/asun/turtlebot3_ws/install/my_world/share/my_world//models/turtlebot3_burger
-- Up-to-date: /home/asun/turtlebot3_ws/install/my_world/share/my_world//models/turtlebot3_burger/meshes
-- Installing: /home/asun/turtlebot3_ws/install/my_world/share/my_world//models/turtlebot3_burger/meshes/burger_base.dae
-- Installing: /home/asun/turtlebot3_ws/install/my_world/share/my_world//models/turtlebot3_burger/meshes/tire.dae
-- Installing: /home/asun/turtlebot3_ws/install/my_world/share/my_world//models/turtlebot3_burger/meshes/lds.dae
-- Installing: /home/asun/turtlebot3_ws/install/my_world/share/my_world//models/turtlebot3_burger/model.sdf
-- Installing: /home/asun/turtlebot3_ws/install/my_world/share/my_world//models/turtlebot3_burger/model.config
-- Installing: /home/asun/turtlebot3_ws/install/my_world/share/my_world//models/turtlebot3_burger/model-1_4.sdf
-- Up-to-date: /home/asun/turtlebot3_ws/install/my_world/share/my_world//models/reception_desk
-- Up-to-date: /home/asun/turtlebot3_ws/install/my_world/share/my_world//models/reception_desk/materials
-- Up-to-date: /home/asun/turtlebot3_ws/install/my_world/share/my_world//models/reception_desk/materials/textures
-- Up-to-date: /home/asun/turtlebot3_ws/install/my_world/share/my_world//models/reception_desk/materials/textures/reception_desk.png
-- Up-to-date: /home/asun/turtlebot3_ws/install/my_world/share/my_world//models/reception_desk/meshes
-- Up-to-date: /home/asun/turtlebot3_ws/install/my_world/share/my_world//models/reception_desk/meshes/reception_desk.obj
-- Up-to-date: /home/asun/turtlebot3_ws/install/my_world/share/my_world//models/reception_desk/meshes/reception_desk.mtl
-- Up-to-date: /home/asun/turtlebot3_ws/install/my_world/share/my_world//models/reception_desk/model.sdf
-- Up-to-date: /home/asun/turtlebot3_ws/install/my_world/share/my_world//models/reception_desk/model.config
-- Up-to-date: /home/asun/turtlebot3_ws/install/my_world/share/my_world//models/coffee_maker
-- Up-to-date: /home/asun/turtlebot3_ws/install/my_world/share/my_world//models/coffee_maker/materials
-- Up-to-date: /home/asun/turtlebot3_ws/install/my_world/share/my_world//models/coffee_maker/materials/textures
-- Up-to-date: /home/asun/turtlebot3_ws/install/my_world/share/my_world//models/coffee_maker/materials/textures/coffee_maker.png
-- Up-to-date: /home/asun/turtlebot3_ws/install/my_world/share/my_world//models/coffee_maker/meshes
-- Up-to-date: /home/asun/turtlebot3_ws/install/my_world/share/my_world//models/coffee_maker/meshes/coffee_maker.mtl
-- Up-to-date: /home/asun/turtlebot3_ws/install/my_world/share/my_world//models/coffee_maker/meshes/coffee_maker.obj
-- Up-to-date: /home/asun/turtlebot3_ws/install/my_world/share/my_world//models/coffee_maker/model.sdf
-- Up-to-date: /home/asun/turtlebot3_ws/install/my_world/share/my_world//models/coffee_maker/model.config
-- Installing: /home/asun/turtlebot3_ws/install/my_world/share/my_world//models/conference_table_medium
-- Installing: /home/asun/turtlebot3_ws/install/my_world/share/my_world//models/conference_table_medium/meshes
-- Installing: /home/asun/turtlebot3_ws/install/my_world/share/my_world//models/conference_table_medium/meshes/conference_table_medium.mtl
-- Installing: /home/asun/turtlebot3_ws/install/my_world/share/my_world//models/conference_table_medium/meshes/conference_table_medium.obj
-- Installing: /home/asun/turtlebot3_ws/install/my_world/share/my_world//models/conference_table_medium/model.sdf
-- Installing: /home/asun/turtlebot3_ws/install/my_world/share/my_world//models/conference_table_medium/model.config
-- Up-to-date: /home/asun/turtlebot3_ws/install/my_world/share/my_world//models/conference_table_large
-- Up-to-date: /home/asun/turtlebot3_ws/install/my_world/share/my_world//models/conference_table_large/meshes
-- Up-to-date: /home/asun/turtlebot3_ws/install/my_world/share/my_world//models/conference_table_large/meshes/conference_table_large.mtl
-- Up-to-date: /home/asun/turtlebot3_ws/install/my_world/share/my_world//models/conference_table_large/meshes/conference_table_large.obj
-- Up-to-date: /home/asun/turtlebot3_ws/install/my_world/share/my_world//models/conference_table_large/model.sdf
-- Up-to-date: /home/asun/turtlebot3_ws/install/my_world/share/my_world//models/conference_table_large/model.config
-- Installing: /home/asun/turtlebot3_ws/install/my_world/share/my_world//models/cubicle_island
-- Installing: /home/asun/turtlebot3_ws/install/my_world/share/my_world//models/cubicle_island/materials
-- Installing: /home/asun/turtlebot3_ws/install/my_world/share/my_world//models/cubicle_island/materials/textures
-- Installing: /home/asun/turtlebot3_ws/install/my_world/share/my_world//models/cubicle_island/materials/textures/cubicle_island.png
-- Installing: /home/asun/turtlebot3_ws/install/my_world/share/my_world//models/cubicle_island/materials/textures/cubicle_1.png
-- Installing: /home/asun/turtlebot3_ws/install/my_world/share/my_world//models/cubicle_island/meshes
-- Installing: /home/asun/turtlebot3_ws/install/my_world/share/my_world//models/cubicle_island/meshes/cubicle_island.obj
-- Installing: /home/asun/turtlebot3_ws/install/my_world/share/my_world//models/cubicle_island/meshes/cubicle_island.mtl
-- Installing: /home/asun/turtlebot3_ws/install/my_world/share/my_world//models/cubicle_island/model.sdf
-- Installing: /home/asun/turtlebot3_ws/install/my_world/share/my_world//models/cubicle_island/model.config
-- Up-to-date: /home/asun/turtlebot3_ws/install/my_world/share/my_world//world
-- Up-to-date: /home/asun/turtlebot3_ws/install/my_world/share/my_world//world/burger_pi.model
-- Up-to-date: /home/asun/turtlebot3_ws/install/my_world/share/my_world//world/burger_office.world
-- Up-to-date: /home/asun/turtlebot3_ws/install/my_world/share/my_world//world/burger.model
-- Up-to-date: /home/asun/turtlebot3_ws/install/my_world/share/my_world//urdf
-- Up-to-date: /home/asun/turtlebot3_ws/install/my_world/share/my_world//urdf/turtlebot3_burger_pi.urdf
-- Up-to-date: /home/asun/turtlebot3_ws/install/my_world/share/my_world//urdf/turtlebot3_burger.urdf
-- Up-to-date: /home/asun/turtlebot3_ws/install/my_world/include/
-- Up-to-date: /home/asun/turtlebot3_ws/install/my_world/include//my_world
-- Up-to-date: /home/asun/turtlebot3_ws/install/my_world/share/ament_index/resource_index/package_run_dependencies/my_world
-- Up-to-date: /home/asun/turtlebot3_ws/install/my_world/share/ament_index/resource_index/parent_prefix_path/my_world
-- Up-to-date: /home/asun/turtlebot3_ws/install/my_world/share/my_world/environment/ament_prefix_path.sh
-- Up-to-date: /home/asun/turtlebot3_ws/install/my_world/share/my_world/environment/ament_prefix_path.dsv
-- Up-to-date: /home/asun/turtlebot3_ws/install/my_world/share/my_world/environment/path.sh
-- Up-to-date: /home/asun/turtlebot3_ws/install/my_world/share/my_world/environment/path.dsv
-- Up-to-date: /home/asun/turtlebot3_ws/install/my_world/share/my_world/local_setup.bash
-- Up-to-date: /home/asun/turtlebot3_ws/install/my_world/share/my_world/local_setup.sh
-- Up-to-date: /home/asun/turtlebot3_ws/install/my_world/share/my_world/local_setup.zsh
-- Up-to-date: /home/asun/turtlebot3_ws/install/my_world/share/my_world/local_setup.dsv
-- Installing: /home/asun/turtlebot3_ws/install/my_world/share/my_world/package.dsv
-- Up-to-date: /home/asun/turtlebot3_ws/install/my_world/share/ament_index/resource_index/packages/my_world
-- Up-to-date: /home/asun/turtlebot3_ws/install/my_world/share/my_world/cmake/ament_cmake_export_include_directories-extras.cmake
-- Up-to-date: /home/asun/turtlebot3_ws/install/my_world/share/my_world/cmake/ament_cmake_export_dependencies-extras.cmake
-- Up-to-date: /home/asun/turtlebot3_ws/install/my_world/share/my_world/cmake/my_worldConfig.cmake
-- Up-to-date: /home/asun/turtlebot3_ws/install/my_world/share/my_world/cmake/my_worldConfig-version.cmake
-- Up-to-date: /home/asun/turtlebot3_ws/install/my_world/share/my_world/package.xml
