[0.812s] Invoking command in '/home/haoxu/Git/ProyectoRobotica_RoboEntrega/robot/src/nav2_system': PYTHONPATH=/home/haoxu/Git/ProyectoRobotica_RoboEntrega/robot/build/nav2_system/prefix_override:/usr/lib/python3/dist-packages/colcon_core/task/python/colcon_distutils_commands:/home/haoxu/Git/ProyectoRobotica_RoboEntrega/robot/install/nav2_system/lib/python3.8/site-packages:${PYTHONPATH} /usr/bin/python3 -W ignore:setup.py install is deprecated -W ignore:easy_install command is deprecated setup.py egg_info --egg-base ../../build/nav2_system build --build-base /home/haoxu/Git/ProyectoRobotica_RoboEntrega/robot/build/nav2_system/build install --record /home/haoxu/Git/ProyectoRobotica_RoboEntrega/robot/build/nav2_system/install.log --single-version-externally-managed install_data
[1.077s] running egg_info
[1.078s] writing ../../build/nav2_system/nav2_system.egg-info/PKG-INFO
[1.079s] writing dependency_links to ../../build/nav2_system/nav2_system.egg-info/dependency_links.txt
[1.080s] writing entry points to ../../build/nav2_system/nav2_system.egg-info/entry_points.txt
[1.119s] writing requirements to ../../build/nav2_system/nav2_system.egg-info/requires.txt
[1.119s] writing top-level names to ../../build/nav2_system/nav2_system.egg-info/top_level.txt
[1.119s] reading manifest file '../../build/nav2_system/nav2_system.egg-info/SOURCES.txt'
[1.119s] writing manifest file '../../build/nav2_system/nav2_system.egg-info/SOURCES.txt'
[1.119s] running build
[1.119s] running build_py
[1.119s] running install
[1.119s] running install_lib
[1.119s] running install_data
[1.119s] copying launch/nav2_system.launch.py -> /home/haoxu/Git/ProyectoRobotica_RoboEntrega/robot/install/nav2_system/share/nav2_system/launch
[1.119s] running install_egg_info
[1.120s] removing '/home/haoxu/Git/ProyectoRobotica_RoboEntrega/robot/install/nav2_system/lib/python3.8/site-packages/nav2_system-0.0.0-py3.8.egg-info' (and everything under it)
[1.120s] Copying ../../build/nav2_system/nav2_system.egg-info to /home/haoxu/Git/ProyectoRobotica_RoboEntrega/robot/install/nav2_system/lib/python3.8/site-packages/nav2_system-0.0.0-py3.8.egg-info
[1.120s] running install_scripts
[1.155s] writing list of installed files to '/home/haoxu/Git/ProyectoRobotica_RoboEntrega/robot/build/nav2_system/install.log'
[1.173s] Invoked command in '/home/haoxu/Git/ProyectoRobotica_RoboEntrega/robot/src/nav2_system' returned '0': PYTHONPATH=/home/haoxu/Git/ProyectoRobotica_RoboEntrega/robot/build/nav2_system/prefix_override:/usr/lib/python3/dist-packages/colcon_core/task/python/colcon_distutils_commands:/home/haoxu/Git/ProyectoRobotica_RoboEntrega/robot/install/nav2_system/lib/python3.8/site-packages:${PYTHONPATH} /usr/bin/python3 -W ignore:setup.py install is deprecated -W ignore:easy_install command is deprecated setup.py egg_info --egg-base ../../build/nav2_system build --build-base /home/haoxu/Git/ProyectoRobotica_RoboEntrega/robot/build/nav2_system/build install --record /home/haoxu/Git/ProyectoRobotica_RoboEntrega/robot/build/nav2_system/install.log --single-version-externally-managed install_data
