running develop
running egg_info
creating nav2_system.egg-info
writing nav2_system.egg-info/PKG-INFO
writing dependency_links to nav2_system.egg-info/dependency_links.txt
writing entry points to nav2_system.egg-info/entry_points.txt
writing requirements to nav2_system.egg-info/requires.txt
writing top-level names to nav2_system.egg-info/top_level.txt
writing manifest file 'nav2_system.egg-info/SOURCES.txt'
reading manifest file 'nav2_system.egg-info/SOURCES.txt'
writing manifest file 'nav2_system.egg-info/SOURCES.txt'
running build_ext
Creating /home/haoxu/Git/ProyectoRobotica_RoboEntrega/robot/install/nav2_system/lib/python3.8/site-packages/site.py
Creating /home/haoxu/Git/ProyectoRobotica_RoboEntrega/robot/install/nav2_system/lib/python3.8/site-packages/nav2-system.egg-link (link to .)
Installing initial_pose_pub script to /home/haoxu/Git/ProyectoRobotica_RoboEntrega/robot/install/nav2_system/lib/nav2_system
Installing load_map_client script to /home/haoxu/Git/ProyectoRobotica_RoboEntrega/robot/install/nav2_system/lib/nav2_system

Installed /home/haoxu/Git/ProyectoRobotica_RoboEntrega/robot/build/nav2_system
running symlink_data
creating /home/haoxu/Git/ProyectoRobotica_RoboEntrega/robot/install/nav2_system/share/ament_index
creating /home/haoxu/Git/ProyectoRobotica_RoboEntrega/robot/install/nav2_system/share/ament_index/resource_index
creating /home/haoxu/Git/ProyectoRobotica_RoboEntrega/robot/install/nav2_system/share/ament_index/resource_index/packages
symbolically linking /home/haoxu/Git/ProyectoRobotica_RoboEntrega/robot/build/nav2_system/resource/nav2_system -> /home/haoxu/Git/ProyectoRobotica_RoboEntrega/robot/install/nav2_system/share/ament_index/resource_index/packages
symbolically linking /home/haoxu/Git/ProyectoRobotica_RoboEntrega/robot/build/nav2_system/package.xml -> /home/haoxu/Git/ProyectoRobotica_RoboEntrega/robot/install/nav2_system/share/nav2_system
creating /home/haoxu/Git/ProyectoRobotica_RoboEntrega/robot/install/nav2_system/share/nav2_system/config
symbolically linking /home/haoxu/Git/ProyectoRobotica_RoboEntrega/robot/build/nav2_system/config/my_map.pgm -> /home/haoxu/Git/ProyectoRobotica_RoboEntrega/robot/install/nav2_system/share/nav2_system/config
symbolically linking /home/haoxu/Git/ProyectoRobotica_RoboEntrega/robot/build/nav2_system/config/my_map.yaml -> /home/haoxu/Git/ProyectoRobotica_RoboEntrega/robot/install/nav2_system/share/nav2_system/config
symbolically linking /home/haoxu/Git/ProyectoRobotica_RoboEntrega/robot/build/nav2_system/config/my_nav2_params.yaml -> /home/haoxu/Git/ProyectoRobotica_RoboEntrega/robot/install/nav2_system/share/nav2_system/config
symbolically linking /home/haoxu/Git/ProyectoRobotica_RoboEntrega/robot/build/nav2_system/config/slam.rviz -> /home/haoxu/Git/ProyectoRobotica_RoboEntrega/robot/install/nav2_system/share/nav2_system/config
symbolically linking /home/haoxu/Git/ProyectoRobotica_RoboEntrega/robot/build/nav2_system/config/map.rviz -> /home/haoxu/Git/ProyectoRobotica_RoboEntrega/robot/install/nav2_system/share/nav2_system/config
creating /home/haoxu/Git/ProyectoRobotica_RoboEntrega/robot/install/nav2_system/share/nav2_system/launch
symbolically linking /home/haoxu/Git/ProyectoRobotica_RoboEntrega/robot/build/nav2_system/launch/tb3_sim_nav2.launch.py -> /home/haoxu/Git/ProyectoRobotica_RoboEntrega/robot/install/nav2_system/share/nav2_system/launch
symbolically linking /home/haoxu/Git/ProyectoRobotica_RoboEntrega/robot/build/nav2_system/launch/nav2_system.launch.py -> /home/haoxu/Git/ProyectoRobotica_RoboEntrega/robot/install/nav2_system/share/nav2_system/launch
