[0.743s] Invoking command in '/home/haoxu/Git/ProyectoRobotica_RoboEntrega/robot/build/nav2_system': PYTHONPATH=/home/haoxu/Git/ProyectoRobotica_RoboEntrega/robot/build/nav2_system/prefix_override:/usr/lib/python3/dist-packages/colcon_core/task/python/colcon_distutils_commands:/home/haoxu/Git/ProyectoRobotica_RoboEntrega/robot/install/nav2_system/lib/python3.8/site-packages:${PYTHONPATH} /usr/bin/python3 -W ignore:setup.py install is deprecated -W ignore:easy_install command is deprecated setup.py develop --editable --build-directory /home/haoxu/Git/ProyectoRobotica_RoboEntrega/robot/build/nav2_system/build --no-deps symlink_data
[0.880s] running develop
[0.968s] running egg_info
[0.969s] creating nav2_system.egg-info
[0.970s] writing nav2_system.egg-info/PKG-INFO
[0.970s] writing dependency_links to nav2_system.egg-info/dependency_links.txt
[0.971s] writing entry points to nav2_system.egg-info/entry_points.txt
[0.971s] writing requirements to nav2_system.egg-info/requires.txt
[0.971s] writing top-level names to nav2_system.egg-info/top_level.txt
[0.971s] writing manifest file 'nav2_system.egg-info/SOURCES.txt'
[0.985s] reading manifest file 'nav2_system.egg-info/SOURCES.txt'
[0.986s] writing manifest file 'nav2_system.egg-info/SOURCES.txt'
[1.008s] running build_ext
[1.008s] Creating /home/haoxu/Git/ProyectoRobotica_RoboEntrega/robot/install/nav2_system/lib/python3.8/site-packages/site.py
[1.009s] Creating /home/haoxu/Git/ProyectoRobotica_RoboEntrega/robot/install/nav2_system/lib/python3.8/site-packages/nav2-system.egg-link (link to .)
[1.009s] Installing initial_pose_pub script to /home/haoxu/Git/ProyectoRobotica_RoboEntrega/robot/install/nav2_system/lib/nav2_system
[1.010s] Installing load_map_client script to /home/haoxu/Git/ProyectoRobotica_RoboEntrega/robot/install/nav2_system/lib/nav2_system
[1.010s] 
[1.010s] Installed /home/haoxu/Git/ProyectoRobotica_RoboEntrega/robot/build/nav2_system
[1.010s] running symlink_data
[1.010s] creating /home/haoxu/Git/ProyectoRobotica_RoboEntrega/robot/install/nav2_system/share/ament_index
[1.011s] creating /home/haoxu/Git/ProyectoRobotica_RoboEntrega/robot/install/nav2_system/share/ament_index/resource_index
[1.011s] creating /home/haoxu/Git/ProyectoRobotica_RoboEntrega/robot/install/nav2_system/share/ament_index/resource_index/packages
[1.011s] symbolically linking /home/haoxu/Git/ProyectoRobotica_RoboEntrega/robot/build/nav2_system/resource/nav2_system -> /home/haoxu/Git/ProyectoRobotica_RoboEntrega/robot/install/nav2_system/share/ament_index/resource_index/packages
[1.012s] symbolically linking /home/haoxu/Git/ProyectoRobotica_RoboEntrega/robot/build/nav2_system/package.xml -> /home/haoxu/Git/ProyectoRobotica_RoboEntrega/robot/install/nav2_system/share/nav2_system
[1.012s] creating /home/haoxu/Git/ProyectoRobotica_RoboEntrega/robot/install/nav2_system/share/nav2_system/config
[1.012s] symbolically linking /home/haoxu/Git/ProyectoRobotica_RoboEntrega/robot/build/nav2_system/config/my_map.pgm -> /home/haoxu/Git/ProyectoRobotica_RoboEntrega/robot/install/nav2_system/share/nav2_system/config
[1.012s] symbolically linking /home/haoxu/Git/ProyectoRobotica_RoboEntrega/robot/build/nav2_system/config/my_map.yaml -> /home/haoxu/Git/ProyectoRobotica_RoboEntrega/robot/install/nav2_system/share/nav2_system/config
[1.013s] symbolically linking /home/haoxu/Git/ProyectoRobotica_RoboEntrega/robot/build/nav2_system/config/my_nav2_params.yaml -> /home/haoxu/Git/ProyectoRobotica_RoboEntrega/robot/install/nav2_system/share/nav2_system/config
[1.013s] symbolically linking /home/haoxu/Git/ProyectoRobotica_RoboEntrega/robot/build/nav2_system/config/slam.rviz -> /home/haoxu/Git/ProyectoRobotica_RoboEntrega/robot/install/nav2_system/share/nav2_system/config
[1.013s] symbolically linking /home/haoxu/Git/ProyectoRobotica_RoboEntrega/robot/build/nav2_system/config/map.rviz -> /home/haoxu/Git/ProyectoRobotica_RoboEntrega/robot/install/nav2_system/share/nav2_system/config
[1.013s] creating /home/haoxu/Git/ProyectoRobotica_RoboEntrega/robot/install/nav2_system/share/nav2_system/launch
[1.013s] symbolically linking /home/haoxu/Git/ProyectoRobotica_RoboEntrega/robot/build/nav2_system/launch/tb3_sim_nav2.launch.py -> /home/haoxu/Git/ProyectoRobotica_RoboEntrega/robot/install/nav2_system/share/nav2_system/launch
[1.013s] symbolically linking /home/haoxu/Git/ProyectoRobotica_RoboEntrega/robot/build/nav2_system/launch/nav2_system.launch.py -> /home/haoxu/Git/ProyectoRobotica_RoboEntrega/robot/install/nav2_system/share/nav2_system/launch
[1.031s] Invoked command in '/home/haoxu/Git/ProyectoRobotica_RoboEntrega/robot/build/nav2_system' returned '0': PYTHONPATH=/home/haoxu/Git/ProyectoRobotica_RoboEntrega/robot/build/nav2_system/prefix_override:/usr/lib/python3/dist-packages/colcon_core/task/python/colcon_distutils_commands:/home/haoxu/Git/ProyectoRobotica_RoboEntrega/robot/install/nav2_system/lib/python3.8/site-packages:${PYTHONPATH} /usr/bin/python3 -W ignore:setup.py install is deprecated -W ignore:easy_install command is deprecated setup.py develop --editable --build-directory /home/haoxu/Git/ProyectoRobotica_RoboEntrega/robot/build/nav2_system/build --no-deps symlink_data
