[0.121s] Invoking command in '/home/robotica/proyectoRoboentrega/ProyectoRobotica_RoboEntrega/robot/build/turtlebot3_gazebo': CMAKE_PREFIX_PATH=${CMAKE_PREFIX_PATH}:/home/robotica/turtlebot3_ws/install/testeo1:/home/robotica/turtlebot3_ws/install/show_msg:/home/robotica/turtlebot3_ws/install/my_first_subscriber:/home/robotica/turtlebot3_ws/install/my_first_service:/home/robotica/turtlebot3_ws/install/my_first_publisher:/opt/ros/galactic /usr/bin/cmake /home/robotica/proyectoRoboentrega/ProyectoRobotica_RoboEntrega/robot/src/turtlebot3_simulations/turtlebot3_gazebo -DAMENT_CMAKE_SYMLINK_INSTALL=1 -DCMAKE_INSTALL_PREFIX=/home/robotica/proyectoRoboentrega/ProyectoRobotica_RoboEntrega/robot/install/turtlebot3_gazebo
[0.697s] -- The C compiler identification is GNU 9.4.0
[1.081s] -- The CXX compiler identification is GNU 9.4.0
[1.103s] -- Check for working C compiler: /usr/bin/cc
[1.333s] -- Check for working C compiler: /usr/bin/cc -- works
[1.348s] -- Detecting C compiler ABI info
[1.594s] -- Detecting C compiler ABI info - done
[1.646s] -- Detecting C compile features
[1.649s] -- Detecting C compile features - done
[1.660s] -- Check for working CXX compiler: /usr/bin/c++
[1.925s] -- Check for working CXX compiler: /usr/bin/c++ -- works
[1.930s] -- Detecting CXX compiler ABI info
[2.258s] -- Detecting CXX compiler ABI info - done
[2.306s] -- Detecting CXX compile features
[2.309s] -- Detecting CXX compile features - done
[2.323s] -- Found ament_cmake: 1.1.6 (/opt/ros/galactic/share/ament_cmake/cmake)
[2.432s] -- Found PythonInterp: /usr/bin/python3 (found suitable version "3.8.10", minimum required is "3") 
[2.432s] -- Using PYTHON_EXECUTABLE: /usr/bin/python3
[2.659s] -- Override CMake install command with custom implementation using symlinks instead of copying resources
[2.864s] -- Found PkgConfig: /usr/bin/pkg-config (found version "0.29.1") 
[2.887s] -- Checking for module 'bullet>=2.82'
[2.973s] --   Found bullet, version 2.88
[3.535s] -- Found ccd: /usr/include (found suitable version "2.0", minimum required is "2.0") 
[3.771s] -- Found fcl: /usr/include (found suitable version "0.5.0", minimum required is "0.3.2") 
[4.009s] -- Found assimp: /usr/include (found version "5.0.0") 
[4.190s] -- Found DART: /usr/include (Required is at least version "6.6") found components: dart 
[5.384s] -- Found Boost: /usr/lib/x86_64-linux-gnu/cmake/Boost-1.71.0/BoostConfig.cmake (found suitable version "1.71.0", minimum required is "1.40.0") found components: thread system filesystem program_options regex iostreams date_time 
[5.499s] -- Found Protobuf: /usr/lib/x86_64-linux-gnu/libprotobuf.so;-lpthread (found version "3.6.1") 
[5.544s] -- Looking for ignition-math6 -- found version 6.15.1
[5.591s] -- Searching for dependencies of ignition-math6
[5.605s] -- Looking for OGRE...
[5.608s] -- OGRE_PREFIX_WATCH changed.
[5.639s] -- Checking for module 'OGRE'
[5.719s] --   Found OGRE, version 1.9.0
[5.886s] -- Found Ogre Ghadamon (1.9.0)
[5.935s] -- Found OGRE: optimized;/usr/lib/x86_64-linux-gnu/libOgreMain.so;debug;/usr/lib/x86_64-linux-gnu/libOgreMain.so
[5.967s] -- Looking for OGRE_Paging...
[6.005s] -- Found OGRE_Paging: optimized;/usr/lib/x86_64-linux-gnu/libOgrePaging.so;debug;/usr/lib/x86_64-linux-gnu/libOgrePaging.so
[6.005s] -- Looking for OGRE_Terrain...
[6.045s] -- Found OGRE_Terrain: optimized;/usr/lib/x86_64-linux-gnu/libOgreTerrain.so;debug;/usr/lib/x86_64-linux-gnu/libOgreTerrain.so
[6.046s] -- Looking for OGRE_Property...
[6.089s] -- Found OGRE_Property: optimized;/usr/lib/x86_64-linux-gnu/libOgreProperty.so;debug;/usr/lib/x86_64-linux-gnu/libOgreProperty.so
[6.089s] -- Looking for OGRE_RTShaderSystem...
[6.137s] -- Found OGRE_RTShaderSystem: optimized;/usr/lib/x86_64-linux-gnu/libOgreRTShaderSystem.so;debug;/usr/lib/x86_64-linux-gnu/libOgreRTShaderSystem.so
[6.138s] -- Looking for OGRE_Volume...
[6.185s] -- Found OGRE_Volume: optimized;/usr/lib/x86_64-linux-gnu/libOgreVolume.so;debug;/usr/lib/x86_64-linux-gnu/libOgreVolume.so
[6.186s] -- Looking for OGRE_Overlay...
[6.228s] -- Found OGRE_Overlay: optimized;/usr/lib/x86_64-linux-gnu/libOgreOverlay.so;debug;/usr/lib/x86_64-linux-gnu/libOgreOverlay.so
[6.999s] -- Looking for ignition-math6 -- found version 6.15.1
[7.012s] -- Looking for ignition-transport8 -- found version 8.3.0
[7.014s] -- Searching for dependencies of ignition-transport8
[7.091s] -- Found Protobuf: /usr/lib/x86_64-linux-gnu/libprotobuf.so;-lpthread (found suitable version "3.6.1", minimum required is "3") 
[7.135s] -- Config-file not installed for ZeroMQ -- checking for pkg-config
[7.150s] -- Checking for module 'libzmq >= 4'
[7.211s] --   Found libzmq , version 4.3.2
[7.398s] -- Found ZeroMQ: TRUE (Required is at least version "4") 
[7.440s] -- Checking for module 'uuid'
[7.511s] --   Found uuid, version 2.34.0
[7.671s] -- Found UUID: TRUE  
[7.685s] -- Looking for ignition-msgs5 -- found version 5.10.0
[7.687s] -- Searching for dependencies of ignition-msgs5
[7.760s] -- Looking for ignition-math6 -- found version 6.15.1
[7.777s] -- Checking for module 'tinyxml2'
[7.839s] --   Found tinyxml2, version 6.2.0
[8.015s] -- Looking for ignition-msgs5 -- found version 5.10.0
[8.030s] -- Looking for ignition-common3 -- found version 3.14.2
[8.034s] -- Searching for dependencies of ignition-common3
[8.037s] -- Looking for dlfcn.h - found
[8.043s] -- Looking for libdl - found
[8.051s] -- Found DL: TRUE  
[8.088s] -- Searching for <ignition-common3> component [graphics]
[8.100s] -- Looking for ignition-common3-graphics -- found version 3.14.2
[8.104s] -- Searching for dependencies of ignition-common3-graphics
[8.106s] -- Looking for ignition-math6 -- found version 6.15.1
[8.130s] -- Looking for ignition-fuel_tools4 -- found version 4.6.0
[8.133s] -- Searching for dependencies of ignition-fuel_tools4
[8.443s] -- Found CURL: /usr/lib/x86_64-linux-gnu/libcurl.so (found version "7.68.0")  
[8.478s] -- Checking for module 'jsoncpp'
[8.543s] --   Found jsoncpp, version 1.7.4
[8.701s] -- Found JSONCPP: TRUE  
[8.735s] -- Checking for module 'libzip'
[8.802s] --   Found libzip, version 1.5.1
[8.972s] -- Found ZIP: TRUE  
[8.973s] -- Looking for ignition-common3 -- found version 3.14.2
[8.973s] -- Looking for ignition-math6 -- found version 6.15.1
[8.973s] -- Looking for ignition-msgs5 -- found version 5.10.0
[8.994s] -- Found gazebo_ros_pkgs: 3.5.2 (/opt/ros/galactic/share/gazebo_ros_pkgs/cmake)
[9.001s] -- Found geometry_msgs: 2.2.4 (/opt/ros/galactic/share/geometry_msgs/cmake)
[9.112s] -- Using all available rosidl_typesupport_c: rosidl_typesupport_fastrtps_c;rosidl_typesupport_introspection_c
[9.146s] -- Found rosidl_adapter: 2.2.3 (/opt/ros/galactic/share/rosidl_adapter/cmake)
[9.557s] -- Found OpenSSL: /usr/lib/x86_64-linux-gnu/libcrypto.so (found version "1.1.1f")  
[9.662s] -- Found FastRTPS: /opt/ros/galactic/include  
[10.031s] -- Using all available rosidl_typesupport_cpp: rosidl_typesupport_fastrtps_cpp;rosidl_typesupport_introspection_cpp
[10.356s] -- Found nav_msgs: 2.2.4 (/opt/ros/galactic/share/nav_msgs/cmake)
[10.613s] -- Found rclcpp: 9.2.2 (/opt/ros/galactic/share/rclcpp/cmake)
[10.842s] -- Found rmw_implementation_cmake: 3.3.1 (/opt/ros/galactic/share/rmw_implementation_cmake/cmake)
[10.859s] -- Found rmw_cyclonedds_cpp: 0.22.6 (/opt/ros/galactic/share/rmw_cyclonedds_cpp/cmake)
[10.958s] -- Using RMW implementation 'rmw_cyclonedds_cpp' as default
[10.965s] -- Found Threads: TRUE  
[11.544s] -- Found sensor_msgs: 2.2.4 (/opt/ros/galactic/share/sensor_msgs/cmake)
[11.875s] -- Found tf2: 0.17.5 (/opt/ros/galactic/share/tf2/cmake)
[12.167s] -- Configuring done
[12.399s] -- Generating done
[12.444s] -- Build files have been written to: /home/robotica/proyectoRoboentrega/ProyectoRobotica_RoboEntrega/robot/build/turtlebot3_gazebo
[12.481s] Invoked command in '/home/robotica/proyectoRoboentrega/ProyectoRobotica_RoboEntrega/robot/build/turtlebot3_gazebo' returned '0': CMAKE_PREFIX_PATH=${CMAKE_PREFIX_PATH}:/home/robotica/turtlebot3_ws/install/testeo1:/home/robotica/turtlebot3_ws/install/show_msg:/home/robotica/turtlebot3_ws/install/my_first_subscriber:/home/robotica/turtlebot3_ws/install/my_first_service:/home/robotica/turtlebot3_ws/install/my_first_publisher:/opt/ros/galactic /usr/bin/cmake /home/robotica/proyectoRoboentrega/ProyectoRobotica_RoboEntrega/robot/src/turtlebot3_simulations/turtlebot3_gazebo -DAMENT_CMAKE_SYMLINK_INSTALL=1 -DCMAKE_INSTALL_PREFIX=/home/robotica/proyectoRoboentrega/ProyectoRobotica_RoboEntrega/robot/install/turtlebot3_gazebo
[12.490s] Invoking command in '/home/robotica/proyectoRoboentrega/ProyectoRobotica_RoboEntrega/robot/build/turtlebot3_gazebo': CMAKE_PREFIX_PATH=${CMAKE_PREFIX_PATH}:/home/robotica/turtlebot3_ws/install/testeo1:/home/robotica/turtlebot3_ws/install/show_msg:/home/robotica/turtlebot3_ws/install/my_first_subscriber:/home/robotica/turtlebot3_ws/install/my_first_service:/home/robotica/turtlebot3_ws/install/my_first_publisher:/opt/ros/galactic /usr/bin/cmake --build /home/robotica/proyectoRoboentrega/ProyectoRobotica_RoboEntrega/robot/build/turtlebot3_gazebo -- -j2 -l2
[12.646s] [35m[1mScanning dependencies of target obstacles[0m
[12.679s] [35m[1mScanning dependencies of target obstacle2[0m
[13.757s] [ 12%] [32mBuilding CXX object CMakeFiles/obstacles.dir/models/turtlebot3_dqn_world/obstacle_plugin/obstacles.cc.o[0m
[13.855s] [ 25%] [32mBuilding CXX object CMakeFiles/obstacle2.dir/models/turtlebot3_dqn_world/obstacle_plugin/obstacle2.cc.o[0m
[61.219s] [ 37%] [32m[1mLinking CXX shared library libobstacles.so[0m
[61.471s] [ 50%] [32m[1mLinking CXX shared library libobstacle2.so[0m
[62.739s] [ 50%] Built target obstacle2
[62.778s] [ 50%] Built target obstacles
[62.830s] [35m[1mScanning dependencies of target turtlebot3_drive[0m
[63.094s] [ 62%] [32mBuilding CXX object CMakeFiles/turtlebot3_drive.dir/src/turtlebot3_drive.cpp.o[0m
[95.204s] [ 75%] [32m[1mLinking CXX executable turtlebot3_drive[0m
[96.933s] [ 75%] Built target turtlebot3_drive
[96.985s] [35m[1mScanning dependencies of target obstacle1[0m
[97.384s] [ 87%] [32mBuilding CXX object CMakeFiles/obstacle1.dir/models/turtlebot3_dqn_world/obstacle_plugin/obstacle1.cc.o[0m
[126.506s] [100%] [32m[1mLinking CXX shared library libobstacle1.so[0m
[127.559s] [100%] Built target obstacle1
[127.608s] Invoked command in '/home/robotica/proyectoRoboentrega/ProyectoRobotica_RoboEntrega/robot/build/turtlebot3_gazebo' returned '0': CMAKE_PREFIX_PATH=${CMAKE_PREFIX_PATH}:/home/robotica/turtlebot3_ws/install/testeo1:/home/robotica/turtlebot3_ws/install/show_msg:/home/robotica/turtlebot3_ws/install/my_first_subscriber:/home/robotica/turtlebot3_ws/install/my_first_service:/home/robotica/turtlebot3_ws/install/my_first_publisher:/opt/ros/galactic /usr/bin/cmake --build /home/robotica/proyectoRoboentrega/ProyectoRobotica_RoboEntrega/robot/build/turtlebot3_gazebo -- -j2 -l2
[127.621s] Invoking command in '/home/robotica/proyectoRoboentrega/ProyectoRobotica_RoboEntrega/robot/build/turtlebot3_gazebo': CMAKE_PREFIX_PATH=${CMAKE_PREFIX_PATH}:/home/robotica/turtlebot3_ws/install/testeo1:/home/robotica/turtlebot3_ws/install/show_msg:/home/robotica/turtlebot3_ws/install/my_first_subscriber:/home/robotica/turtlebot3_ws/install/my_first_service:/home/robotica/turtlebot3_ws/install/my_first_publisher:/opt/ros/galactic /usr/bin/cmake --install /home/robotica/proyectoRoboentrega/ProyectoRobotica_RoboEntrega/robot/build/turtlebot3_gazebo
[127.651s] -- Install configuration: ""
[127.654s] -- Execute custom install script
[127.657s] -- Symlinking: /home/robotica/proyectoRoboentrega/ProyectoRobotica_RoboEntrega/robot/install/turtlebot3_gazebo/lib/turtlebot3_gazebo/turtlebot3_drive
[127.690s] -- Symlinking: /home/robotica/proyectoRoboentrega/ProyectoRobotica_RoboEntrega/robot/install/turtlebot3_gazebo/share/turtlebot3_gazebo//launch/empty_world.launch.py
[127.722s] -- Symlinking: /home/robotica/proyectoRoboentrega/ProyectoRobotica_RoboEntrega/robot/install/turtlebot3_gazebo/share/turtlebot3_gazebo//launch/robot_state_publisher.launch.py
[127.750s] -- Symlinking: /home/robotica/proyectoRoboentrega/ProyectoRobotica_RoboEntrega/robot/install/turtlebot3_gazebo/share/turtlebot3_gazebo//launch/spawn_turtlebot3.launch.py
[127.778s] -- Symlinking: /home/robotica/proyectoRoboentrega/ProyectoRobotica_RoboEntrega/robot/install/turtlebot3_gazebo/share/turtlebot3_gazebo//launch/turtlebot3_dqn_stage1.launch.py
[127.807s] -- Symlinking: /home/robotica/proyectoRoboentrega/ProyectoRobotica_RoboEntrega/robot/install/turtlebot3_gazebo/share/turtlebot3_gazebo//launch/turtlebot3_dqn_stage2.launch.py
[127.835s] -- Symlinking: /home/robotica/proyectoRoboentrega/ProyectoRobotica_RoboEntrega/robot/install/turtlebot3_gazebo/share/turtlebot3_gazebo//launch/turtlebot3_dqn_stage3.launch.py
[127.863s] -- Symlinking: /home/robotica/proyectoRoboentrega/ProyectoRobotica_RoboEntrega/robot/install/turtlebot3_gazebo/share/turtlebot3_gazebo//launch/turtlebot3_dqn_stage4.launch.py
[127.898s] -- Symlinking: /home/robotica/proyectoRoboentrega/ProyectoRobotica_RoboEntrega/robot/install/turtlebot3_gazebo/share/turtlebot3_gazebo//launch/turtlebot3_house.launch.py
[127.936s] -- Symlinking: /home/robotica/proyectoRoboentrega/ProyectoRobotica_RoboEntrega/robot/install/turtlebot3_gazebo/share/turtlebot3_gazebo//launch/turtlebot3_world.launch.py
[127.993s] -- Symlinking: /home/robotica/proyectoRoboentrega/ProyectoRobotica_RoboEntrega/robot/install/turtlebot3_gazebo/share/turtlebot3_gazebo//models/turtlebot3_burger/model-1_4.sdf
[128.028s] -- Symlinking: /home/robotica/proyectoRoboentrega/ProyectoRobotica_RoboEntrega/robot/install/turtlebot3_gazebo/share/turtlebot3_gazebo//models/turtlebot3_burger/model.config
[128.063s] -- Symlinking: /home/robotica/proyectoRoboentrega/ProyectoRobotica_RoboEntrega/robot/install/turtlebot3_gazebo/share/turtlebot3_gazebo//models/turtlebot3_burger/model.sdf
[128.100s] -- Symlinking: /home/robotica/proyectoRoboentrega/ProyectoRobotica_RoboEntrega/robot/install/turtlebot3_gazebo/share/turtlebot3_gazebo//models/turtlebot3_common/meshes/burger_base.dae
[128.134s] -- Symlinking: /home/robotica/proyectoRoboentrega/ProyectoRobotica_RoboEntrega/robot/install/turtlebot3_gazebo/share/turtlebot3_gazebo//models/turtlebot3_common/meshes/lds.dae
[128.168s] -- Symlinking: /home/robotica/proyectoRoboentrega/ProyectoRobotica_RoboEntrega/robot/install/turtlebot3_gazebo/share/turtlebot3_gazebo//models/turtlebot3_common/meshes/r200.dae
[128.208s] -- Symlinking: /home/robotica/proyectoRoboentrega/ProyectoRobotica_RoboEntrega/robot/install/turtlebot3_gazebo/share/turtlebot3_gazebo//models/turtlebot3_common/meshes/tire.dae
[128.241s] -- Symlinking: /home/robotica/proyectoRoboentrega/ProyectoRobotica_RoboEntrega/robot/install/turtlebot3_gazebo/share/turtlebot3_gazebo//models/turtlebot3_common/meshes/waffle_base.dae
[128.274s] -- Symlinking: /home/robotica/proyectoRoboentrega/ProyectoRobotica_RoboEntrega/robot/install/turtlebot3_gazebo/share/turtlebot3_gazebo//models/turtlebot3_common/meshes/waffle_pi_base.dae
[128.311s] -- Symlinking: /home/robotica/proyectoRoboentrega/ProyectoRobotica_RoboEntrega/robot/install/turtlebot3_gazebo/share/turtlebot3_gazebo//models/turtlebot3_common/model.config
[128.345s] -- Symlinking: /home/robotica/proyectoRoboentrega/ProyectoRobotica_RoboEntrega/robot/install/turtlebot3_gazebo/share/turtlebot3_gazebo//models/turtlebot3_dqn_world/goal_box/model.config
[128.379s] -- Symlinking: /home/robotica/proyectoRoboentrega/ProyectoRobotica_RoboEntrega/robot/install/turtlebot3_gazebo/share/turtlebot3_gazebo//models/turtlebot3_dqn_world/goal_box/model.sdf
[128.412s] -- Symlinking: /home/robotica/proyectoRoboentrega/ProyectoRobotica_RoboEntrega/robot/install/turtlebot3_gazebo/share/turtlebot3_gazebo//models/turtlebot3_dqn_world/inner_walls/model.config
[128.441s] -- Symlinking: /home/robotica/proyectoRoboentrega/ProyectoRobotica_RoboEntrega/robot/install/turtlebot3_gazebo/share/turtlebot3_gazebo//models/turtlebot3_dqn_world/inner_walls/model.sdf
[128.472s] -- Symlinking: /home/robotica/proyectoRoboentrega/ProyectoRobotica_RoboEntrega/robot/install/turtlebot3_gazebo/share/turtlebot3_gazebo//models/turtlebot3_dqn_world/model.config
[128.512s] -- Symlinking: /home/robotica/proyectoRoboentrega/ProyectoRobotica_RoboEntrega/robot/install/turtlebot3_gazebo/share/turtlebot3_gazebo//models/turtlebot3_dqn_world/model.sdf
[128.556s] -- Symlinking: /home/robotica/proyectoRoboentrega/ProyectoRobotica_RoboEntrega/robot/install/turtlebot3_gazebo/share/turtlebot3_gazebo//models/turtlebot3_dqn_world/obstacle1/model.config
[128.601s] -- Symlinking: /home/robotica/proyectoRoboentrega/ProyectoRobotica_RoboEntrega/robot/install/turtlebot3_gazebo/share/turtlebot3_gazebo//models/turtlebot3_dqn_world/obstacle1/model.sdf
[128.632s] -- Symlinking: /home/robotica/proyectoRoboentrega/ProyectoRobotica_RoboEntrega/robot/install/turtlebot3_gazebo/share/turtlebot3_gazebo//models/turtlebot3_dqn_world/obstacle2/model.config
[128.674s] -- Symlinking: /home/robotica/proyectoRoboentrega/ProyectoRobotica_RoboEntrega/robot/install/turtlebot3_gazebo/share/turtlebot3_gazebo//models/turtlebot3_dqn_world/obstacle2/model.sdf
[128.707s] -- Symlinking: /home/robotica/proyectoRoboentrega/ProyectoRobotica_RoboEntrega/robot/install/turtlebot3_gazebo/share/turtlebot3_gazebo//models/turtlebot3_dqn_world/obstacle_plugin/CMakeLists.txt
[128.737s] -- Symlinking: /home/robotica/proyectoRoboentrega/ProyectoRobotica_RoboEntrega/robot/install/turtlebot3_gazebo/share/turtlebot3_gazebo//models/turtlebot3_dqn_world/obstacle_plugin/obstacle1.cc
[128.776s] -- Symlinking: /home/robotica/proyectoRoboentrega/ProyectoRobotica_RoboEntrega/robot/install/turtlebot3_gazebo/share/turtlebot3_gazebo//models/turtlebot3_dqn_world/obstacle_plugin/obstacle2.cc
[128.816s] -- Symlinking: /home/robotica/proyectoRoboentrega/ProyectoRobotica_RoboEntrega/robot/install/turtlebot3_gazebo/share/turtlebot3_gazebo//models/turtlebot3_dqn_world/obstacle_plugin/obstacles.cc
[128.850s] -- Symlinking: /home/robotica/proyectoRoboentrega/ProyectoRobotica_RoboEntrega/robot/install/turtlebot3_gazebo/share/turtlebot3_gazebo//models/turtlebot3_dqn_world/obstacles/model.config
[128.884s] -- Symlinking: /home/robotica/proyectoRoboentrega/ProyectoRobotica_RoboEntrega/robot/install/turtlebot3_gazebo/share/turtlebot3_gazebo//models/turtlebot3_dqn_world/obstacles/model.sdf
[128.919s] -- Symlinking: /home/robotica/proyectoRoboentrega/ProyectoRobotica_RoboEntrega/robot/install/turtlebot3_gazebo/share/turtlebot3_gazebo//models/turtlebot3_house/model.config
[128.954s] -- Symlinking: /home/robotica/proyectoRoboentrega/ProyectoRobotica_RoboEntrega/robot/install/turtlebot3_gazebo/share/turtlebot3_gazebo//models/turtlebot3_house/model.sdf
[128.988s] -- Symlinking: /home/robotica/proyectoRoboentrega/ProyectoRobotica_RoboEntrega/robot/install/turtlebot3_gazebo/share/turtlebot3_gazebo//models/turtlebot3_waffle/model-1_4.sdf
[129.024s] -- Symlinking: /home/robotica/proyectoRoboentrega/ProyectoRobotica_RoboEntrega/robot/install/turtlebot3_gazebo/share/turtlebot3_gazebo//models/turtlebot3_waffle/model.config
[129.058s] -- Symlinking: /home/robotica/proyectoRoboentrega/ProyectoRobotica_RoboEntrega/robot/install/turtlebot3_gazebo/share/turtlebot3_gazebo//models/turtlebot3_waffle/model.sdf
[129.102s] -- Symlinking: /home/robotica/proyectoRoboentrega/ProyectoRobotica_RoboEntrega/robot/install/turtlebot3_gazebo/share/turtlebot3_gazebo//models/turtlebot3_waffle_pi/model-1_4_.sdf
[129.137s] -- Symlinking: /home/robotica/proyectoRoboentrega/ProyectoRobotica_RoboEntrega/robot/install/turtlebot3_gazebo/share/turtlebot3_gazebo//models/turtlebot3_waffle_pi/model.config
[129.186s] -- Symlinking: /home/robotica/proyectoRoboentrega/ProyectoRobotica_RoboEntrega/robot/install/turtlebot3_gazebo/share/turtlebot3_gazebo//models/turtlebot3_waffle_pi/model.sdf
[129.234s] -- Symlinking: /home/robotica/proyectoRoboentrega/ProyectoRobotica_RoboEntrega/robot/install/turtlebot3_gazebo/share/turtlebot3_gazebo//models/turtlebot3_world/meshes/hexagon.dae
[129.265s] -- Symlinking: /home/robotica/proyectoRoboentrega/ProyectoRobotica_RoboEntrega/robot/install/turtlebot3_gazebo/share/turtlebot3_gazebo//models/turtlebot3_world/meshes/wall.dae
[129.293s] -- Symlinking: /home/robotica/proyectoRoboentrega/ProyectoRobotica_RoboEntrega/robot/install/turtlebot3_gazebo/share/turtlebot3_gazebo//models/turtlebot3_world/model-1_4.sdf
[129.322s] -- Symlinking: /home/robotica/proyectoRoboentrega/ProyectoRobotica_RoboEntrega/robot/install/turtlebot3_gazebo/share/turtlebot3_gazebo//models/turtlebot3_world/model.config
[129.349s] -- Symlinking: /home/robotica/proyectoRoboentrega/ProyectoRobotica_RoboEntrega/robot/install/turtlebot3_gazebo/share/turtlebot3_gazebo//models/turtlebot3_world/model.sdf
[129.387s] -- Symlinking: /home/robotica/proyectoRoboentrega/ProyectoRobotica_RoboEntrega/robot/install/turtlebot3_gazebo/share/turtlebot3_gazebo//rviz/tb3_gazebo.rviz
[129.419s] -- Symlinking: /home/robotica/proyectoRoboentrega/ProyectoRobotica_RoboEntrega/robot/install/turtlebot3_gazebo/share/turtlebot3_gazebo//urdf/common_properties.urdf
[129.455s] -- Symlinking: /home/robotica/proyectoRoboentrega/ProyectoRobotica_RoboEntrega/robot/install/turtlebot3_gazebo/share/turtlebot3_gazebo//urdf/turtlebot3_burger.urdf
[129.494s] -- Symlinking: /home/robotica/proyectoRoboentrega/ProyectoRobotica_RoboEntrega/robot/install/turtlebot3_gazebo/share/turtlebot3_gazebo//urdf/turtlebot3_waffle.urdf
[129.532s] -- Symlinking: /home/robotica/proyectoRoboentrega/ProyectoRobotica_RoboEntrega/robot/install/turtlebot3_gazebo/share/turtlebot3_gazebo//urdf/turtlebot3_waffle_pi.urdf
[129.577s] -- Symlinking: /home/robotica/proyectoRoboentrega/ProyectoRobotica_RoboEntrega/robot/install/turtlebot3_gazebo/share/turtlebot3_gazebo//worlds/empty_world.world
[129.620s] -- Symlinking: /home/robotica/proyectoRoboentrega/ProyectoRobotica_RoboEntrega/robot/install/turtlebot3_gazebo/share/turtlebot3_gazebo//worlds/turtlebot3_dqn_stage1.world
[129.664s] -- Symlinking: /home/robotica/proyectoRoboentrega/ProyectoRobotica_RoboEntrega/robot/install/turtlebot3_gazebo/share/turtlebot3_gazebo//worlds/turtlebot3_dqn_stage2.world
[129.703s] -- Symlinking: /home/robotica/proyectoRoboentrega/ProyectoRobotica_RoboEntrega/robot/install/turtlebot3_gazebo/share/turtlebot3_gazebo//worlds/turtlebot3_dqn_stage3.world
[129.742s] -- Symlinking: /home/robotica/proyectoRoboentrega/ProyectoRobotica_RoboEntrega/robot/install/turtlebot3_gazebo/share/turtlebot3_gazebo//worlds/turtlebot3_dqn_stage4.world
[129.790s] -- Symlinking: /home/robotica/proyectoRoboentrega/ProyectoRobotica_RoboEntrega/robot/install/turtlebot3_gazebo/share/turtlebot3_gazebo//worlds/turtlebot3_house.world
[129.821s] -- Symlinking: /home/robotica/proyectoRoboentrega/ProyectoRobotica_RoboEntrega/robot/install/turtlebot3_gazebo/share/turtlebot3_gazebo//worlds/turtlebot3_world.world
[129.855s] -- Symlinking: /home/robotica/proyectoRoboentrega/ProyectoRobotica_RoboEntrega/robot/install/turtlebot3_gazebo/include//turtlebot3_gazebo/turtlebot3_drive.hpp
[129.890s] -- Symlinking: /home/robotica/proyectoRoboentrega/ProyectoRobotica_RoboEntrega/robot/install/turtlebot3_gazebo/share/ament_index/resource_index/package_run_dependencies/turtlebot3_gazebo
[129.925s] -- Symlinking: /home/robotica/proyectoRoboentrega/ProyectoRobotica_RoboEntrega/robot/install/turtlebot3_gazebo/share/ament_index/resource_index/parent_prefix_path/turtlebot3_gazebo
[129.960s] -- Symlinking: /home/robotica/proyectoRoboentrega/ProyectoRobotica_RoboEntrega/robot/install/turtlebot3_gazebo/share/turtlebot3_gazebo/environment/ament_prefix_path.sh
[129.993s] -- Symlinking: /home/robotica/proyectoRoboentrega/ProyectoRobotica_RoboEntrega/robot/install/turtlebot3_gazebo/share/turtlebot3_gazebo/environment/ament_prefix_path.dsv
[130.027s] -- Symlinking: /home/robotica/proyectoRoboentrega/ProyectoRobotica_RoboEntrega/robot/install/turtlebot3_gazebo/share/turtlebot3_gazebo/environment/path.sh
[130.063s] -- Symlinking: /home/robotica/proyectoRoboentrega/ProyectoRobotica_RoboEntrega/robot/install/turtlebot3_gazebo/share/turtlebot3_gazebo/environment/path.dsv
[130.097s] -- Symlinking: /home/robotica/proyectoRoboentrega/ProyectoRobotica_RoboEntrega/robot/install/turtlebot3_gazebo/share/turtlebot3_gazebo/local_setup.bash
[130.132s] -- Symlinking: /home/robotica/proyectoRoboentrega/ProyectoRobotica_RoboEntrega/robot/install/turtlebot3_gazebo/share/turtlebot3_gazebo/local_setup.sh
[130.165s] -- Symlinking: /home/robotica/proyectoRoboentrega/ProyectoRobotica_RoboEntrega/robot/install/turtlebot3_gazebo/share/turtlebot3_gazebo/local_setup.zsh
[130.211s] -- Symlinking: /home/robotica/proyectoRoboentrega/ProyectoRobotica_RoboEntrega/robot/install/turtlebot3_gazebo/share/turtlebot3_gazebo/local_setup.dsv
[130.247s] -- Symlinking: /home/robotica/proyectoRoboentrega/ProyectoRobotica_RoboEntrega/robot/install/turtlebot3_gazebo/share/turtlebot3_gazebo/package.dsv
[130.289s] -- Symlinking: /home/robotica/proyectoRoboentrega/ProyectoRobotica_RoboEntrega/robot/install/turtlebot3_gazebo/share/ament_index/resource_index/packages/turtlebot3_gazebo
[130.326s] -- Symlinking: /home/robotica/proyectoRoboentrega/ProyectoRobotica_RoboEntrega/robot/install/turtlebot3_gazebo/share/turtlebot3_gazebo/cmake/ament_cmake_export_include_directories-extras.cmake
[130.359s] -- Symlinking: /home/robotica/proyectoRoboentrega/ProyectoRobotica_RoboEntrega/robot/install/turtlebot3_gazebo/share/turtlebot3_gazebo/cmake/ament_cmake_export_dependencies-extras.cmake
[130.388s] -- Symlinking: /home/robotica/proyectoRoboentrega/ProyectoRobotica_RoboEntrega/robot/install/turtlebot3_gazebo/share/turtlebot3_gazebo/cmake/turtlebot3_gazeboConfig.cmake
[130.425s] -- Symlinking: /home/robotica/proyectoRoboentrega/ProyectoRobotica_RoboEntrega/robot/install/turtlebot3_gazebo/share/turtlebot3_gazebo/cmake/turtlebot3_gazeboConfig-version.cmake
[130.463s] -- Symlinking: /home/robotica/proyectoRoboentrega/ProyectoRobotica_RoboEntrega/robot/install/turtlebot3_gazebo/share/turtlebot3_gazebo/package.xml
[130.507s] Invoked command in '/home/robotica/proyectoRoboentrega/ProyectoRobotica_RoboEntrega/robot/build/turtlebot3_gazebo' returned '0': CMAKE_PREFIX_PATH=${CMAKE_PREFIX_PATH}:/home/robotica/turtlebot3_ws/install/testeo1:/home/robotica/turtlebot3_ws/install/show_msg:/home/robotica/turtlebot3_ws/install/my_first_subscriber:/home/robotica/turtlebot3_ws/install/my_first_service:/home/robotica/turtlebot3_ws/install/my_first_publisher:/opt/ros/galactic /usr/bin/cmake --install /home/robotica/proyectoRoboentrega/ProyectoRobotica_RoboEntrega/robot/build/turtlebot3_gazebo
