[0.187s] Invoking command in '/home/asun/turtlebot3_ws/build/turtlebot3_fake_node': CMAKE_PREFIX_PATH=/opt/ros/galactic /usr/bin/cmake /home/asun/turtlebot3_ws/src/turtlebot3_simulations/turtlebot3_fake_node -DCMAKE_INSTALL_PREFIX=/home/asun/turtlebot3_ws/install/turtlebot3_fake_node
[0.510s] -- The C compiler identification is GNU 9.4.0
[0.697s] -- The CXX compiler identification is GNU 9.4.0
[0.715s] -- Check for working C compiler: /usr/bin/cc
[0.786s] -- Check for working C compiler: /usr/bin/cc -- works
[0.789s] -- Detecting C compiler ABI info
[0.847s] -- Detecting C compiler ABI info - done
[0.855s] -- Detecting C compile features
[0.856s] -- Detecting C compile features - done
[0.860s] -- Check for working CXX compiler: /usr/bin/c++
[0.918s] -- Check for working CXX compiler: /usr/bin/c++ -- works
[0.919s] -- Detecting CXX compiler ABI info
[0.987s] -- Detecting CXX compiler ABI info - done
[0.994s] -- Detecting CXX compile features
[0.994s] -- Detecting CXX compile features - done
[1.010s] -- Found ament_cmake: 1.1.6 (/opt/ros/galactic/share/ament_cmake/cmake)
[1.039s] -- Found PythonInterp: /usr/bin/python3 (found suitable version "3.8.10", minimum required is "3") 
[1.040s] -- Using PYTHON_EXECUTABLE: /usr/bin/python3
[1.139s] -- Found geometry_msgs: 2.2.4 (/opt/ros/galactic/share/geometry_msgs/cmake)
[1.193s] -- Using all available rosidl_typesupport_c: rosidl_typesupport_fastrtps_c;rosidl_typesupport_introspection_c
[1.206s] -- Found rosidl_adapter: 2.2.3 (/opt/ros/galactic/share/rosidl_adapter/cmake)
[1.289s] -- Found OpenSSL: /usr/lib/x86_64-linux-gnu/libcrypto.so (found version "1.1.1f")  
[1.318s] -- Found FastRTPS: /opt/ros/galactic/include  
[1.402s] -- Using all available rosidl_typesupport_cpp: rosidl_typesupport_fastrtps_cpp;rosidl_typesupport_introspection_cpp
[1.504s] -- Found nav_msgs: 2.2.4 (/opt/ros/galactic/share/nav_msgs/cmake)
[1.563s] -- Found rclcpp: 9.2.2 (/opt/ros/galactic/share/rclcpp/cmake)
[1.659s] -- Found rmw_implementation_cmake: 3.3.1 (/opt/ros/galactic/share/rmw_implementation_cmake/cmake)
[1.665s] -- Found rmw_cyclonedds_cpp: 0.22.6 (/opt/ros/galactic/share/rmw_cyclonedds_cpp/cmake)
[1.701s] -- Using RMW implementation 'rmw_cyclonedds_cpp' as default
[1.702s] -- Looking for pthread.h
[1.765s] -- Looking for pthread.h - found
[1.765s] -- Performing Test CMAKE_HAVE_LIBC_PTHREAD
[1.824s] -- Performing Test CMAKE_HAVE_LIBC_PTHREAD - Failed
[1.824s] -- Looking for pthread_create in pthreads
[1.878s] -- Looking for pthread_create in pthreads - not found
[1.879s] -- Looking for pthread_create in pthread
[1.945s] -- Looking for pthread_create in pthread - found
[1.946s] -- Found Threads: TRUE  
[2.089s] -- Found sensor_msgs: 2.2.4 (/opt/ros/galactic/share/sensor_msgs/cmake)
[2.150s] -- Found tf2: 0.17.5 (/opt/ros/galactic/share/tf2/cmake)
[2.165s] -- Found tf2_msgs: 0.17.5 (/opt/ros/galactic/share/tf2_msgs/cmake)
[2.328s] -- Found turtlebot3_msgs: 2.2.2 (/opt/ros/galactic/share/turtlebot3_msgs/cmake)
[2.466s] -- Configuring done
[2.478s] -- Generating done
[2.482s] -- Build files have been written to: /home/asun/turtlebot3_ws/build/turtlebot3_fake_node
[2.490s] Invoked command in '/home/asun/turtlebot3_ws/build/turtlebot3_fake_node' returned '0': CMAKE_PREFIX_PATH=/opt/ros/galactic /usr/bin/cmake /home/asun/turtlebot3_ws/src/turtlebot3_simulations/turtlebot3_fake_node -DCMAKE_INSTALL_PREFIX=/home/asun/turtlebot3_ws/install/turtlebot3_fake_node
[2.490s] Invoking command in '/home/asun/turtlebot3_ws/build/turtlebot3_fake_node': CMAKE_PREFIX_PATH=/opt/ros/galactic /usr/bin/cmake --build /home/asun/turtlebot3_ws/build/turtlebot3_fake_node -- -j6 -l6
[2.523s] [35m[1mScanning dependencies of target turtlebot3_fake_node[0m
[2.828s] [ 50%] [32mBuilding CXX object CMakeFiles/turtlebot3_fake_node.dir/src/turtlebot3_fake_node.cpp.o[0m
[13.623s] [100%] [32m[1mLinking CXX executable turtlebot3_fake_node[0m
[14.150s] [100%] Built target turtlebot3_fake_node
[14.185s] Invoked command in '/home/asun/turtlebot3_ws/build/turtlebot3_fake_node' returned '0': CMAKE_PREFIX_PATH=/opt/ros/galactic /usr/bin/cmake --build /home/asun/turtlebot3_ws/build/turtlebot3_fake_node -- -j6 -l6
[14.355s] Invoking command in '/home/asun/turtlebot3_ws/build/turtlebot3_fake_node': CMAKE_PREFIX_PATH=/opt/ros/galactic /usr/bin/cmake --install /home/asun/turtlebot3_ws/build/turtlebot3_fake_node
[14.368s] -- Install configuration: ""
[14.372s] -- Installing: /home/asun/turtlebot3_ws/install/turtlebot3_fake_node/lib/turtlebot3_fake_node/turtlebot3_fake_node
[14.374s] -- Set runtime path of "/home/asun/turtlebot3_ws/install/turtlebot3_fake_node/lib/turtlebot3_fake_node/turtlebot3_fake_node" to ""
[14.378s] -- Installing: /home/asun/turtlebot3_ws/install/turtlebot3_fake_node/share/turtlebot3_fake_node/launch
[14.378s] -- Installing: /home/asun/turtlebot3_ws/install/turtlebot3_fake_node/share/turtlebot3_fake_node/launch/turtlebot3_fake_node.launch.py
[14.379s] -- Installing: /home/asun/turtlebot3_ws/install/turtlebot3_fake_node/share/turtlebot3_fake_node/launch/rviz2.launch.py
[14.380s] -- Installing: /home/asun/turtlebot3_ws/install/turtlebot3_fake_node/share/turtlebot3_fake_node/param
[14.380s] -- Installing: /home/asun/turtlebot3_ws/install/turtlebot3_fake_node/share/turtlebot3_fake_node/param/waffle.yaml
[14.381s] -- Installing: /home/asun/turtlebot3_ws/install/turtlebot3_fake_node/share/turtlebot3_fake_node/param/waffle_pi.yaml
[14.381s] -- Installing: /home/asun/turtlebot3_ws/install/turtlebot3_fake_node/share/turtlebot3_fake_node/param/burger.yaml
[14.382s] -- Installing: /home/asun/turtlebot3_ws/install/turtlebot3_fake_node/include/
[14.383s] -- Installing: /home/asun/turtlebot3_ws/install/turtlebot3_fake_node/include//turtlebot3_fake_node
[14.383s] -- Installing: /home/asun/turtlebot3_ws/install/turtlebot3_fake_node/include//turtlebot3_fake_node/turtlebot3_fake_node.hpp
[14.388s] -- Installing: /home/asun/turtlebot3_ws/install/turtlebot3_fake_node/share/ament_index/resource_index/package_run_dependencies/turtlebot3_fake_node
[14.390s] -- Installing: /home/asun/turtlebot3_ws/install/turtlebot3_fake_node/share/ament_index/resource_index/parent_prefix_path/turtlebot3_fake_node
[14.396s] -- Installing: /home/asun/turtlebot3_ws/install/turtlebot3_fake_node/share/turtlebot3_fake_node/environment/ament_prefix_path.sh
[14.399s] -- Installing: /home/asun/turtlebot3_ws/install/turtlebot3_fake_node/share/turtlebot3_fake_node/environment/ament_prefix_path.dsv
[14.400s] -- Installing: /home/asun/turtlebot3_ws/install/turtlebot3_fake_node/share/turtlebot3_fake_node/environment/path.sh
[14.401s] -- Installing: /home/asun/turtlebot3_ws/install/turtlebot3_fake_node/share/turtlebot3_fake_node/environment/path.dsv
[14.401s] -- Installing: /home/asun/turtlebot3_ws/install/turtlebot3_fake_node/share/turtlebot3_fake_node/local_setup.bash
[14.402s] -- Installing: /home/asun/turtlebot3_ws/install/turtlebot3_fake_node/share/turtlebot3_fake_node/local_setup.sh
[14.403s] -- Installing: /home/asun/turtlebot3_ws/install/turtlebot3_fake_node/share/turtlebot3_fake_node/local_setup.zsh
[14.404s] -- Installing: /home/asun/turtlebot3_ws/install/turtlebot3_fake_node/share/turtlebot3_fake_node/local_setup.dsv
[14.405s] -- Installing: /home/asun/turtlebot3_ws/install/turtlebot3_fake_node/share/turtlebot3_fake_node/package.dsv
[14.407s] -- Installing: /home/asun/turtlebot3_ws/install/turtlebot3_fake_node/share/ament_index/resource_index/packages/turtlebot3_fake_node
[14.408s] -- Installing: /home/asun/turtlebot3_ws/install/turtlebot3_fake_node/share/turtlebot3_fake_node/cmake/ament_cmake_export_include_directories-extras.cmake
[14.409s] -- Installing: /home/asun/turtlebot3_ws/install/turtlebot3_fake_node/share/turtlebot3_fake_node/cmake/ament_cmake_export_dependencies-extras.cmake
[14.410s] -- Installing: /home/asun/turtlebot3_ws/install/turtlebot3_fake_node/share/turtlebot3_fake_node/cmake/turtlebot3_fake_nodeConfig.cmake
[14.410s] -- Installing: /home/asun/turtlebot3_ws/install/turtlebot3_fake_node/share/turtlebot3_fake_node/cmake/turtlebot3_fake_nodeConfig-version.cmake
[14.411s] -- Installing: /home/asun/turtlebot3_ws/install/turtlebot3_fake_node/share/turtlebot3_fake_node/package.xml
[14.413s] Invoked command in '/home/asun/turtlebot3_ws/build/turtlebot3_fake_node' returned '0': CMAKE_PREFIX_PATH=/opt/ros/galactic /usr/bin/cmake --install /home/asun/turtlebot3_ws/build/turtlebot3_fake_node
