[1.116s] Invoking command in '/home/haoxu/Git/ProyectoRobotica_RoboEntrega/robot/src/slam': PYTHONPATH=/home/haoxu/Git/ProyectoRobotica_RoboEntrega/robot/build/slam/prefix_override:/usr/lib/python3/dist-packages/colcon_core/task/python/colcon_distutils_commands:/home/haoxu/Git/ProyectoRobotica_RoboEntrega/robot/install/slam/lib/python3.8/site-packages:${PYTHONPATH} /usr/bin/python3 -W ignore:setup.py install is deprecated -W ignore:easy_install command is deprecated setup.py egg_info --egg-base ../../build/slam build --build-base /home/haoxu/Git/ProyectoRobotica_RoboEntrega/robot/build/slam/build install --record /home/haoxu/Git/ProyectoRobotica_RoboEntrega/robot/build/slam/install.log --single-version-externally-managed install_data
[1.398s] running egg_info
[1.398s] writing ../../build/slam/slam.egg-info/PKG-INFO
[1.398s] writing dependency_links to ../../build/slam/slam.egg-info/dependency_links.txt
[1.398s] writing entry points to ../../build/slam/slam.egg-info/entry_points.txt
[1.398s] writing requirements to ../../build/slam/slam.egg-info/requires.txt
[1.398s] writing top-level names to ../../build/slam/slam.egg-info/top_level.txt
[1.445s] reading manifest file '../../build/slam/slam.egg-info/SOURCES.txt'
[1.452s] writing manifest file '../../build/slam/slam.egg-info/SOURCES.txt'
[1.452s] running build
[1.452s] running build_py
[1.453s] running install
[1.454s] running install_lib
[1.454s] running install_data
[1.454s] running install_egg_info
[1.454s] removing '/home/haoxu/Git/ProyectoRobotica_RoboEntrega/robot/install/slam/lib/python3.8/site-packages/slam-0.0.0-py3.8.egg-info' (and everything under it)
[1.459s] Copying ../../build/slam/slam.egg-info to /home/haoxu/Git/ProyectoRobotica_RoboEntrega/robot/install/slam/lib/python3.8/site-packages/slam-0.0.0-py3.8.egg-info
[1.468s] running install_scripts
[1.480s] writing list of installed files to '/home/haoxu/Git/ProyectoRobotica_RoboEntrega/robot/build/slam/install.log'
[1.503s] Invoked command in '/home/haoxu/Git/ProyectoRobotica_RoboEntrega/robot/src/slam' returned '0': PYTHONPATH=/home/haoxu/Git/ProyectoRobotica_RoboEntrega/robot/build/slam/prefix_override:/usr/lib/python3/dist-packages/colcon_core/task/python/colcon_distutils_commands:/home/haoxu/Git/ProyectoRobotica_RoboEntrega/robot/install/slam/lib/python3.8/site-packages:${PYTHONPATH} /usr/bin/python3 -W ignore:setup.py install is deprecated -W ignore:easy_install command is deprecated setup.py egg_info --egg-base ../../build/slam build --build-base /home/haoxu/Git/ProyectoRobotica_RoboEntrega/robot/build/slam/build install --record /home/haoxu/Git/ProyectoRobotica_RoboEntrega/robot/build/slam/install.log --single-version-externally-managed install_data
