running egg_info
creating ../../build/nav2_system/nav2_system.egg-info
writing ../../build/nav2_system/nav2_system.egg-info/PKG-INFO
writing dependency_links to ../../build/nav2_system/nav2_system.egg-info/dependency_links.txt
writing entry points to ../../build/nav2_system/nav2_system.egg-info/entry_points.txt
writing requirements to ../../build/nav2_system/nav2_system.egg-info/requires.txt
writing top-level names to ../../build/nav2_system/nav2_system.egg-info/top_level.txt
writing manifest file '../../build/nav2_system/nav2_system.egg-info/SOURCES.txt'
reading manifest file '../../build/nav2_system/nav2_system.egg-info/SOURCES.txt'
writing manifest file '../../build/nav2_system/nav2_system.egg-info/SOURCES.txt'
running build
running build_py
creating /home/haoxu/Git/ProyectoRobotica_RoboEntrega/robot/build/nav2_system/build
creating /home/haoxu/Git/ProyectoRobotica_RoboEntrega/robot/build/nav2_system/build/lib
creating /home/haoxu/Git/ProyectoRobotica_RoboEntrega/robot/build/nav2_system/build/lib/nav2_system
copying nav2_system/__init__.py -> /home/haoxu/Git/ProyectoRobotica_RoboEntrega/robot/build/nav2_system/build/lib/nav2_system
running install
running install_lib
creating /home/haoxu/Git/ProyectoRobotica_RoboEntrega/robot/install/nav2_system/lib/python3.8/site-packages/nav2_system
copying /home/haoxu/Git/ProyectoRobotica_RoboEntrega/robot/build/nav2_system/build/lib/nav2_system/__init__.py -> /home/haoxu/Git/ProyectoRobotica_RoboEntrega/robot/install/nav2_system/lib/python3.8/site-packages/nav2_system
byte-compiling /home/haoxu/Git/ProyectoRobotica_RoboEntrega/robot/install/nav2_system/lib/python3.8/site-packages/nav2_system/__init__.py to __init__.cpython-38.pyc
running install_data
creating /home/haoxu/Git/ProyectoRobotica_RoboEntrega/robot/install/nav2_system/share/ament_index
creating /home/haoxu/Git/ProyectoRobotica_RoboEntrega/robot/install/nav2_system/share/ament_index/resource_index
creating /home/haoxu/Git/ProyectoRobotica_RoboEntrega/robot/install/nav2_system/share/ament_index/resource_index/packages
copying resource/nav2_system -> /home/haoxu/Git/ProyectoRobotica_RoboEntrega/robot/install/nav2_system/share/ament_index/resource_index/packages
copying package.xml -> /home/haoxu/Git/ProyectoRobotica_RoboEntrega/robot/install/nav2_system/share/nav2_system
creating /home/haoxu/Git/ProyectoRobotica_RoboEntrega/robot/install/nav2_system/share/nav2_system/launch
copying launch/nav2_system.launch.py -> /home/haoxu/Git/ProyectoRobotica_RoboEntrega/robot/install/nav2_system/share/nav2_system/launch
creating /home/haoxu/Git/ProyectoRobotica_RoboEntrega/robot/install/nav2_system/share/nav2_system/config
copying config/my_map.yaml -> /home/haoxu/Git/ProyectoRobotica_RoboEntrega/robot/install/nav2_system/share/nav2_system/config
copying config/my_nav2_params.yaml -> /home/haoxu/Git/ProyectoRobotica_RoboEntrega/robot/install/nav2_system/share/nav2_system/config
copying config/slam.rviz -> /home/haoxu/Git/ProyectoRobotica_RoboEntrega/robot/install/nav2_system/share/nav2_system/config
copying config/map.rviz -> /home/haoxu/Git/ProyectoRobotica_RoboEntrega/robot/install/nav2_system/share/nav2_system/config
copying config/my_map.pgm -> /home/haoxu/Git/ProyectoRobotica_RoboEntrega/robot/install/nav2_system/share/nav2_system/config
running install_egg_info
Copying ../../build/nav2_system/nav2_system.egg-info to /home/haoxu/Git/ProyectoRobotica_RoboEntrega/robot/install/nav2_system/lib/python3.8/site-packages/nav2_system-0.0.0-py3.8.egg-info
running install_scripts
writing list of installed files to '/home/haoxu/Git/ProyectoRobotica_RoboEntrega/robot/build/nav2_system/install.log'
