[0.373s] Invoking command in '/home/haoxu/Git/ProyectoRobotica_RoboEntrega/robot/src/nav2_system': PYTHONPATH=/home/haoxu/Git/ProyectoRobotica_RoboEntrega/robot/build/nav2_system/prefix_override:/usr/lib/python3/dist-packages/colcon_core/task/python/colcon_distutils_commands:/home/haoxu/Git/ProyectoRobotica_RoboEntrega/robot/install/nav2_system/lib/python3.8/site-packages:${PYTHONPATH} /usr/bin/python3 -W ignore:setup.py install is deprecated -W ignore:easy_install command is deprecated setup.py egg_info --egg-base ../../build/nav2_system build --build-base /home/haoxu/Git/ProyectoRobotica_RoboEntrega/robot/build/nav2_system/build install --record /home/haoxu/Git/ProyectoRobotica_RoboEntrega/robot/build/nav2_system/install.log --single-version-externally-managed install_data
[0.493s] running egg_info
[0.493s] creating ../../build/nav2_system/nav2_system.egg-info
[0.493s] writing ../../build/nav2_system/nav2_system.egg-info/PKG-INFO
[0.493s] writing dependency_links to ../../build/nav2_system/nav2_system.egg-info/dependency_links.txt
[0.493s] writing entry points to ../../build/nav2_system/nav2_system.egg-info/entry_points.txt
[0.494s] writing requirements to ../../build/nav2_system/nav2_system.egg-info/requires.txt
[0.494s] writing top-level names to ../../build/nav2_system/nav2_system.egg-info/top_level.txt
[0.494s] writing manifest file '../../build/nav2_system/nav2_system.egg-info/SOURCES.txt'
[0.514s] reading manifest file '../../build/nav2_system/nav2_system.egg-info/SOURCES.txt'
[0.514s] writing manifest file '../../build/nav2_system/nav2_system.egg-info/SOURCES.txt'
[0.515s] running build
[0.515s] running build_py
[0.515s] creating /home/haoxu/Git/ProyectoRobotica_RoboEntrega/robot/build/nav2_system/build
[0.515s] creating /home/haoxu/Git/ProyectoRobotica_RoboEntrega/robot/build/nav2_system/build/lib
[0.515s] creating /home/haoxu/Git/ProyectoRobotica_RoboEntrega/robot/build/nav2_system/build/lib/nav2_system
[0.515s] copying nav2_system/__init__.py -> /home/haoxu/Git/ProyectoRobotica_RoboEntrega/robot/build/nav2_system/build/lib/nav2_system
[0.515s] running install
[0.516s] running install_lib
[0.516s] creating /home/haoxu/Git/ProyectoRobotica_RoboEntrega/robot/install/nav2_system/lib/python3.8/site-packages/nav2_system
[0.516s] copying /home/haoxu/Git/ProyectoRobotica_RoboEntrega/robot/build/nav2_system/build/lib/nav2_system/__init__.py -> /home/haoxu/Git/ProyectoRobotica_RoboEntrega/robot/install/nav2_system/lib/python3.8/site-packages/nav2_system
[0.517s] byte-compiling /home/haoxu/Git/ProyectoRobotica_RoboEntrega/robot/install/nav2_system/lib/python3.8/site-packages/nav2_system/__init__.py to __init__.cpython-38.pyc
[0.517s] running install_data
[0.517s] creating /home/haoxu/Git/ProyectoRobotica_RoboEntrega/robot/install/nav2_system/share/ament_index
[0.517s] creating /home/haoxu/Git/ProyectoRobotica_RoboEntrega/robot/install/nav2_system/share/ament_index/resource_index
[0.518s] creating /home/haoxu/Git/ProyectoRobotica_RoboEntrega/robot/install/nav2_system/share/ament_index/resource_index/packages
[0.518s] copying resource/nav2_system -> /home/haoxu/Git/ProyectoRobotica_RoboEntrega/robot/install/nav2_system/share/ament_index/resource_index/packages
[0.518s] copying package.xml -> /home/haoxu/Git/ProyectoRobotica_RoboEntrega/robot/install/nav2_system/share/nav2_system
[0.518s] creating /home/haoxu/Git/ProyectoRobotica_RoboEntrega/robot/install/nav2_system/share/nav2_system/launch
[0.518s] copying launch/nav2_system.launch.py -> /home/haoxu/Git/ProyectoRobotica_RoboEntrega/robot/install/nav2_system/share/nav2_system/launch
[0.518s] creating /home/haoxu/Git/ProyectoRobotica_RoboEntrega/robot/install/nav2_system/share/nav2_system/config
[0.518s] copying config/my_map.yaml -> /home/haoxu/Git/ProyectoRobotica_RoboEntrega/robot/install/nav2_system/share/nav2_system/config
[0.518s] copying config/my_nav2_params.yaml -> /home/haoxu/Git/ProyectoRobotica_RoboEntrega/robot/install/nav2_system/share/nav2_system/config
[0.518s] copying config/slam.rviz -> /home/haoxu/Git/ProyectoRobotica_RoboEntrega/robot/install/nav2_system/share/nav2_system/config
[0.519s] copying config/map.rviz -> /home/haoxu/Git/ProyectoRobotica_RoboEntrega/robot/install/nav2_system/share/nav2_system/config
[0.519s] copying config/my_map.pgm -> /home/haoxu/Git/ProyectoRobotica_RoboEntrega/robot/install/nav2_system/share/nav2_system/config
[0.519s] running install_egg_info
[0.520s] Copying ../../build/nav2_system/nav2_system.egg-info to /home/haoxu/Git/ProyectoRobotica_RoboEntrega/robot/install/nav2_system/lib/python3.8/site-packages/nav2_system-0.0.0-py3.8.egg-info
[0.521s] running install_scripts
[0.530s] writing list of installed files to '/home/haoxu/Git/ProyectoRobotica_RoboEntrega/robot/build/nav2_system/install.log'
[0.543s] Invoked command in '/home/haoxu/Git/ProyectoRobotica_RoboEntrega/robot/src/nav2_system' returned '0': PYTHONPATH=/home/haoxu/Git/ProyectoRobotica_RoboEntrega/robot/build/nav2_system/prefix_override:/usr/lib/python3/dist-packages/colcon_core/task/python/colcon_distutils_commands:/home/haoxu/Git/ProyectoRobotica_RoboEntrega/robot/install/nav2_system/lib/python3.8/site-packages:${PYTHONPATH} /usr/bin/python3 -W ignore:setup.py install is deprecated -W ignore:easy_install command is deprecated setup.py egg_info --egg-base ../../build/nav2_system build --build-base /home/haoxu/Git/ProyectoRobotica_RoboEntrega/robot/build/nav2_system/build install --record /home/haoxu/Git/ProyectoRobotica_RoboEntrega/robot/build/nav2_system/install.log --single-version-externally-managed install_data
