running develop
running egg_info
creating robo_entrega_nav2_system.egg-info
writing robo_entrega_nav2_system.egg-info/PKG-INFO
writing dependency_links to robo_entrega_nav2_system.egg-info/dependency_links.txt
writing entry points to robo_entrega_nav2_system.egg-info/entry_points.txt
writing requirements to robo_entrega_nav2_system.egg-info/requires.txt
writing top-level names to robo_entrega_nav2_system.egg-info/top_level.txt
writing manifest file 'robo_entrega_nav2_system.egg-info/SOURCES.txt'
reading manifest file 'robo_entrega_nav2_system.egg-info/SOURCES.txt'
writing manifest file 'robo_entrega_nav2_system.egg-info/SOURCES.txt'
running build_ext
Creating /home/robotica/proyectoRoboentrega/ProyectoRobotica_RoboEntrega/robot/install/robo_entrega_nav2_system/lib/python3.8/site-packages/site.py
Creating /home/robotica/proyectoRoboentrega/ProyectoRobotica_RoboEntrega/robot/install/robo_entrega_nav2_system/lib/python3.8/site-packages/robo-entrega-nav2-system.egg-link (link to .)
Installing initial_pose_pub script to /home/robotica/proyectoRoboentrega/ProyectoRobotica_RoboEntrega/robot/install/robo_entrega_nav2_system/lib/robo_entrega_nav2_system

Installed /home/robotica/proyectoRoboentrega/ProyectoRobotica_RoboEntrega/robot/build/robo_entrega_nav2_system
running symlink_data
creating /home/robotica/proyectoRoboentrega/ProyectoRobotica_RoboEntrega/robot/install/robo_entrega_nav2_system/share/ament_index
creating /home/robotica/proyectoRoboentrega/ProyectoRobotica_RoboEntrega/robot/install/robo_entrega_nav2_system/share/ament_index/resource_index
creating /home/robotica/proyectoRoboentrega/ProyectoRobotica_RoboEntrega/robot/install/robo_entrega_nav2_system/share/ament_index/resource_index/packages
symbolically linking /home/robotica/proyectoRoboentrega/ProyectoRobotica_RoboEntrega/robot/build/robo_entrega_nav2_system/resource/robo_entrega_nav2_system -> /home/robotica/proyectoRoboentrega/ProyectoRobotica_RoboEntrega/robot/install/robo_entrega_nav2_system/share/ament_index/resource_index/packages
symbolically linking /home/robotica/proyectoRoboentrega/ProyectoRobotica_RoboEntrega/robot/build/robo_entrega_nav2_system/package.xml -> /home/robotica/proyectoRoboentrega/ProyectoRobotica_RoboEntrega/robot/install/robo_entrega_nav2_system/share/robo_entrega_nav2_system
creating /home/robotica/proyectoRoboentrega/ProyectoRobotica_RoboEntrega/robot/install/robo_entrega_nav2_system/share/robo_entrega_nav2_system/config
symbolically linking /home/robotica/proyectoRoboentrega/ProyectoRobotica_RoboEntrega/robot/build/robo_entrega_nav2_system/config/my_map.pgm -> /home/robotica/proyectoRoboentrega/ProyectoRobotica_RoboEntrega/robot/install/robo_entrega_nav2_system/share/robo_entrega_nav2_system/config
symbolically linking /home/robotica/proyectoRoboentrega/ProyectoRobotica_RoboEntrega/robot/build/robo_entrega_nav2_system/config/my_map.yaml -> /home/robotica/proyectoRoboentrega/ProyectoRobotica_RoboEntrega/robot/install/robo_entrega_nav2_system/share/robo_entrega_nav2_system/config
symbolically linking /home/robotica/proyectoRoboentrega/ProyectoRobotica_RoboEntrega/robot/build/robo_entrega_nav2_system/config/my_nav2_params.yaml -> /home/robotica/proyectoRoboentrega/ProyectoRobotica_RoboEntrega/robot/install/robo_entrega_nav2_system/share/robo_entrega_nav2_system/config
symbolically linking /home/robotica/proyectoRoboentrega/ProyectoRobotica_RoboEntrega/robot/build/robo_entrega_nav2_system/config/map.rviz -> /home/robotica/proyectoRoboentrega/ProyectoRobotica_RoboEntrega/robot/install/robo_entrega_nav2_system/share/robo_entrega_nav2_system/config
symbolically linking /home/robotica/proyectoRoboentrega/ProyectoRobotica_RoboEntrega/robot/build/robo_entrega_nav2_system/config/slam.rviz -> /home/robotica/proyectoRoboentrega/ProyectoRobotica_RoboEntrega/robot/install/robo_entrega_nav2_system/share/robo_entrega_nav2_system/config
creating /home/robotica/proyectoRoboentrega/ProyectoRobotica_RoboEntrega/robot/install/robo_entrega_nav2_system/share/robo_entrega_nav2_system/launch
symbolically linking /home/robotica/proyectoRoboentrega/ProyectoRobotica_RoboEntrega/robot/build/robo_entrega_nav2_system/launch/nav2_system.launch.py -> /home/robotica/proyectoRoboentrega/ProyectoRobotica_RoboEntrega/robot/install/robo_entrega_nav2_system/share/robo_entrega_nav2_system/launch
symbolically linking /home/robotica/proyectoRoboentrega/ProyectoRobotica_RoboEntrega/robot/build/robo_entrega_nav2_system/launch/tb3_sim_nav2.launch.py -> /home/robotica/proyectoRoboentrega/ProyectoRobotica_RoboEntrega/robot/install/robo_entrega_nav2_system/share/robo_entrega_nav2_system/launch
