[1.686s] Invoking command in '/home/robotica/proyectoRoboentrega/ProyectoRobotica_RoboEntrega/robot/build/robo_entrega_nav2_system': PYTHONPATH=/home/robotica/proyectoRoboentrega/ProyectoRobotica_RoboEntrega/robot/build/robo_entrega_nav2_system/prefix_override:/usr/lib/python3/dist-packages/colcon_core/task/python/colcon_distutils_commands:/home/robotica/proyectoRoboentrega/ProyectoRobotica_RoboEntrega/robot/install/robo_entrega_nav2_system/lib/python3.8/site-packages:${PYTHONPATH} /usr/bin/python3 -W ignore:setup.py install is deprecated -W ignore:easy_install command is deprecated setup.py develop --editable --build-directory /home/robotica/proyectoRoboentrega/ProyectoRobotica_RoboEntrega/robot/build/robo_entrega_nav2_system/build --no-deps symlink_data
[2.186s] running develop
[2.402s] running egg_info
[2.403s] creating robo_entrega_nav2_system.egg-info
[2.406s] writing robo_entrega_nav2_system.egg-info/PKG-INFO
[2.406s] writing dependency_links to robo_entrega_nav2_system.egg-info/dependency_links.txt
[2.406s] writing entry points to robo_entrega_nav2_system.egg-info/entry_points.txt
[2.406s] writing requirements to robo_entrega_nav2_system.egg-info/requires.txt
[2.406s] writing top-level names to robo_entrega_nav2_system.egg-info/top_level.txt
[2.412s] writing manifest file 'robo_entrega_nav2_system.egg-info/SOURCES.txt'
[2.472s] reading manifest file 'robo_entrega_nav2_system.egg-info/SOURCES.txt'
[2.473s] writing manifest file 'robo_entrega_nav2_system.egg-info/SOURCES.txt'
[2.545s] running build_ext
[2.547s] Creating /home/robotica/proyectoRoboentrega/ProyectoRobotica_RoboEntrega/robot/install/robo_entrega_nav2_system/lib/python3.8/site-packages/site.py
[2.555s] Creating /home/robotica/proyectoRoboentrega/ProyectoRobotica_RoboEntrega/robot/install/robo_entrega_nav2_system/lib/python3.8/site-packages/robo-entrega-nav2-system.egg-link (link to .)
[2.557s] Installing initial_pose_pub script to /home/robotica/proyectoRoboentrega/ProyectoRobotica_RoboEntrega/robot/install/robo_entrega_nav2_system/lib/robo_entrega_nav2_system
[2.558s] 
[2.559s] Installed /home/robotica/proyectoRoboentrega/ProyectoRobotica_RoboEntrega/robot/build/robo_entrega_nav2_system
[2.559s] running symlink_data
[2.559s] creating /home/robotica/proyectoRoboentrega/ProyectoRobotica_RoboEntrega/robot/install/robo_entrega_nav2_system/share/ament_index
[2.560s] creating /home/robotica/proyectoRoboentrega/ProyectoRobotica_RoboEntrega/robot/install/robo_entrega_nav2_system/share/ament_index/resource_index
[2.560s] creating /home/robotica/proyectoRoboentrega/ProyectoRobotica_RoboEntrega/robot/install/robo_entrega_nav2_system/share/ament_index/resource_index/packages
[2.560s] symbolically linking /home/robotica/proyectoRoboentrega/ProyectoRobotica_RoboEntrega/robot/build/robo_entrega_nav2_system/resource/robo_entrega_nav2_system -> /home/robotica/proyectoRoboentrega/ProyectoRobotica_RoboEntrega/robot/install/robo_entrega_nav2_system/share/ament_index/resource_index/packages
[2.560s] symbolically linking /home/robotica/proyectoRoboentrega/ProyectoRobotica_RoboEntrega/robot/build/robo_entrega_nav2_system/package.xml -> /home/robotica/proyectoRoboentrega/ProyectoRobotica_RoboEntrega/robot/install/robo_entrega_nav2_system/share/robo_entrega_nav2_system
[2.560s] creating /home/robotica/proyectoRoboentrega/ProyectoRobotica_RoboEntrega/robot/install/robo_entrega_nav2_system/share/robo_entrega_nav2_system/config
[2.561s] symbolically linking /home/robotica/proyectoRoboentrega/ProyectoRobotica_RoboEntrega/robot/build/robo_entrega_nav2_system/config/my_map.pgm -> /home/robotica/proyectoRoboentrega/ProyectoRobotica_RoboEntrega/robot/install/robo_entrega_nav2_system/share/robo_entrega_nav2_system/config
[2.561s] symbolically linking /home/robotica/proyectoRoboentrega/ProyectoRobotica_RoboEntrega/robot/build/robo_entrega_nav2_system/config/my_map.yaml -> /home/robotica/proyectoRoboentrega/ProyectoRobotica_RoboEntrega/robot/install/robo_entrega_nav2_system/share/robo_entrega_nav2_system/config
[2.561s] symbolically linking /home/robotica/proyectoRoboentrega/ProyectoRobotica_RoboEntrega/robot/build/robo_entrega_nav2_system/config/my_nav2_params.yaml -> /home/robotica/proyectoRoboentrega/ProyectoRobotica_RoboEntrega/robot/install/robo_entrega_nav2_system/share/robo_entrega_nav2_system/config
[2.561s] symbolically linking /home/robotica/proyectoRoboentrega/ProyectoRobotica_RoboEntrega/robot/build/robo_entrega_nav2_system/config/map.rviz -> /home/robotica/proyectoRoboentrega/ProyectoRobotica_RoboEntrega/robot/install/robo_entrega_nav2_system/share/robo_entrega_nav2_system/config
[2.562s] symbolically linking /home/robotica/proyectoRoboentrega/ProyectoRobotica_RoboEntrega/robot/build/robo_entrega_nav2_system/config/slam.rviz -> /home/robotica/proyectoRoboentrega/ProyectoRobotica_RoboEntrega/robot/install/robo_entrega_nav2_system/share/robo_entrega_nav2_system/config
[2.562s] creating /home/robotica/proyectoRoboentrega/ProyectoRobotica_RoboEntrega/robot/install/robo_entrega_nav2_system/share/robo_entrega_nav2_system/launch
[2.562s] symbolically linking /home/robotica/proyectoRoboentrega/ProyectoRobotica_RoboEntrega/robot/build/robo_entrega_nav2_system/launch/nav2_system.launch.py -> /home/robotica/proyectoRoboentrega/ProyectoRobotica_RoboEntrega/robot/install/robo_entrega_nav2_system/share/robo_entrega_nav2_system/launch
[2.562s] symbolically linking /home/robotica/proyectoRoboentrega/ProyectoRobotica_RoboEntrega/robot/build/robo_entrega_nav2_system/launch/tb3_sim_nav2.launch.py -> /home/robotica/proyectoRoboentrega/ProyectoRobotica_RoboEntrega/robot/install/robo_entrega_nav2_system/share/robo_entrega_nav2_system/launch
[2.634s] Invoked command in '/home/robotica/proyectoRoboentrega/ProyectoRobotica_RoboEntrega/robot/build/robo_entrega_nav2_system' returned '0': PYTHONPATH=/home/robotica/proyectoRoboentrega/ProyectoRobotica_RoboEntrega/robot/build/robo_entrega_nav2_system/prefix_override:/usr/lib/python3/dist-packages/colcon_core/task/python/colcon_distutils_commands:/home/robotica/proyectoRoboentrega/ProyectoRobotica_RoboEntrega/robot/install/robo_entrega_nav2_system/lib/python3.8/site-packages:${PYTHONPATH} /usr/bin/python3 -W ignore:setup.py install is deprecated -W ignore:easy_install command is deprecated setup.py develop --editable --build-directory /home/robotica/proyectoRoboentrega/ProyectoRobotica_RoboEntrega/robot/build/robo_entrega_nav2_system/build --no-deps symlink_data
