running egg_info
writing ../../build/provide_map/provide_map.egg-info/PKG-INFO
writing dependency_links to ../../build/provide_map/provide_map.egg-info/dependency_links.txt
writing entry points to ../../build/provide_map/provide_map.egg-info/entry_points.txt
writing requirements to ../../build/provide_map/provide_map.egg-info/requires.txt
writing top-level names to ../../build/provide_map/provide_map.egg-info/top_level.txt
reading manifest file '../../build/provide_map/provide_map.egg-info/SOURCES.txt'
writing manifest file '../../build/provide_map/provide_map.egg-info/SOURCES.txt'
running build
running build_py
copying provide_map/__init__.py -> /home/haoxu/Git/ProyectoRobotica_RoboEntrega/robot/build/provide_map/build/lib/provide_map
running install
running install_lib
copying /home/haoxu/Git/ProyectoRobotica_RoboEntrega/robot/build/provide_map/build/lib/provide_map/__init__.py -> /home/haoxu/Git/ProyectoRobotica_RoboEntrega/robot/install/provide_map/lib/python3.8/site-packages/provide_map
byte-compiling /home/haoxu/Git/ProyectoRobotica_RoboEntrega/robot/install/provide_map/lib/python3.8/site-packages/provide_map/__init__.py to __init__.cpython-38.pyc
running install_data
copying resource/provide_map -> /home/haoxu/Git/ProyectoRobotica_RoboEntrega/robot/install/provide_map/share/ament_index/resource_index/packages
copying package.xml -> /home/haoxu/Git/ProyectoRobotica_RoboEntrega/robot/install/provide_map/share/provide_map
copying map/my_map.pgm -> /home/haoxu/Git/ProyectoRobotica_RoboEntrega/robot/install/provide_map/share/provide_map/map
copying map/mapa_test.pgm -> /home/haoxu/Git/ProyectoRobotica_RoboEntrega/robot/install/provide_map/share/provide_map/map
copying map/my_map.yaml -> /home/haoxu/Git/ProyectoRobotica_RoboEntrega/robot/install/provide_map/share/provide_map/map
copying rviz/slam.rviz -> /home/haoxu/Git/ProyectoRobotica_RoboEntrega/robot/install/provide_map/share/provide_map/rviz
copying rviz/map.rviz -> /home/haoxu/Git/ProyectoRobotica_RoboEntrega/robot/install/provide_map/share/provide_map/rviz
copying launch/provide_map.launch.py -> /home/haoxu/Git/ProyectoRobotica_RoboEntrega/robot/install/provide_map/share/provide_map/launch
running install_egg_info
removing '/home/haoxu/Git/ProyectoRobotica_RoboEntrega/robot/install/provide_map/lib/python3.8/site-packages/provide_map-0.0.0-py3.8.egg-info' (and everything under it)
Copying ../../build/provide_map/provide_map.egg-info to /home/haoxu/Git/ProyectoRobotica_RoboEntrega/robot/install/provide_map/lib/python3.8/site-packages/provide_map-0.0.0-py3.8.egg-info
running install_scripts
writing list of installed files to '/home/haoxu/Git/ProyectoRobotica_RoboEntrega/robot/build/provide_map/install.log'
