[0.392s] Invoking command in '/home/haoxu/Git/ProyectoRobotica_RoboEntrega/robot/src/provide_map': PYTHONPATH=/home/haoxu/Git/ProyectoRobotica_RoboEntrega/robot/build/provide_map/prefix_override:/usr/lib/python3/dist-packages/colcon_core/task/python/colcon_distutils_commands:/home/haoxu/Git/ProyectoRobotica_RoboEntrega/robot/install/provide_map/lib/python3.8/site-packages:${PYTHONPATH} /usr/bin/python3 -W ignore:setup.py install is deprecated -W ignore:easy_install command is deprecated setup.py egg_info --egg-base ../../build/provide_map build --build-base /home/haoxu/Git/ProyectoRobotica_RoboEntrega/robot/build/provide_map/build install --record /home/haoxu/Git/ProyectoRobotica_RoboEntrega/robot/build/provide_map/install.log --single-version-externally-managed install_data
[0.517s] running egg_info
[0.518s] writing ../../build/provide_map/provide_map.egg-info/PKG-INFO
[0.518s] writing dependency_links to ../../build/provide_map/provide_map.egg-info/dependency_links.txt
[0.518s] writing entry points to ../../build/provide_map/provide_map.egg-info/entry_points.txt
[0.519s] writing requirements to ../../build/provide_map/provide_map.egg-info/requires.txt
[0.519s] writing top-level names to ../../build/provide_map/provide_map.egg-info/top_level.txt
[0.537s] reading manifest file '../../build/provide_map/provide_map.egg-info/SOURCES.txt'
[0.538s] writing manifest file '../../build/provide_map/provide_map.egg-info/SOURCES.txt'
[0.538s] running build
[0.538s] running build_py
[0.539s] copying provide_map/__init__.py -> /home/haoxu/Git/ProyectoRobotica_RoboEntrega/robot/build/provide_map/build/lib/provide_map
[0.539s] running install
[0.539s] running install_lib
[0.540s] copying /home/haoxu/Git/ProyectoRobotica_RoboEntrega/robot/build/provide_map/build/lib/provide_map/__init__.py -> /home/haoxu/Git/ProyectoRobotica_RoboEntrega/robot/install/provide_map/lib/python3.8/site-packages/provide_map
[0.540s] byte-compiling /home/haoxu/Git/ProyectoRobotica_RoboEntrega/robot/install/provide_map/lib/python3.8/site-packages/provide_map/__init__.py to __init__.cpython-38.pyc
[0.541s] running install_data
[0.541s] copying resource/provide_map -> /home/haoxu/Git/ProyectoRobotica_RoboEntrega/robot/install/provide_map/share/ament_index/resource_index/packages
[0.542s] copying package.xml -> /home/haoxu/Git/ProyectoRobotica_RoboEntrega/robot/install/provide_map/share/provide_map
[0.542s] copying map/my_map.pgm -> /home/haoxu/Git/ProyectoRobotica_RoboEntrega/robot/install/provide_map/share/provide_map/map
[0.542s] copying map/mapa_test.pgm -> /home/haoxu/Git/ProyectoRobotica_RoboEntrega/robot/install/provide_map/share/provide_map/map
[0.542s] copying map/my_map.yaml -> /home/haoxu/Git/ProyectoRobotica_RoboEntrega/robot/install/provide_map/share/provide_map/map
[0.542s] copying rviz/slam.rviz -> /home/haoxu/Git/ProyectoRobotica_RoboEntrega/robot/install/provide_map/share/provide_map/rviz
[0.542s] copying rviz/map.rviz -> /home/haoxu/Git/ProyectoRobotica_RoboEntrega/robot/install/provide_map/share/provide_map/rviz
[0.542s] copying launch/provide_map.launch.py -> /home/haoxu/Git/ProyectoRobotica_RoboEntrega/robot/install/provide_map/share/provide_map/launch
[0.542s] running install_egg_info
[0.544s] removing '/home/haoxu/Git/ProyectoRobotica_RoboEntrega/robot/install/provide_map/lib/python3.8/site-packages/provide_map-0.0.0-py3.8.egg-info' (and everything under it)
[0.544s] Copying ../../build/provide_map/provide_map.egg-info to /home/haoxu/Git/ProyectoRobotica_RoboEntrega/robot/install/provide_map/lib/python3.8/site-packages/provide_map-0.0.0-py3.8.egg-info
[0.544s] running install_scripts
[0.555s] writing list of installed files to '/home/haoxu/Git/ProyectoRobotica_RoboEntrega/robot/build/provide_map/install.log'
[0.568s] Invoked command in '/home/haoxu/Git/ProyectoRobotica_RoboEntrega/robot/src/provide_map' returned '0': PYTHONPATH=/home/haoxu/Git/ProyectoRobotica_RoboEntrega/robot/build/provide_map/prefix_override:/usr/lib/python3/dist-packages/colcon_core/task/python/colcon_distutils_commands:/home/haoxu/Git/ProyectoRobotica_RoboEntrega/robot/install/provide_map/lib/python3.8/site-packages:${PYTHONPATH} /usr/bin/python3 -W ignore:setup.py install is deprecated -W ignore:easy_install command is deprecated setup.py egg_info --egg-base ../../build/provide_map build --build-base /home/haoxu/Git/ProyectoRobotica_RoboEntrega/robot/build/provide_map/build install --record /home/haoxu/Git/ProyectoRobotica_RoboEntrega/robot/build/provide_map/install.log --single-version-externally-managed install_data
