[0.265s] Invoking command in '/home/asun/turtlebot3_ws/build/my_world': CMAKE_PREFIX_PATH=/home/asun/turtlebot3_ws/install/turtlebot3_gazebo:/home/asun/turtlebot3_ws/install/my_world:/home/asun/turtlebot3_ws/install/turtlebot3_simulations:/home/asun/turtlebot3_ws/install/turtlebot3_fake_node:/opt/ros/galactic /usr/bin/cmake --build /home/asun/turtlebot3_ws/build/my_world -- -j6 -l6
[0.381s] [100%] Built target turtlebot3_drive
[0.400s] Invoked command in '/home/asun/turtlebot3_ws/build/my_world' returned '0': CMAKE_PREFIX_PATH=/home/asun/turtlebot3_ws/install/turtlebot3_gazebo:/home/asun/turtlebot3_ws/install/my_world:/home/asun/turtlebot3_ws/install/turtlebot3_simulations:/home/asun/turtlebot3_ws/install/turtlebot3_fake_node:/opt/ros/galactic /usr/bin/cmake --build /home/asun/turtlebot3_ws/build/my_world -- -j6 -l6
[0.466s] Invoking command in '/home/asun/turtlebot3_ws/build/my_world': CMAKE_PREFIX_PATH=/home/asun/turtlebot3_ws/install/turtlebot3_gazebo:/home/asun/turtlebot3_ws/install/my_world:/home/asun/turtlebot3_ws/install/turtlebot3_simulations:/home/asun/turtlebot3_ws/install/turtlebot3_fake_node:/opt/ros/galactic /usr/bin/cmake --install /home/asun/turtlebot3_ws/build/my_world
[0.479s] -- Install configuration: ""
[0.479s] -- Up-to-date: /home/asun/turtlebot3_ws/install/my_world/lib/my_world/turtlebot3_drive
[0.479s] -- Up-to-date: /home/asun/turtlebot3_ws/install/my_world/share/my_world//launch
[0.479s] -- Up-to-date: /home/asun/turtlebot3_ws/install/my_world/share/my_world//launch/turtlebot3_my_world.launch.py
[0.480s] -- Up-to-date: /home/asun/turtlebot3_ws/install/my_world/share/my_world//models
[0.480s] -- Up-to-date: /home/asun/turtlebot3_ws/install/my_world/share/my_world//models/elegant_female2
[0.481s] -- Up-to-date: /home/asun/turtlebot3_ws/install/my_world/share/my_world//models/elegant_female2/materials
[0.481s] -- Up-to-date: /home/asun/turtlebot3_ws/install/my_world/share/my_world//models/elegant_female2/materials/textures
[0.482s] -- Up-to-date: /home/asun/turtlebot3_ws/install/my_world/share/my_world//models/elegant_female2/materials/textures/female_elegantsuit01_diffuse.png
[0.482s] -- Up-to-date: /home/asun/turtlebot3_ws/install/my_world/share/my_world//models/elegant_female2/materials/textures/braid01_diffuse.png
[0.483s] -- Up-to-date: /home/asun/turtlebot3_ws/install/my_world/share/my_world//models/elegant_female2/materials/textures/female_elegantsuit01_normal.png
[0.483s] -- Up-to-date: /home/asun/turtlebot3_ws/install/my_world/share/my_world//models/elegant_female2/materials/textures/brown_eye.png
[0.483s] -- Up-to-date: /home/asun/turtlebot3_ws/install/my_world/share/my_world//models/elegant_female2/materials/textures/eyelashes01.png
[0.483s] -- Up-to-date: /home/asun/turtlebot3_ws/install/my_world/share/my_world//models/elegant_female2/materials/textures/shoes03_diffuse.png
[0.484s] -- Up-to-date: /home/asun/turtlebot3_ws/install/my_world/share/my_world//models/elegant_female2/materials/textures/young_darkskinned_female_diffuse.png
[0.484s] -- Up-to-date: /home/asun/turtlebot3_ws/install/my_world/share/my_world//models/elegant_female2/materials/textures/eyebrow003.png
[0.484s] -- Up-to-date: /home/asun/turtlebot3_ws/install/my_world/share/my_world//models/elegant_female2/meshes
[0.484s] -- Up-to-date: /home/asun/turtlebot3_ws/install/my_world/share/my_world//models/elegant_female2/meshes/elegant_female2.png
[0.485s] -- Up-to-date: /home/asun/turtlebot3_ws/install/my_world/share/my_world//models/elegant_female2/meshes/elegant_female2.dae
[0.485s] -- Up-to-date: /home/asun/turtlebot3_ws/install/my_world/share/my_world//models/elegant_female2/model.sdf
[0.486s] -- Up-to-date: /home/asun/turtlebot3_ws/install/my_world/share/my_world//models/elegant_female2/model.config
[0.486s] -- Up-to-date: /home/asun/turtlebot3_ws/install/my_world/share/my_world//models/media
[0.486s] -- Up-to-date: /home/asun/turtlebot3_ws/install/my_world/share/my_world//models/media/materials
[0.486s] -- Up-to-date: /home/asun/turtlebot3_ws/install/my_world/share/my_world//models/media/materials/textures
[0.486s] -- Up-to-date: /home/asun/turtlebot3_ws/install/my_world/share/my_world//models/media/materials/textures/sink.png
[0.487s] -- Up-to-date: /home/asun/turtlebot3_ws/install/my_world/share/my_world//models/media/materials/textures/bathroom.png
[0.487s] -- Up-to-date: /home/asun/turtlebot3_ws/install/my_world/share/my_world//models/media/materials/textures/hallway.png
[0.487s] -- Up-to-date: /home/asun/turtlebot3_ws/install/my_world/share/my_world//models/media/materials/textures/elevator.png
[0.487s] -- Up-to-date: /home/asun/turtlebot3_ws/install/my_world/share/my_world//models/media/materials/textures/wall_color.png
[0.487s] -- Up-to-date: /home/asun/turtlebot3_ws/install/my_world/share/my_world//models/media/materials/textures/window.png
[0.488s] -- Up-to-date: /home/asun/turtlebot3_ws/install/my_world/share/my_world//models/media/materials/textures/wall_window_and_elevator.png
[0.488s] -- Up-to-date: /home/asun/turtlebot3_ws/install/my_world/share/my_world//models/media/materials/textures/wall_plain_and_door.png
[0.488s] -- Up-to-date: /home/asun/turtlebot3_ws/install/my_world/share/my_world//models/media/materials/textures/cubicle_wall.png
[0.488s] -- Up-to-date: /home/asun/turtlebot3_ws/install/my_world/share/my_world//models/media/materials/textures/floors.png
[0.488s] -- Up-to-date: /home/asun/turtlebot3_ws/install/my_world/share/my_world//models/media/materials/textures/plain.png
[0.489s] -- Up-to-date: /home/asun/turtlebot3_ws/install/my_world/share/my_world//models/media/materials/textures/ceiling.png
[0.489s] -- Up-to-date: /home/asun/turtlebot3_ws/install/my_world/share/my_world//models/media/materials/textures/door_wall.png
[0.489s] -- Up-to-date: /home/asun/turtlebot3_ws/install/my_world/share/my_world//models/media/materials/scripts
[0.489s] -- Up-to-date: /home/asun/turtlebot3_ws/install/my_world/share/my_world//models/media/materials/scripts/servicesim.material
[0.489s] -- Up-to-date: /home/asun/turtlebot3_ws/install/my_world/share/my_world//models/media/meshes
[0.490s] -- Up-to-date: /home/asun/turtlebot3_ws/install/my_world/share/my_world//models/media/meshes/bathroom.obj
[0.490s] -- Up-to-date: /home/asun/turtlebot3_ws/install/my_world/share/my_world//models/media/meshes/wall_door.obj
[0.490s] -- Up-to-date: /home/asun/turtlebot3_ws/install/my_world/share/my_world//models/media/meshes/office_small.obj
[0.490s] -- Up-to-date: /home/asun/turtlebot3_ws/install/my_world/share/my_world//models/media/meshes/tile.obj
[0.490s] -- Up-to-date: /home/asun/turtlebot3_ws/install/my_world/share/my_world//models/media/meshes/sink.obj
[0.490s] -- Up-to-date: /home/asun/turtlebot3_ws/install/my_world/share/my_world//models/media/meshes/wall_plain.obj
[0.491s] -- Up-to-date: /home/asun/turtlebot3_ws/install/my_world/share/my_world//models/media/meshes/cubicle_wall.mtl
[0.491s] -- Up-to-date: /home/asun/turtlebot3_ws/install/my_world/share/my_world//models/media/meshes/refreshment_area.obj
[0.491s] -- Up-to-date: /home/asun/turtlebot3_ws/install/my_world/share/my_world//models/media/meshes/ceiling.obj
[0.491s] -- Up-to-date: /home/asun/turtlebot3_ws/install/my_world/share/my_world//models/media/meshes/office.mtl
[0.491s] -- Up-to-date: /home/asun/turtlebot3_ws/install/my_world/share/my_world//models/media/meshes/office_large.obj
[0.492s] -- Up-to-date: /home/asun/turtlebot3_ws/install/my_world/share/my_world//models/media/meshes/wall_window.obj
[0.492s] -- Up-to-date: /home/asun/turtlebot3_ws/install/my_world/share/my_world//models/media/meshes/reception.obj
[0.492s] -- Up-to-date: /home/asun/turtlebot3_ws/install/my_world/share/my_world//models/media/meshes/meeting_room_large.obj
[0.492s] -- Up-to-date: /home/asun/turtlebot3_ws/install/my_world/share/my_world//models/media/meshes/meeting_room_small.obj
[0.492s] -- Up-to-date: /home/asun/turtlebot3_ws/install/my_world/share/my_world//models/media/meshes/carpet.obj
[0.493s] -- Up-to-date: /home/asun/turtlebot3_ws/install/my_world/share/my_world//models/media/meshes/cubicle_wall.obj
[0.493s] -- Up-to-date: /home/asun/turtlebot3_ws/install/my_world/share/my_world//models/media/meshes/wall_elevator.obj
[0.493s] -- Up-to-date: /home/asun/turtlebot3_ws/install/my_world/share/my_world//models/media/meshes/hallway.obj
[0.493s] -- Up-to-date: /home/asun/turtlebot3_ws/install/my_world/share/my_world//models/microwave
[0.493s] -- Up-to-date: /home/asun/turtlebot3_ws/install/my_world/share/my_world//models/microwave/materials
[0.494s] -- Up-to-date: /home/asun/turtlebot3_ws/install/my_world/share/my_world//models/microwave/materials/textures
[0.494s] -- Up-to-date: /home/asun/turtlebot3_ws/install/my_world/share/my_world//models/microwave/materials/textures/microwave.png
[0.494s] -- Up-to-date: /home/asun/turtlebot3_ws/install/my_world/share/my_world//models/microwave/meshes
[0.494s] -- Up-to-date: /home/asun/turtlebot3_ws/install/my_world/share/my_world//models/microwave/meshes/microwave.obj
[0.495s] -- Up-to-date: /home/asun/turtlebot3_ws/install/my_world/share/my_world//models/microwave/meshes/microwave.mtl
[0.495s] -- Up-to-date: /home/asun/turtlebot3_ws/install/my_world/share/my_world//models/microwave/model.sdf
[0.495s] -- Up-to-date: /home/asun/turtlebot3_ws/install/my_world/share/my_world//models/microwave/model.config
[0.495s] -- Up-to-date: /home/asun/turtlebot3_ws/install/my_world/share/my_world//models/toilet
[0.496s] -- Up-to-date: /home/asun/turtlebot3_ws/install/my_world/share/my_world//models/toilet/materials
[0.496s] -- Up-to-date: /home/asun/turtlebot3_ws/install/my_world/share/my_world//models/toilet/materials/textures
[0.497s] -- Up-to-date: /home/asun/turtlebot3_ws/install/my_world/share/my_world//models/toilet/materials/textures/toilet_diffuse_specular.png
[0.497s] -- Up-to-date: /home/asun/turtlebot3_ws/install/my_world/share/my_world//models/toilet/meshes
[0.497s] -- Up-to-date: /home/asun/turtlebot3_ws/install/my_world/share/my_world//models/toilet/meshes/toilet.dae
[0.497s] -- Up-to-date: /home/asun/turtlebot3_ws/install/my_world/share/my_world//models/toilet/model.sdf
[0.498s] -- Up-to-date: /home/asun/turtlebot3_ws/install/my_world/share/my_world//models/toilet/model.config
[0.498s] -- Up-to-date: /home/asun/turtlebot3_ws/install/my_world/share/my_world//models/map
[0.498s] -- Up-to-date: /home/asun/turtlebot3_ws/install/my_world/share/my_world//models/map/map.png
[0.498s] -- Up-to-date: /home/asun/turtlebot3_ws/install/my_world/share/my_world//models/map/map.yaml
[0.499s] -- Up-to-date: /home/asun/turtlebot3_ws/install/my_world/share/my_world//models/service.world
[0.499s] -- Up-to-date: /home/asun/turtlebot3_ws/install/my_world/share/my_world//models/office_desk
[0.499s] -- Up-to-date: /home/asun/turtlebot3_ws/install/my_world/share/my_world//models/office_desk/materials
[0.499s] -- Up-to-date: /home/asun/turtlebot3_ws/install/my_world/share/my_world//models/office_desk/materials/textures
[0.499s] -- Up-to-date: /home/asun/turtlebot3_ws/install/my_world/share/my_world//models/office_desk/materials/textures/office_desk_specular.png
[0.499s] -- Up-to-date: /home/asun/turtlebot3_ws/install/my_world/share/my_world//models/office_desk/materials/textures/office_desk_diffuse.png
[0.500s] -- Up-to-date: /home/asun/turtlebot3_ws/install/my_world/share/my_world//models/office_desk/meshes
[0.500s] -- Up-to-date: /home/asun/turtlebot3_ws/install/my_world/share/my_world//models/office_desk/meshes/office_desk.dae
[0.500s] -- Up-to-date: /home/asun/turtlebot3_ws/install/my_world/share/my_world//models/office_desk/model.sdf
[0.500s] -- Up-to-date: /home/asun/turtlebot3_ws/install/my_world/share/my_world//models/office_desk/model.config
[0.500s] -- Up-to-date: /home/asun/turtlebot3_ws/install/my_world/share/my_world//models/office_box
[0.501s] -- Up-to-date: /home/asun/turtlebot3_ws/install/my_world/share/my_world//models/office_box/materials
[0.501s] -- Up-to-date: /home/asun/turtlebot3_ws/install/my_world/share/my_world//models/office_box/materials/textures
[0.501s] -- Up-to-date: /home/asun/turtlebot3_ws/install/my_world/share/my_world//models/office_box/materials/textures/office_box.png
[0.501s] -- Up-to-date: /home/asun/turtlebot3_ws/install/my_world/share/my_world//models/office_box/meshes
[0.501s] -- Up-to-date: /home/asun/turtlebot3_ws/install/my_world/share/my_world//models/office_box/meshes/office_box.dae
[0.501s] -- Up-to-date: /home/asun/turtlebot3_ws/install/my_world/share/my_world//models/office_box/model.sdf
[0.502s] -- Up-to-date: /home/asun/turtlebot3_ws/install/my_world/share/my_world//models/office_box/model.config
[0.502s] -- Up-to-date: /home/asun/turtlebot3_ws/install/my_world/share/my_world//models/refrigerator
[0.502s] -- Up-to-date: /home/asun/turtlebot3_ws/install/my_world/share/my_world//models/refrigerator/materials
[0.502s] -- Up-to-date: /home/asun/turtlebot3_ws/install/my_world/share/my_world//models/refrigerator/materials/textures
[0.502s] -- Up-to-date: /home/asun/turtlebot3_ws/install/my_world/share/my_world//models/refrigerator/materials/textures/refrigerator.png
[0.502s] -- Up-to-date: /home/asun/turtlebot3_ws/install/my_world/share/my_world//models/refrigerator/meshes
[0.503s] -- Up-to-date: /home/asun/turtlebot3_ws/install/my_world/share/my_world//models/refrigerator/meshes/refrigerator.mtl
[0.503s] -- Up-to-date: /home/asun/turtlebot3_ws/install/my_world/share/my_world//models/refrigerator/meshes/refrigerator.obj
[0.503s] -- Up-to-date: /home/asun/turtlebot3_ws/install/my_world/share/my_world//models/refrigerator/model.sdf
[0.503s] -- Up-to-date: /home/asun/turtlebot3_ws/install/my_world/share/my_world//models/refrigerator/model.config
[0.503s] -- Up-to-date: /home/asun/turtlebot3_ws/install/my_world/share/my_world//models/office_table
[0.503s] -- Up-to-date: /home/asun/turtlebot3_ws/install/my_world/share/my_world//models/office_table/materials
[0.504s] -- Up-to-date: /home/asun/turtlebot3_ws/install/my_world/share/my_world//models/office_table/materials/textures
[0.504s] -- Up-to-date: /home/asun/turtlebot3_ws/install/my_world/share/my_world//models/office_table/materials/textures/office_table_specular.png
[0.505s] -- Up-to-date: /home/asun/turtlebot3_ws/install/my_world/share/my_world//models/office_table/materials/textures/office_table_diffuse.png
[0.505s] -- Up-to-date: /home/asun/turtlebot3_ws/install/my_world/share/my_world//models/office_table/meshes
[0.505s] -- Up-to-date: /home/asun/turtlebot3_ws/install/my_world/share/my_world//models/office_table/meshes/office_table.dae
[0.505s] -- Up-to-date: /home/asun/turtlebot3_ws/install/my_world/share/my_world//models/office_table/model.sdf
[0.506s] -- Up-to-date: /home/asun/turtlebot3_ws/install/my_world/share/my_world//models/office_table/model.config
[0.506s] -- Up-to-date: /home/asun/turtlebot3_ws/install/my_world/share/my_world//models/office_lamp
[0.506s] -- Up-to-date: /home/asun/turtlebot3_ws/install/my_world/share/my_world//models/office_lamp/materials
[0.506s] -- Up-to-date: /home/asun/turtlebot3_ws/install/my_world/share/my_world//models/office_lamp/materials/textures
[0.506s] -- Up-to-date: /home/asun/turtlebot3_ws/install/my_world/share/my_world//models/office_lamp/materials/textures/office_lamp_diffuse.png
[0.507s] -- Up-to-date: /home/asun/turtlebot3_ws/install/my_world/share/my_world//models/office_lamp/materials/textures/office_lamp_illumination.png
[0.507s] -- Up-to-date: /home/asun/turtlebot3_ws/install/my_world/share/my_world//models/office_lamp/materials/textures/office_lamp_specular.png
[0.507s] -- Up-to-date: /home/asun/turtlebot3_ws/install/my_world/share/my_world//models/office_lamp/meshes
[0.507s] -- Up-to-date: /home/asun/turtlebot3_ws/install/my_world/share/my_world//models/office_lamp/meshes/office_lamp.dae
[0.507s] -- Up-to-date: /home/asun/turtlebot3_ws/install/my_world/share/my_world//models/office_lamp/model.sdf
[0.507s] -- Up-to-date: /home/asun/turtlebot3_ws/install/my_world/share/my_world//models/office_lamp/model.config
[0.507s] -- Up-to-date: /home/asun/turtlebot3_ws/install/my_world/share/my_world//models/whiteboard
[0.507s] -- Up-to-date: /home/asun/turtlebot3_ws/install/my_world/share/my_world//models/whiteboard/materials
[0.507s] -- Up-to-date: /home/asun/turtlebot3_ws/install/my_world/share/my_world//models/whiteboard/materials/textures
[0.507s] -- Up-to-date: /home/asun/turtlebot3_ws/install/my_world/share/my_world//models/whiteboard/materials/textures/whiteboard.png
[0.507s] -- Up-to-date: /home/asun/turtlebot3_ws/install/my_world/share/my_world//models/whiteboard/meshes
[0.508s] -- Up-to-date: /home/asun/turtlebot3_ws/install/my_world/share/my_world//models/whiteboard/meshes/whiteboard.mtl
[0.508s] -- Up-to-date: /home/asun/turtlebot3_ws/install/my_world/share/my_world//models/whiteboard/meshes/whiteboard.obj
[0.508s] -- Up-to-date: /home/asun/turtlebot3_ws/install/my_world/share/my_world//models/whiteboard/model.sdf
[0.508s] -- Up-to-date: /home/asun/turtlebot3_ws/install/my_world/share/my_world//models/whiteboard/model.config
[0.508s] -- Up-to-date: /home/asun/turtlebot3_ws/install/my_world/share/my_world//models/hangout_chair
[0.508s] -- Up-to-date: /home/asun/turtlebot3_ws/install/my_world/share/my_world//models/hangout_chair/materials
[0.508s] -- Up-to-date: /home/asun/turtlebot3_ws/install/my_world/share/my_world//models/hangout_chair/materials/textures
[0.509s] -- Up-to-date: /home/asun/turtlebot3_ws/install/my_world/share/my_world//models/hangout_chair/materials/textures/hangout_chair.png
[0.509s] -- Up-to-date: /home/asun/turtlebot3_ws/install/my_world/share/my_world//models/hangout_chair/meshes
[0.509s] -- Up-to-date: /home/asun/turtlebot3_ws/install/my_world/share/my_world//models/hangout_chair/meshes/hangout_chair.mtl
[0.509s] -- Up-to-date: /home/asun/turtlebot3_ws/install/my_world/share/my_world//models/hangout_chair/meshes/hangout_chair.obj
[0.509s] -- Up-to-date: /home/asun/turtlebot3_ws/install/my_world/share/my_world//models/hangout_chair/model.sdf
[0.509s] -- Up-to-date: /home/asun/turtlebot3_ws/install/my_world/share/my_world//models/hangout_chair/model.config
[0.509s] -- Up-to-date: /home/asun/turtlebot3_ws/install/my_world/share/my_world//models/tv_stand
[0.509s] -- Up-to-date: /home/asun/turtlebot3_ws/install/my_world/share/my_world//models/tv_stand/materials
[0.510s] -- Up-to-date: /home/asun/turtlebot3_ws/install/my_world/share/my_world//models/tv_stand/materials/textures
[0.510s] -- Up-to-date: /home/asun/turtlebot3_ws/install/my_world/share/my_world//models/tv_stand/materials/textures/tv_specular.png
[0.510s] -- Up-to-date: /home/asun/turtlebot3_ws/install/my_world/share/my_world//models/tv_stand/materials/textures/tv_diffuse.png
[0.510s] -- Up-to-date: /home/asun/turtlebot3_ws/install/my_world/share/my_world//models/tv_stand/materials/textures/stand_diffuse.png
[0.511s] -- Up-to-date: /home/asun/turtlebot3_ws/install/my_world/share/my_world//models/tv_stand/materials/textures/stand_specular.png
[0.511s] -- Up-to-date: /home/asun/turtlebot3_ws/install/my_world/share/my_world//models/tv_stand/meshes
[0.511s] -- Up-to-date: /home/asun/turtlebot3_ws/install/my_world/share/my_world//models/tv_stand/meshes/tv_stand.dae
[0.511s] -- Up-to-date: /home/asun/turtlebot3_ws/install/my_world/share/my_world//models/tv_stand/model.sdf
[0.511s] -- Up-to-date: /home/asun/turtlebot3_ws/install/my_world/share/my_world//models/tv_stand/model.config
[0.511s] -- Up-to-date: /home/asun/turtlebot3_ws/install/my_world/share/my_world//models/elegant_male
[0.512s] -- Up-to-date: /home/asun/turtlebot3_ws/install/my_world/share/my_world//models/elegant_male/materials
[0.512s] -- Up-to-date: /home/asun/turtlebot3_ws/install/my_world/share/my_world//models/elegant_male/materials/textures
[0.512s] -- Up-to-date: /home/asun/turtlebot3_ws/install/my_world/share/my_world//models/elegant_male/materials/textures/male_elegantsuit01_diffuse.png
[0.512s] -- Up-to-date: /home/asun/turtlebot3_ws/install/my_world/share/my_world//models/elegant_male/materials/textures/shoes01_diffuse.png
[0.512s] -- Up-to-date: /home/asun/turtlebot3_ws/install/my_world/share/my_world//models/elegant_male/materials/textures/short01_diffuse.png
[0.512s] -- Up-to-date: /home/asun/turtlebot3_ws/install/my_world/share/my_world//models/elegant_male/materials/textures/brown_eye.png
[0.512s] -- Up-to-date: /home/asun/turtlebot3_ws/install/my_world/share/my_world//models/elegant_male/materials/textures/young_lightskinned_male_diffuse3.png
[0.513s] -- Up-to-date: /home/asun/turtlebot3_ws/install/my_world/share/my_world//models/elegant_male/materials/textures/shoes01_normal.png
[0.513s] -- Up-to-date: /home/asun/turtlebot3_ws/install/my_world/share/my_world//models/elegant_male/materials/textures/eyebrow005.png
[0.513s] -- Up-to-date: /home/asun/turtlebot3_ws/install/my_world/share/my_world//models/elegant_male/meshes
[0.513s] -- Up-to-date: /home/asun/turtlebot3_ws/install/my_world/share/my_world//models/elegant_male/meshes/elegant_male.dae
[0.513s] -- Up-to-date: /home/asun/turtlebot3_ws/install/my_world/share/my_world//models/elegant_male/meshes/elegant_male.png
[0.513s] -- Up-to-date: /home/asun/turtlebot3_ws/install/my_world/share/my_world//models/elegant_male/model.sdf
[0.513s] -- Up-to-date: /home/asun/turtlebot3_ws/install/my_world/share/my_world//models/elegant_male/model.config
[0.513s] -- Up-to-date: /home/asun/turtlebot3_ws/install/my_world/share/my_world//models/office_chair
[0.513s] -- Up-to-date: /home/asun/turtlebot3_ws/install/my_world/share/my_world//models/office_chair/materials
[0.513s] -- Up-to-date: /home/asun/turtlebot3_ws/install/my_world/share/my_world//models/office_chair/materials/textures
[0.513s] -- Up-to-date: /home/asun/turtlebot3_ws/install/my_world/share/my_world//models/office_chair/materials/textures/office_chair_diffuse.png
[0.514s] -- Up-to-date: /home/asun/turtlebot3_ws/install/my_world/share/my_world//models/office_chair/materials/textures/office_chair_specular.png
[0.514s] -- Up-to-date: /home/asun/turtlebot3_ws/install/my_world/share/my_world//models/office_chair/meshes
[0.514s] -- Up-to-date: /home/asun/turtlebot3_ws/install/my_world/share/my_world//models/office_chair/meshes/office_chair.dae
[0.514s] -- Up-to-date: /home/asun/turtlebot3_ws/install/my_world/share/my_world//models/office_chair/model.sdf
[0.514s] -- Up-to-date: /home/asun/turtlebot3_ws/install/my_world/share/my_world//models/office_chair/model.config
[0.514s] -- Up-to-date: /home/asun/turtlebot3_ws/install/my_world/share/my_world//models/wastebasket
[0.514s] -- Up-to-date: /home/asun/turtlebot3_ws/install/my_world/share/my_world//models/wastebasket/materials
[0.515s] -- Up-to-date: /home/asun/turtlebot3_ws/install/my_world/share/my_world//models/wastebasket/materials/textures
[0.515s] -- Up-to-date: /home/asun/turtlebot3_ws/install/my_world/share/my_world//models/wastebasket/materials/textures/wastebasket_diffuse.png
[0.515s] -- Up-to-date: /home/asun/turtlebot3_ws/install/my_world/share/my_world//models/wastebasket/meshes
[0.515s] -- Up-to-date: /home/asun/turtlebot3_ws/install/my_world/share/my_world//models/wastebasket/meshes/wastebasket.dae
[0.515s] -- Up-to-date: /home/asun/turtlebot3_ws/install/my_world/share/my_world//models/wastebasket/model.sdf
[0.517s] -- Up-to-date: /home/asun/turtlebot3_ws/install/my_world/share/my_world//models/wastebasket/model.config
[0.517s] -- Up-to-date: /home/asun/turtlebot3_ws/install/my_world/share/my_world//models/turtlebot3_burger_pi
[0.517s] -- Up-to-date: /home/asun/turtlebot3_ws/install/my_world/share/my_world//models/turtlebot3_burger_pi/meshes
[0.517s] -- Up-to-date: /home/asun/turtlebot3_ws/install/my_world/share/my_world//models/turtlebot3_burger_pi/meshes/burger_base.dae
[0.517s] -- Up-to-date: /home/asun/turtlebot3_ws/install/my_world/share/my_world//models/turtlebot3_burger_pi/meshes/tire.dae
[0.517s] -- Up-to-date: /home/asun/turtlebot3_ws/install/my_world/share/my_world//models/turtlebot3_burger_pi/meshes/lds.dae
[0.517s] -- Up-to-date: /home/asun/turtlebot3_ws/install/my_world/share/my_world//models/turtlebot3_burger_pi/model.sdf
[0.517s] -- Up-to-date: /home/asun/turtlebot3_ws/install/my_world/share/my_world//models/turtlebot3_burger_pi/model.config
[0.517s] -- Up-to-date: /home/asun/turtlebot3_ws/install/my_world/share/my_world//models/turtlebot3_burger_pi/model-1_4.sdf
[0.518s] -- Up-to-date: /home/asun/turtlebot3_ws/install/my_world/share/my_world//models/models
[0.518s] -- Up-to-date: /home/asun/turtlebot3_ws/install/my_world/share/my_world//models/models/desk
[0.518s] -- Up-to-date: /home/asun/turtlebot3_ws/install/my_world/share/my_world//models/models/desk/materials
[0.518s] -- Up-to-date: /home/asun/turtlebot3_ws/install/my_world/share/my_world//models/models/desk/materials/textures
[0.518s] -- Up-to-date: /home/asun/turtlebot3_ws/install/my_world/share/my_world//models/models/desk/materials/textures/desk.png
[0.518s] -- Up-to-date: /home/asun/turtlebot3_ws/install/my_world/share/my_world//models/models/desk/meshes
[0.518s] -- Up-to-date: /home/asun/turtlebot3_ws/install/my_world/share/my_world//models/models/desk/meshes/desk.obj
[0.518s] -- Up-to-date: /home/asun/turtlebot3_ws/install/my_world/share/my_world//models/models/desk/meshes/desk.mtl
[0.519s] -- Up-to-date: /home/asun/turtlebot3_ws/install/my_world/share/my_world//models/models/desk/model.sdf
[0.519s] -- Up-to-date: /home/asun/turtlebot3_ws/install/my_world/share/my_world//models/models/desk/model.config
[0.519s] -- Up-to-date: /home/asun/turtlebot3_ws/install/my_world/share/my_world//models/models/computer
[0.519s] -- Up-to-date: /home/asun/turtlebot3_ws/install/my_world/share/my_world//models/models/computer/materials
[0.519s] -- Up-to-date: /home/asun/turtlebot3_ws/install/my_world/share/my_world//models/models/computer/materials/textures
[0.519s] -- Up-to-date: /home/asun/turtlebot3_ws/install/my_world/share/my_world//models/models/computer/materials/textures/computer.png
[0.519s] -- Up-to-date: /home/asun/turtlebot3_ws/install/my_world/share/my_world//models/models/computer/meshes
[0.519s] -- Up-to-date: /home/asun/turtlebot3_ws/install/my_world/share/my_world//models/models/computer/meshes/computer.mtl
[0.519s] -- Up-to-date: /home/asun/turtlebot3_ws/install/my_world/share/my_world//models/models/computer/meshes/computer.obj
[0.520s] -- Up-to-date: /home/asun/turtlebot3_ws/install/my_world/share/my_world//models/models/computer/meshes/computer_tower.obj
[0.520s] -- Up-to-date: /home/asun/turtlebot3_ws/install/my_world/share/my_world//models/models/computer/meshes/computer_monitor.obj
[0.520s] -- Up-to-date: /home/asun/turtlebot3_ws/install/my_world/share/my_world//models/models/computer/model.sdf
[0.520s] -- Up-to-date: /home/asun/turtlebot3_ws/install/my_world/share/my_world//models/models/computer/model.config
[0.520s] -- Up-to-date: /home/asun/turtlebot3_ws/install/my_world/share/my_world//models/models/casual_female
[0.520s] -- Up-to-date: /home/asun/turtlebot3_ws/install/my_world/share/my_world//models/models/casual_female/materials
[0.520s] -- Up-to-date: /home/asun/turtlebot3_ws/install/my_world/share/my_world//models/models/casual_female/materials/textures
[0.520s] -- Up-to-date: /home/asun/turtlebot3_ws/install/my_world/share/my_world//models/models/casual_female/materials/textures/female_casualsuit02_normal.png
[0.521s] -- Up-to-date: /home/asun/turtlebot3_ws/install/my_world/share/my_world//models/models/casual_female/materials/textures/female_casualsuit01_diffuse.png
[0.521s] -- Up-to-date: /home/asun/turtlebot3_ws/install/my_world/share/my_world//models/models/casual_female/materials/textures/eyebrow002.png
[0.521s] -- Up-to-date: /home/asun/turtlebot3_ws/install/my_world/share/my_world//models/models/casual_female/materials/textures/shoes05_diffuse.png
[0.521s] -- Up-to-date: /home/asun/turtlebot3_ws/install/my_world/share/my_world//models/models/casual_female/materials/textures/ponytail01_diffuse.png
[0.521s] -- Up-to-date: /home/asun/turtlebot3_ws/install/my_world/share/my_world//models/models/casual_female/materials/textures/female_casualsuit02_diffuse.png
[0.521s] -- Up-to-date: /home/asun/turtlebot3_ws/install/my_world/share/my_world//models/models/casual_female/materials/textures/brown_eye.png
[0.521s] -- Up-to-date: /home/asun/turtlebot3_ws/install/my_world/share/my_world//models/models/casual_female/materials/textures/female_casualsuit01_normal.png
[0.522s] -- Up-to-date: /home/asun/turtlebot3_ws/install/my_world/share/my_world//models/models/casual_female/materials/textures/eyelashes01.png
[0.522s] -- Up-to-date: /home/asun/turtlebot3_ws/install/my_world/share/my_world//models/models/casual_female/materials/textures/casual_female.png
[0.522s] -- Up-to-date: /home/asun/turtlebot3_ws/install/my_world/share/my_world//models/models/casual_female/materials/textures/tongue01_diffuse.png
[0.522s] -- Up-to-date: /home/asun/turtlebot3_ws/install/my_world/share/my_world//models/models/casual_female/materials/textures/young_lightskinned_female_diffuse.png
[0.522s] -- Up-to-date: /home/asun/turtlebot3_ws/install/my_world/share/my_world//models/models/casual_female/meshes
[0.522s] -- Up-to-date: /home/asun/turtlebot3_ws/install/my_world/share/my_world//models/models/casual_female/meshes/casual_female.dae
[0.522s] -- Up-to-date: /home/asun/turtlebot3_ws/install/my_world/share/my_world//models/models/casual_female/model.sdf
[0.522s] -- Up-to-date: /home/asun/turtlebot3_ws/install/my_world/share/my_world//models/models/casual_female/model.config
[0.523s] -- Up-to-date: /home/asun/turtlebot3_ws/install/my_world/share/my_world//models/models/bathroom_sink
[0.523s] -- Up-to-date: /home/asun/turtlebot3_ws/install/my_world/share/my_world//models/models/bathroom_sink/materials
[0.523s] -- Up-to-date: /home/asun/turtlebot3_ws/install/my_world/share/my_world//models/models/bathroom_sink/materials/textures
[0.523s] -- Up-to-date: /home/asun/turtlebot3_ws/install/my_world/share/my_world//models/models/bathroom_sink/materials/textures/bathroom_sink_diffuse.png
[0.523s] -- Up-to-date: /home/asun/turtlebot3_ws/install/my_world/share/my_world//models/models/bathroom_sink/materials/textures/bathroom_sink_specular.png
[0.523s] -- Up-to-date: /home/asun/turtlebot3_ws/install/my_world/share/my_world//models/models/bathroom_sink/meshes
[0.523s] -- Up-to-date: /home/asun/turtlebot3_ws/install/my_world/share/my_world//models/models/bathroom_sink/meshes/bathroom_sink.dae
[0.524s] -- Up-to-date: /home/asun/turtlebot3_ws/install/my_world/share/my_world//models/models/bathroom_sink/model.sdf
[0.525s] -- Up-to-date: /home/asun/turtlebot3_ws/install/my_world/share/my_world//models/models/bathroom_sink/model.config
[0.525s] -- Up-to-date: /home/asun/turtlebot3_ws/install/my_world/share/my_world//models/models/conference_table_small
[0.525s] -- Up-to-date: /home/asun/turtlebot3_ws/install/my_world/share/my_world//models/models/conference_table_small/materials
[0.525s] -- Up-to-date: /home/asun/turtlebot3_ws/install/my_world/share/my_world//models/models/conference_table_small/materials/textures
[0.525s] -- Up-to-date: /home/asun/turtlebot3_ws/install/my_world/share/my_world//models/models/conference_table_small/materials/textures/conference_table.png
[0.526s] -- Up-to-date: /home/asun/turtlebot3_ws/install/my_world/share/my_world//models/models/conference_table_small/meshes
[0.526s] -- Up-to-date: /home/asun/turtlebot3_ws/install/my_world/share/my_world//models/models/conference_table_small/meshes/conference_table_small.mtl
[0.526s] -- Up-to-date: /home/asun/turtlebot3_ws/install/my_world/share/my_world//models/models/conference_table_small/meshes/conference_table_small.obj
[0.526s] -- Up-to-date: /home/asun/turtlebot3_ws/install/my_world/share/my_world//models/models/conference_table_small/model.sdf
[0.526s] -- Up-to-date: /home/asun/turtlebot3_ws/install/my_world/share/my_world//models/models/conference_table_small/model.config
[0.526s] -- Up-to-date: /home/asun/turtlebot3_ws/install/my_world/share/my_world//models/models/desk_chair
[0.526s] -- Up-to-date: /home/asun/turtlebot3_ws/install/my_world/share/my_world//models/models/desk_chair/materials
[0.526s] -- Up-to-date: /home/asun/turtlebot3_ws/install/my_world/share/my_world//models/models/desk_chair/materials/textures
[0.527s] -- Up-to-date: /home/asun/turtlebot3_ws/install/my_world/share/my_world//models/models/desk_chair/materials/textures/desk_chair.png
[0.527s] -- Up-to-date: /home/asun/turtlebot3_ws/install/my_world/share/my_world//models/models/desk_chair/meshes
[0.527s] -- Up-to-date: /home/asun/turtlebot3_ws/install/my_world/share/my_world//models/models/desk_chair/meshes/desk_chair.obj
[0.527s] -- Up-to-date: /home/asun/turtlebot3_ws/install/my_world/share/my_world//models/models/desk_chair/meshes/desk_chair.mtl
[0.527s] -- Up-to-date: /home/asun/turtlebot3_ws/install/my_world/share/my_world//models/models/desk_chair/model.sdf
[0.529s] -- Up-to-date: /home/asun/turtlebot3_ws/install/my_world/share/my_world//models/models/desk_chair/model.config
[0.530s] -- Up-to-date: /home/asun/turtlebot3_ws/install/my_world/share/my_world//models/models/dishwasher
[0.531s] -- Up-to-date: /home/asun/turtlebot3_ws/install/my_world/share/my_world//models/models/dishwasher/materials
[0.532s] -- Up-to-date: /home/asun/turtlebot3_ws/install/my_world/share/my_world//models/models/dishwasher/materials/textures
[0.532s] -- Up-to-date: /home/asun/turtlebot3_ws/install/my_world/share/my_world//models/models/dishwasher/materials/textures/dishwasher.png
[0.533s] -- Up-to-date: /home/asun/turtlebot3_ws/install/my_world/share/my_world//models/models/dishwasher/meshes
[0.533s] -- Up-to-date: /home/asun/turtlebot3_ws/install/my_world/share/my_world//models/models/dishwasher/meshes/dishwasher.obj
[0.533s] -- Up-to-date: /home/asun/turtlebot3_ws/install/my_world/share/my_world//models/models/dishwasher/meshes/dishwasher.mtl
[0.534s] -- Up-to-date: /home/asun/turtlebot3_ws/install/my_world/share/my_world//models/models/dishwasher/model.sdf
[0.534s] -- Up-to-date: /home/asun/turtlebot3_ws/install/my_world/share/my_world//models/models/dishwasher/model.config
[0.535s] -- Up-to-date: /home/asun/turtlebot3_ws/install/my_world/share/my_world//models/models/actor
[0.535s] -- Up-to-date: /home/asun/turtlebot3_ws/install/my_world/share/my_world//models/models/actor/meshes
[0.535s] -- Up-to-date: /home/asun/turtlebot3_ws/install/my_world/share/my_world//models/models/actor/meshes/ANIMATION_sitting.dae
[0.536s] -- Up-to-date: /home/asun/turtlebot3_ws/install/my_world/share/my_world//models/models/actor/meshes/ANIMATION_running.dae
[0.536s] -- Up-to-date: /home/asun/turtlebot3_ws/install/my_world/share/my_world//models/models/actor/meshes/SKIN_man_blue_shirt.dae
[0.537s] -- Up-to-date: /home/asun/turtlebot3_ws/install/my_world/share/my_world//models/models/actor/meshes/SKIN_man_green_shirt.dae
[0.537s] -- Up-to-date: /home/asun/turtlebot3_ws/install/my_world/share/my_world//models/models/actor/meshes/ANIMATION_walking.dae
[0.538s] -- Up-to-date: /home/asun/turtlebot3_ws/install/my_world/share/my_world//models/models/actor/meshes/ANIMATION_standing.dae
[0.538s] -- Up-to-date: /home/asun/turtlebot3_ws/install/my_world/share/my_world//models/models/actor/meshes/ANIMATION_talking_b.dae
[0.538s] -- Up-to-date: /home/asun/turtlebot3_ws/install/my_world/share/my_world//models/models/actor/meshes/SKIN_man_red_shirt.dae
[0.538s] -- Up-to-date: /home/asun/turtlebot3_ws/install/my_world/share/my_world//models/models/actor/meshes/ANIMATION_talking_a.dae
[0.539s] -- Up-to-date: /home/asun/turtlebot3_ws/install/my_world/share/my_world//models/models/actor/model.sdf
[0.539s] -- Up-to-date: /home/asun/turtlebot3_ws/install/my_world/share/my_world//models/models/actor/model.config
[0.539s] -- Up-to-date: /home/asun/turtlebot3_ws/install/my_world/share/my_world//models/models/cafe_counter
[0.540s] -- Up-to-date: /home/asun/turtlebot3_ws/install/my_world/share/my_world//models/models/cafe_counter/materials
[0.540s] -- Up-to-date: /home/asun/turtlebot3_ws/install/my_world/share/my_world//models/models/cafe_counter/materials/textures
[0.540s] -- Up-to-date: /home/asun/turtlebot3_ws/install/my_world/share/my_world//models/models/cafe_counter/materials/textures/cafe_counter.png
[0.541s] -- Up-to-date: /home/asun/turtlebot3_ws/install/my_world/share/my_world//models/models/cafe_counter/meshes
[0.541s] -- Up-to-date: /home/asun/turtlebot3_ws/install/my_world/share/my_world//models/models/cafe_counter/meshes/counter_sink.obj
[0.541s] -- Up-to-date: /home/asun/turtlebot3_ws/install/my_world/share/my_world//models/models/cafe_counter/meshes/cafe_counter.mtl
[0.542s] -- Up-to-date: /home/asun/turtlebot3_ws/install/my_world/share/my_world//models/models/cafe_counter/meshes/cafe_counter.obj
[0.542s] -- Up-to-date: /home/asun/turtlebot3_ws/install/my_world/share/my_world//models/models/cafe_counter/meshes/counter_no_sink.obj
[0.542s] -- Up-to-date: /home/asun/turtlebot3_ws/install/my_world/share/my_world//models/models/cafe_counter/model.sdf
[0.543s] -- Up-to-date: /home/asun/turtlebot3_ws/install/my_world/share/my_world//models/models/cafe_counter/model.config
[0.543s] -- Up-to-date: /home/asun/turtlebot3_ws/install/my_world/share/my_world//models/models/coffee_maker
[0.543s] -- Up-to-date: /home/asun/turtlebot3_ws/install/my_world/share/my_world//models/models/coffee_maker/materials
[0.543s] -- Up-to-date: /home/asun/turtlebot3_ws/install/my_world/share/my_world//models/models/coffee_maker/materials/textures
[0.544s] -- Up-to-date: /home/asun/turtlebot3_ws/install/my_world/share/my_world//models/models/coffee_maker/materials/textures/coffee_maker.png
[0.544s] -- Up-to-date: /home/asun/turtlebot3_ws/install/my_world/share/my_world//models/models/coffee_maker/meshes
[0.544s] -- Up-to-date: /home/asun/turtlebot3_ws/install/my_world/share/my_world//models/models/coffee_maker/meshes/coffee_maker.mtl
[0.544s] -- Up-to-date: /home/asun/turtlebot3_ws/install/my_world/share/my_world//models/models/coffee_maker/meshes/coffee_maker.obj
[0.545s] -- Up-to-date: /home/asun/turtlebot3_ws/install/my_world/share/my_world//models/models/coffee_maker/model.sdf
[0.545s] -- Up-to-date: /home/asun/turtlebot3_ws/install/my_world/share/my_world//models/models/coffee_maker/model.config
[0.546s] -- Up-to-date: /home/asun/turtlebot3_ws/install/my_world/share/my_world//models/models/conference_table_large
[0.546s] -- Up-to-date: /home/asun/turtlebot3_ws/install/my_world/share/my_world//models/models/conference_table_large/meshes
[0.547s] -- Up-to-date: /home/asun/turtlebot3_ws/install/my_world/share/my_world//models/models/conference_table_large/meshes/conference_table_large.mtl
[0.547s] -- Up-to-date: /home/asun/turtlebot3_ws/install/my_world/share/my_world//models/models/conference_table_large/meshes/conference_table_large.obj
[0.547s] -- Up-to-date: /home/asun/turtlebot3_ws/install/my_world/share/my_world//models/models/conference_table_large/model.sdf
[0.548s] -- Up-to-date: /home/asun/turtlebot3_ws/install/my_world/share/my_world//models/models/conference_table_large/model.config
[0.548s] -- Up-to-date: /home/asun/turtlebot3_ws/install/my_world/share/my_world//models/mini_fridge
[0.549s] -- Up-to-date: /home/asun/turtlebot3_ws/install/my_world/share/my_world//models/mini_fridge/materials
[0.550s] -- Up-to-date: /home/asun/turtlebot3_ws/install/my_world/share/my_world//models/mini_fridge/materials/textures
[0.550s] -- Up-to-date: /home/asun/turtlebot3_ws/install/my_world/share/my_world//models/mini_fridge/materials/textures/mini_fridge.png
[0.550s] -- Up-to-date: /home/asun/turtlebot3_ws/install/my_world/share/my_world//models/mini_fridge/meshes
[0.551s] -- Up-to-date: /home/asun/turtlebot3_ws/install/my_world/share/my_world//models/mini_fridge/meshes/mini_fridge.mtl
[0.551s] -- Up-to-date: /home/asun/turtlebot3_ws/install/my_world/share/my_world//models/mini_fridge/meshes/mini_fridge.obj
[0.552s] -- Up-to-date: /home/asun/turtlebot3_ws/install/my_world/share/my_world//models/mini_fridge/model.sdf
[0.553s] -- Up-to-date: /home/asun/turtlebot3_ws/install/my_world/share/my_world//models/mini_fridge/model.config
[0.553s] -- Up-to-date: /home/asun/turtlebot3_ws/install/my_world/share/my_world//models/servicebot
[0.553s] -- Up-to-date: /home/asun/turtlebot3_ws/install/my_world/share/my_world//models/servicebot/materials
[0.553s] -- Up-to-date: /home/asun/turtlebot3_ws/install/my_world/share/my_world//models/servicebot/materials/textures
[0.553s] -- Up-to-date: /home/asun/turtlebot3_ws/install/my_world/share/my_world//models/servicebot/materials/textures/servicebot.png
[0.554s] -- Up-to-date: /home/asun/turtlebot3_ws/install/my_world/share/my_world//models/servicebot/meshes
[0.554s] -- Up-to-date: /home/asun/turtlebot3_ws/install/my_world/share/my_world//models/servicebot/meshes/servicebot.mtl
[0.554s] -- Up-to-date: /home/asun/turtlebot3_ws/install/my_world/share/my_world//models/servicebot/meshes/servicebot.obj
[0.554s] -- Up-to-date: /home/asun/turtlebot3_ws/install/my_world/share/my_world//models/servicebot/model.sdf
[0.554s] -- Up-to-date: /home/asun/turtlebot3_ws/install/my_world/share/my_world//models/servicebot/model.config
[0.554s] -- Up-to-date: /home/asun/turtlebot3_ws/install/my_world/share/my_world//models/elegant_female
[0.555s] -- Up-to-date: /home/asun/turtlebot3_ws/install/my_world/share/my_world//models/elegant_female/materials
[0.555s] -- Up-to-date: /home/asun/turtlebot3_ws/install/my_world/share/my_world//models/elegant_female/materials/textures
[0.555s] -- Up-to-date: /home/asun/turtlebot3_ws/install/my_world/share/my_world//models/elegant_female/materials/textures/male_elegantsuit01_diffuse.png
[0.555s] -- Up-to-date: /home/asun/turtlebot3_ws/install/my_world/share/my_world//models/elegant_female/materials/textures/eyebrow002.png
[0.556s] -- Up-to-date: /home/asun/turtlebot3_ws/install/my_world/share/my_world//models/elegant_female/materials/textures/young_lightskinned_female_diffuse2.png
[0.556s] -- Up-to-date: /home/asun/turtlebot3_ws/install/my_world/share/my_world//models/elegant_female/materials/textures/ponytail01_diffuse.png
[0.557s] -- Up-to-date: /home/asun/turtlebot3_ws/install/my_world/share/my_world//models/elegant_female/materials/textures/brown_eye.png
[0.557s] -- Up-to-date: /home/asun/turtlebot3_ws/install/my_world/share/my_world//models/elegant_female/materials/textures/eyelashes01.png
[0.557s] -- Up-to-date: /home/asun/turtlebot3_ws/install/my_world/share/my_world//models/elegant_female/materials/textures/shoes03_diffuse.png
[0.558s] -- Up-to-date: /home/asun/turtlebot3_ws/install/my_world/share/my_world//models/elegant_female/meshes
[0.558s] -- Up-to-date: /home/asun/turtlebot3_ws/install/my_world/share/my_world//models/elegant_female/meshes/elegant_female.png
[0.558s] -- Up-to-date: /home/asun/turtlebot3_ws/install/my_world/share/my_world//models/elegant_female/meshes/elegant_female.dae
[0.558s] -- Up-to-date: /home/asun/turtlebot3_ws/install/my_world/share/my_world//models/elegant_female/model.sdf
[0.558s] -- Up-to-date: /home/asun/turtlebot3_ws/install/my_world/share/my_world//models/elegant_female/model.config
[0.559s] -- Up-to-date: /home/asun/turtlebot3_ws/install/my_world/share/my_world//models/office_cafe_table
[0.559s] -- Up-to-date: /home/asun/turtlebot3_ws/install/my_world/share/my_world//models/office_cafe_table/materials
[0.559s] -- Up-to-date: /home/asun/turtlebot3_ws/install/my_world/share/my_world//models/office_cafe_table/materials/textures
[0.560s] -- Up-to-date: /home/asun/turtlebot3_ws/install/my_world/share/my_world//models/office_cafe_table/materials/textures/Wood_Floor_Dark.jpg
[0.560s] -- Up-to-date: /home/asun/turtlebot3_ws/install/my_world/share/my_world//models/office_cafe_table/materials/textures/Maple.jpg
[0.561s] -- Up-to-date: /home/asun/turtlebot3_ws/install/my_world/share/my_world//models/office_cafe_table/meshes
[0.561s] -- Up-to-date: /home/asun/turtlebot3_ws/install/my_world/share/my_world//models/office_cafe_table/meshes/office_cafe_table.dae
[0.561s] -- Up-to-date: /home/asun/turtlebot3_ws/install/my_world/share/my_world//models/office_cafe_table/model.sdf
[0.562s] -- Up-to-date: /home/asun/turtlebot3_ws/install/my_world/share/my_world//models/office_cafe_table/model.config
[0.562s] -- Up-to-date: /home/asun/turtlebot3_ws/install/my_world/share/my_world//models/.fr-0T31rz
[0.562s] -- Up-to-date: /home/asun/turtlebot3_ws/install/my_world/share/my_world//models/.fr-0T31rz/my_world
[0.564s] -- Up-to-date: /home/asun/turtlebot3_ws/install/my_world/share/my_world//models/.fr-0T31rz/my_world/models
[0.564s] -- Up-to-date: /home/asun/turtlebot3_ws/install/my_world/share/my_world//models/.fr-0T31rz/my_world/models/willowgarage
[0.565s] -- Up-to-date: /home/asun/turtlebot3_ws/install/my_world/share/my_world//models/.fr-0T31rz/my_world/models/willowgarage/model-1_3.sdf
[0.565s] -- Up-to-date: /home/asun/turtlebot3_ws/install/my_world/share/my_world//models/.fr-0T31rz/my_world/models/willowgarage/model-1_2.sdf
[0.567s] -- Up-to-date: /home/asun/turtlebot3_ws/install/my_world/share/my_world//models/.fr-0T31rz/my_world/models/willowgarage/materials
[0.567s] -- Up-to-date: /home/asun/turtlebot3_ws/install/my_world/share/my_world//models/.fr-0T31rz/my_world/models/willowgarage/materials/textures
[0.567s] -- Up-to-date: /home/asun/turtlebot3_ws/install/my_world/share/my_world//models/.fr-0T31rz/my_world/models/willowgarage/materials/textures/Stone_Brushed_Khaki_.png
[0.568s] -- Up-to-date: /home/asun/turtlebot3_ws/install/my_world/share/my_world//models/.fr-0T31rz/my_world/models/willowgarage/materials/textures/Wood_Cherry_Original_.png
[0.568s] -- Up-to-date: /home/asun/turtlebot3_ws/install/my_world/share/my_world//models/.fr-0T31rz/my_world/models/willowgarage/materials/textures/__auto_2.png
[0.569s] -- Up-to-date: /home/asun/turtlebot3_ws/install/my_world/share/my_world//models/.fr-0T31rz/my_world/models/willowgarage/materials/textures/__Wood_Bamboo_Medium_1.png
[0.569s] -- Up-to-date: /home/asun/turtlebot3_ws/install/my_world/share/my_world//models/.fr-0T31rz/my_world/models/willowgarage/materials/textures/__auto_12.png
[0.569s] -- Up-to-date: /home/asun/turtlebot3_ws/install/my_world/share/my_world//models/.fr-0T31rz/my_world/models/willowgarage/materials/textures/Wood_Bamboo_Medium_.png
[0.570s] -- Up-to-date: /home/asun/turtlebot3_ws/install/my_world/share/my_world//models/.fr-0T31rz/my_world/models/willowgarage/materials/textures/Carpet_Berber_Pattern_Gray_.png
[0.570s] -- Up-to-date: /home/asun/turtlebot3_ws/install/my_world/share/my_world//models/.fr-0T31rz/my_world/models/willowgarage/meshes
[0.571s] -- Up-to-date: /home/asun/turtlebot3_ws/install/my_world/share/my_world//models/.fr-0T31rz/my_world/models/willowgarage/meshes/willowgarage_visual.dae
[0.571s] -- Up-to-date: /home/asun/turtlebot3_ws/install/my_world/share/my_world//models/.fr-0T31rz/my_world/models/willowgarage/meshes/willowgarage_collision.dae
[0.571s] -- Up-to-date: /home/asun/turtlebot3_ws/install/my_world/share/my_world//models/.fr-0T31rz/my_world/models/willowgarage/model.sdf
[0.571s] -- Up-to-date: /home/asun/turtlebot3_ws/install/my_world/share/my_world//models/.fr-0T31rz/my_world/models/willowgarage/model.config
[0.571s] -- Up-to-date: /home/asun/turtlebot3_ws/install/my_world/share/my_world//models/.fr-0T31rz/my_world/models/willowgarage/model-1_4.sdf
[0.572s] -- Up-to-date: /home/asun/turtlebot3_ws/install/my_world/share/my_world//models/.fr-0T31rz/my_world/models/naokoeye
[0.572s] -- Up-to-date: /home/asun/turtlebot3_ws/install/my_world/share/my_world//models/.fr-0T31rz/my_world/models/naokoeye/meshes
[0.573s] -- Up-to-date: /home/asun/turtlebot3_ws/install/my_world/share/my_world//models/.fr-0T31rz/my_world/models/naokoeye/meshes/female_casualsuit02_normal.png
[0.573s] -- Up-to-date: /home/asun/turtlebot3_ws/install/my_world/share/my_world//models/.fr-0T31rz/my_world/models/naokoeye/meshes/female_casualsuit02_diffuse.png
[0.573s] -- Up-to-date: /home/asun/turtlebot3_ws/install/my_world/share/my_world//models/.fr-0T31rz/my_world/models/naokoeye/meshes/naokoeye.png
[0.573s] -- Up-to-date: /home/asun/turtlebot3_ws/install/my_world/share/my_world//models/.fr-0T31rz/my_world/models/naokoeye/meshes/eyebrow001.png
[0.574s] -- Up-to-date: /home/asun/turtlebot3_ws/install/my_world/share/my_world//models/.fr-0T31rz/my_world/models/naokoeye/meshes/brown_eye.png
[0.574s] -- Up-to-date: /home/asun/turtlebot3_ws/install/my_world/share/my_world//models/.fr-0T31rz/my_world/models/naokoeye/meshes/bob02_diffuse.png
[0.574s] -- Up-to-date: /home/asun/turtlebot3_ws/install/my_world/share/my_world//models/.fr-0T31rz/my_world/models/naokoeye/meshes/naokoeye.dae
[0.574s] -- Up-to-date: /home/asun/turtlebot3_ws/install/my_world/share/my_world//models/.fr-0T31rz/my_world/models/naokoeye/meshes/naokoeyev2.dae
[0.574s] -- Up-to-date: /home/asun/turtlebot3_ws/install/my_world/share/my_world//models/.fr-0T31rz/my_world/models/naokoeye/model.sdf
[0.575s] -- Up-to-date: /home/asun/turtlebot3_ws/install/my_world/share/my_world//models/.fr-0T31rz/my_world/models/naokoeye/model.config
[0.575s] -- Up-to-date: /home/asun/turtlebot3_ws/install/my_world/share/my_world//models/.fr-0T31rz/my_world/models/bobeye
[0.576s] -- Up-to-date: /home/asun/turtlebot3_ws/install/my_world/share/my_world//models/.fr-0T31rz/my_world/models/bobeye/meshes
[0.577s] -- Up-to-date: /home/asun/turtlebot3_ws/install/my_world/share/my_world//models/.fr-0T31rz/my_world/models/bobeye/meshes/bobeye.png
[0.579s] -- Up-to-date: /home/asun/turtlebot3_ws/install/my_world/share/my_world//models/.fr-0T31rz/my_world/models/bobeye/meshes/eyebrow001.png
[0.579s] -- Up-to-date: /home/asun/turtlebot3_ws/install/my_world/share/my_world//models/.fr-0T31rz/my_world/models/bobeye/meshes/brown_eye.png
[0.580s] -- Up-to-date: /home/asun/turtlebot3_ws/install/my_world/share/my_world//models/.fr-0T31rz/my_world/models/bobeye/meshes/male_casualsuit03_diffuse.png
[0.580s] -- Up-to-date: /home/asun/turtlebot3_ws/install/my_world/share/my_world//models/.fr-0T31rz/my_world/models/bobeye/meshes/male_casualsuit03_normal.png
[0.580s] -- Up-to-date: /home/asun/turtlebot3_ws/install/my_world/share/my_world//models/.fr-0T31rz/my_world/models/bobeye/meshes/teeth.png
[0.581s] -- Up-to-date: /home/asun/turtlebot3_ws/install/my_world/share/my_world//models/.fr-0T31rz/my_world/models/bobeye/meshes/shoes03_diffuse.png
[0.581s] -- Up-to-date: /home/asun/turtlebot3_ws/install/my_world/share/my_world//models/.fr-0T31rz/my_world/models/bobeye/meshes/tongue01_diffuse.png
[0.582s] -- Up-to-date: /home/asun/turtlebot3_ws/install/my_world/share/my_world//models/.fr-0T31rz/my_world/models/bobeye/meshes/bobeyev2.dae
[0.582s] -- Up-to-date: /home/asun/turtlebot3_ws/install/my_world/share/my_world//models/.fr-0T31rz/my_world/models/bobeye/meshes/bobeye.dae
[0.582s] -- Up-to-date: /home/asun/turtlebot3_ws/install/my_world/share/my_world//models/.fr-0T31rz/my_world/models/bobeye/meshes/young_darkskinned_male_diffuse.png
[0.582s] -- Up-to-date: /home/asun/turtlebot3_ws/install/my_world/share/my_world//models/.fr-0T31rz/my_world/models/bobeye/model.sdf
[0.582s] -- Up-to-date: /home/asun/turtlebot3_ws/install/my_world/share/my_world//models/.fr-0T31rz/my_world/models/bobeye/model.config
[0.583s] -- Up-to-date: /home/asun/turtlebot3_ws/install/my_world/share/my_world//models/.fr-0T31rz/my_world/models/doguinho
[0.583s] -- Up-to-date: /home/asun/turtlebot3_ws/install/my_world/share/my_world//models/.fr-0T31rz/my_world/models/doguinho/meshes
[0.583s] -- Up-to-date: /home/asun/turtlebot3_ws/install/my_world/share/my_world//models/.fr-0T31rz/my_world/models/doguinho/meshes/Doguinho_low_poly_doguinho_uv_Normal.png
[0.584s] -- Up-to-date: /home/asun/turtlebot3_ws/install/my_world/share/my_world//models/.fr-0T31rz/my_world/models/doguinho/meshes/Doguinho_low_poly_doguinho_uv_Metallic.png
[0.584s] -- Up-to-date: /home/asun/turtlebot3_ws/install/my_world/share/my_world//models/.fr-0T31rz/my_world/models/doguinho/meshes/Doguinho_low_poly_doguinho_uv_BaseColor.png
[0.584s] -- Up-to-date: /home/asun/turtlebot3_ws/install/my_world/share/my_world//models/.fr-0T31rz/my_world/models/doguinho/meshes/doguinho.dae
[0.584s] -- Up-to-date: /home/asun/turtlebot3_ws/install/my_world/share/my_world//models/.fr-0T31rz/my_world/models/doguinho/meshes/Doguinho_low_poly_doguinho_uv_Roughness.png
[0.584s] -- Up-to-date: /home/asun/turtlebot3_ws/install/my_world/share/my_world//models/.fr-0T31rz/my_world/models/doguinho/meshes/Doguinho_low_poly_doguinho_uv_Height.png
[0.584s] -- Up-to-date: /home/asun/turtlebot3_ws/install/my_world/share/my_world//models/.fr-0T31rz/my_world/models/doguinho/model.sdf
[0.584s] -- Up-to-date: /home/asun/turtlebot3_ws/install/my_world/share/my_world//models/.fr-0T31rz/my_world/models/doguinho/model.config
[0.585s] -- Up-to-date: /home/asun/turtlebot3_ws/install/my_world/share/my_world//models/.fr-0T31rz/my_world/models/apartment
[0.585s] -- Up-to-date: /home/asun/turtlebot3_ws/install/my_world/share/my_world//models/.fr-0T31rz/my_world/models/apartment/materials
[0.585s] -- Up-to-date: /home/asun/turtlebot3_ws/install/my_world/share/my_world//models/.fr-0T31rz/my_world/models/apartment/materials/textures
[0.585s] -- Up-to-date: /home/asun/turtlebot3_ws/install/my_world/share/my_world//models/.fr-0T31rz/my_world/models/apartment/materials/textures/apartment_diffuse.jpg
[0.586s] -- Up-to-date: /home/asun/turtlebot3_ws/install/my_world/share/my_world//models/.fr-0T31rz/my_world/models/apartment/materials/textures/apartment_spec.jpg
[0.586s] -- Up-to-date: /home/asun/turtlebot3_ws/install/my_world/share/my_world//models/.fr-0T31rz/my_world/models/apartment/meshes
[0.586s] -- Up-to-date: /home/asun/turtlebot3_ws/install/my_world/share/my_world//models/.fr-0T31rz/my_world/models/apartment/meshes/apartment.dae
[0.587s] -- Up-to-date: /home/asun/turtlebot3_ws/install/my_world/share/my_world//models/.fr-0T31rz/my_world/models/apartment/model.sdf
[0.587s] -- Up-to-date: /home/asun/turtlebot3_ws/install/my_world/share/my_world//models/.fr-0T31rz/my_world/models/apartment/model.config
[0.587s] -- Up-to-date: /home/asun/turtlebot3_ws/install/my_world/share/my_world//models/.fr-0T31rz/my_world/models/my_world
[0.587s] -- Up-to-date: /home/asun/turtlebot3_ws/install/my_world/share/my_world//models/.fr-0T31rz/my_world/models/my_world/model.sdf
[0.588s] -- Up-to-date: /home/asun/turtlebot3_ws/install/my_world/share/my_world//models/.fr-0T31rz/my_world/models/my_world/model.config
[0.588s] -- Up-to-date: /home/asun/turtlebot3_ws/install/my_world/share/my_world//models/.fr-0T31rz/my_world/models/ball_bearing
[0.588s] -- Up-to-date: /home/asun/turtlebot3_ws/install/my_world/share/my_world//models/.fr-0T31rz/my_world/models/ball_bearing/model.sdf
[0.588s] -- Up-to-date: /home/asun/turtlebot3_ws/install/my_world/share/my_world//models/.fr-0T31rz/my_world/models/ball_bearing/model.config
[0.588s] -- Up-to-date: /home/asun/turtlebot3_ws/install/my_world/share/my_world//models/.fr-0T31rz/my_world/models/ball_bearing/model.rsdf
[0.589s] -- Up-to-date: /home/asun/turtlebot3_ws/install/my_world/share/my_world//models/.fr-0T31rz/my_world/models/sweedish_apartment
[0.589s] -- Up-to-date: /home/asun/turtlebot3_ws/install/my_world/share/my_world//models/.fr-0T31rz/my_world/models/sweedish_apartment/meshes
[0.589s] -- Up-to-date: /home/asun/turtlebot3_ws/install/my_world/share/my_world//models/.fr-0T31rz/my_world/models/sweedish_apartment/meshes/model.dae
[0.589s] -- Up-to-date: /home/asun/turtlebot3_ws/install/my_world/share/my_world//models/.fr-0T31rz/my_world/models/sweedish_apartment/model.sdf
[0.589s] -- Up-to-date: /home/asun/turtlebot3_ws/install/my_world/share/my_world//models/.fr-0T31rz/my_world/models/sweedish_apartment/model.config
[0.589s] -- Up-to-date: /home/asun/turtlebot3_ws/install/my_world/share/my_world//models/.fr-0T31rz/my_world/models/gertrudiseye
[0.590s] -- Up-to-date: /home/asun/turtlebot3_ws/install/my_world/share/my_world//models/.fr-0T31rz/my_world/models/gertrudiseye/meshes
[0.590s] -- Up-to-date: /home/asun/turtlebot3_ws/install/my_world/share/my_world//models/.fr-0T31rz/my_world/models/gertrudiseye/meshes/old_lightskinned_female_diffuse.png
[0.590s] -- Up-to-date: /home/asun/turtlebot3_ws/install/my_world/share/my_world//models/.fr-0T31rz/my_world/models/gertrudiseye/meshes/female_elegantsuit01_diffuse.png
[0.590s] -- Up-to-date: /home/asun/turtlebot3_ws/install/my_world/share/my_world//models/.fr-0T31rz/my_world/models/gertrudiseye/meshes/braid01_diffuse.png
[0.590s] -- Up-to-date: /home/asun/turtlebot3_ws/install/my_world/share/my_world//models/.fr-0T31rz/my_world/models/gertrudiseye/meshes/green_eye.png
[0.591s] -- Up-to-date: /home/asun/turtlebot3_ws/install/my_world/share/my_world//models/.fr-0T31rz/my_world/models/gertrudiseye/meshes/female_elegantsuit01_normal.png
[0.591s] -- Up-to-date: /home/asun/turtlebot3_ws/install/my_world/share/my_world//models/.fr-0T31rz/my_world/models/gertrudiseye/meshes/gertrudiseye.png
[0.591s] -- Up-to-date: /home/asun/turtlebot3_ws/install/my_world/share/my_world//models/.fr-0T31rz/my_world/models/gertrudiseye/meshes/teeth.png
[0.591s] -- Up-to-date: /home/asun/turtlebot3_ws/install/my_world/share/my_world//models/.fr-0T31rz/my_world/models/gertrudiseye/meshes/gertrudiseye.dae
[0.592s] -- Up-to-date: /home/asun/turtlebot3_ws/install/my_world/share/my_world//models/.fr-0T31rz/my_world/models/gertrudiseye/meshes/tongue01_diffuse.png
[0.592s] -- Up-to-date: /home/asun/turtlebot3_ws/install/my_world/share/my_world//models/.fr-0T31rz/my_world/models/gertrudiseye/meshes/gertrudiseyev2.dae
[0.592s] -- Up-to-date: /home/asun/turtlebot3_ws/install/my_world/share/my_world//models/.fr-0T31rz/my_world/models/gertrudiseye/model.sdf
[0.592s] -- Up-to-date: /home/asun/turtlebot3_ws/install/my_world/share/my_world//models/.fr-0T31rz/my_world/models/gertrudiseye/model.config
[0.592s] -- Up-to-date: /home/asun/turtlebot3_ws/install/my_world/share/my_world//models/.fr-0T31rz/my_world/models/drc_practice_ball_valve
[0.592s] -- Up-to-date: /home/asun/turtlebot3_ws/install/my_world/share/my_world//models/.fr-0T31rz/my_world/models/drc_practice_ball_valve/materials
[0.593s] -- Up-to-date: /home/asun/turtlebot3_ws/install/my_world/share/my_world//models/.fr-0T31rz/my_world/models/drc_practice_ball_valve/materials/textures
[0.593s] -- Up-to-date: /home/asun/turtlebot3_ws/install/my_world/share/my_world//models/.fr-0T31rz/my_world/models/drc_practice_ball_valve/materials/textures/Metal_Rough.png
[0.593s] -- Up-to-date: /home/asun/turtlebot3_ws/install/my_world/share/my_world//models/.fr-0T31rz/my_world/models/drc_practice_ball_valve/meshes
[0.593s] -- Up-to-date: /home/asun/turtlebot3_ws/install/my_world/share/my_world//models/.fr-0T31rz/my_world/models/drc_practice_ball_valve/meshes/attachment.dae
[0.593s] -- Up-to-date: /home/asun/turtlebot3_ws/install/my_world/share/my_world//models/.fr-0T31rz/my_world/models/drc_practice_ball_valve/meshes/ball_valve.dae
[0.593s] -- Up-to-date: /home/asun/turtlebot3_ws/install/my_world/share/my_world//models/.fr-0T31rz/my_world/models/drc_practice_ball_valve/model.sdf
[0.594s] -- Up-to-date: /home/asun/turtlebot3_ws/install/my_world/share/my_world//models/.fr-0T31rz/my_world/models/drc_practice_ball_valve/model.config
[0.594s] -- Up-to-date: /home/asun/turtlebot3_ws/install/my_world/share/my_world//models/.fr-0T31rz/my_world/models/drc_practice_ball_valve/model-1_4.sdf
[0.594s] -- Up-to-date: /home/asun/turtlebot3_ws/install/my_world/share/my_world//models/.fr-0T31rz/my_world/models/warehouse_1
[0.595s] -- Up-to-date: /home/asun/turtlebot3_ws/install/my_world/share/my_world//models/.fr-0T31rz/my_world/models/warehouse_1/meshes
[0.595s] -- Up-to-date: /home/asun/turtlebot3_ws/install/my_world/share/my_world//models/.fr-0T31rz/my_world/models/warehouse_1/meshes/dummy.png
[0.595s] -- Up-to-date: /home/asun/turtlebot3_ws/install/my_world/share/my_world//models/.fr-0T31rz/my_world/models/warehouse_1/meshes/SICK_V2_WHITE.jpg
[0.595s] -- Up-to-date: /home/asun/turtlebot3_ws/install/my_world/share/my_world//models/.fr-0T31rz/my_world/models/warehouse_1/meshes/rock1.JPG
[0.595s] -- Up-to-date: /home/asun/turtlebot3_ws/install/my_world/share/my_world//models/.fr-0T31rz/my_world/models/warehouse_1/meshes/SCHUNK_logo.jpg
[0.595s] -- Up-to-date: /home/asun/turtlebot3_ws/install/my_world/share/my_world//models/.fr-0T31rz/my_world/models/warehouse_1/meshes/fetchit_env_version2.dae
[0.595s] -- Up-to-date: /home/asun/turtlebot3_ws/install/my_world/share/my_world//models/.fr-0T31rz/my_world/models/warehouse_1/meshes/icra2019-poster-image.png
[0.596s] -- Up-to-date: /home/asun/turtlebot3_ws/install/my_world/share/my_world//models/.fr-0T31rz/my_world/models/warehouse_1/meshes/fetchit_manipulation_challenge_logo.png
[0.596s] -- Up-to-date: /home/asun/turtlebot3_ws/install/my_world/share/my_world//models/.fr-0T31rz/my_world/models/warehouse_1/meshes/box_labels.png
[0.597s] -- Up-to-date: /home/asun/turtlebot3_ws/install/my_world/share/my_world//models/.fr-0T31rz/my_world/models/warehouse_1/meshes/warehouse_collision.stl
[0.597s] -- Up-to-date: /home/asun/turtlebot3_ws/install/my_world/share/my_world//models/.fr-0T31rz/my_world/models/warehouse_1/meshes/fetchit_env_version1.dae
[0.598s] -- Up-to-date: /home/asun/turtlebot3_ws/install/my_world/share/my_world//models/.fr-0T31rz/my_world/models/warehouse_1/meshes/SICK_V2.png
[0.598s] -- Up-to-date: /home/asun/turtlebot3_ws/install/my_world/share/my_world//models/.fr-0T31rz/my_world/models/warehouse_1/meshes/fetchit_env_version3.dae
[0.598s] -- Up-to-date: /home/asun/turtlebot3_ws/install/my_world/share/my_world//models/.fr-0T31rz/my_world/models/warehouse_1/meshes/EandM.jpg
[0.599s] -- Up-to-date: /home/asun/turtlebot3_ws/install/my_world/share/my_world//models/.fr-0T31rz/my_world/models/warehouse_1/meshes/Logo-TheConstruct-primario-NEW-tagline-2.jpg
[0.599s] -- Up-to-date: /home/asun/turtlebot3_ws/install/my_world/share/my_world//models/.fr-0T31rz/my_world/models/warehouse_1/meshes/fetchit_env_version4.dae
[0.599s] -- Up-to-date: /home/asun/turtlebot3_ws/install/my_world/share/my_world//models/.fr-0T31rz/my_world/models/warehouse_1/meshes/FetchLogo-1024x388.png
[0.602s] -- Up-to-date: /home/asun/turtlebot3_ws/install/my_world/share/my_world//models/.fr-0T31rz/my_world/models/warehouse_1/meshes/Logo-SICK.jpg
[0.603s] -- Up-to-date: /home/asun/turtlebot3_ws/install/my_world/share/my_world//models/.fr-0T31rz/my_world/models/warehouse_1/model.sdf
[0.603s] -- Up-to-date: /home/asun/turtlebot3_ws/install/my_world/share/my_world//models/.fr-0T31rz/my_world/models/warehouse_1/model.config
[0.604s] -- Up-to-date: /home/asun/turtlebot3_ws/install/my_world/share/my_world//models/.fr-0T31rz/my_world/models/turtlebot3_burger_pi
[0.605s] -- Up-to-date: /home/asun/turtlebot3_ws/install/my_world/share/my_world//models/.fr-0T31rz/my_world/models/turtlebot3_burger_pi/meshes
[0.605s] -- Up-to-date: /home/asun/turtlebot3_ws/install/my_world/share/my_world//models/.fr-0T31rz/my_world/models/turtlebot3_burger_pi/meshes/burger_base.dae
[0.605s] -- Up-to-date: /home/asun/turtlebot3_ws/install/my_world/share/my_world//models/.fr-0T31rz/my_world/models/turtlebot3_burger_pi/meshes/tire.dae
[0.606s] -- Up-to-date: /home/asun/turtlebot3_ws/install/my_world/share/my_world//models/.fr-0T31rz/my_world/models/turtlebot3_burger_pi/meshes/lds.dae
[0.607s] -- Up-to-date: /home/asun/turtlebot3_ws/install/my_world/share/my_world//models/.fr-0T31rz/my_world/models/turtlebot3_burger_pi/model.sdf
[0.607s] -- Up-to-date: /home/asun/turtlebot3_ws/install/my_world/share/my_world//models/.fr-0T31rz/my_world/models/turtlebot3_burger_pi/model.config
[0.607s] -- Up-to-date: /home/asun/turtlebot3_ws/install/my_world/share/my_world//models/.fr-0T31rz/my_world/models/turtlebot3_burger_pi/model-1_4.sdf
[0.607s] -- Up-to-date: /home/asun/turtlebot3_ws/install/my_world/share/my_world//models/.fr-0T31rz/my_world/models/kumaeye
[0.608s] -- Up-to-date: /home/asun/turtlebot3_ws/install/my_world/share/my_world//models/.fr-0T31rz/my_world/models/kumaeye/meshes
[0.608s] -- Up-to-date: /home/asun/turtlebot3_ws/install/my_world/share/my_world//models/.fr-0T31rz/my_world/models/kumaeye/meshes/eyebrow010.png
[0.609s] -- Up-to-date: /home/asun/turtlebot3_ws/install/my_world/share/my_world//models/.fr-0T31rz/my_world/models/kumaeye/meshes/kumaeye.png
[0.610s] -- Up-to-date: /home/asun/turtlebot3_ws/install/my_world/share/my_world//models/.fr-0T31rz/my_world/models/kumaeye/meshes/kumaeye.dae
[0.610s] -- Up-to-date: /home/asun/turtlebot3_ws/install/my_world/share/my_world//models/.fr-0T31rz/my_world/models/kumaeye/meshes/short01_diffuse.png
[0.612s] -- Up-to-date: /home/asun/turtlebot3_ws/install/my_world/share/my_world//models/.fr-0T31rz/my_world/models/kumaeye/meshes/brown_eye.png
[0.612s] -- Up-to-date: /home/asun/turtlebot3_ws/install/my_world/share/my_world//models/.fr-0T31rz/my_world/models/kumaeye/meshes/young_lightskinned_female_diffuse3.png
[0.612s] -- Up-to-date: /home/asun/turtlebot3_ws/install/my_world/share/my_world//models/.fr-0T31rz/my_world/models/kumaeye/meshes/teeth.png
[0.613s] -- Up-to-date: /home/asun/turtlebot3_ws/install/my_world/share/my_world//models/.fr-0T31rz/my_world/models/kumaeye/meshes/tongue01_diffuse.png
[0.613s] -- Up-to-date: /home/asun/turtlebot3_ws/install/my_world/share/my_world//models/.fr-0T31rz/my_world/models/kumaeye/meshes/male_worksuit01_diffuse.png
[0.613s] -- Up-to-date: /home/asun/turtlebot3_ws/install/my_world/share/my_world//models/.fr-0T31rz/my_world/models/kumaeye/meshes/male_worksuit01_normal.png
[0.614s] -- Up-to-date: /home/asun/turtlebot3_ws/install/my_world/share/my_world//models/.fr-0T31rz/my_world/models/kumaeye/meshes/kumaeyev2.dae
[0.614s] -- Up-to-date: /home/asun/turtlebot3_ws/install/my_world/share/my_world//models/.fr-0T31rz/my_world/models/kumaeye/model.sdf
[0.615s] -- Up-to-date: /home/asun/turtlebot3_ws/install/my_world/share/my_world//models/.fr-0T31rz/my_world/models/kumaeye/model.config
[0.615s] -- Up-to-date: /home/asun/turtlebot3_ws/install/my_world/share/my_world//models/.fr-0T31rz/my_world/models/ej0vwvf0j8jk-lowpolycat
[0.615s] -- Up-to-date: /home/asun/turtlebot3_ws/install/my_world/share/my_world//models/.fr-0T31rz/my_world/models/kitchen_dining
[0.616s] -- Up-to-date: /home/asun/turtlebot3_ws/install/my_world/share/my_world//models/.fr-0T31rz/my_world/models/kitchen_dining/model-1_3.sdf
[0.617s] -- Up-to-date: /home/asun/turtlebot3_ws/install/my_world/share/my_world//models/.fr-0T31rz/my_world/models/kitchen_dining/materials
[0.617s] -- Up-to-date: /home/asun/turtlebot3_ws/install/my_world/share/my_world//models/.fr-0T31rz/my_world/models/kitchen_dining/materials/textures
[0.617s] -- Up-to-date: /home/asun/turtlebot3_ws/install/my_world/share/my_world//models/.fr-0T31rz/my_world/models/kitchen_dining/materials/textures/__auto_42.png
[0.618s] -- Up-to-date: /home/asun/turtlebot3_ws/install/my_world/share/my_world//models/.fr-0T31rz/my_world/models/kitchen_dining/materials/textures/__auto_2.png
[0.619s] -- Up-to-date: /home/asun/turtlebot3_ws/install/my_world/share/my_world//models/.fr-0T31rz/my_world/models/kitchen_dining/materials/textures/__auto_61.png
[0.619s] -- Up-to-date: /home/asun/turtlebot3_ws/install/my_world/share/my_world//models/.fr-0T31rz/my_world/models/kitchen_dining/materials/textures/__auto_47.png
[0.619s] -- Up-to-date: /home/asun/turtlebot3_ws/install/my_world/share/my_world//models/.fr-0T31rz/my_world/models/kitchen_dining/materials/textures/__auto_40.png
[0.620s] -- Up-to-date: /home/asun/turtlebot3_ws/install/my_world/share/my_world//models/.fr-0T31rz/my_world/models/kitchen_dining/materials/textures/__auto_19.png
[0.620s] -- Up-to-date: /home/asun/turtlebot3_ws/install/my_world/share/my_world//models/.fr-0T31rz/my_world/models/kitchen_dining/materials/textures/__auto_44.png
[0.620s] -- Up-to-date: /home/asun/turtlebot3_ws/install/my_world/share/my_world//models/.fr-0T31rz/my_world/models/kitchen_dining/materials/textures/__auto_64.png
[0.620s] -- Up-to-date: /home/asun/turtlebot3_ws/install/my_world/share/my_world//models/.fr-0T31rz/my_world/models/kitchen_dining/materials/textures/__auto_53.png
[0.621s] -- Up-to-date: /home/asun/turtlebot3_ws/install/my_world/share/my_world//models/.fr-0T31rz/my_world/models/kitchen_dining/materials/textures/__auto_49.png
[0.621s] -- Up-to-date: /home/asun/turtlebot3_ws/install/my_world/share/my_world//models/.fr-0T31rz/my_world/models/kitchen_dining/materials/textures/__auto_59.png
[0.622s] -- Up-to-date: /home/asun/turtlebot3_ws/install/my_world/share/my_world//models/.fr-0T31rz/my_world/models/kitchen_dining/materials/textures/__auto_57.png
[0.622s] -- Up-to-date: /home/asun/turtlebot3_ws/install/my_world/share/my_world//models/.fr-0T31rz/my_world/models/kitchen_dining/materials/textures/__auto_52.png
[0.623s] -- Up-to-date: /home/asun/turtlebot3_ws/install/my_world/share/my_world//models/.fr-0T31rz/my_world/models/kitchen_dining/materials/textures/__auto_25.png
[0.623s] -- Up-to-date: /home/asun/turtlebot3_ws/install/my_world/share/my_world//models/.fr-0T31rz/my_world/models/kitchen_dining/materials/textures/__auto_9.png
[0.624s] -- Up-to-date: /home/asun/turtlebot3_ws/install/my_world/share/my_world//models/.fr-0T31rz/my_world/models/kitchen_dining/materials/textures/__auto_41.png
[0.624s] -- Up-to-date: /home/asun/turtlebot3_ws/install/my_world/share/my_world//models/.fr-0T31rz/my_world/models/kitchen_dining/materials/textures/__auto_51.png
[0.626s] -- Up-to-date: /home/asun/turtlebot3_ws/install/my_world/share/my_world//models/.fr-0T31rz/my_world/models/kitchen_dining/materials/textures/__auto_30.png
[0.626s] -- Up-to-date: /home/asun/turtlebot3_ws/install/my_world/share/my_world//models/.fr-0T31rz/my_world/models/kitchen_dining/materials/textures/__auto_29.png
[0.627s] -- Up-to-date: /home/asun/turtlebot3_ws/install/my_world/share/my_world//models/.fr-0T31rz/my_world/models/kitchen_dining/materials/textures/__auto_56.png
[0.629s] -- Up-to-date: /home/asun/turtlebot3_ws/install/my_world/share/my_world//models/.fr-0T31rz/my_world/models/kitchen_dining/materials/textures/__auto_28.png
[0.630s] -- Up-to-date: /home/asun/turtlebot3_ws/install/my_world/share/my_world//models/.fr-0T31rz/my_world/models/kitchen_dining/materials/textures/__auto_39.png
[0.630s] -- Up-to-date: /home/asun/turtlebot3_ws/install/my_world/share/my_world//models/.fr-0T31rz/my_world/models/kitchen_dining/materials/textures/__auto_50.png
[0.631s] -- Up-to-date: /home/asun/turtlebot3_ws/install/my_world/share/my_world//models/.fr-0T31rz/my_world/models/kitchen_dining/materials/textures/__auto_24.png
[0.631s] -- Up-to-date: /home/asun/turtlebot3_ws/install/my_world/share/my_world//models/.fr-0T31rz/my_world/models/kitchen_dining/materials/textures/__auto_69.png
[0.632s] -- Up-to-date: /home/asun/turtlebot3_ws/install/my_world/share/my_world//models/.fr-0T31rz/my_world/models/kitchen_dining/materials/textures/__auto_60.png
[0.634s] -- Up-to-date: /home/asun/turtlebot3_ws/install/my_world/share/my_world//models/.fr-0T31rz/my_world/models/kitchen_dining/materials/textures/__auto_43.png
[0.634s] -- Up-to-date: /home/asun/turtlebot3_ws/install/my_world/share/my_world//models/.fr-0T31rz/my_world/models/kitchen_dining/materials/textures/__auto_18.png
[0.634s] -- Up-to-date: /home/asun/turtlebot3_ws/install/my_world/share/my_world//models/.fr-0T31rz/my_world/models/kitchen_dining/materials/textures/__auto_16.png
[0.635s] -- Up-to-date: /home/asun/turtlebot3_ws/install/my_world/share/my_world//models/.fr-0T31rz/my_world/models/kitchen_dining/materials/textures/__auto_7.png
[0.635s] -- Up-to-date: /home/asun/turtlebot3_ws/install/my_world/share/my_world//models/.fr-0T31rz/my_world/models/kitchen_dining/materials/textures/__auto_13.png
[0.635s] -- Up-to-date: /home/asun/turtlebot3_ws/install/my_world/share/my_world//models/.fr-0T31rz/my_world/models/kitchen_dining/materials/textures/__auto_8.png
[0.635s] -- Up-to-date: /home/asun/turtlebot3_ws/install/my_world/share/my_world//models/.fr-0T31rz/my_world/models/kitchen_dining/materials/textures/__auto_66.png
[0.636s] -- Up-to-date: /home/asun/turtlebot3_ws/install/my_world/share/my_world//models/.fr-0T31rz/my_world/models/kitchen_dining/materials/textures/__auto_17.png
[0.636s] -- Up-to-date: /home/asun/turtlebot3_ws/install/my_world/share/my_world//models/.fr-0T31rz/my_world/models/kitchen_dining/materials/textures/__auto_14.png
[0.637s] -- Up-to-date: /home/asun/turtlebot3_ws/install/my_world/share/my_world//models/.fr-0T31rz/my_world/models/kitchen_dining/materials/textures/__auto_46.png
[0.637s] -- Up-to-date: /home/asun/turtlebot3_ws/install/my_world/share/my_world//models/.fr-0T31rz/my_world/models/kitchen_dining/materials/textures/__auto_38.png
[0.637s] -- Up-to-date: /home/asun/turtlebot3_ws/install/my_world/share/my_world//models/.fr-0T31rz/my_world/models/kitchen_dining/materials/textures/__auto_22.png
[0.638s] -- Up-to-date: /home/asun/turtlebot3_ws/install/my_world/share/my_world//models/.fr-0T31rz/my_world/models/kitchen_dining/materials/textures/__auto_20.png
[0.639s] -- Up-to-date: /home/asun/turtlebot3_ws/install/my_world/share/my_world//models/.fr-0T31rz/my_world/models/kitchen_dining/materials/textures/__auto_45.png
[0.639s] -- Up-to-date: /home/asun/turtlebot3_ws/install/my_world/share/my_world//models/.fr-0T31rz/my_world/models/kitchen_dining/materials/textures/__auto_1.png
[0.639s] -- Up-to-date: /home/asun/turtlebot3_ws/install/my_world/share/my_world//models/.fr-0T31rz/my_world/models/kitchen_dining/materials/textures/__auto_21.png
[0.639s] -- Up-to-date: /home/asun/turtlebot3_ws/install/my_world/share/my_world//models/.fr-0T31rz/my_world/models/kitchen_dining/meshes
[0.640s] -- Up-to-date: /home/asun/turtlebot3_ws/install/my_world/share/my_world//models/.fr-0T31rz/my_world/models/kitchen_dining/meshes/kitchen_dining.dae
[0.641s] -- Up-to-date: /home/asun/turtlebot3_ws/install/my_world/share/my_world//models/.fr-0T31rz/my_world/models/kitchen_dining/model.sdf
[0.641s] -- Up-to-date: /home/asun/turtlebot3_ws/install/my_world/share/my_world//models/.fr-0T31rz/my_world/models/kitchen_dining/model.config
[0.642s] -- Up-to-date: /home/asun/turtlebot3_ws/install/my_world/share/my_world//models/.fr-0T31rz/my_world/models/kitchen_dining/model-1_4.sdf
[0.643s] -- Up-to-date: /home/asun/turtlebot3_ws/install/my_world/share/my_world//models/.fr-0T31rz/my_world/models/cafe
[0.643s] -- Up-to-date: /home/asun/turtlebot3_ws/install/my_world/share/my_world//models/.fr-0T31rz/my_world/models/cafe/materials
[0.643s] -- Up-to-date: /home/asun/turtlebot3_ws/install/my_world/share/my_world//models/.fr-0T31rz/my_world/models/cafe/materials/textures
[0.644s] -- Up-to-date: /home/asun/turtlebot3_ws/install/my_world/share/my_world//models/.fr-0T31rz/my_world/models/cafe/materials/textures/__auto_25.jpg
[0.645s] -- Up-to-date: /home/asun/turtlebot3_ws/install/my_world/share/my_world//models/.fr-0T31rz/my_world/models/cafe/materials/textures/__auto_37.jpg
[0.645s] -- Up-to-date: /home/asun/turtlebot3_ws/install/my_world/share/my_world//models/.fr-0T31rz/my_world/models/cafe/materials/textures/__auto_24.jpg
[0.646s] -- Up-to-date: /home/asun/turtlebot3_ws/install/my_world/share/my_world//models/.fr-0T31rz/my_world/models/cafe/materials/textures/__auto_2.jpg
[0.646s] -- Up-to-date: /home/asun/turtlebot3_ws/install/my_world/share/my_world//models/.fr-0T31rz/my_world/models/cafe/materials/textures/__auto_34.jpg
[0.646s] -- Up-to-date: /home/asun/turtlebot3_ws/install/my_world/share/my_world//models/.fr-0T31rz/my_world/models/cafe/materials/textures/__auto_29.jpg
[0.646s] -- Up-to-date: /home/asun/turtlebot3_ws/install/my_world/share/my_world//models/.fr-0T31rz/my_world/models/cafe/materials/textures/__auto_28.jpg
[0.648s] -- Up-to-date: /home/asun/turtlebot3_ws/install/my_world/share/my_world//models/.fr-0T31rz/my_world/models/cafe/materials/textures/__auto_26.jpg
[0.650s] -- Up-to-date: /home/asun/turtlebot3_ws/install/my_world/share/my_world//models/.fr-0T31rz/my_world/models/cafe/materials/textures/__auto_10.jpg
[0.650s] -- Up-to-date: /home/asun/turtlebot3_ws/install/my_world/share/my_world//models/.fr-0T31rz/my_world/models/cafe/materials/textures/__auto_30.jpg
[0.651s] -- Up-to-date: /home/asun/turtlebot3_ws/install/my_world/share/my_world//models/.fr-0T31rz/my_world/models/cafe/materials/textures/__auto_22.jpg
[0.651s] -- Up-to-date: /home/asun/turtlebot3_ws/install/my_world/share/my_world//models/.fr-0T31rz/my_world/models/cafe/materials/textures/__auto_31.jpg
[0.651s] -- Up-to-date: /home/asun/turtlebot3_ws/install/my_world/share/my_world//models/.fr-0T31rz/my_world/models/cafe/materials/textures/__auto_21.jpg
[0.651s] -- Up-to-date: /home/asun/turtlebot3_ws/install/my_world/share/my_world//models/.fr-0T31rz/my_world/models/cafe/materials/textures/__auto_35.jpg
[0.651s] -- Up-to-date: /home/asun/turtlebot3_ws/install/my_world/share/my_world//models/.fr-0T31rz/my_world/models/cafe/materials/textures/__auto_23.jpg
[0.652s] -- Up-to-date: /home/asun/turtlebot3_ws/install/my_world/share/my_world//models/.fr-0T31rz/my_world/models/cafe/meshes
[0.652s] -- Up-to-date: /home/asun/turtlebot3_ws/install/my_world/share/my_world//models/.fr-0T31rz/my_world/models/cafe/meshes/cafe.dae
[0.652s] -- Up-to-date: /home/asun/turtlebot3_ws/install/my_world/share/my_world//models/.fr-0T31rz/my_world/models/cafe/model.sdf
[0.652s] -- Up-to-date: /home/asun/turtlebot3_ws/install/my_world/share/my_world//models/.fr-0T31rz/my_world/models/cafe/model.config
[0.653s] -- Up-to-date: /home/asun/turtlebot3_ws/install/my_world/share/my_world//models/.fr-0T31rz/my_world/models/turtlebot3_burger
[0.653s] -- Up-to-date: /home/asun/turtlebot3_ws/install/my_world/share/my_world//models/.fr-0T31rz/my_world/models/turtlebot3_burger/meshes
[0.654s] -- Up-to-date: /home/asun/turtlebot3_ws/install/my_world/share/my_world//models/.fr-0T31rz/my_world/models/turtlebot3_burger/meshes/burger_base.dae
[0.655s] -- Up-to-date: /home/asun/turtlebot3_ws/install/my_world/share/my_world//models/.fr-0T31rz/my_world/models/turtlebot3_burger/meshes/tire.dae
[0.655s] -- Up-to-date: /home/asun/turtlebot3_ws/install/my_world/share/my_world//models/.fr-0T31rz/my_world/models/turtlebot3_burger/meshes/lds.dae
[0.656s] -- Up-to-date: /home/asun/turtlebot3_ws/install/my_world/share/my_world//models/.fr-0T31rz/my_world/models/turtlebot3_burger/model.sdf
[0.656s] -- Up-to-date: /home/asun/turtlebot3_ws/install/my_world/share/my_world//models/.fr-0T31rz/my_world/models/turtlebot3_burger/model.config
[0.656s] -- Up-to-date: /home/asun/turtlebot3_ws/install/my_world/share/my_world//models/.fr-0T31rz/my_world/models/turtlebot3_burger/model-1_4.sdf
[0.657s] -- Up-to-date: /home/asun/turtlebot3_ws/install/my_world/share/my_world//models/.fr-0T31rz/my_world/models/cricket_ball
[0.657s] -- Up-to-date: /home/asun/turtlebot3_ws/install/my_world/share/my_world//models/.fr-0T31rz/my_world/models/cricket_ball/model.sdf
[0.657s] -- Up-to-date: /home/asun/turtlebot3_ws/install/my_world/share/my_world//models/.fr-0T31rz/my_world/models/cricket_ball/model.config
[0.658s] -- Up-to-date: /home/asun/turtlebot3_ws/install/my_world/share/my_world//models/.fr-0T31rz/my_world/models/cricket_ball/model.rsdf
[0.659s] -- Up-to-date: /home/asun/turtlebot3_ws/install/my_world/share/my_world//models/office_couch
[0.659s] -- Up-to-date: /home/asun/turtlebot3_ws/install/my_world/share/my_world//models/office_couch/materials
[0.660s] -- Up-to-date: /home/asun/turtlebot3_ws/install/my_world/share/my_world//models/office_couch/materials/textures
[0.660s] -- Up-to-date: /home/asun/turtlebot3_ws/install/my_world/share/my_world//models/office_couch/materials/textures/office_couch_specular.png
[0.660s] -- Up-to-date: /home/asun/turtlebot3_ws/install/my_world/share/my_world//models/office_couch/materials/textures/office_couch_diffuse.png
[0.661s] -- Up-to-date: /home/asun/turtlebot3_ws/install/my_world/share/my_world//models/office_couch/meshes
[0.661s] -- Up-to-date: /home/asun/turtlebot3_ws/install/my_world/share/my_world//models/office_couch/meshes/office_couch.dae
[0.663s] -- Up-to-date: /home/asun/turtlebot3_ws/install/my_world/share/my_world//models/office_couch/model.sdf
[0.663s] -- Up-to-date: /home/asun/turtlebot3_ws/install/my_world/share/my_world//models/office_couch/model.config
[0.663s] -- Up-to-date: /home/asun/turtlebot3_ws/install/my_world/share/my_world//models/turtlebot3_burger
[0.663s] -- Up-to-date: /home/asun/turtlebot3_ws/install/my_world/share/my_world//models/turtlebot3_burger/meshes
[0.664s] -- Up-to-date: /home/asun/turtlebot3_ws/install/my_world/share/my_world//models/turtlebot3_burger/meshes/burger_base.dae
[0.664s] -- Up-to-date: /home/asun/turtlebot3_ws/install/my_world/share/my_world//models/turtlebot3_burger/meshes/tire.dae
[0.664s] -- Up-to-date: /home/asun/turtlebot3_ws/install/my_world/share/my_world//models/turtlebot3_burger/meshes/lds.dae
[0.666s] -- Up-to-date: /home/asun/turtlebot3_ws/install/my_world/share/my_world//models/turtlebot3_burger/model.sdf
[0.666s] -- Up-to-date: /home/asun/turtlebot3_ws/install/my_world/share/my_world//models/turtlebot3_burger/model.config
[0.667s] -- Up-to-date: /home/asun/turtlebot3_ws/install/my_world/share/my_world//models/turtlebot3_burger/model-1_4.sdf
[0.668s] -- Up-to-date: /home/asun/turtlebot3_ws/install/my_world/share/my_world//models/reception_desk
[0.668s] -- Up-to-date: /home/asun/turtlebot3_ws/install/my_world/share/my_world//models/reception_desk/materials
[0.668s] -- Up-to-date: /home/asun/turtlebot3_ws/install/my_world/share/my_world//models/reception_desk/materials/textures
[0.668s] -- Up-to-date: /home/asun/turtlebot3_ws/install/my_world/share/my_world//models/reception_desk/materials/textures/reception_desk.png
[0.669s] -- Up-to-date: /home/asun/turtlebot3_ws/install/my_world/share/my_world//models/reception_desk/meshes
[0.669s] -- Up-to-date: /home/asun/turtlebot3_ws/install/my_world/share/my_world//models/reception_desk/meshes/reception_desk.obj
[0.669s] -- Up-to-date: /home/asun/turtlebot3_ws/install/my_world/share/my_world//models/reception_desk/meshes/reception_desk.mtl
[0.669s] -- Up-to-date: /home/asun/turtlebot3_ws/install/my_world/share/my_world//models/reception_desk/model.sdf
[0.669s] -- Up-to-date: /home/asun/turtlebot3_ws/install/my_world/share/my_world//models/reception_desk/model.config
[0.669s] -- Up-to-date: /home/asun/turtlebot3_ws/install/my_world/share/my_world//world
[0.669s] -- Up-to-date: /home/asun/turtlebot3_ws/install/my_world/share/my_world//world/burger_pi.model
[0.670s] -- Installing: /home/asun/turtlebot3_ws/install/my_world/share/my_world//world/burger_office.world
[0.670s] -- Up-to-date: /home/asun/turtlebot3_ws/install/my_world/share/my_world//world/burger.model
[0.670s] -- Up-to-date: /home/asun/turtlebot3_ws/install/my_world/share/my_world//urdf
[0.670s] -- Up-to-date: /home/asun/turtlebot3_ws/install/my_world/share/my_world//urdf/turtlebot3_burger_pi.urdf
[0.670s] -- Up-to-date: /home/asun/turtlebot3_ws/install/my_world/share/my_world//urdf/turtlebot3_burger.urdf
[0.670s] -- Up-to-date: /home/asun/turtlebot3_ws/install/my_world/include/
[0.670s] -- Up-to-date: /home/asun/turtlebot3_ws/install/my_world/include//my_world
[0.671s] -- Up-to-date: /home/asun/turtlebot3_ws/install/my_world/share/ament_index/resource_index/package_run_dependencies/my_world
[0.671s] -- Up-to-date: /home/asun/turtlebot3_ws/install/my_world/share/ament_index/resource_index/parent_prefix_path/my_world
[0.671s] -- Up-to-date: /home/asun/turtlebot3_ws/install/my_world/share/my_world/environment/ament_prefix_path.sh
[0.671s] -- Up-to-date: /home/asun/turtlebot3_ws/install/my_world/share/my_world/environment/ament_prefix_path.dsv
[0.671s] -- Up-to-date: /home/asun/turtlebot3_ws/install/my_world/share/my_world/environment/path.sh
[0.671s] -- Up-to-date: /home/asun/turtlebot3_ws/install/my_world/share/my_world/environment/path.dsv
[0.672s] -- Up-to-date: /home/asun/turtlebot3_ws/install/my_world/share/my_world/local_setup.bash
[0.672s] -- Up-to-date: /home/asun/turtlebot3_ws/install/my_world/share/my_world/local_setup.sh
[0.672s] -- Up-to-date: /home/asun/turtlebot3_ws/install/my_world/share/my_world/local_setup.zsh
[0.672s] -- Up-to-date: /home/asun/turtlebot3_ws/install/my_world/share/my_world/local_setup.dsv
[0.672s] -- Installing: /home/asun/turtlebot3_ws/install/my_world/share/my_world/package.dsv
[0.672s] -- Up-to-date: /home/asun/turtlebot3_ws/install/my_world/share/ament_index/resource_index/packages/my_world
[0.673s] -- Up-to-date: /home/asun/turtlebot3_ws/install/my_world/share/my_world/cmake/ament_cmake_export_include_directories-extras.cmake
[0.673s] -- Up-to-date: /home/asun/turtlebot3_ws/install/my_world/share/my_world/cmake/ament_cmake_export_dependencies-extras.cmake
[0.673s] -- Up-to-date: /home/asun/turtlebot3_ws/install/my_world/share/my_world/cmake/my_worldConfig.cmake
[0.673s] -- Up-to-date: /home/asun/turtlebot3_ws/install/my_world/share/my_world/cmake/my_worldConfig-version.cmake
[0.674s] -- Up-to-date: /home/asun/turtlebot3_ws/install/my_world/share/my_world/package.xml
[0.674s] Invoked command in '/home/asun/turtlebot3_ws/build/my_world' returned '0': CMAKE_PREFIX_PATH=/home/asun/turtlebot3_ws/install/turtlebot3_gazebo:/home/asun/turtlebot3_ws/install/my_world:/home/asun/turtlebot3_ws/install/turtlebot3_simulations:/home/asun/turtlebot3_ws/install/turtlebot3_fake_node:/opt/ros/galactic /usr/bin/cmake --install /home/asun/turtlebot3_ws/build/my_world
