running develop
running egg_info
creating provide_map.egg-info
writing provide_map.egg-info/PKG-INFO
writing dependency_links to provide_map.egg-info/dependency_links.txt
writing entry points to provide_map.egg-info/entry_points.txt
writing requirements to provide_map.egg-info/requires.txt
writing top-level names to provide_map.egg-info/top_level.txt
writing manifest file 'provide_map.egg-info/SOURCES.txt'
reading manifest file 'provide_map.egg-info/SOURCES.txt'
writing manifest file 'provide_map.egg-info/SOURCES.txt'
running build_ext
Creating /home/haoxu/Git/ProyectoRobotica_RoboEntrega/robot/install/provide_map/lib/python3.8/site-packages/site.py
Creating /home/haoxu/Git/ProyectoRobotica_RoboEntrega/robot/install/provide_map/lib/python3.8/site-packages/provide-map.egg-link (link to .)

Installed /home/haoxu/Git/ProyectoRobotica_RoboEntrega/robot/build/provide_map
running symlink_data
creating /home/haoxu/Git/ProyectoRobotica_RoboEntrega/robot/install/provide_map/share/ament_index
creating /home/haoxu/Git/ProyectoRobotica_RoboEntrega/robot/install/provide_map/share/ament_index/resource_index
creating /home/haoxu/Git/ProyectoRobotica_RoboEntrega/robot/install/provide_map/share/ament_index/resource_index/packages
symbolically linking /home/haoxu/Git/ProyectoRobotica_RoboEntrega/robot/build/provide_map/resource/provide_map -> /home/haoxu/Git/ProyectoRobotica_RoboEntrega/robot/install/provide_map/share/ament_index/resource_index/packages
symbolically linking /home/haoxu/Git/ProyectoRobotica_RoboEntrega/robot/build/provide_map/package.xml -> /home/haoxu/Git/ProyectoRobotica_RoboEntrega/robot/install/provide_map/share/provide_map
creating /home/haoxu/Git/ProyectoRobotica_RoboEntrega/robot/install/provide_map/share/provide_map/map
symbolically linking /home/haoxu/Git/ProyectoRobotica_RoboEntrega/robot/build/provide_map/map/my_map.pgm -> /home/haoxu/Git/ProyectoRobotica_RoboEntrega/robot/install/provide_map/share/provide_map/map
symbolically linking /home/haoxu/Git/ProyectoRobotica_RoboEntrega/robot/build/provide_map/map/mapa_test.pgm -> /home/haoxu/Git/ProyectoRobotica_RoboEntrega/robot/install/provide_map/share/provide_map/map
symbolically linking /home/haoxu/Git/ProyectoRobotica_RoboEntrega/robot/build/provide_map/map/my_map.yaml -> /home/haoxu/Git/ProyectoRobotica_RoboEntrega/robot/install/provide_map/share/provide_map/map
creating /home/haoxu/Git/ProyectoRobotica_RoboEntrega/robot/install/provide_map/share/provide_map/rviz
symbolically linking /home/haoxu/Git/ProyectoRobotica_RoboEntrega/robot/build/provide_map/rviz/map copy.rviz -> /home/haoxu/Git/ProyectoRobotica_RoboEntrega/robot/install/provide_map/share/provide_map/rviz
symbolically linking /home/haoxu/Git/ProyectoRobotica_RoboEntrega/robot/build/provide_map/rviz/slam.rviz -> /home/haoxu/Git/ProyectoRobotica_RoboEntrega/robot/install/provide_map/share/provide_map/rviz
symbolically linking /home/haoxu/Git/ProyectoRobotica_RoboEntrega/robot/build/provide_map/rviz/map.rviz -> /home/haoxu/Git/ProyectoRobotica_RoboEntrega/robot/install/provide_map/share/provide_map/rviz
creating /home/haoxu/Git/ProyectoRobotica_RoboEntrega/robot/install/provide_map/share/provide_map/launch
symbolically linking /home/haoxu/Git/ProyectoRobotica_RoboEntrega/robot/build/provide_map/launch/provide_map.launch.py -> /home/haoxu/Git/ProyectoRobotica_RoboEntrega/robot/install/provide_map/share/provide_map/launch
