[0.730s] Invoking command in '/home/haoxu/Git/ProyectoRobotica_RoboEntrega/robot/build/provide_map': PYTHONPATH=/home/haoxu/Git/ProyectoRobotica_RoboEntrega/robot/build/provide_map/prefix_override:/usr/lib/python3/dist-packages/colcon_core/task/python/colcon_distutils_commands:/home/haoxu/Git/ProyectoRobotica_RoboEntrega/robot/install/provide_map/lib/python3.8/site-packages:${PYTHONPATH} /usr/bin/python3 -W ignore:setup.py install is deprecated -W ignore:easy_install command is deprecated setup.py develop --editable --build-directory /home/haoxu/Git/ProyectoRobotica_RoboEntrega/robot/build/provide_map/build --no-deps symlink_data
[0.871s] running develop
[0.953s] running egg_info
[0.953s] creating provide_map.egg-info
[0.953s] writing provide_map.egg-info/PKG-INFO
[0.953s] writing dependency_links to provide_map.egg-info/dependency_links.txt
[0.953s] writing entry points to provide_map.egg-info/entry_points.txt
[0.953s] writing requirements to provide_map.egg-info/requires.txt
[0.953s] writing top-level names to provide_map.egg-info/top_level.txt
[0.953s] writing manifest file 'provide_map.egg-info/SOURCES.txt'
[0.973s] reading manifest file 'provide_map.egg-info/SOURCES.txt'
[0.973s] writing manifest file 'provide_map.egg-info/SOURCES.txt'
[0.993s] running build_ext
[0.993s] Creating /home/haoxu/Git/ProyectoRobotica_RoboEntrega/robot/install/provide_map/lib/python3.8/site-packages/site.py
[0.994s] Creating /home/haoxu/Git/ProyectoRobotica_RoboEntrega/robot/install/provide_map/lib/python3.8/site-packages/provide-map.egg-link (link to .)
[0.995s] 
[0.997s] Installed /home/haoxu/Git/ProyectoRobotica_RoboEntrega/robot/build/provide_map
[0.998s] running symlink_data
[0.998s] creating /home/haoxu/Git/ProyectoRobotica_RoboEntrega/robot/install/provide_map/share/ament_index
[0.998s] creating /home/haoxu/Git/ProyectoRobotica_RoboEntrega/robot/install/provide_map/share/ament_index/resource_index
[0.998s] creating /home/haoxu/Git/ProyectoRobotica_RoboEntrega/robot/install/provide_map/share/ament_index/resource_index/packages
[0.998s] symbolically linking /home/haoxu/Git/ProyectoRobotica_RoboEntrega/robot/build/provide_map/resource/provide_map -> /home/haoxu/Git/ProyectoRobotica_RoboEntrega/robot/install/provide_map/share/ament_index/resource_index/packages
[0.998s] symbolically linking /home/haoxu/Git/ProyectoRobotica_RoboEntrega/robot/build/provide_map/package.xml -> /home/haoxu/Git/ProyectoRobotica_RoboEntrega/robot/install/provide_map/share/provide_map
[0.998s] creating /home/haoxu/Git/ProyectoRobotica_RoboEntrega/robot/install/provide_map/share/provide_map/map
[0.998s] symbolically linking /home/haoxu/Git/ProyectoRobotica_RoboEntrega/robot/build/provide_map/map/my_map.pgm -> /home/haoxu/Git/ProyectoRobotica_RoboEntrega/robot/install/provide_map/share/provide_map/map
[0.998s] symbolically linking /home/haoxu/Git/ProyectoRobotica_RoboEntrega/robot/build/provide_map/map/mapa_test.pgm -> /home/haoxu/Git/ProyectoRobotica_RoboEntrega/robot/install/provide_map/share/provide_map/map
[0.998s] symbolically linking /home/haoxu/Git/ProyectoRobotica_RoboEntrega/robot/build/provide_map/map/my_map.yaml -> /home/haoxu/Git/ProyectoRobotica_RoboEntrega/robot/install/provide_map/share/provide_map/map
[0.998s] creating /home/haoxu/Git/ProyectoRobotica_RoboEntrega/robot/install/provide_map/share/provide_map/rviz
[0.999s] symbolically linking /home/haoxu/Git/ProyectoRobotica_RoboEntrega/robot/build/provide_map/rviz/map copy.rviz -> /home/haoxu/Git/ProyectoRobotica_RoboEntrega/robot/install/provide_map/share/provide_map/rviz
[0.999s] symbolically linking /home/haoxu/Git/ProyectoRobotica_RoboEntrega/robot/build/provide_map/rviz/slam.rviz -> /home/haoxu/Git/ProyectoRobotica_RoboEntrega/robot/install/provide_map/share/provide_map/rviz
[0.999s] symbolically linking /home/haoxu/Git/ProyectoRobotica_RoboEntrega/robot/build/provide_map/rviz/map.rviz -> /home/haoxu/Git/ProyectoRobotica_RoboEntrega/robot/install/provide_map/share/provide_map/rviz
[0.999s] creating /home/haoxu/Git/ProyectoRobotica_RoboEntrega/robot/install/provide_map/share/provide_map/launch
[0.999s] symbolically linking /home/haoxu/Git/ProyectoRobotica_RoboEntrega/robot/build/provide_map/launch/provide_map.launch.py -> /home/haoxu/Git/ProyectoRobotica_RoboEntrega/robot/install/provide_map/share/provide_map/launch
[1.041s] Invoked command in '/home/haoxu/Git/ProyectoRobotica_RoboEntrega/robot/build/provide_map' returned '0': PYTHONPATH=/home/haoxu/Git/ProyectoRobotica_RoboEntrega/robot/build/provide_map/prefix_override:/usr/lib/python3/dist-packages/colcon_core/task/python/colcon_distutils_commands:/home/haoxu/Git/ProyectoRobotica_RoboEntrega/robot/install/provide_map/lib/python3.8/site-packages:${PYTHONPATH} /usr/bin/python3 -W ignore:setup.py install is deprecated -W ignore:easy_install command is deprecated setup.py develop --editable --build-directory /home/haoxu/Git/ProyectoRobotica_RoboEntrega/robot/build/provide_map/build --no-deps symlink_data
