[0.082s] Invoking command in '/home/robotica/proyectoRoboentrega/ProyectoRobotica_RoboEntrega/robot/build/turtlebot3_simulations': AMENT_PREFIX_PATH=/home/robotica/proyectoRoboentrega/ProyectoRobotica_RoboEntrega/robot/install/turtlebot3_gazebo:/home/robotica/proyectoRoboentrega/ProyectoRobotica_RoboEntrega/robot/install/turtlebot3_fake_node:${AMENT_PREFIX_PATH} CMAKE_PREFIX_PATH=/home/robotica/proyectoRoboentrega/ProyectoRobotica_RoboEntrega/robot/install/turtlebot3_gazebo:/home/robotica/proyectoRoboentrega/ProyectoRobotica_RoboEntrega/robot/install/turtlebot3_fake_node:/home/robotica/turtlebot3_ws/install/turtlebot3_simulations:/home/robotica/turtlebot3_ws/install/my_world:/home/robotica/turtlebot3_ws/install/turtlebot3_gazebo:/home/robotica/turtlebot3_ws/install/turtlebot3_fake_node:/home/robotica/turtlebot3_ws/install/custom_interface:/home/robotica/turtlebot3_ws/install/testeo1:/home/robotica/turtlebot3_ws/install/show_msg:/home/robotica/turtlebot3_ws/install/my_first_subscriber:/home/robotica/turtlebot3_ws/install/my_first_service:/home/robotica/turtlebot3_ws/install/my_first_publisher:/opt/ros/galactic /usr/bin/cmake /home/robotica/proyectoRoboentrega/ProyectoRobotica_RoboEntrega/robot/src/turtlebot3_simulations/turtlebot3_simulations -DAMENT_CMAKE_SYMLINK_INSTALL=1 -DCMAKE_INSTALL_PREFIX=/home/robotica/proyectoRoboentrega/ProyectoRobotica_RoboEntrega/robot/install/turtlebot3_simulations
[0.351s] -- The C compiler identification is GNU 9.4.0
[0.584s] -- The CXX compiler identification is GNU 9.4.0
[0.605s] -- Check for working C compiler: /usr/bin/cc
[0.917s] -- Check for working C compiler: /usr/bin/cc -- works
[0.931s] -- Detecting C compiler ABI info
[1.217s] -- Detecting C compiler ABI info - done
[1.261s] -- Detecting C compile features
[1.261s] -- Detecting C compile features - done
[1.280s] -- Check for working CXX compiler: /usr/bin/c++
[1.623s] -- Check for working CXX compiler: /usr/bin/c++ -- works
[1.628s] -- Detecting CXX compiler ABI info
[1.940s] -- Detecting CXX compiler ABI info - done
[1.985s] -- Detecting CXX compile features
[1.987s] -- Detecting CXX compile features - done
[2.003s] -- Found ament_cmake: 1.1.6 (/opt/ros/galactic/share/ament_cmake/cmake)
[2.130s] -- Found PythonInterp: /usr/bin/python3 (found suitable version "3.8.10", minimum required is "3") 
[2.131s] -- Using PYTHON_EXECUTABLE: /usr/bin/python3
[2.414s] -- Override CMake install command with custom implementation using symlinks instead of copying resources
[2.895s] -- Configuring done
[2.902s] -- Generating done
[2.908s] -- Build files have been written to: /home/robotica/proyectoRoboentrega/ProyectoRobotica_RoboEntrega/robot/build/turtlebot3_simulations
[2.918s] Invoked command in '/home/robotica/proyectoRoboentrega/ProyectoRobotica_RoboEntrega/robot/build/turtlebot3_simulations' returned '0': AMENT_PREFIX_PATH=/home/robotica/proyectoRoboentrega/ProyectoRobotica_RoboEntrega/robot/install/turtlebot3_gazebo:/home/robotica/proyectoRoboentrega/ProyectoRobotica_RoboEntrega/robot/install/turtlebot3_fake_node:${AMENT_PREFIX_PATH} CMAKE_PREFIX_PATH=/home/robotica/proyectoRoboentrega/ProyectoRobotica_RoboEntrega/robot/install/turtlebot3_gazebo:/home/robotica/proyectoRoboentrega/ProyectoRobotica_RoboEntrega/robot/install/turtlebot3_fake_node:/home/robotica/turtlebot3_ws/install/turtlebot3_simulations:/home/robotica/turtlebot3_ws/install/my_world:/home/robotica/turtlebot3_ws/install/turtlebot3_gazebo:/home/robotica/turtlebot3_ws/install/turtlebot3_fake_node:/home/robotica/turtlebot3_ws/install/custom_interface:/home/robotica/turtlebot3_ws/install/testeo1:/home/robotica/turtlebot3_ws/install/show_msg:/home/robotica/turtlebot3_ws/install/my_first_subscriber:/home/robotica/turtlebot3_ws/install/my_first_service:/home/robotica/turtlebot3_ws/install/my_first_publisher:/opt/ros/galactic /usr/bin/cmake /home/robotica/proyectoRoboentrega/ProyectoRobotica_RoboEntrega/robot/src/turtlebot3_simulations/turtlebot3_simulations -DAMENT_CMAKE_SYMLINK_INSTALL=1 -DCMAKE_INSTALL_PREFIX=/home/robotica/proyectoRoboentrega/ProyectoRobotica_RoboEntrega/robot/install/turtlebot3_simulations
[2.927s] Invoking command in '/home/robotica/proyectoRoboentrega/ProyectoRobotica_RoboEntrega/robot/build/turtlebot3_simulations': AMENT_PREFIX_PATH=/home/robotica/proyectoRoboentrega/ProyectoRobotica_RoboEntrega/robot/install/turtlebot3_gazebo:/home/robotica/proyectoRoboentrega/ProyectoRobotica_RoboEntrega/robot/install/turtlebot3_fake_node:${AMENT_PREFIX_PATH} CMAKE_PREFIX_PATH=/home/robotica/proyectoRoboentrega/ProyectoRobotica_RoboEntrega/robot/install/turtlebot3_gazebo:/home/robotica/proyectoRoboentrega/ProyectoRobotica_RoboEntrega/robot/install/turtlebot3_fake_node:/home/robotica/turtlebot3_ws/install/turtlebot3_simulations:/home/robotica/turtlebot3_ws/install/my_world:/home/robotica/turtlebot3_ws/install/turtlebot3_gazebo:/home/robotica/turtlebot3_ws/install/turtlebot3_fake_node:/home/robotica/turtlebot3_ws/install/custom_interface:/home/robotica/turtlebot3_ws/install/testeo1:/home/robotica/turtlebot3_ws/install/show_msg:/home/robotica/turtlebot3_ws/install/my_first_subscriber:/home/robotica/turtlebot3_ws/install/my_first_service:/home/robotica/turtlebot3_ws/install/my_first_publisher:/opt/ros/galactic /usr/bin/cmake --build /home/robotica/proyectoRoboentrega/ProyectoRobotica_RoboEntrega/robot/build/turtlebot3_simulations -- -j2 -l2
[3.076s] Invoked command in '/home/robotica/proyectoRoboentrega/ProyectoRobotica_RoboEntrega/robot/build/turtlebot3_simulations' returned '0': AMENT_PREFIX_PATH=/home/robotica/proyectoRoboentrega/ProyectoRobotica_RoboEntrega/robot/install/turtlebot3_gazebo:/home/robotica/proyectoRoboentrega/ProyectoRobotica_RoboEntrega/robot/install/turtlebot3_fake_node:${AMENT_PREFIX_PATH} CMAKE_PREFIX_PATH=/home/robotica/proyectoRoboentrega/ProyectoRobotica_RoboEntrega/robot/install/turtlebot3_gazebo:/home/robotica/proyectoRoboentrega/ProyectoRobotica_RoboEntrega/robot/install/turtlebot3_fake_node:/home/robotica/turtlebot3_ws/install/turtlebot3_simulations:/home/robotica/turtlebot3_ws/install/my_world:/home/robotica/turtlebot3_ws/install/turtlebot3_gazebo:/home/robotica/turtlebot3_ws/install/turtlebot3_fake_node:/home/robotica/turtlebot3_ws/install/custom_interface:/home/robotica/turtlebot3_ws/install/testeo1:/home/robotica/turtlebot3_ws/install/show_msg:/home/robotica/turtlebot3_ws/install/my_first_subscriber:/home/robotica/turtlebot3_ws/install/my_first_service:/home/robotica/turtlebot3_ws/install/my_first_publisher:/opt/ros/galactic /usr/bin/cmake --build /home/robotica/proyectoRoboentrega/ProyectoRobotica_RoboEntrega/robot/build/turtlebot3_simulations -- -j2 -l2
[3.088s] Invoking command in '/home/robotica/proyectoRoboentrega/ProyectoRobotica_RoboEntrega/robot/build/turtlebot3_simulations': AMENT_PREFIX_PATH=/home/robotica/proyectoRoboentrega/ProyectoRobotica_RoboEntrega/robot/install/turtlebot3_gazebo:/home/robotica/proyectoRoboentrega/ProyectoRobotica_RoboEntrega/robot/install/turtlebot3_fake_node:${AMENT_PREFIX_PATH} CMAKE_PREFIX_PATH=/home/robotica/proyectoRoboentrega/ProyectoRobotica_RoboEntrega/robot/install/turtlebot3_gazebo:/home/robotica/proyectoRoboentrega/ProyectoRobotica_RoboEntrega/robot/install/turtlebot3_fake_node:/home/robotica/turtlebot3_ws/install/turtlebot3_simulations:/home/robotica/turtlebot3_ws/install/my_world:/home/robotica/turtlebot3_ws/install/turtlebot3_gazebo:/home/robotica/turtlebot3_ws/install/turtlebot3_fake_node:/home/robotica/turtlebot3_ws/install/custom_interface:/home/robotica/turtlebot3_ws/install/testeo1:/home/robotica/turtlebot3_ws/install/show_msg:/home/robotica/turtlebot3_ws/install/my_first_subscriber:/home/robotica/turtlebot3_ws/install/my_first_service:/home/robotica/turtlebot3_ws/install/my_first_publisher:/opt/ros/galactic /usr/bin/cmake --install /home/robotica/proyectoRoboentrega/ProyectoRobotica_RoboEntrega/robot/build/turtlebot3_simulations
[3.123s] -- Install configuration: ""
[3.125s] -- Execute custom install script
[3.127s] -- Symlinking: /home/robotica/proyectoRoboentrega/ProyectoRobotica_RoboEntrega/robot/install/turtlebot3_simulations/share/ament_index/resource_index/package_run_dependencies/turtlebot3_simulations
[3.162s] -- Symlinking: /home/robotica/proyectoRoboentrega/ProyectoRobotica_RoboEntrega/robot/install/turtlebot3_simulations/share/ament_index/resource_index/parent_prefix_path/turtlebot3_simulations
[3.206s] -- Symlinking: /home/robotica/proyectoRoboentrega/ProyectoRobotica_RoboEntrega/robot/install/turtlebot3_simulations/share/turtlebot3_simulations/environment/ament_prefix_path.sh
[3.248s] -- Symlinking: /home/robotica/proyectoRoboentrega/ProyectoRobotica_RoboEntrega/robot/install/turtlebot3_simulations/share/turtlebot3_simulations/environment/ament_prefix_path.dsv
[3.285s] -- Symlinking: /home/robotica/proyectoRoboentrega/ProyectoRobotica_RoboEntrega/robot/install/turtlebot3_simulations/share/turtlebot3_simulations/environment/path.sh
[3.323s] -- Symlinking: /home/robotica/proyectoRoboentrega/ProyectoRobotica_RoboEntrega/robot/install/turtlebot3_simulations/share/turtlebot3_simulations/environment/path.dsv
[3.354s] -- Symlinking: /home/robotica/proyectoRoboentrega/ProyectoRobotica_RoboEntrega/robot/install/turtlebot3_simulations/share/turtlebot3_simulations/local_setup.bash
[3.381s] -- Symlinking: /home/robotica/proyectoRoboentrega/ProyectoRobotica_RoboEntrega/robot/install/turtlebot3_simulations/share/turtlebot3_simulations/local_setup.sh
[3.421s] -- Symlinking: /home/robotica/proyectoRoboentrega/ProyectoRobotica_RoboEntrega/robot/install/turtlebot3_simulations/share/turtlebot3_simulations/local_setup.zsh
[3.448s] -- Symlinking: /home/robotica/proyectoRoboentrega/ProyectoRobotica_RoboEntrega/robot/install/turtlebot3_simulations/share/turtlebot3_simulations/local_setup.dsv
[3.483s] -- Symlinking: /home/robotica/proyectoRoboentrega/ProyectoRobotica_RoboEntrega/robot/install/turtlebot3_simulations/share/turtlebot3_simulations/package.dsv
[3.518s] -- Symlinking: /home/robotica/proyectoRoboentrega/ProyectoRobotica_RoboEntrega/robot/install/turtlebot3_simulations/share/ament_index/resource_index/packages/turtlebot3_simulations
[3.551s] -- Symlinking: /home/robotica/proyectoRoboentrega/ProyectoRobotica_RoboEntrega/robot/install/turtlebot3_simulations/share/turtlebot3_simulations/cmake/turtlebot3_simulationsConfig.cmake
[3.584s] -- Symlinking: /home/robotica/proyectoRoboentrega/ProyectoRobotica_RoboEntrega/robot/install/turtlebot3_simulations/share/turtlebot3_simulations/cmake/turtlebot3_simulationsConfig-version.cmake
[3.620s] -- Symlinking: /home/robotica/proyectoRoboentrega/ProyectoRobotica_RoboEntrega/robot/install/turtlebot3_simulations/share/turtlebot3_simulations/package.xml
[3.668s] Invoked command in '/home/robotica/proyectoRoboentrega/ProyectoRobotica_RoboEntrega/robot/build/turtlebot3_simulations' returned '0': AMENT_PREFIX_PATH=/home/robotica/proyectoRoboentrega/ProyectoRobotica_RoboEntrega/robot/install/turtlebot3_gazebo:/home/robotica/proyectoRoboentrega/ProyectoRobotica_RoboEntrega/robot/install/turtlebot3_fake_node:${AMENT_PREFIX_PATH} CMAKE_PREFIX_PATH=/home/robotica/proyectoRoboentrega/ProyectoRobotica_RoboEntrega/robot/install/turtlebot3_gazebo:/home/robotica/proyectoRoboentrega/ProyectoRobotica_RoboEntrega/robot/install/turtlebot3_fake_node:/home/robotica/turtlebot3_ws/install/turtlebot3_simulations:/home/robotica/turtlebot3_ws/install/my_world:/home/robotica/turtlebot3_ws/install/turtlebot3_gazebo:/home/robotica/turtlebot3_ws/install/turtlebot3_fake_node:/home/robotica/turtlebot3_ws/install/custom_interface:/home/robotica/turtlebot3_ws/install/testeo1:/home/robotica/turtlebot3_ws/install/show_msg:/home/robotica/turtlebot3_ws/install/my_first_subscriber:/home/robotica/turtlebot3_ws/install/my_first_service:/home/robotica/turtlebot3_ws/install/my_first_publisher:/opt/ros/galactic /usr/bin/cmake --install /home/robotica/proyectoRoboentrega/ProyectoRobotica_RoboEntrega/robot/build/turtlebot3_simulations
