running egg_info
writing ../../../build/nav2_system/nav2_system.egg-info/PKG-INFO
writing dependency_links to ../../../build/nav2_system/nav2_system.egg-info/dependency_links.txt
writing entry points to ../../../build/nav2_system/nav2_system.egg-info/entry_points.txt
writing requirements to ../../../build/nav2_system/nav2_system.egg-info/requires.txt
writing top-level names to ../../../build/nav2_system/nav2_system.egg-info/top_level.txt
reading manifest file '../../../build/nav2_system/nav2_system.egg-info/SOURCES.txt'
writing manifest file '../../../build/nav2_system/nav2_system.egg-info/SOURCES.txt'
running build
running build_py
copying nav2_system/initial_pose_pub.py -> /home/haoxu/Git/ProyectoRobotica_RoboEntrega/robot/build/nav2_system/build/lib/nav2_system
running install
running install_lib
copying /home/haoxu/Git/ProyectoRobotica_RoboEntrega/robot/build/nav2_system/build/lib/nav2_system/initial_pose_pub.py -> /home/haoxu/Git/ProyectoRobotica_RoboEntrega/robot/install/nav2_system/lib/python3.8/site-packages/nav2_system
byte-compiling /home/haoxu/Git/ProyectoRobotica_RoboEntrega/robot/install/nav2_system/lib/python3.8/site-packages/nav2_system/initial_pose_pub.py to initial_pose_pub.cpython-38.pyc
running install_data
copying launch/tb3_sim_nav2.launch.py -> /home/haoxu/Git/ProyectoRobotica_RoboEntrega/robot/install/nav2_system/share/nav2_system/launch
running install_egg_info
removing '/home/haoxu/Git/ProyectoRobotica_RoboEntrega/robot/install/nav2_system/lib/python3.8/site-packages/nav2_system-0.0.0-py3.8.egg-info' (and everything under it)
Copying ../../../build/nav2_system/nav2_system.egg-info to /home/haoxu/Git/ProyectoRobotica_RoboEntrega/robot/install/nav2_system/lib/python3.8/site-packages/nav2_system-0.0.0-py3.8.egg-info
running install_scripts
Installing initial_pose_pub = nav2_system.initial_pose_pub:mainload_map_client script to /home/haoxu/Git/ProyectoRobotica_RoboEntrega/robot/install/nav2_system/lib/nav2_system
writing list of installed files to '/home/haoxu/Git/ProyectoRobotica_RoboEntrega/robot/build/nav2_system/install.log'
