[0.374s] Invoking command in '/home/haoxu/Git/ProyectoRobotica_RoboEntrega/robot/src/robo_entrega/nav2_system': PYTHONPATH=/home/haoxu/Git/ProyectoRobotica_RoboEntrega/robot/build/nav2_system/prefix_override:/usr/lib/python3/dist-packages/colcon_core/task/python/colcon_distutils_commands:/home/haoxu/Git/ProyectoRobotica_RoboEntrega/robot/install/nav2_system/lib/python3.8/site-packages:${PYTHONPATH} /usr/bin/python3 -W ignore:setup.py install is deprecated -W ignore:easy_install command is deprecated setup.py egg_info --egg-base ../../../build/nav2_system build --build-base /home/haoxu/Git/ProyectoRobotica_RoboEntrega/robot/build/nav2_system/build install --record /home/haoxu/Git/ProyectoRobotica_RoboEntrega/robot/build/nav2_system/install.log --single-version-externally-managed install_data
[0.491s] running egg_info
[0.491s] writing ../../../build/nav2_system/nav2_system.egg-info/PKG-INFO
[0.492s] writing dependency_links to ../../../build/nav2_system/nav2_system.egg-info/dependency_links.txt
[0.492s] writing entry points to ../../../build/nav2_system/nav2_system.egg-info/entry_points.txt
[0.492s] writing requirements to ../../../build/nav2_system/nav2_system.egg-info/requires.txt
[0.493s] writing top-level names to ../../../build/nav2_system/nav2_system.egg-info/top_level.txt
[0.510s] reading manifest file '../../../build/nav2_system/nav2_system.egg-info/SOURCES.txt'
[0.512s] writing manifest file '../../../build/nav2_system/nav2_system.egg-info/SOURCES.txt'
[0.512s] running build
[0.512s] running build_py
[0.513s] copying nav2_system/initial_pose_pub.py -> /home/haoxu/Git/ProyectoRobotica_RoboEntrega/robot/build/nav2_system/build/lib/nav2_system
[0.513s] running install
[0.514s] running install_lib
[0.515s] copying /home/haoxu/Git/ProyectoRobotica_RoboEntrega/robot/build/nav2_system/build/lib/nav2_system/initial_pose_pub.py -> /home/haoxu/Git/ProyectoRobotica_RoboEntrega/robot/install/nav2_system/lib/python3.8/site-packages/nav2_system
[0.515s] byte-compiling /home/haoxu/Git/ProyectoRobotica_RoboEntrega/robot/install/nav2_system/lib/python3.8/site-packages/nav2_system/initial_pose_pub.py to initial_pose_pub.cpython-38.pyc
[0.516s] running install_data
[0.517s] copying launch/tb3_sim_nav2.launch.py -> /home/haoxu/Git/ProyectoRobotica_RoboEntrega/robot/install/nav2_system/share/nav2_system/launch
[0.517s] running install_egg_info
[0.519s] removing '/home/haoxu/Git/ProyectoRobotica_RoboEntrega/robot/install/nav2_system/lib/python3.8/site-packages/nav2_system-0.0.0-py3.8.egg-info' (and everything under it)
[0.519s] Copying ../../../build/nav2_system/nav2_system.egg-info to /home/haoxu/Git/ProyectoRobotica_RoboEntrega/robot/install/nav2_system/lib/python3.8/site-packages/nav2_system-0.0.0-py3.8.egg-info
[0.520s] running install_scripts
[0.530s] Installing initial_pose_pub = nav2_system.initial_pose_pub:mainload_map_client script to /home/haoxu/Git/ProyectoRobotica_RoboEntrega/robot/install/nav2_system/lib/nav2_system
[0.531s] writing list of installed files to '/home/haoxu/Git/ProyectoRobotica_RoboEntrega/robot/build/nav2_system/install.log'
[0.543s] Invoked command in '/home/haoxu/Git/ProyectoRobotica_RoboEntrega/robot/src/robo_entrega/nav2_system' returned '0': PYTHONPATH=/home/haoxu/Git/ProyectoRobotica_RoboEntrega/robot/build/nav2_system/prefix_override:/usr/lib/python3/dist-packages/colcon_core/task/python/colcon_distutils_commands:/home/haoxu/Git/ProyectoRobotica_RoboEntrega/robot/install/nav2_system/lib/python3.8/site-packages:${PYTHONPATH} /usr/bin/python3 -W ignore:setup.py install is deprecated -W ignore:easy_install command is deprecated setup.py egg_info --egg-base ../../../build/nav2_system build --build-base /home/haoxu/Git/ProyectoRobotica_RoboEntrega/robot/build/nav2_system/build install --record /home/haoxu/Git/ProyectoRobotica_RoboEntrega/robot/build/nav2_system/install.log --single-version-externally-managed install_data
