[0.475s] Invoking command in '/home/haoxu/Git/ProyectoRobotica_RoboEntrega/robot/src/robo_entrega/provide_map': PYTHONPATH=/home/haoxu/Git/ProyectoRobotica_RoboEntrega/robot/build/provide_map/prefix_override:/usr/lib/python3/dist-packages/colcon_core/task/python/colcon_distutils_commands:/home/haoxu/Git/ProyectoRobotica_RoboEntrega/robot/install/provide_map/lib/python3.8/site-packages:${PYTHONPATH} /usr/bin/python3 -W ignore:setup.py install is deprecated -W ignore:easy_install command is deprecated setup.py egg_info --egg-base ../../../build/provide_map build --build-base /home/haoxu/Git/ProyectoRobotica_RoboEntrega/robot/build/provide_map/build install --record /home/haoxu/Git/ProyectoRobotica_RoboEntrega/robot/build/provide_map/install.log --single-version-externally-managed install_data
[0.597s] running egg_info
[0.597s] writing ../../../build/provide_map/provide_map.egg-info/PKG-INFO
[0.600s] writing dependency_links to ../../../build/provide_map/provide_map.egg-info/dependency_links.txt
[0.600s] writing entry points to ../../../build/provide_map/provide_map.egg-info/entry_points.txt
[0.600s] writing requirements to ../../../build/provide_map/provide_map.egg-info/requires.txt
[0.600s] writing top-level names to ../../../build/provide_map/provide_map.egg-info/top_level.txt
[0.622s] reading manifest file '../../../build/provide_map/provide_map.egg-info/SOURCES.txt'
[0.624s] writing manifest file '../../../build/provide_map/provide_map.egg-info/SOURCES.txt'
[0.624s] running build
[0.624s] running build_py
[0.625s] copying provide_map/load_map_client.py -> /home/haoxu/Git/ProyectoRobotica_RoboEntrega/robot/build/provide_map/build/lib/provide_map
[0.625s] running install
[0.625s] running install_lib
[0.626s] copying /home/haoxu/Git/ProyectoRobotica_RoboEntrega/robot/build/provide_map/build/lib/provide_map/load_map_client.py -> /home/haoxu/Git/ProyectoRobotica_RoboEntrega/robot/install/provide_map/lib/python3.8/site-packages/provide_map
[0.627s] byte-compiling /home/haoxu/Git/ProyectoRobotica_RoboEntrega/robot/install/provide_map/lib/python3.8/site-packages/provide_map/load_map_client.py to load_map_client.cpython-38.pyc
[0.628s] running install_data
[0.629s] copying rviz/map copy.rviz -> /home/haoxu/Git/ProyectoRobotica_RoboEntrega/robot/install/provide_map/share/provide_map/rviz
[0.630s] running install_egg_info
[0.631s] removing '/home/haoxu/Git/ProyectoRobotica_RoboEntrega/robot/install/provide_map/lib/python3.8/site-packages/provide_map-0.0.0-py3.8.egg-info' (and everything under it)
[0.632s] Copying ../../../build/provide_map/provide_map.egg-info to /home/haoxu/Git/ProyectoRobotica_RoboEntrega/robot/install/provide_map/lib/python3.8/site-packages/provide_map-0.0.0-py3.8.egg-info
[0.633s] running install_scripts
[0.642s] writing list of installed files to '/home/haoxu/Git/ProyectoRobotica_RoboEntrega/robot/build/provide_map/install.log'
[0.655s] Invoked command in '/home/haoxu/Git/ProyectoRobotica_RoboEntrega/robot/src/robo_entrega/provide_map' returned '0': PYTHONPATH=/home/haoxu/Git/ProyectoRobotica_RoboEntrega/robot/build/provide_map/prefix_override:/usr/lib/python3/dist-packages/colcon_core/task/python/colcon_distutils_commands:/home/haoxu/Git/ProyectoRobotica_RoboEntrega/robot/install/provide_map/lib/python3.8/site-packages:${PYTHONPATH} /usr/bin/python3 -W ignore:setup.py install is deprecated -W ignore:easy_install command is deprecated setup.py egg_info --egg-base ../../../build/provide_map build --build-base /home/haoxu/Git/ProyectoRobotica_RoboEntrega/robot/build/provide_map/build install --record /home/haoxu/Git/ProyectoRobotica_RoboEntrega/robot/build/provide_map/install.log --single-version-externally-managed install_data
