[0.389s] Invoking command in '/home/haoxu/Git/ProyectoRobotica_RoboEntrega/robot/src/provide_map': PS1=(rosenv) \[\e]0;\u@\h: \w\a\]${debian_chroot:+($debian_chroot)}\[\033[01;32m\]\u@\h\[\033[00m\]:\[\033[01;34m\]\w\[\033[00m\]\$ PYTHONPATH=/home/haoxu/Git/ProyectoRobotica_RoboEntrega/robot/build/provide_map/prefix_override:/usr/lib/python3/dist-packages/colcon_core/task/python/colcon_distutils_commands:/home/haoxu/Git/ProyectoRobotica_RoboEntrega/robot/install/provide_map/lib/python3.8/site-packages:${PYTHONPATH} /usr/bin/python3 -W ignore:setup.py install is deprecated -W ignore:easy_install command is deprecated setup.py egg_info --egg-base ../../build/provide_map build --build-base /home/haoxu/Git/ProyectoRobotica_RoboEntrega/robot/build/provide_map/build install --record /home/haoxu/Git/ProyectoRobotica_RoboEntrega/robot/build/provide_map/install.log --single-version-externally-managed install_data
[0.516s] running egg_info
[0.517s] writing ../../build/provide_map/provide_map.egg-info/PKG-INFO
[0.517s] writing dependency_links to ../../build/provide_map/provide_map.egg-info/dependency_links.txt
[0.517s] writing entry points to ../../build/provide_map/provide_map.egg-info/entry_points.txt
[0.518s] writing requirements to ../../build/provide_map/provide_map.egg-info/requires.txt
[0.518s] writing top-level names to ../../build/provide_map/provide_map.egg-info/top_level.txt
[0.539s] reading manifest file '../../build/provide_map/provide_map.egg-info/SOURCES.txt'
[0.539s] writing manifest file '../../build/provide_map/provide_map.egg-info/SOURCES.txt'
[0.540s] running build
[0.540s] running build_py
[0.540s] running install
[0.541s] running install_lib
[0.541s] running install_data
[0.541s] copying launch/provide_map.launch.py -> /home/haoxu/Git/ProyectoRobotica_RoboEntrega/robot/install/provide_map/share/provide_map/launch
[0.542s] running install_egg_info
[0.543s] removing '/home/haoxu/Git/ProyectoRobotica_RoboEntrega/robot/install/provide_map/lib/python3.8/site-packages/provide_map-0.0.0-py3.8.egg-info' (and everything under it)
[0.543s] Copying ../../build/provide_map/provide_map.egg-info to /home/haoxu/Git/ProyectoRobotica_RoboEntrega/robot/install/provide_map/lib/python3.8/site-packages/provide_map-0.0.0-py3.8.egg-info
[0.544s] running install_scripts
[0.555s] writing list of installed files to '/home/haoxu/Git/ProyectoRobotica_RoboEntrega/robot/build/provide_map/install.log'
[0.568s] Invoked command in '/home/haoxu/Git/ProyectoRobotica_RoboEntrega/robot/src/provide_map' returned '0': PS1=(rosenv) \[\e]0;\u@\h: \w\a\]${debian_chroot:+($debian_chroot)}\[\033[01;32m\]\u@\h\[\033[00m\]:\[\033[01;34m\]\w\[\033[00m\]\$ PYTHONPATH=/home/haoxu/Git/ProyectoRobotica_RoboEntrega/robot/build/provide_map/prefix_override:/usr/lib/python3/dist-packages/colcon_core/task/python/colcon_distutils_commands:/home/haoxu/Git/ProyectoRobotica_RoboEntrega/robot/install/provide_map/lib/python3.8/site-packages:${PYTHONPATH} /usr/bin/python3 -W ignore:setup.py install is deprecated -W ignore:easy_install command is deprecated setup.py egg_info --egg-base ../../build/provide_map build --build-base /home/haoxu/Git/ProyectoRobotica_RoboEntrega/robot/build/provide_map/build install --record /home/haoxu/Git/ProyectoRobotica_RoboEntrega/robot/build/provide_map/install.log --single-version-externally-managed install_data
