[3.412s] DEBUG:colcon:Command line arguments: ['/usr/bin/colcon', 'build', '--packages-select', 'my_world']
[3.412s] DEBUG:colcon:Parsed command line arguments: Namespace(allow_overriding=[], ament_cmake_args=None, base_paths=['.'], build_base='build', catkin_cmake_args=None, catkin_skip_building_tests=False, cmake_args=None, cmake_clean_cache=False, cmake_clean_first=False, cmake_force_configure=False, cmake_target=None, cmake_target_skip_unavailable=False, continue_on_error=False, event_handlers=None, executor='parallel', ignore_user_meta=False, install_base='install', log_base=None, log_level=None, main=<bound method BuildVerb.main of <colcon_core.verb.build.BuildVerb object at 0x7fcdca137760>>, merge_install=False, metas=['./colcon.meta'], packages_above=None, packages_above_and_dependencies=None, packages_above_depth=None, packages_end=None, packages_ignore=None, packages_ignore_regex=None, packages_select=['my_world'], packages_select_build_failed=False, packages_select_by_dep=None, packages_select_regex=None, packages_select_test_failures=False, packages_skip=None, packages_skip_build_finished=False, packages_skip_by_dep=None, packages_skip_regex=None, packages_skip_test_passed=False, packages_skip_up_to=None, packages_start=None, packages_up_to=None, packages_up_to_regex=None, parallel_workers=6, paths=None, symlink_install=False, test_result_base=None, verb_extension=<colcon_core.verb.build.BuildVerb object at 0x7fcdca137760>, verb_name='build', verb_parser=<colcon_defaults.argument_parser.defaults.DefaultArgumentsDecorator object at 0x7fcdca1b3640>)
[3.586s] Level 1:colcon.colcon_core.package_discovery:discover_packages(colcon_meta) check parameters
[3.587s] Level 1:colcon.colcon_core.package_discovery:discover_packages(recursive) check parameters
[3.587s] Level 1:colcon.colcon_core.package_discovery:discover_packages(ignore) check parameters
[3.587s] Level 1:colcon.colcon_core.package_discovery:discover_packages(path) check parameters
[3.587s] Level 1:colcon.colcon_core.package_discovery:discover_packages(colcon_meta) discover
[3.587s] Level 1:colcon.colcon_core.package_discovery:discover_packages(recursive) discover
[3.587s] INFO:colcon.colcon_core.package_discovery:Crawling recursively for packages in '/home/asun/turtlebot3_ws'
[3.587s] Level 1:colcon.colcon_core.package_identification:_identify(.) by extensions ['ignore', 'ignore_ament_install']
[3.587s] Level 1:colcon.colcon_core.package_identification:_identify(.) by extension 'ignore'
[3.587s] Level 1:colcon.colcon_core.package_identification:_identify(.) by extension 'ignore_ament_install'
[3.587s] Level 1:colcon.colcon_core.package_identification:_identify(.) by extensions ['colcon_pkg']
[3.587s] Level 1:colcon.colcon_core.package_identification:_identify(.) by extension 'colcon_pkg'
[3.587s] Level 1:colcon.colcon_core.package_identification:_identify(.) by extensions ['colcon_meta']
[3.587s] Level 1:colcon.colcon_core.package_identification:_identify(.) by extension 'colcon_meta'
[3.587s] Level 1:colcon.colcon_core.package_identification:_identify(.) by extensions ['ros']
[3.588s] Level 1:colcon.colcon_core.package_identification:_identify(.) by extension 'ros'
[3.611s] Level 1:colcon.colcon_core.package_identification:_identify(.) by extensions ['cmake', 'python']
[3.611s] Level 1:colcon.colcon_core.package_identification:_identify(.) by extension 'cmake'
[3.611s] Level 1:colcon.colcon_core.package_identification:_identify(.) by extension 'python'
[3.611s] Level 1:colcon.colcon_core.package_identification:_identify(.) by extensions ['python_setup_py']
[3.611s] Level 1:colcon.colcon_core.package_identification:_identify(.) by extension 'python_setup_py'
[3.611s] Level 1:colcon.colcon_core.package_identification:_identify(build) by extensions ['ignore', 'ignore_ament_install']
[3.611s] Level 1:colcon.colcon_core.package_identification:_identify(build) by extension 'ignore'
[3.611s] Level 1:colcon.colcon_core.package_identification:_identify(build) ignored
[3.611s] Level 1:colcon.colcon_core.package_identification:_identify(install) by extensions ['ignore', 'ignore_ament_install']
[3.612s] Level 1:colcon.colcon_core.package_identification:_identify(install) by extension 'ignore'
[3.612s] Level 1:colcon.colcon_core.package_identification:_identify(install) ignored
[3.612s] Level 1:colcon.colcon_core.package_identification:_identify(log) by extensions ['ignore', 'ignore_ament_install']
[3.612s] Level 1:colcon.colcon_core.package_identification:_identify(log) by extension 'ignore'
[3.612s] Level 1:colcon.colcon_core.package_identification:_identify(log) ignored
[3.612s] Level 1:colcon.colcon_core.package_identification:_identify(src) by extensions ['ignore', 'ignore_ament_install']
[3.612s] Level 1:colcon.colcon_core.package_identification:_identify(src) by extension 'ignore'
[3.612s] Level 1:colcon.colcon_core.package_identification:_identify(src) by extension 'ignore_ament_install'
[3.612s] Level 1:colcon.colcon_core.package_identification:_identify(src) by extensions ['colcon_pkg']
[3.612s] Level 1:colcon.colcon_core.package_identification:_identify(src) by extension 'colcon_pkg'
[3.612s] Level 1:colcon.colcon_core.package_identification:_identify(src) by extensions ['colcon_meta']
[3.612s] Level 1:colcon.colcon_core.package_identification:_identify(src) by extension 'colcon_meta'
[3.612s] Level 1:colcon.colcon_core.package_identification:_identify(src) by extensions ['ros']
[3.612s] Level 1:colcon.colcon_core.package_identification:_identify(src) by extension 'ros'
[3.612s] Level 1:colcon.colcon_core.package_identification:_identify(src) by extensions ['cmake', 'python']
[3.613s] Level 1:colcon.colcon_core.package_identification:_identify(src) by extension 'cmake'
[3.613s] Level 1:colcon.colcon_core.package_identification:_identify(src) by extension 'python'
[3.613s] Level 1:colcon.colcon_core.package_identification:_identify(src) by extensions ['python_setup_py']
[3.613s] Level 1:colcon.colcon_core.package_identification:_identify(src) by extension 'python_setup_py'
[3.613s] Level 1:colcon.colcon_core.package_identification:_identify(src/my_first_node) by extensions ['ignore', 'ignore_ament_install']
[3.613s] Level 1:colcon.colcon_core.package_identification:_identify(src/my_first_node) by extension 'ignore'
[3.613s] Level 1:colcon.colcon_core.package_identification:_identify(src/my_first_node) by extension 'ignore_ament_install'
[3.613s] Level 1:colcon.colcon_core.package_identification:_identify(src/my_first_node) by extensions ['colcon_pkg']
[3.613s] Level 1:colcon.colcon_core.package_identification:_identify(src/my_first_node) by extension 'colcon_pkg'
[3.613s] Level 1:colcon.colcon_core.package_identification:_identify(src/my_first_node) by extensions ['colcon_meta']
[3.613s] Level 1:colcon.colcon_core.package_identification:_identify(src/my_first_node) by extension 'colcon_meta'
[3.613s] Level 1:colcon.colcon_core.package_identification:_identify(src/my_first_node) by extensions ['ros']
[3.613s] Level 1:colcon.colcon_core.package_identification:_identify(src/my_first_node) by extension 'ros'
[3.619s] DEBUG:colcon.colcon_core.package_identification:Package 'src/my_first_node' with type 'ros.ament_python' and name 'my_first_node'
[3.619s] Level 1:colcon.colcon_core.package_identification:_identify(src/my_world) by extensions ['ignore', 'ignore_ament_install']
[3.619s] Level 1:colcon.colcon_core.package_identification:_identify(src/my_world) by extension 'ignore'
[3.619s] Level 1:colcon.colcon_core.package_identification:_identify(src/my_world) by extension 'ignore_ament_install'
[3.619s] Level 1:colcon.colcon_core.package_identification:_identify(src/my_world) by extensions ['colcon_pkg']
[3.619s] Level 1:colcon.colcon_core.package_identification:_identify(src/my_world) by extension 'colcon_pkg'
[3.619s] Level 1:colcon.colcon_core.package_identification:_identify(src/my_world) by extensions ['colcon_meta']
[3.619s] Level 1:colcon.colcon_core.package_identification:_identify(src/my_world) by extension 'colcon_meta'
[3.619s] Level 1:colcon.colcon_core.package_identification:_identify(src/my_world) by extensions ['ros']
[3.619s] Level 1:colcon.colcon_core.package_identification:_identify(src/my_world) by extension 'ros'
[3.621s] DEBUG:colcon.colcon_core.package_identification:Package 'src/my_world' with type 'ros.ament_cmake' and name 'my_world'
[3.622s] Level 1:colcon.colcon_core.package_identification:_identify(src/turtlebot3_simulations) by extensions ['ignore', 'ignore_ament_install']
[3.622s] Level 1:colcon.colcon_core.package_identification:_identify(src/turtlebot3_simulations) by extension 'ignore'
[3.622s] Level 1:colcon.colcon_core.package_identification:_identify(src/turtlebot3_simulations) by extension 'ignore_ament_install'
[3.622s] Level 1:colcon.colcon_core.package_identification:_identify(src/turtlebot3_simulations) by extensions ['colcon_pkg']
[3.622s] Level 1:colcon.colcon_core.package_identification:_identify(src/turtlebot3_simulations) by extension 'colcon_pkg'
[3.622s] Level 1:colcon.colcon_core.package_identification:_identify(src/turtlebot3_simulations) by extensions ['colcon_meta']
[3.622s] Level 1:colcon.colcon_core.package_identification:_identify(src/turtlebot3_simulations) by extension 'colcon_meta'
[3.622s] Level 1:colcon.colcon_core.package_identification:_identify(src/turtlebot3_simulations) by extensions ['ros']
[3.622s] Level 1:colcon.colcon_core.package_identification:_identify(src/turtlebot3_simulations) by extension 'ros'
[3.622s] Level 1:colcon.colcon_core.package_identification:_identify(src/turtlebot3_simulations) by extensions ['cmake', 'python']
[3.622s] Level 1:colcon.colcon_core.package_identification:_identify(src/turtlebot3_simulations) by extension 'cmake'
[3.622s] Level 1:colcon.colcon_core.package_identification:_identify(src/turtlebot3_simulations) by extension 'python'
[3.622s] Level 1:colcon.colcon_core.package_identification:_identify(src/turtlebot3_simulations) by extensions ['python_setup_py']
[3.622s] Level 1:colcon.colcon_core.package_identification:_identify(src/turtlebot3_simulations) by extension 'python_setup_py'
[3.623s] Level 1:colcon.colcon_core.package_identification:_identify(src/turtlebot3_simulations/turtlebot3_fake_node) by extensions ['ignore', 'ignore_ament_install']
[3.623s] Level 1:colcon.colcon_core.package_identification:_identify(src/turtlebot3_simulations/turtlebot3_fake_node) by extension 'ignore'
[3.623s] Level 1:colcon.colcon_core.package_identification:_identify(src/turtlebot3_simulations/turtlebot3_fake_node) by extension 'ignore_ament_install'
[3.623s] Level 1:colcon.colcon_core.package_identification:_identify(src/turtlebot3_simulations/turtlebot3_fake_node) by extensions ['colcon_pkg']
[3.623s] Level 1:colcon.colcon_core.package_identification:_identify(src/turtlebot3_simulations/turtlebot3_fake_node) by extension 'colcon_pkg'
[3.623s] Level 1:colcon.colcon_core.package_identification:_identify(src/turtlebot3_simulations/turtlebot3_fake_node) by extensions ['colcon_meta']
[3.623s] Level 1:colcon.colcon_core.package_identification:_identify(src/turtlebot3_simulations/turtlebot3_fake_node) by extension 'colcon_meta'
[3.623s] Level 1:colcon.colcon_core.package_identification:_identify(src/turtlebot3_simulations/turtlebot3_fake_node) by extensions ['ros']
[3.623s] Level 1:colcon.colcon_core.package_identification:_identify(src/turtlebot3_simulations/turtlebot3_fake_node) by extension 'ros'
[3.626s] DEBUG:colcon.colcon_core.package_identification:Package 'src/turtlebot3_simulations/turtlebot3_fake_node' with type 'ros.ament_cmake' and name 'turtlebot3_fake_node'
[3.627s] Level 1:colcon.colcon_core.package_identification:_identify(src/turtlebot3_simulations/turtlebot3_gazebo) by extensions ['ignore', 'ignore_ament_install']
[3.627s] Level 1:colcon.colcon_core.package_identification:_identify(src/turtlebot3_simulations/turtlebot3_gazebo) by extension 'ignore'
[3.627s] Level 1:colcon.colcon_core.package_identification:_identify(src/turtlebot3_simulations/turtlebot3_gazebo) by extension 'ignore_ament_install'
[3.627s] Level 1:colcon.colcon_core.package_identification:_identify(src/turtlebot3_simulations/turtlebot3_gazebo) by extensions ['colcon_pkg']
[3.627s] Level 1:colcon.colcon_core.package_identification:_identify(src/turtlebot3_simulations/turtlebot3_gazebo) by extension 'colcon_pkg'
[3.627s] Level 1:colcon.colcon_core.package_identification:_identify(src/turtlebot3_simulations/turtlebot3_gazebo) by extensions ['colcon_meta']
[3.627s] Level 1:colcon.colcon_core.package_identification:_identify(src/turtlebot3_simulations/turtlebot3_gazebo) by extension 'colcon_meta'
[3.627s] Level 1:colcon.colcon_core.package_identification:_identify(src/turtlebot3_simulations/turtlebot3_gazebo) by extensions ['ros']
[3.627s] Level 1:colcon.colcon_core.package_identification:_identify(src/turtlebot3_simulations/turtlebot3_gazebo) by extension 'ros'
[3.629s] DEBUG:colcon.colcon_core.package_identification:Package 'src/turtlebot3_simulations/turtlebot3_gazebo' with type 'ros.ament_cmake' and name 'turtlebot3_gazebo'
[3.630s] Level 1:colcon.colcon_core.package_identification:_identify(src/turtlebot3_simulations/turtlebot3_simulations) by extensions ['ignore', 'ignore_ament_install']
[3.630s] Level 1:colcon.colcon_core.package_identification:_identify(src/turtlebot3_simulations/turtlebot3_simulations) by extension 'ignore'
[3.630s] Level 1:colcon.colcon_core.package_identification:_identify(src/turtlebot3_simulations/turtlebot3_simulations) by extension 'ignore_ament_install'
[3.630s] Level 1:colcon.colcon_core.package_identification:_identify(src/turtlebot3_simulations/turtlebot3_simulations) by extensions ['colcon_pkg']
[3.630s] Level 1:colcon.colcon_core.package_identification:_identify(src/turtlebot3_simulations/turtlebot3_simulations) by extension 'colcon_pkg'
[3.630s] Level 1:colcon.colcon_core.package_identification:_identify(src/turtlebot3_simulations/turtlebot3_simulations) by extensions ['colcon_meta']
[3.630s] Level 1:colcon.colcon_core.package_identification:_identify(src/turtlebot3_simulations/turtlebot3_simulations) by extension 'colcon_meta'
[3.630s] Level 1:colcon.colcon_core.package_identification:_identify(src/turtlebot3_simulations/turtlebot3_simulations) by extensions ['ros']
[3.630s] Level 1:colcon.colcon_core.package_identification:_identify(src/turtlebot3_simulations/turtlebot3_simulations) by extension 'ros'
[3.632s] DEBUG:colcon.colcon_core.package_identification:Package 'src/turtlebot3_simulations/turtlebot3_simulations' with type 'ros.ament_cmake' and name 'turtlebot3_simulations'
[3.633s] Level 1:colcon.colcon_core.package_discovery:discover_packages(recursive) using defaults
[3.633s] Level 1:colcon.colcon_core.package_discovery:discover_packages(ignore) discover
[3.633s] Level 1:colcon.colcon_core.package_discovery:discover_packages(ignore) using defaults
[3.633s] Level 1:colcon.colcon_core.package_discovery:discover_packages(path) discover
[3.633s] Level 1:colcon.colcon_core.package_discovery:discover_packages(path) using defaults
[3.810s] INFO:colcon.colcon_core.package_selection:Skipping not selected package 'my_first_node' in 'src/my_first_node'
[3.810s] INFO:colcon.colcon_core.package_selection:Skipping not selected package 'turtlebot3_fake_node' in 'src/turtlebot3_simulations/turtlebot3_fake_node'
[3.810s] INFO:colcon.colcon_core.package_selection:Skipping not selected package 'turtlebot3_gazebo' in 'src/turtlebot3_simulations/turtlebot3_gazebo'
[3.811s] INFO:colcon.colcon_core.package_selection:Skipping not selected package 'turtlebot3_simulations' in 'src/turtlebot3_simulations/turtlebot3_simulations'
[3.901s] Level 1:colcon.colcon_core.package_discovery:discover_packages(prefix_path) check parameters
[3.901s] Level 1:colcon.colcon_core.package_discovery:discover_packages(prefix_path) discover
[3.998s] DEBUG:colcon.colcon_installed_package_information.package_discovery:Found 3 installed packages in /home/asun/turtlebot3_ws/install
[4.046s] DEBUG:colcon.colcon_installed_package_information.package_discovery:Found 336 installed packages in /opt/ros/galactic
[4.048s] Level 1:colcon.colcon_core.package_discovery:discover_packages(prefix_path) using defaults
[4.337s] Level 5:colcon.colcon_core.verb:set package 'my_world' build argument 'cmake_args' from command line to 'None'
[4.337s] Level 5:colcon.colcon_core.verb:set package 'my_world' build argument 'cmake_target' from command line to 'None'
[4.337s] Level 5:colcon.colcon_core.verb:set package 'my_world' build argument 'cmake_target_skip_unavailable' from command line to 'False'
[4.337s] Level 5:colcon.colcon_core.verb:set package 'my_world' build argument 'cmake_clean_cache' from command line to 'False'
[4.337s] Level 5:colcon.colcon_core.verb:set package 'my_world' build argument 'cmake_clean_first' from command line to 'False'
[4.337s] Level 5:colcon.colcon_core.verb:set package 'my_world' build argument 'cmake_force_configure' from command line to 'False'
[4.337s] Level 5:colcon.colcon_core.verb:set package 'my_world' build argument 'ament_cmake_args' from command line to 'None'
[4.337s] Level 5:colcon.colcon_core.verb:set package 'my_world' build argument 'catkin_cmake_args' from command line to 'None'
[4.337s] Level 5:colcon.colcon_core.verb:set package 'my_world' build argument 'catkin_skip_building_tests' from command line to 'False'
[4.337s] DEBUG:colcon.colcon_core.verb:Building package 'my_world' with the following arguments: {'ament_cmake_args': None, 'build_base': '/home/asun/turtlebot3_ws/build/my_world', 'catkin_cmake_args': None, 'catkin_skip_building_tests': False, 'cmake_args': None, 'cmake_clean_cache': False, 'cmake_clean_first': False, 'cmake_force_configure': False, 'cmake_target': None, 'cmake_target_skip_unavailable': False, 'install_base': '/home/asun/turtlebot3_ws/install/my_world', 'merge_install': False, 'path': '/home/asun/turtlebot3_ws/src/my_world', 'symlink_install': False, 'test_result_base': None}
[4.384s] INFO:colcon.colcon_core.executor:Executing jobs using 'parallel' executor
[4.430s] DEBUG:colcon.colcon_parallel_executor.executor.parallel:run_until_complete
[4.431s] INFO:colcon.colcon_ros.task.ament_cmake.build:Building ROS package in '/home/asun/turtlebot3_ws/src/my_world' with build type 'ament_cmake'
[4.431s] INFO:colcon.colcon_cmake.task.cmake.build:Building CMake package in '/home/asun/turtlebot3_ws/src/my_world'
[4.490s] INFO:colcon.colcon_core.plugin_system:Skipping extension 'colcon_core.shell.bat': Not used on non-Windows systems
[4.490s] INFO:colcon.colcon_core.shell:Skip shell extension 'powershell' for command environment: Not usable outside of PowerShell
[4.491s] DEBUG:colcon.colcon_core.shell:Skip shell extension 'dsv' for command environment
[4.651s] DEBUG:colcon.colcon_core.event_handler.log_command:Invoking command in '/home/asun/turtlebot3_ws/build/my_world': CMAKE_PREFIX_PATH=/home/asun/turtlebot3_ws/install/turtlebot3_gazebo:/home/asun/turtlebot3_ws/install/turtlebot3_simulations:/home/asun/turtlebot3_ws/install/turtlebot3_fake_node:/opt/ros/galactic /usr/bin/cmake /home/asun/turtlebot3_ws/src/my_world -DCMAKE_INSTALL_PREFIX=/home/asun/turtlebot3_ws/install/my_world
[9.941s] DEBUG:colcon.colcon_core.event_handler.log_command:Invoked command in '/home/asun/turtlebot3_ws/build/my_world' returned '0': CMAKE_PREFIX_PATH=/home/asun/turtlebot3_ws/install/turtlebot3_gazebo:/home/asun/turtlebot3_ws/install/turtlebot3_simulations:/home/asun/turtlebot3_ws/install/turtlebot3_fake_node:/opt/ros/galactic /usr/bin/cmake /home/asun/turtlebot3_ws/src/my_world -DCMAKE_INSTALL_PREFIX=/home/asun/turtlebot3_ws/install/my_world
[9.947s] DEBUG:colcon.colcon_core.event_handler.log_command:Invoking command in '/home/asun/turtlebot3_ws/build/my_world': CMAKE_PREFIX_PATH=/home/asun/turtlebot3_ws/install/turtlebot3_gazebo:/home/asun/turtlebot3_ws/install/turtlebot3_simulations:/home/asun/turtlebot3_ws/install/turtlebot3_fake_node:/opt/ros/galactic /usr/bin/cmake --build /home/asun/turtlebot3_ws/build/my_world -- -j6 -l6
[24.639s] DEBUG:colcon.colcon_core.event_handler.log_command:Invoked command in '/home/asun/turtlebot3_ws/build/my_world' returned '0': CMAKE_PREFIX_PATH=/home/asun/turtlebot3_ws/install/turtlebot3_gazebo:/home/asun/turtlebot3_ws/install/turtlebot3_simulations:/home/asun/turtlebot3_ws/install/turtlebot3_fake_node:/opt/ros/galactic /usr/bin/cmake --build /home/asun/turtlebot3_ws/build/my_world -- -j6 -l6
[24.707s] DEBUG:colcon.colcon_core.event_handler.log_command:Invoking command in '/home/asun/turtlebot3_ws/build/my_world': CMAKE_PREFIX_PATH=/home/asun/turtlebot3_ws/install/turtlebot3_gazebo:/home/asun/turtlebot3_ws/install/turtlebot3_simulations:/home/asun/turtlebot3_ws/install/turtlebot3_fake_node:/opt/ros/galactic /usr/bin/cmake --install /home/asun/turtlebot3_ws/build/my_world
[26.332s] Level 1:colcon.colcon_core.environment:create_environment_scripts_only(my_world)
[26.333s] DEBUG:colcon.colcon_core.event_handler.log_command:Invoked command in '/home/asun/turtlebot3_ws/build/my_world' returned '0': CMAKE_PREFIX_PATH=/home/asun/turtlebot3_ws/install/turtlebot3_gazebo:/home/asun/turtlebot3_ws/install/turtlebot3_simulations:/home/asun/turtlebot3_ws/install/turtlebot3_fake_node:/opt/ros/galactic /usr/bin/cmake --install /home/asun/turtlebot3_ws/build/my_world
[26.394s] Level 1:colcon.colcon_core.environment:checking '/home/asun/turtlebot3_ws/install/my_world' for CMake module files
[26.394s] Level 1:colcon.colcon_core.environment:checking '/home/asun/turtlebot3_ws/install/my_world' for CMake config files
[26.399s] Level 1:colcon.colcon_core.shell:create_environment_hook('my_world', 'cmake_prefix_path')
[26.450s] INFO:colcon.colcon_core.shell:Creating environment hook '/home/asun/turtlebot3_ws/install/my_world/share/my_world/hook/cmake_prefix_path.ps1'
[26.452s] INFO:colcon.colcon_core.shell:Creating environment descriptor '/home/asun/turtlebot3_ws/install/my_world/share/my_world/hook/cmake_prefix_path.dsv'
[26.453s] INFO:colcon.colcon_core.shell:Creating environment hook '/home/asun/turtlebot3_ws/install/my_world/share/my_world/hook/cmake_prefix_path.sh'
[26.455s] Level 1:colcon.colcon_core.environment:checking '/home/asun/turtlebot3_ws/install/my_world/lib'
[26.455s] Level 1:colcon.colcon_core.environment:checking '/home/asun/turtlebot3_ws/install/my_world/bin'
[26.455s] Level 1:colcon.colcon_core.environment:checking '/home/asun/turtlebot3_ws/install/my_world/lib/pkgconfig/my_world.pc'
[26.455s] Level 1:colcon.colcon_core.environment:checking '/home/asun/turtlebot3_ws/install/my_world/lib/python3.8/site-packages'
[26.456s] Level 1:colcon.colcon_core.environment:checking '/home/asun/turtlebot3_ws/install/my_world/bin'
[26.502s] INFO:colcon.colcon_core.shell:Creating package script '/home/asun/turtlebot3_ws/install/my_world/share/my_world/package.ps1'
[26.504s] INFO:colcon.colcon_core.shell:Creating package descriptor '/home/asun/turtlebot3_ws/install/my_world/share/my_world/package.dsv'
[26.505s] INFO:colcon.colcon_core.shell:Creating package script '/home/asun/turtlebot3_ws/install/my_world/share/my_world/package.sh'
[26.506s] INFO:colcon.colcon_core.shell:Creating package script '/home/asun/turtlebot3_ws/install/my_world/share/my_world/package.bash'
[26.508s] INFO:colcon.colcon_core.shell:Creating package script '/home/asun/turtlebot3_ws/install/my_world/share/my_world/package.zsh'
[26.509s] Level 1:colcon.colcon_core.environment:create_file_with_runtime_dependencies(/home/asun/turtlebot3_ws/install/my_world/share/colcon-core/packages/my_world)
[26.601s] Level 1:colcon.colcon_core.environment:create_environment_scripts_only(my_world)
[26.653s] Level 1:colcon.colcon_core.environment:checking '/home/asun/turtlebot3_ws/install/my_world' for CMake module files
[26.654s] Level 1:colcon.colcon_core.environment:checking '/home/asun/turtlebot3_ws/install/my_world' for CMake config files
[26.658s] Level 1:colcon.colcon_core.shell:create_environment_hook('my_world', 'cmake_prefix_path')
[26.707s] INFO:colcon.colcon_core.shell:Creating environment hook '/home/asun/turtlebot3_ws/install/my_world/share/my_world/hook/cmake_prefix_path.ps1'
[26.708s] INFO:colcon.colcon_core.shell:Creating environment descriptor '/home/asun/turtlebot3_ws/install/my_world/share/my_world/hook/cmake_prefix_path.dsv'
[26.708s] INFO:colcon.colcon_core.shell:Creating environment hook '/home/asun/turtlebot3_ws/install/my_world/share/my_world/hook/cmake_prefix_path.sh'
[26.709s] Level 1:colcon.colcon_core.environment:checking '/home/asun/turtlebot3_ws/install/my_world/lib'
[26.709s] Level 1:colcon.colcon_core.environment:checking '/home/asun/turtlebot3_ws/install/my_world/bin'
[26.710s] Level 1:colcon.colcon_core.environment:checking '/home/asun/turtlebot3_ws/install/my_world/lib/pkgconfig/my_world.pc'
[26.710s] Level 1:colcon.colcon_core.environment:checking '/home/asun/turtlebot3_ws/install/my_world/lib/python3.8/site-packages'
[26.710s] Level 1:colcon.colcon_core.environment:checking '/home/asun/turtlebot3_ws/install/my_world/bin'
[26.761s] INFO:colcon.colcon_core.shell:Creating package script '/home/asun/turtlebot3_ws/install/my_world/share/my_world/package.ps1'
[26.762s] INFO:colcon.colcon_core.shell:Creating package descriptor '/home/asun/turtlebot3_ws/install/my_world/share/my_world/package.dsv'
[26.763s] INFO:colcon.colcon_core.shell:Creating package script '/home/asun/turtlebot3_ws/install/my_world/share/my_world/package.sh'
[26.763s] INFO:colcon.colcon_core.shell:Creating package script '/home/asun/turtlebot3_ws/install/my_world/share/my_world/package.bash'
[26.764s] INFO:colcon.colcon_core.shell:Creating package script '/home/asun/turtlebot3_ws/install/my_world/share/my_world/package.zsh'
[26.765s] Level 1:colcon.colcon_core.environment:create_file_with_runtime_dependencies(/home/asun/turtlebot3_ws/install/my_world/share/colcon-core/packages/my_world)
[26.765s] DEBUG:colcon.colcon_parallel_executor.executor.parallel:closing loop
[26.766s] DEBUG:colcon.colcon_parallel_executor.executor.parallel:loop closed
[26.766s] DEBUG:colcon.colcon_parallel_executor.executor.parallel:run_until_complete finished with '0'
[26.766s] DEBUG:colcon.colcon_core.event_reactor:joining thread
[26.849s] INFO:colcon.colcon_core.plugin_system:Skipping extension 'colcon_notification.desktop_notification.terminal_notifier': Not used on non-Darwin systems
[26.849s] INFO:colcon.colcon_core.plugin_system:Skipping extension 'colcon_notification.desktop_notification.win32': Not used on non-Windows systems
[26.849s] INFO:colcon.colcon_notification.desktop_notification:Sending desktop notification using 'notify2'
[26.886s] DEBUG:colcon.colcon_core.event_reactor:joined thread
[26.949s] INFO:colcon.colcon_core.shell:Creating prefix script '/home/asun/turtlebot3_ws/install/local_setup.ps1'
[26.952s] INFO:colcon.colcon_core.shell:Creating prefix util module '/home/asun/turtlebot3_ws/install/_local_setup_util_ps1.py'
[26.956s] INFO:colcon.colcon_core.shell:Creating prefix chain script '/home/asun/turtlebot3_ws/install/setup.ps1'
[27.010s] INFO:colcon.colcon_core.shell:Creating prefix script '/home/asun/turtlebot3_ws/install/local_setup.sh'
[27.011s] INFO:colcon.colcon_core.shell:Creating prefix util module '/home/asun/turtlebot3_ws/install/_local_setup_util_sh.py'
[27.012s] INFO:colcon.colcon_core.shell:Creating prefix chain script '/home/asun/turtlebot3_ws/install/setup.sh'
[27.079s] INFO:colcon.colcon_core.shell:Creating prefix script '/home/asun/turtlebot3_ws/install/local_setup.bash'
[27.081s] INFO:colcon.colcon_core.shell:Creating prefix chain script '/home/asun/turtlebot3_ws/install/setup.bash'
[27.162s] INFO:colcon.colcon_core.shell:Creating prefix script '/home/asun/turtlebot3_ws/install/local_setup.zsh'
[27.165s] INFO:colcon.colcon_core.shell:Creating prefix chain script '/home/asun/turtlebot3_ws/install/setup.zsh'
