[3.583s] DEBUG:colcon:Command line arguments: ['/usr/bin/colcon', 'build', '--packages-select', 'my_world']
[3.583s] DEBUG:colcon:Parsed command line arguments: Namespace(allow_overriding=[], ament_cmake_args=None, base_paths=['.'], build_base='build', catkin_cmake_args=None, catkin_skip_building_tests=False, cmake_args=None, cmake_clean_cache=False, cmake_clean_first=False, cmake_force_configure=False, cmake_target=None, cmake_target_skip_unavailable=False, continue_on_error=False, event_handlers=None, executor='parallel', ignore_user_meta=False, install_base='install', log_base=None, log_level=None, main=<bound method BuildVerb.main of <colcon_core.verb.build.BuildVerb object at 0x7f110318ab20>>, merge_install=False, metas=['./colcon.meta'], packages_above=None, packages_above_and_dependencies=None, packages_above_depth=None, packages_end=None, packages_ignore=None, packages_ignore_regex=None, packages_select=['my_world'], packages_select_build_failed=False, packages_select_by_dep=None, packages_select_regex=None, packages_select_test_failures=False, packages_skip=None, packages_skip_build_finished=False, packages_skip_by_dep=None, packages_skip_regex=None, packages_skip_test_passed=False, packages_skip_up_to=None, packages_start=None, packages_up_to=None, packages_up_to_regex=None, parallel_workers=6, paths=None, symlink_install=False, test_result_base=None, verb_extension=<colcon_core.verb.build.BuildVerb object at 0x7f110318ab20>, verb_name='build', verb_parser=<colcon_defaults.argument_parser.defaults.DefaultArgumentsDecorator object at 0x7f110318a2b0>)
[3.803s] Level 1:colcon.colcon_core.package_discovery:discover_packages(colcon_meta) check parameters
[3.804s] Level 1:colcon.colcon_core.package_discovery:discover_packages(recursive) check parameters
[3.804s] Level 1:colcon.colcon_core.package_discovery:discover_packages(ignore) check parameters
[3.804s] Level 1:colcon.colcon_core.package_discovery:discover_packages(path) check parameters
[3.804s] Level 1:colcon.colcon_core.package_discovery:discover_packages(colcon_meta) discover
[3.804s] Level 1:colcon.colcon_core.package_discovery:discover_packages(recursive) discover
[3.804s] INFO:colcon.colcon_core.package_discovery:Crawling recursively for packages in '/home/asun/turtlebot3_ws'
[3.804s] Level 1:colcon.colcon_core.package_identification:_identify(.) by extensions ['ignore', 'ignore_ament_install']
[3.804s] Level 1:colcon.colcon_core.package_identification:_identify(.) by extension 'ignore'
[3.804s] Level 1:colcon.colcon_core.package_identification:_identify(.) by extension 'ignore_ament_install'
[3.804s] Level 1:colcon.colcon_core.package_identification:_identify(.) by extensions ['colcon_pkg']
[3.804s] Level 1:colcon.colcon_core.package_identification:_identify(.) by extension 'colcon_pkg'
[3.804s] Level 1:colcon.colcon_core.package_identification:_identify(.) by extensions ['colcon_meta']
[3.804s] Level 1:colcon.colcon_core.package_identification:_identify(.) by extension 'colcon_meta'
[3.804s] Level 1:colcon.colcon_core.package_identification:_identify(.) by extensions ['ros']
[3.804s] Level 1:colcon.colcon_core.package_identification:_identify(.) by extension 'ros'
[3.826s] Level 1:colcon.colcon_core.package_identification:_identify(.) by extensions ['cmake', 'python']
[3.826s] Level 1:colcon.colcon_core.package_identification:_identify(.) by extension 'cmake'
[3.826s] Level 1:colcon.colcon_core.package_identification:_identify(.) by extension 'python'
[3.826s] Level 1:colcon.colcon_core.package_identification:_identify(.) by extensions ['python_setup_py']
[3.826s] Level 1:colcon.colcon_core.package_identification:_identify(.) by extension 'python_setup_py'
[3.827s] Level 1:colcon.colcon_core.package_identification:_identify(build) by extensions ['ignore', 'ignore_ament_install']
[3.827s] Level 1:colcon.colcon_core.package_identification:_identify(build) by extension 'ignore'
[3.827s] Level 1:colcon.colcon_core.package_identification:_identify(build) ignored
[3.827s] Level 1:colcon.colcon_core.package_identification:_identify(install) by extensions ['ignore', 'ignore_ament_install']
[3.828s] Level 1:colcon.colcon_core.package_identification:_identify(install) by extension 'ignore'
[3.828s] Level 1:colcon.colcon_core.package_identification:_identify(install) ignored
[3.828s] Level 1:colcon.colcon_core.package_identification:_identify(log) by extensions ['ignore', 'ignore_ament_install']
[3.828s] Level 1:colcon.colcon_core.package_identification:_identify(log) by extension 'ignore'
[3.828s] Level 1:colcon.colcon_core.package_identification:_identify(log) ignored
[3.829s] Level 1:colcon.colcon_core.package_identification:_identify(src) by extensions ['ignore', 'ignore_ament_install']
[3.829s] Level 1:colcon.colcon_core.package_identification:_identify(src) by extension 'ignore'
[3.829s] Level 1:colcon.colcon_core.package_identification:_identify(src) by extension 'ignore_ament_install'
[3.829s] Level 1:colcon.colcon_core.package_identification:_identify(src) by extensions ['colcon_pkg']
[3.829s] Level 1:colcon.colcon_core.package_identification:_identify(src) by extension 'colcon_pkg'
[3.829s] Level 1:colcon.colcon_core.package_identification:_identify(src) by extensions ['colcon_meta']
[3.829s] Level 1:colcon.colcon_core.package_identification:_identify(src) by extension 'colcon_meta'
[3.829s] Level 1:colcon.colcon_core.package_identification:_identify(src) by extensions ['ros']
[3.829s] Level 1:colcon.colcon_core.package_identification:_identify(src) by extension 'ros'
[3.829s] Level 1:colcon.colcon_core.package_identification:_identify(src) by extensions ['cmake', 'python']
[3.829s] Level 1:colcon.colcon_core.package_identification:_identify(src) by extension 'cmake'
[3.829s] Level 1:colcon.colcon_core.package_identification:_identify(src) by extension 'python'
[3.829s] Level 1:colcon.colcon_core.package_identification:_identify(src) by extensions ['python_setup_py']
[3.830s] Level 1:colcon.colcon_core.package_identification:_identify(src) by extension 'python_setup_py'
[3.830s] Level 1:colcon.colcon_core.package_identification:_identify(src/my_first_node) by extensions ['ignore', 'ignore_ament_install']
[3.830s] Level 1:colcon.colcon_core.package_identification:_identify(src/my_first_node) by extension 'ignore'
[3.831s] Level 1:colcon.colcon_core.package_identification:_identify(src/my_first_node) by extension 'ignore_ament_install'
[3.831s] Level 1:colcon.colcon_core.package_identification:_identify(src/my_first_node) by extensions ['colcon_pkg']
[3.831s] Level 1:colcon.colcon_core.package_identification:_identify(src/my_first_node) by extension 'colcon_pkg'
[3.831s] Level 1:colcon.colcon_core.package_identification:_identify(src/my_first_node) by extensions ['colcon_meta']
[3.831s] Level 1:colcon.colcon_core.package_identification:_identify(src/my_first_node) by extension 'colcon_meta'
[3.831s] Level 1:colcon.colcon_core.package_identification:_identify(src/my_first_node) by extensions ['ros']
[3.831s] Level 1:colcon.colcon_core.package_identification:_identify(src/my_first_node) by extension 'ros'
[3.837s] DEBUG:colcon.colcon_core.package_identification:Package 'src/my_first_node' with type 'ros.ament_python' and name 'my_first_node'
[3.838s] Level 1:colcon.colcon_core.package_identification:_identify(src/my_world) by extensions ['ignore', 'ignore_ament_install']
[3.838s] Level 1:colcon.colcon_core.package_identification:_identify(src/my_world) by extension 'ignore'
[3.839s] Level 1:colcon.colcon_core.package_identification:_identify(src/my_world) by extension 'ignore_ament_install'
[3.839s] Level 1:colcon.colcon_core.package_identification:_identify(src/my_world) by extensions ['colcon_pkg']
[3.839s] Level 1:colcon.colcon_core.package_identification:_identify(src/my_world) by extension 'colcon_pkg'
[3.839s] Level 1:colcon.colcon_core.package_identification:_identify(src/my_world) by extensions ['colcon_meta']
[3.839s] Level 1:colcon.colcon_core.package_identification:_identify(src/my_world) by extension 'colcon_meta'
[3.839s] Level 1:colcon.colcon_core.package_identification:_identify(src/my_world) by extensions ['ros']
[3.839s] Level 1:colcon.colcon_core.package_identification:_identify(src/my_world) by extension 'ros'
[3.841s] DEBUG:colcon.colcon_core.package_identification:Package 'src/my_world' with type 'ros.ament_cmake' and name 'my_world'
[3.842s] Level 1:colcon.colcon_core.package_identification:_identify(src/turtlebot3_simulations) by extensions ['ignore', 'ignore_ament_install']
[3.843s] Level 1:colcon.colcon_core.package_identification:_identify(src/turtlebot3_simulations) by extension 'ignore'
[3.843s] Level 1:colcon.colcon_core.package_identification:_identify(src/turtlebot3_simulations) by extension 'ignore_ament_install'
[3.843s] Level 1:colcon.colcon_core.package_identification:_identify(src/turtlebot3_simulations) by extensions ['colcon_pkg']
[3.843s] Level 1:colcon.colcon_core.package_identification:_identify(src/turtlebot3_simulations) by extension 'colcon_pkg'
[3.843s] Level 1:colcon.colcon_core.package_identification:_identify(src/turtlebot3_simulations) by extensions ['colcon_meta']
[3.843s] Level 1:colcon.colcon_core.package_identification:_identify(src/turtlebot3_simulations) by extension 'colcon_meta'
[3.843s] Level 1:colcon.colcon_core.package_identification:_identify(src/turtlebot3_simulations) by extensions ['ros']
[3.843s] Level 1:colcon.colcon_core.package_identification:_identify(src/turtlebot3_simulations) by extension 'ros'
[3.843s] Level 1:colcon.colcon_core.package_identification:_identify(src/turtlebot3_simulations) by extensions ['cmake', 'python']
[3.843s] Level 1:colcon.colcon_core.package_identification:_identify(src/turtlebot3_simulations) by extension 'cmake'
[3.843s] Level 1:colcon.colcon_core.package_identification:_identify(src/turtlebot3_simulations) by extension 'python'
[3.843s] Level 1:colcon.colcon_core.package_identification:_identify(src/turtlebot3_simulations) by extensions ['python_setup_py']
[3.844s] Level 1:colcon.colcon_core.package_identification:_identify(src/turtlebot3_simulations) by extension 'python_setup_py'
[3.844s] Level 1:colcon.colcon_core.package_identification:_identify(src/turtlebot3_simulations/turtlebot3_fake_node) by extensions ['ignore', 'ignore_ament_install']
[3.844s] Level 1:colcon.colcon_core.package_identification:_identify(src/turtlebot3_simulations/turtlebot3_fake_node) by extension 'ignore'
[3.845s] Level 1:colcon.colcon_core.package_identification:_identify(src/turtlebot3_simulations/turtlebot3_fake_node) by extension 'ignore_ament_install'
[3.845s] Level 1:colcon.colcon_core.package_identification:_identify(src/turtlebot3_simulations/turtlebot3_fake_node) by extensions ['colcon_pkg']
[3.845s] Level 1:colcon.colcon_core.package_identification:_identify(src/turtlebot3_simulations/turtlebot3_fake_node) by extension 'colcon_pkg'
[3.845s] Level 1:colcon.colcon_core.package_identification:_identify(src/turtlebot3_simulations/turtlebot3_fake_node) by extensions ['colcon_meta']
[3.845s] Level 1:colcon.colcon_core.package_identification:_identify(src/turtlebot3_simulations/turtlebot3_fake_node) by extension 'colcon_meta'
[3.845s] Level 1:colcon.colcon_core.package_identification:_identify(src/turtlebot3_simulations/turtlebot3_fake_node) by extensions ['ros']
[3.845s] Level 1:colcon.colcon_core.package_identification:_identify(src/turtlebot3_simulations/turtlebot3_fake_node) by extension 'ros'
[3.847s] DEBUG:colcon.colcon_core.package_identification:Package 'src/turtlebot3_simulations/turtlebot3_fake_node' with type 'ros.ament_cmake' and name 'turtlebot3_fake_node'
[3.848s] Level 1:colcon.colcon_core.package_identification:_identify(src/turtlebot3_simulations/turtlebot3_gazebo) by extensions ['ignore', 'ignore_ament_install']
[3.849s] Level 1:colcon.colcon_core.package_identification:_identify(src/turtlebot3_simulations/turtlebot3_gazebo) by extension 'ignore'
[3.849s] Level 1:colcon.colcon_core.package_identification:_identify(src/turtlebot3_simulations/turtlebot3_gazebo) by extension 'ignore_ament_install'
[3.849s] Level 1:colcon.colcon_core.package_identification:_identify(src/turtlebot3_simulations/turtlebot3_gazebo) by extensions ['colcon_pkg']
[3.849s] Level 1:colcon.colcon_core.package_identification:_identify(src/turtlebot3_simulations/turtlebot3_gazebo) by extension 'colcon_pkg'
[3.849s] Level 1:colcon.colcon_core.package_identification:_identify(src/turtlebot3_simulations/turtlebot3_gazebo) by extensions ['colcon_meta']
[3.849s] Level 1:colcon.colcon_core.package_identification:_identify(src/turtlebot3_simulations/turtlebot3_gazebo) by extension 'colcon_meta'
[3.849s] Level 1:colcon.colcon_core.package_identification:_identify(src/turtlebot3_simulations/turtlebot3_gazebo) by extensions ['ros']
[3.849s] Level 1:colcon.colcon_core.package_identification:_identify(src/turtlebot3_simulations/turtlebot3_gazebo) by extension 'ros'
[3.851s] DEBUG:colcon.colcon_core.package_identification:Package 'src/turtlebot3_simulations/turtlebot3_gazebo' with type 'ros.ament_cmake' and name 'turtlebot3_gazebo'
[3.852s] Level 1:colcon.colcon_core.package_identification:_identify(src/turtlebot3_simulations/turtlebot3_simulations) by extensions ['ignore', 'ignore_ament_install']
[3.852s] Level 1:colcon.colcon_core.package_identification:_identify(src/turtlebot3_simulations/turtlebot3_simulations) by extension 'ignore'
[3.852s] Level 1:colcon.colcon_core.package_identification:_identify(src/turtlebot3_simulations/turtlebot3_simulations) by extension 'ignore_ament_install'
[3.852s] Level 1:colcon.colcon_core.package_identification:_identify(src/turtlebot3_simulations/turtlebot3_simulations) by extensions ['colcon_pkg']
[3.852s] Level 1:colcon.colcon_core.package_identification:_identify(src/turtlebot3_simulations/turtlebot3_simulations) by extension 'colcon_pkg'
[3.852s] Level 1:colcon.colcon_core.package_identification:_identify(src/turtlebot3_simulations/turtlebot3_simulations) by extensions ['colcon_meta']
[3.852s] Level 1:colcon.colcon_core.package_identification:_identify(src/turtlebot3_simulations/turtlebot3_simulations) by extension 'colcon_meta'
[3.852s] Level 1:colcon.colcon_core.package_identification:_identify(src/turtlebot3_simulations/turtlebot3_simulations) by extensions ['ros']
[3.852s] Level 1:colcon.colcon_core.package_identification:_identify(src/turtlebot3_simulations/turtlebot3_simulations) by extension 'ros'
[3.855s] DEBUG:colcon.colcon_core.package_identification:Package 'src/turtlebot3_simulations/turtlebot3_simulations' with type 'ros.ament_cmake' and name 'turtlebot3_simulations'
[3.856s] Level 1:colcon.colcon_core.package_discovery:discover_packages(recursive) using defaults
[3.856s] Level 1:colcon.colcon_core.package_discovery:discover_packages(ignore) discover
[3.856s] Level 1:colcon.colcon_core.package_discovery:discover_packages(ignore) using defaults
[3.856s] Level 1:colcon.colcon_core.package_discovery:discover_packages(path) discover
[3.856s] Level 1:colcon.colcon_core.package_discovery:discover_packages(path) using defaults
[4.052s] INFO:colcon.colcon_core.package_selection:Skipping not selected package 'my_first_node' in 'src/my_first_node'
[4.052s] INFO:colcon.colcon_core.package_selection:Skipping not selected package 'turtlebot3_fake_node' in 'src/turtlebot3_simulations/turtlebot3_fake_node'
[4.052s] INFO:colcon.colcon_core.package_selection:Skipping not selected package 'turtlebot3_gazebo' in 'src/turtlebot3_simulations/turtlebot3_gazebo'
[4.052s] INFO:colcon.colcon_core.package_selection:Skipping not selected package 'turtlebot3_simulations' in 'src/turtlebot3_simulations/turtlebot3_simulations'
[4.166s] Level 1:colcon.colcon_core.package_discovery:discover_packages(prefix_path) check parameters
[4.166s] Level 1:colcon.colcon_core.package_discovery:discover_packages(prefix_path) discover
[4.292s] DEBUG:colcon.colcon_installed_package_information.package_discovery:Found 4 installed packages in /home/asun/turtlebot3_ws/install
[4.348s] DEBUG:colcon.colcon_installed_package_information.package_discovery:Found 336 installed packages in /opt/ros/galactic
[4.350s] Level 1:colcon.colcon_core.package_discovery:discover_packages(prefix_path) using defaults
[4.664s] Level 5:colcon.colcon_core.verb:set package 'my_world' build argument 'cmake_args' from command line to 'None'
[4.665s] Level 5:colcon.colcon_core.verb:set package 'my_world' build argument 'cmake_target' from command line to 'None'
[4.665s] Level 5:colcon.colcon_core.verb:set package 'my_world' build argument 'cmake_target_skip_unavailable' from command line to 'False'
[4.665s] Level 5:colcon.colcon_core.verb:set package 'my_world' build argument 'cmake_clean_cache' from command line to 'False'
[4.665s] Level 5:colcon.colcon_core.verb:set package 'my_world' build argument 'cmake_clean_first' from command line to 'False'
[4.665s] Level 5:colcon.colcon_core.verb:set package 'my_world' build argument 'cmake_force_configure' from command line to 'False'
[4.665s] Level 5:colcon.colcon_core.verb:set package 'my_world' build argument 'ament_cmake_args' from command line to 'None'
[4.665s] Level 5:colcon.colcon_core.verb:set package 'my_world' build argument 'catkin_cmake_args' from command line to 'None'
[4.665s] Level 5:colcon.colcon_core.verb:set package 'my_world' build argument 'catkin_skip_building_tests' from command line to 'False'
[4.665s] DEBUG:colcon.colcon_core.verb:Building package 'my_world' with the following arguments: {'ament_cmake_args': None, 'build_base': '/home/asun/turtlebot3_ws/build/my_world', 'catkin_cmake_args': None, 'catkin_skip_building_tests': False, 'cmake_args': None, 'cmake_clean_cache': False, 'cmake_clean_first': False, 'cmake_force_configure': False, 'cmake_target': None, 'cmake_target_skip_unavailable': False, 'install_base': '/home/asun/turtlebot3_ws/install/my_world', 'merge_install': False, 'path': '/home/asun/turtlebot3_ws/src/my_world', 'symlink_install': False, 'test_result_base': None}
[4.712s] INFO:colcon.colcon_core.executor:Executing jobs using 'parallel' executor
[4.760s] DEBUG:colcon.colcon_parallel_executor.executor.parallel:run_until_complete
[4.761s] INFO:colcon.colcon_ros.task.ament_cmake.build:Building ROS package in '/home/asun/turtlebot3_ws/src/my_world' with build type 'ament_cmake'
[4.761s] INFO:colcon.colcon_cmake.task.cmake.build:Building CMake package in '/home/asun/turtlebot3_ws/src/my_world'
[4.821s] INFO:colcon.colcon_core.plugin_system:Skipping extension 'colcon_core.shell.bat': Not used on non-Windows systems
[4.821s] INFO:colcon.colcon_core.shell:Skip shell extension 'powershell' for command environment: Not usable outside of PowerShell
[4.821s] DEBUG:colcon.colcon_core.shell:Skip shell extension 'dsv' for command environment
[5.014s] DEBUG:colcon.colcon_core.event_handler.log_command:Invoking command in '/home/asun/turtlebot3_ws/build/my_world': CMAKE_PREFIX_PATH=/home/asun/turtlebot3_ws/install/turtlebot3_gazebo:/home/asun/turtlebot3_ws/install/turtlebot3_simulations:/home/asun/turtlebot3_ws/install/my_world:/home/asun/turtlebot3_ws/install/turtlebot3_fake_node:/opt/ros/galactic /usr/bin/cmake --build /home/asun/turtlebot3_ws/build/my_world -- -j6 -l6
[5.283s] DEBUG:colcon.colcon_core.event_handler.log_command:Invoked command in '/home/asun/turtlebot3_ws/build/my_world' returned '0': CMAKE_PREFIX_PATH=/home/asun/turtlebot3_ws/install/turtlebot3_gazebo:/home/asun/turtlebot3_ws/install/turtlebot3_simulations:/home/asun/turtlebot3_ws/install/my_world:/home/asun/turtlebot3_ws/install/turtlebot3_fake_node:/opt/ros/galactic /usr/bin/cmake --build /home/asun/turtlebot3_ws/build/my_world -- -j6 -l6
[5.354s] DEBUG:colcon.colcon_core.event_handler.log_command:Invoking command in '/home/asun/turtlebot3_ws/build/my_world': CMAKE_PREFIX_PATH=/home/asun/turtlebot3_ws/install/turtlebot3_gazebo:/home/asun/turtlebot3_ws/install/turtlebot3_simulations:/home/asun/turtlebot3_ws/install/my_world:/home/asun/turtlebot3_ws/install/turtlebot3_fake_node:/opt/ros/galactic /usr/bin/cmake --install /home/asun/turtlebot3_ws/build/my_world
[5.657s] Level 1:colcon.colcon_core.environment:create_environment_scripts_only(my_world)
[5.658s] DEBUG:colcon.colcon_core.event_handler.log_command:Invoked command in '/home/asun/turtlebot3_ws/build/my_world' returned '0': CMAKE_PREFIX_PATH=/home/asun/turtlebot3_ws/install/turtlebot3_gazebo:/home/asun/turtlebot3_ws/install/turtlebot3_simulations:/home/asun/turtlebot3_ws/install/my_world:/home/asun/turtlebot3_ws/install/turtlebot3_fake_node:/opt/ros/galactic /usr/bin/cmake --install /home/asun/turtlebot3_ws/build/my_world
[5.775s] Level 1:colcon.colcon_core.environment:checking '/home/asun/turtlebot3_ws/install/my_world' for CMake module files
[5.776s] Level 1:colcon.colcon_core.environment:checking '/home/asun/turtlebot3_ws/install/my_world' for CMake config files
[5.785s] Level 1:colcon.colcon_core.shell:create_environment_hook('my_world', 'cmake_prefix_path')
[5.876s] INFO:colcon.colcon_core.shell:Creating environment hook '/home/asun/turtlebot3_ws/install/my_world/share/my_world/hook/cmake_prefix_path.ps1'
[5.881s] INFO:colcon.colcon_core.shell:Creating environment descriptor '/home/asun/turtlebot3_ws/install/my_world/share/my_world/hook/cmake_prefix_path.dsv'
[5.884s] INFO:colcon.colcon_core.shell:Creating environment hook '/home/asun/turtlebot3_ws/install/my_world/share/my_world/hook/cmake_prefix_path.sh'
[5.887s] Level 1:colcon.colcon_core.environment:checking '/home/asun/turtlebot3_ws/install/my_world/lib'
[5.887s] Level 1:colcon.colcon_core.environment:checking '/home/asun/turtlebot3_ws/install/my_world/bin'
[5.887s] Level 1:colcon.colcon_core.environment:checking '/home/asun/turtlebot3_ws/install/my_world/lib/pkgconfig/my_world.pc'
[5.888s] Level 1:colcon.colcon_core.environment:checking '/home/asun/turtlebot3_ws/install/my_world/lib/python3.8/site-packages'
[5.888s] Level 1:colcon.colcon_core.environment:checking '/home/asun/turtlebot3_ws/install/my_world/bin'
[5.987s] INFO:colcon.colcon_core.shell:Creating package script '/home/asun/turtlebot3_ws/install/my_world/share/my_world/package.ps1'
[5.989s] INFO:colcon.colcon_core.shell:Creating package descriptor '/home/asun/turtlebot3_ws/install/my_world/share/my_world/package.dsv'
[5.991s] INFO:colcon.colcon_core.shell:Creating package script '/home/asun/turtlebot3_ws/install/my_world/share/my_world/package.sh'
[5.993s] INFO:colcon.colcon_core.shell:Creating package script '/home/asun/turtlebot3_ws/install/my_world/share/my_world/package.bash'
[5.996s] INFO:colcon.colcon_core.shell:Creating package script '/home/asun/turtlebot3_ws/install/my_world/share/my_world/package.zsh'
[6.001s] Level 1:colcon.colcon_core.environment:create_file_with_runtime_dependencies(/home/asun/turtlebot3_ws/install/my_world/share/colcon-core/packages/my_world)
[6.158s] Level 1:colcon.colcon_core.environment:create_environment_scripts_only(my_world)
[6.253s] Level 1:colcon.colcon_core.environment:checking '/home/asun/turtlebot3_ws/install/my_world' for CMake module files
[6.254s] Level 1:colcon.colcon_core.environment:checking '/home/asun/turtlebot3_ws/install/my_world' for CMake config files
[6.260s] Level 1:colcon.colcon_core.shell:create_environment_hook('my_world', 'cmake_prefix_path')
[6.331s] INFO:colcon.colcon_core.shell:Creating environment hook '/home/asun/turtlebot3_ws/install/my_world/share/my_world/hook/cmake_prefix_path.ps1'
[6.332s] INFO:colcon.colcon_core.shell:Creating environment descriptor '/home/asun/turtlebot3_ws/install/my_world/share/my_world/hook/cmake_prefix_path.dsv'
[6.333s] INFO:colcon.colcon_core.shell:Creating environment hook '/home/asun/turtlebot3_ws/install/my_world/share/my_world/hook/cmake_prefix_path.sh'
[6.334s] Level 1:colcon.colcon_core.environment:checking '/home/asun/turtlebot3_ws/install/my_world/lib'
[6.334s] Level 1:colcon.colcon_core.environment:checking '/home/asun/turtlebot3_ws/install/my_world/bin'
[6.334s] Level 1:colcon.colcon_core.environment:checking '/home/asun/turtlebot3_ws/install/my_world/lib/pkgconfig/my_world.pc'
[6.335s] Level 1:colcon.colcon_core.environment:checking '/home/asun/turtlebot3_ws/install/my_world/lib/python3.8/site-packages'
[6.335s] Level 1:colcon.colcon_core.environment:checking '/home/asun/turtlebot3_ws/install/my_world/bin'
[6.400s] INFO:colcon.colcon_core.shell:Creating package script '/home/asun/turtlebot3_ws/install/my_world/share/my_world/package.ps1'
[6.402s] INFO:colcon.colcon_core.shell:Creating package descriptor '/home/asun/turtlebot3_ws/install/my_world/share/my_world/package.dsv'
[6.404s] INFO:colcon.colcon_core.shell:Creating package script '/home/asun/turtlebot3_ws/install/my_world/share/my_world/package.sh'
[6.405s] INFO:colcon.colcon_core.shell:Creating package script '/home/asun/turtlebot3_ws/install/my_world/share/my_world/package.bash'
[6.406s] INFO:colcon.colcon_core.shell:Creating package script '/home/asun/turtlebot3_ws/install/my_world/share/my_world/package.zsh'
[6.407s] Level 1:colcon.colcon_core.environment:create_file_with_runtime_dependencies(/home/asun/turtlebot3_ws/install/my_world/share/colcon-core/packages/my_world)
[6.408s] DEBUG:colcon.colcon_parallel_executor.executor.parallel:closing loop
[6.409s] DEBUG:colcon.colcon_parallel_executor.executor.parallel:loop closed
[6.409s] DEBUG:colcon.colcon_parallel_executor.executor.parallel:run_until_complete finished with '0'
[6.409s] DEBUG:colcon.colcon_core.event_reactor:joining thread
[6.496s] INFO:colcon.colcon_core.plugin_system:Skipping extension 'colcon_notification.desktop_notification.terminal_notifier': Not used on non-Darwin systems
[6.496s] INFO:colcon.colcon_core.plugin_system:Skipping extension 'colcon_notification.desktop_notification.win32': Not used on non-Windows systems
[6.497s] INFO:colcon.colcon_notification.desktop_notification:Sending desktop notification using 'notify2'
[6.529s] DEBUG:colcon.colcon_core.event_reactor:joined thread
[6.621s] INFO:colcon.colcon_core.shell:Creating prefix script '/home/asun/turtlebot3_ws/install/local_setup.ps1'
[6.625s] INFO:colcon.colcon_core.shell:Creating prefix util module '/home/asun/turtlebot3_ws/install/_local_setup_util_ps1.py'
[6.627s] INFO:colcon.colcon_core.shell:Creating prefix chain script '/home/asun/turtlebot3_ws/install/setup.ps1'
[6.717s] INFO:colcon.colcon_core.shell:Creating prefix script '/home/asun/turtlebot3_ws/install/local_setup.sh'
[6.720s] INFO:colcon.colcon_core.shell:Creating prefix util module '/home/asun/turtlebot3_ws/install/_local_setup_util_sh.py'
[6.721s] INFO:colcon.colcon_core.shell:Creating prefix chain script '/home/asun/turtlebot3_ws/install/setup.sh'
[6.791s] INFO:colcon.colcon_core.shell:Creating prefix script '/home/asun/turtlebot3_ws/install/local_setup.bash'
[6.793s] INFO:colcon.colcon_core.shell:Creating prefix chain script '/home/asun/turtlebot3_ws/install/setup.bash'
[6.843s] INFO:colcon.colcon_core.shell:Creating prefix script '/home/asun/turtlebot3_ws/install/local_setup.zsh'
[6.844s] INFO:colcon.colcon_core.shell:Creating prefix chain script '/home/asun/turtlebot3_ws/install/setup.zsh'
