[0.489s] Invoking command in '/home/haoxu/Git/ProyectoRobotica_RoboEntrega/robot/src/nav2_system': PYTHONPATH=/home/haoxu/Git/ProyectoRobotica_RoboEntrega/robot/build/nav2_system/prefix_override:/usr/lib/python3/dist-packages/colcon_core/task/python/colcon_distutils_commands:/home/haoxu/Git/ProyectoRobotica_RoboEntrega/robot/install/nav2_system/lib/python3.8/site-packages:${PYTHONPATH} /usr/bin/python3 -W ignore:setup.py install is deprecated -W ignore:easy_install command is deprecated setup.py egg_info --egg-base ../../build/nav2_system build --build-base /home/haoxu/Git/ProyectoRobotica_RoboEntrega/robot/build/nav2_system/build install --record /home/haoxu/Git/ProyectoRobotica_RoboEntrega/robot/build/nav2_system/install.log --single-version-externally-managed install_data
[0.606s] running egg_info
[0.607s] writing ../../build/nav2_system/nav2_system.egg-info/PKG-INFO
[0.611s] writing dependency_links to ../../build/nav2_system/nav2_system.egg-info/dependency_links.txt
[0.611s] writing entry points to ../../build/nav2_system/nav2_system.egg-info/entry_points.txt
[0.611s] writing requirements to ../../build/nav2_system/nav2_system.egg-info/requires.txt
[0.613s] writing top-level names to ../../build/nav2_system/nav2_system.egg-info/top_level.txt
[0.645s] reading manifest file '../../build/nav2_system/nav2_system.egg-info/SOURCES.txt'
[0.646s] writing manifest file '../../build/nav2_system/nav2_system.egg-info/SOURCES.txt'
[0.646s] running build
[0.646s] running build_py
[0.647s] running install
[0.648s] running install_lib
[0.649s] running install_data
[0.651s] running install_egg_info
[0.652s] removing '/home/haoxu/Git/ProyectoRobotica_RoboEntrega/robot/install/nav2_system/lib/python3.8/site-packages/nav2_system-0.0.0-py3.8.egg-info' (and everything under it)
[0.652s] Copying ../../build/nav2_system/nav2_system.egg-info to /home/haoxu/Git/ProyectoRobotica_RoboEntrega/robot/install/nav2_system/lib/python3.8/site-packages/nav2_system-0.0.0-py3.8.egg-info
[0.653s] running install_scripts
[0.663s] Installing initial_pose_pub script to /home/haoxu/Git/ProyectoRobotica_RoboEntrega/robot/install/nav2_system/lib/nav2_system
[0.664s] writing list of installed files to '/home/haoxu/Git/ProyectoRobotica_RoboEntrega/robot/build/nav2_system/install.log'
[0.676s] Invoked command in '/home/haoxu/Git/ProyectoRobotica_RoboEntrega/robot/src/nav2_system' returned '0': PYTHONPATH=/home/haoxu/Git/ProyectoRobotica_RoboEntrega/robot/build/nav2_system/prefix_override:/usr/lib/python3/dist-packages/colcon_core/task/python/colcon_distutils_commands:/home/haoxu/Git/ProyectoRobotica_RoboEntrega/robot/install/nav2_system/lib/python3.8/site-packages:${PYTHONPATH} /usr/bin/python3 -W ignore:setup.py install is deprecated -W ignore:easy_install command is deprecated setup.py egg_info --egg-base ../../build/nav2_system build --build-base /home/haoxu/Git/ProyectoRobotica_RoboEntrega/robot/build/nav2_system/build install --record /home/haoxu/Git/ProyectoRobotica_RoboEntrega/robot/build/nav2_system/install.log --single-version-externally-managed install_data
