[3.316s] DEBUG:colcon:Command line arguments: ['/usr/bin/colcon', 'build', '--packages-select', 'my_world']
[3.316s] DEBUG:colcon:Parsed command line arguments: Namespace(allow_overriding=[], ament_cmake_args=None, base_paths=['.'], build_base='build', catkin_cmake_args=None, catkin_skip_building_tests=False, cmake_args=None, cmake_clean_cache=False, cmake_clean_first=False, cmake_force_configure=False, cmake_target=None, cmake_target_skip_unavailable=False, continue_on_error=False, event_handlers=None, executor='parallel', ignore_user_meta=False, install_base='install', log_base=None, log_level=None, main=<bound method BuildVerb.main of <colcon_core.verb.build.BuildVerb object at 0x7f6f3c935940>>, merge_install=False, metas=['./colcon.meta'], packages_above=None, packages_above_and_dependencies=None, packages_above_depth=None, packages_end=None, packages_ignore=None, packages_ignore_regex=None, packages_select=['my_world'], packages_select_build_failed=False, packages_select_by_dep=None, packages_select_regex=None, packages_select_test_failures=False, packages_skip=None, packages_skip_build_finished=False, packages_skip_by_dep=None, packages_skip_regex=None, packages_skip_test_passed=False, packages_skip_up_to=None, packages_start=None, packages_up_to=None, packages_up_to_regex=None, parallel_workers=6, paths=None, symlink_install=False, test_result_base=None, verb_extension=<colcon_core.verb.build.BuildVerb object at 0x7f6f3c935940>, verb_name='build', verb_parser=<colcon_defaults.argument_parser.defaults.DefaultArgumentsDecorator object at 0x7f6f3c988370>)
[3.488s] Level 1:colcon.colcon_core.package_discovery:discover_packages(colcon_meta) check parameters
[3.488s] Level 1:colcon.colcon_core.package_discovery:discover_packages(recursive) check parameters
[3.488s] Level 1:colcon.colcon_core.package_discovery:discover_packages(ignore) check parameters
[3.488s] Level 1:colcon.colcon_core.package_discovery:discover_packages(path) check parameters
[3.488s] Level 1:colcon.colcon_core.package_discovery:discover_packages(colcon_meta) discover
[3.488s] Level 1:colcon.colcon_core.package_discovery:discover_packages(recursive) discover
[3.488s] INFO:colcon.colcon_core.package_discovery:Crawling recursively for packages in '/home/asun/turtlebot3_ws'
[3.488s] Level 1:colcon.colcon_core.package_identification:_identify(.) by extensions ['ignore', 'ignore_ament_install']
[3.489s] Level 1:colcon.colcon_core.package_identification:_identify(.) by extension 'ignore'
[3.489s] Level 1:colcon.colcon_core.package_identification:_identify(.) by extension 'ignore_ament_install'
[3.489s] Level 1:colcon.colcon_core.package_identification:_identify(.) by extensions ['colcon_pkg']
[3.489s] Level 1:colcon.colcon_core.package_identification:_identify(.) by extension 'colcon_pkg'
[3.489s] Level 1:colcon.colcon_core.package_identification:_identify(.) by extensions ['colcon_meta']
[3.489s] Level 1:colcon.colcon_core.package_identification:_identify(.) by extension 'colcon_meta'
[3.489s] Level 1:colcon.colcon_core.package_identification:_identify(.) by extensions ['ros']
[3.489s] Level 1:colcon.colcon_core.package_identification:_identify(.) by extension 'ros'
[3.502s] Level 1:colcon.colcon_core.package_identification:_identify(.) by extensions ['cmake', 'python']
[3.502s] Level 1:colcon.colcon_core.package_identification:_identify(.) by extension 'cmake'
[3.502s] Level 1:colcon.colcon_core.package_identification:_identify(.) by extension 'python'
[3.503s] Level 1:colcon.colcon_core.package_identification:_identify(.) by extensions ['python_setup_py']
[3.503s] Level 1:colcon.colcon_core.package_identification:_identify(.) by extension 'python_setup_py'
[3.503s] Level 1:colcon.colcon_core.package_identification:_identify(build) by extensions ['ignore', 'ignore_ament_install']
[3.503s] Level 1:colcon.colcon_core.package_identification:_identify(build) by extension 'ignore'
[3.503s] Level 1:colcon.colcon_core.package_identification:_identify(build) ignored
[3.503s] Level 1:colcon.colcon_core.package_identification:_identify(install) by extensions ['ignore', 'ignore_ament_install']
[3.504s] Level 1:colcon.colcon_core.package_identification:_identify(install) by extension 'ignore'
[3.504s] Level 1:colcon.colcon_core.package_identification:_identify(install) ignored
[3.504s] Level 1:colcon.colcon_core.package_identification:_identify(log) by extensions ['ignore', 'ignore_ament_install']
[3.504s] Level 1:colcon.colcon_core.package_identification:_identify(log) by extension 'ignore'
[3.504s] Level 1:colcon.colcon_core.package_identification:_identify(log) ignored
[3.504s] Level 1:colcon.colcon_core.package_identification:_identify(src) by extensions ['ignore', 'ignore_ament_install']
[3.504s] Level 1:colcon.colcon_core.package_identification:_identify(src) by extension 'ignore'
[3.505s] Level 1:colcon.colcon_core.package_identification:_identify(src) by extension 'ignore_ament_install'
[3.505s] Level 1:colcon.colcon_core.package_identification:_identify(src) by extensions ['colcon_pkg']
[3.505s] Level 1:colcon.colcon_core.package_identification:_identify(src) by extension 'colcon_pkg'
[3.505s] Level 1:colcon.colcon_core.package_identification:_identify(src) by extensions ['colcon_meta']
[3.505s] Level 1:colcon.colcon_core.package_identification:_identify(src) by extension 'colcon_meta'
[3.505s] Level 1:colcon.colcon_core.package_identification:_identify(src) by extensions ['ros']
[3.505s] Level 1:colcon.colcon_core.package_identification:_identify(src) by extension 'ros'
[3.505s] Level 1:colcon.colcon_core.package_identification:_identify(src) by extensions ['cmake', 'python']
[3.505s] Level 1:colcon.colcon_core.package_identification:_identify(src) by extension 'cmake'
[3.505s] Level 1:colcon.colcon_core.package_identification:_identify(src) by extension 'python'
[3.505s] Level 1:colcon.colcon_core.package_identification:_identify(src) by extensions ['python_setup_py']
[3.505s] Level 1:colcon.colcon_core.package_identification:_identify(src) by extension 'python_setup_py'
[3.506s] Level 1:colcon.colcon_core.package_identification:_identify(src/my_first_node) by extensions ['ignore', 'ignore_ament_install']
[3.506s] Level 1:colcon.colcon_core.package_identification:_identify(src/my_first_node) by extension 'ignore'
[3.506s] Level 1:colcon.colcon_core.package_identification:_identify(src/my_first_node) by extension 'ignore_ament_install'
[3.506s] Level 1:colcon.colcon_core.package_identification:_identify(src/my_first_node) by extensions ['colcon_pkg']
[3.506s] Level 1:colcon.colcon_core.package_identification:_identify(src/my_first_node) by extension 'colcon_pkg'
[3.506s] Level 1:colcon.colcon_core.package_identification:_identify(src/my_first_node) by extensions ['colcon_meta']
[3.506s] Level 1:colcon.colcon_core.package_identification:_identify(src/my_first_node) by extension 'colcon_meta'
[3.506s] Level 1:colcon.colcon_core.package_identification:_identify(src/my_first_node) by extensions ['ros']
[3.506s] Level 1:colcon.colcon_core.package_identification:_identify(src/my_first_node) by extension 'ros'
[3.510s] DEBUG:colcon.colcon_core.package_identification:Package 'src/my_first_node' with type 'ros.ament_python' and name 'my_first_node'
[3.510s] Level 1:colcon.colcon_core.package_identification:_identify(src/my_world) by extensions ['ignore', 'ignore_ament_install']
[3.511s] Level 1:colcon.colcon_core.package_identification:_identify(src/my_world) by extension 'ignore'
[3.511s] Level 1:colcon.colcon_core.package_identification:_identify(src/my_world) by extension 'ignore_ament_install'
[3.511s] Level 1:colcon.colcon_core.package_identification:_identify(src/my_world) by extensions ['colcon_pkg']
[3.511s] Level 1:colcon.colcon_core.package_identification:_identify(src/my_world) by extension 'colcon_pkg'
[3.511s] Level 1:colcon.colcon_core.package_identification:_identify(src/my_world) by extensions ['colcon_meta']
[3.511s] Level 1:colcon.colcon_core.package_identification:_identify(src/my_world) by extension 'colcon_meta'
[3.511s] Level 1:colcon.colcon_core.package_identification:_identify(src/my_world) by extensions ['ros']
[3.511s] Level 1:colcon.colcon_core.package_identification:_identify(src/my_world) by extension 'ros'
[3.513s] DEBUG:colcon.colcon_core.package_identification:Package 'src/my_world' with type 'ros.ament_cmake' and name 'my_world'
[3.513s] Level 1:colcon.colcon_core.package_identification:_identify(src/turtlebot3_simulations) by extensions ['ignore', 'ignore_ament_install']
[3.513s] Level 1:colcon.colcon_core.package_identification:_identify(src/turtlebot3_simulations) by extension 'ignore'
[3.513s] Level 1:colcon.colcon_core.package_identification:_identify(src/turtlebot3_simulations) by extension 'ignore_ament_install'
[3.513s] Level 1:colcon.colcon_core.package_identification:_identify(src/turtlebot3_simulations) by extensions ['colcon_pkg']
[3.513s] Level 1:colcon.colcon_core.package_identification:_identify(src/turtlebot3_simulations) by extension 'colcon_pkg'
[3.513s] Level 1:colcon.colcon_core.package_identification:_identify(src/turtlebot3_simulations) by extensions ['colcon_meta']
[3.514s] Level 1:colcon.colcon_core.package_identification:_identify(src/turtlebot3_simulations) by extension 'colcon_meta'
[3.514s] Level 1:colcon.colcon_core.package_identification:_identify(src/turtlebot3_simulations) by extensions ['ros']
[3.514s] Level 1:colcon.colcon_core.package_identification:_identify(src/turtlebot3_simulations) by extension 'ros'
[3.514s] Level 1:colcon.colcon_core.package_identification:_identify(src/turtlebot3_simulations) by extensions ['cmake', 'python']
[3.514s] Level 1:colcon.colcon_core.package_identification:_identify(src/turtlebot3_simulations) by extension 'cmake'
[3.514s] Level 1:colcon.colcon_core.package_identification:_identify(src/turtlebot3_simulations) by extension 'python'
[3.514s] Level 1:colcon.colcon_core.package_identification:_identify(src/turtlebot3_simulations) by extensions ['python_setup_py']
[3.514s] Level 1:colcon.colcon_core.package_identification:_identify(src/turtlebot3_simulations) by extension 'python_setup_py'
[3.515s] Level 1:colcon.colcon_core.package_identification:_identify(src/turtlebot3_simulations/turtlebot3_fake_node) by extensions ['ignore', 'ignore_ament_install']
[3.515s] Level 1:colcon.colcon_core.package_identification:_identify(src/turtlebot3_simulations/turtlebot3_fake_node) by extension 'ignore'
[3.515s] Level 1:colcon.colcon_core.package_identification:_identify(src/turtlebot3_simulations/turtlebot3_fake_node) by extension 'ignore_ament_install'
[3.515s] Level 1:colcon.colcon_core.package_identification:_identify(src/turtlebot3_simulations/turtlebot3_fake_node) by extensions ['colcon_pkg']
[3.515s] Level 1:colcon.colcon_core.package_identification:_identify(src/turtlebot3_simulations/turtlebot3_fake_node) by extension 'colcon_pkg'
[3.515s] Level 1:colcon.colcon_core.package_identification:_identify(src/turtlebot3_simulations/turtlebot3_fake_node) by extensions ['colcon_meta']
[3.515s] Level 1:colcon.colcon_core.package_identification:_identify(src/turtlebot3_simulations/turtlebot3_fake_node) by extension 'colcon_meta'
[3.515s] Level 1:colcon.colcon_core.package_identification:_identify(src/turtlebot3_simulations/turtlebot3_fake_node) by extensions ['ros']
[3.515s] Level 1:colcon.colcon_core.package_identification:_identify(src/turtlebot3_simulations/turtlebot3_fake_node) by extension 'ros'
[3.517s] DEBUG:colcon.colcon_core.package_identification:Package 'src/turtlebot3_simulations/turtlebot3_fake_node' with type 'ros.ament_cmake' and name 'turtlebot3_fake_node'
[3.518s] Level 1:colcon.colcon_core.package_identification:_identify(src/turtlebot3_simulations/turtlebot3_gazebo) by extensions ['ignore', 'ignore_ament_install']
[3.518s] Level 1:colcon.colcon_core.package_identification:_identify(src/turtlebot3_simulations/turtlebot3_gazebo) by extension 'ignore'
[3.518s] Level 1:colcon.colcon_core.package_identification:_identify(src/turtlebot3_simulations/turtlebot3_gazebo) by extension 'ignore_ament_install'
[3.518s] Level 1:colcon.colcon_core.package_identification:_identify(src/turtlebot3_simulations/turtlebot3_gazebo) by extensions ['colcon_pkg']
[3.518s] Level 1:colcon.colcon_core.package_identification:_identify(src/turtlebot3_simulations/turtlebot3_gazebo) by extension 'colcon_pkg'
[3.518s] Level 1:colcon.colcon_core.package_identification:_identify(src/turtlebot3_simulations/turtlebot3_gazebo) by extensions ['colcon_meta']
[3.518s] Level 1:colcon.colcon_core.package_identification:_identify(src/turtlebot3_simulations/turtlebot3_gazebo) by extension 'colcon_meta'
[3.518s] Level 1:colcon.colcon_core.package_identification:_identify(src/turtlebot3_simulations/turtlebot3_gazebo) by extensions ['ros']
[3.518s] Level 1:colcon.colcon_core.package_identification:_identify(src/turtlebot3_simulations/turtlebot3_gazebo) by extension 'ros'
[3.520s] DEBUG:colcon.colcon_core.package_identification:Package 'src/turtlebot3_simulations/turtlebot3_gazebo' with type 'ros.ament_cmake' and name 'turtlebot3_gazebo'
[3.521s] Level 1:colcon.colcon_core.package_identification:_identify(src/turtlebot3_simulations/turtlebot3_simulations) by extensions ['ignore', 'ignore_ament_install']
[3.521s] Level 1:colcon.colcon_core.package_identification:_identify(src/turtlebot3_simulations/turtlebot3_simulations) by extension 'ignore'
[3.521s] Level 1:colcon.colcon_core.package_identification:_identify(src/turtlebot3_simulations/turtlebot3_simulations) by extension 'ignore_ament_install'
[3.521s] Level 1:colcon.colcon_core.package_identification:_identify(src/turtlebot3_simulations/turtlebot3_simulations) by extensions ['colcon_pkg']
[3.521s] Level 1:colcon.colcon_core.package_identification:_identify(src/turtlebot3_simulations/turtlebot3_simulations) by extension 'colcon_pkg'
[3.521s] Level 1:colcon.colcon_core.package_identification:_identify(src/turtlebot3_simulations/turtlebot3_simulations) by extensions ['colcon_meta']
[3.521s] Level 1:colcon.colcon_core.package_identification:_identify(src/turtlebot3_simulations/turtlebot3_simulations) by extension 'colcon_meta'
[3.521s] Level 1:colcon.colcon_core.package_identification:_identify(src/turtlebot3_simulations/turtlebot3_simulations) by extensions ['ros']
[3.522s] Level 1:colcon.colcon_core.package_identification:_identify(src/turtlebot3_simulations/turtlebot3_simulations) by extension 'ros'
[3.524s] DEBUG:colcon.colcon_core.package_identification:Package 'src/turtlebot3_simulations/turtlebot3_simulations' with type 'ros.ament_cmake' and name 'turtlebot3_simulations'
[3.524s] Level 1:colcon.colcon_core.package_discovery:discover_packages(recursive) using defaults
[3.524s] Level 1:colcon.colcon_core.package_discovery:discover_packages(ignore) discover
[3.524s] Level 1:colcon.colcon_core.package_discovery:discover_packages(ignore) using defaults
[3.524s] Level 1:colcon.colcon_core.package_discovery:discover_packages(path) discover
[3.524s] Level 1:colcon.colcon_core.package_discovery:discover_packages(path) using defaults
[3.697s] INFO:colcon.colcon_core.package_selection:Skipping not selected package 'my_first_node' in 'src/my_first_node'
[3.697s] INFO:colcon.colcon_core.package_selection:Skipping not selected package 'turtlebot3_fake_node' in 'src/turtlebot3_simulations/turtlebot3_fake_node'
[3.697s] INFO:colcon.colcon_core.package_selection:Skipping not selected package 'turtlebot3_gazebo' in 'src/turtlebot3_simulations/turtlebot3_gazebo'
[3.697s] INFO:colcon.colcon_core.package_selection:Skipping not selected package 'turtlebot3_simulations' in 'src/turtlebot3_simulations/turtlebot3_simulations'
[3.792s] Level 1:colcon.colcon_core.package_discovery:discover_packages(prefix_path) check parameters
[3.792s] Level 1:colcon.colcon_core.package_discovery:discover_packages(prefix_path) discover
[3.889s] DEBUG:colcon.colcon_installed_package_information.package_discovery:Found 4 installed packages in /home/asun/turtlebot3_ws/install
[3.939s] DEBUG:colcon.colcon_installed_package_information.package_discovery:Found 336 installed packages in /opt/ros/galactic
[3.941s] Level 1:colcon.colcon_core.package_discovery:discover_packages(prefix_path) using defaults
[4.208s] Level 5:colcon.colcon_core.verb:set package 'my_world' build argument 'cmake_args' from command line to 'None'
[4.208s] Level 5:colcon.colcon_core.verb:set package 'my_world' build argument 'cmake_target' from command line to 'None'
[4.208s] Level 5:colcon.colcon_core.verb:set package 'my_world' build argument 'cmake_target_skip_unavailable' from command line to 'False'
[4.208s] Level 5:colcon.colcon_core.verb:set package 'my_world' build argument 'cmake_clean_cache' from command line to 'False'
[4.208s] Level 5:colcon.colcon_core.verb:set package 'my_world' build argument 'cmake_clean_first' from command line to 'False'
[4.208s] Level 5:colcon.colcon_core.verb:set package 'my_world' build argument 'cmake_force_configure' from command line to 'False'
[4.208s] Level 5:colcon.colcon_core.verb:set package 'my_world' build argument 'ament_cmake_args' from command line to 'None'
[4.208s] Level 5:colcon.colcon_core.verb:set package 'my_world' build argument 'catkin_cmake_args' from command line to 'None'
[4.208s] Level 5:colcon.colcon_core.verb:set package 'my_world' build argument 'catkin_skip_building_tests' from command line to 'False'
[4.209s] DEBUG:colcon.colcon_core.verb:Building package 'my_world' with the following arguments: {'ament_cmake_args': None, 'build_base': '/home/asun/turtlebot3_ws/build/my_world', 'catkin_cmake_args': None, 'catkin_skip_building_tests': False, 'cmake_args': None, 'cmake_clean_cache': False, 'cmake_clean_first': False, 'cmake_force_configure': False, 'cmake_target': None, 'cmake_target_skip_unavailable': False, 'install_base': '/home/asun/turtlebot3_ws/install/my_world', 'merge_install': False, 'path': '/home/asun/turtlebot3_ws/src/my_world', 'symlink_install': False, 'test_result_base': None}
[4.254s] INFO:colcon.colcon_core.executor:Executing jobs using 'parallel' executor
[4.299s] DEBUG:colcon.colcon_parallel_executor.executor.parallel:run_until_complete
[4.300s] INFO:colcon.colcon_ros.task.ament_cmake.build:Building ROS package in '/home/asun/turtlebot3_ws/src/my_world' with build type 'ament_cmake'
[4.300s] INFO:colcon.colcon_cmake.task.cmake.build:Building CMake package in '/home/asun/turtlebot3_ws/src/my_world'
[4.357s] INFO:colcon.colcon_core.plugin_system:Skipping extension 'colcon_core.shell.bat': Not used on non-Windows systems
[4.357s] INFO:colcon.colcon_core.shell:Skip shell extension 'powershell' for command environment: Not usable outside of PowerShell
[4.357s] DEBUG:colcon.colcon_core.shell:Skip shell extension 'dsv' for command environment
[4.533s] DEBUG:colcon.colcon_core.event_handler.log_command:Invoking command in '/home/asun/turtlebot3_ws/build/my_world': CMAKE_PREFIX_PATH=/home/asun/turtlebot3_ws/install/turtlebot3_gazebo:/home/asun/turtlebot3_ws/install/turtlebot3_simulations:/home/asun/turtlebot3_ws/install/my_world:/home/asun/turtlebot3_ws/install/turtlebot3_fake_node:/opt/ros/galactic /usr/bin/cmake --build /home/asun/turtlebot3_ws/build/my_world -- -j6 -l6
[4.768s] DEBUG:colcon.colcon_core.event_handler.log_command:Invoked command in '/home/asun/turtlebot3_ws/build/my_world' returned '0': CMAKE_PREFIX_PATH=/home/asun/turtlebot3_ws/install/turtlebot3_gazebo:/home/asun/turtlebot3_ws/install/turtlebot3_simulations:/home/asun/turtlebot3_ws/install/my_world:/home/asun/turtlebot3_ws/install/turtlebot3_fake_node:/opt/ros/galactic /usr/bin/cmake --build /home/asun/turtlebot3_ws/build/my_world -- -j6 -l6
[4.829s] DEBUG:colcon.colcon_core.event_handler.log_command:Invoking command in '/home/asun/turtlebot3_ws/build/my_world': CMAKE_PREFIX_PATH=/home/asun/turtlebot3_ws/install/turtlebot3_gazebo:/home/asun/turtlebot3_ws/install/turtlebot3_simulations:/home/asun/turtlebot3_ws/install/my_world:/home/asun/turtlebot3_ws/install/turtlebot3_fake_node:/opt/ros/galactic /usr/bin/cmake --install /home/asun/turtlebot3_ws/build/my_world
[5.238s] Level 1:colcon.colcon_core.environment:create_environment_scripts_only(my_world)
[5.254s] DEBUG:colcon.colcon_core.event_handler.log_command:Invoked command in '/home/asun/turtlebot3_ws/build/my_world' returned '0': CMAKE_PREFIX_PATH=/home/asun/turtlebot3_ws/install/turtlebot3_gazebo:/home/asun/turtlebot3_ws/install/turtlebot3_simulations:/home/asun/turtlebot3_ws/install/my_world:/home/asun/turtlebot3_ws/install/turtlebot3_fake_node:/opt/ros/galactic /usr/bin/cmake --install /home/asun/turtlebot3_ws/build/my_world
[5.311s] Level 1:colcon.colcon_core.environment:checking '/home/asun/turtlebot3_ws/install/my_world' for CMake module files
[5.312s] Level 1:colcon.colcon_core.environment:checking '/home/asun/turtlebot3_ws/install/my_world' for CMake config files
[5.318s] Level 1:colcon.colcon_core.shell:create_environment_hook('my_world', 'cmake_prefix_path')
[5.365s] INFO:colcon.colcon_core.shell:Creating environment hook '/home/asun/turtlebot3_ws/install/my_world/share/my_world/hook/cmake_prefix_path.ps1'
[5.368s] INFO:colcon.colcon_core.shell:Creating environment descriptor '/home/asun/turtlebot3_ws/install/my_world/share/my_world/hook/cmake_prefix_path.dsv'
[5.369s] INFO:colcon.colcon_core.shell:Creating environment hook '/home/asun/turtlebot3_ws/install/my_world/share/my_world/hook/cmake_prefix_path.sh'
[5.371s] Level 1:colcon.colcon_core.environment:checking '/home/asun/turtlebot3_ws/install/my_world/lib'
[5.371s] Level 1:colcon.colcon_core.environment:checking '/home/asun/turtlebot3_ws/install/my_world/bin'
[5.371s] Level 1:colcon.colcon_core.environment:checking '/home/asun/turtlebot3_ws/install/my_world/lib/pkgconfig/my_world.pc'
[5.371s] Level 1:colcon.colcon_core.environment:checking '/home/asun/turtlebot3_ws/install/my_world/lib/python3.8/site-packages'
[5.371s] Level 1:colcon.colcon_core.environment:checking '/home/asun/turtlebot3_ws/install/my_world/bin'
[5.424s] INFO:colcon.colcon_core.shell:Creating package script '/home/asun/turtlebot3_ws/install/my_world/share/my_world/package.ps1'
[5.426s] INFO:colcon.colcon_core.shell:Creating package descriptor '/home/asun/turtlebot3_ws/install/my_world/share/my_world/package.dsv'
[5.427s] INFO:colcon.colcon_core.shell:Creating package script '/home/asun/turtlebot3_ws/install/my_world/share/my_world/package.sh'
[5.429s] INFO:colcon.colcon_core.shell:Creating package script '/home/asun/turtlebot3_ws/install/my_world/share/my_world/package.bash'
[5.430s] INFO:colcon.colcon_core.shell:Creating package script '/home/asun/turtlebot3_ws/install/my_world/share/my_world/package.zsh'
[5.432s] Level 1:colcon.colcon_core.environment:create_file_with_runtime_dependencies(/home/asun/turtlebot3_ws/install/my_world/share/colcon-core/packages/my_world)
[5.527s] Level 1:colcon.colcon_core.environment:create_environment_scripts_only(my_world)
[5.576s] Level 1:colcon.colcon_core.environment:checking '/home/asun/turtlebot3_ws/install/my_world' for CMake module files
[5.577s] Level 1:colcon.colcon_core.environment:checking '/home/asun/turtlebot3_ws/install/my_world' for CMake config files
[5.582s] Level 1:colcon.colcon_core.shell:create_environment_hook('my_world', 'cmake_prefix_path')
[5.630s] INFO:colcon.colcon_core.shell:Creating environment hook '/home/asun/turtlebot3_ws/install/my_world/share/my_world/hook/cmake_prefix_path.ps1'
[5.631s] INFO:colcon.colcon_core.shell:Creating environment descriptor '/home/asun/turtlebot3_ws/install/my_world/share/my_world/hook/cmake_prefix_path.dsv'
[5.631s] INFO:colcon.colcon_core.shell:Creating environment hook '/home/asun/turtlebot3_ws/install/my_world/share/my_world/hook/cmake_prefix_path.sh'
[5.632s] Level 1:colcon.colcon_core.environment:checking '/home/asun/turtlebot3_ws/install/my_world/lib'
[5.632s] Level 1:colcon.colcon_core.environment:checking '/home/asun/turtlebot3_ws/install/my_world/bin'
[5.633s] Level 1:colcon.colcon_core.environment:checking '/home/asun/turtlebot3_ws/install/my_world/lib/pkgconfig/my_world.pc'
[5.633s] Level 1:colcon.colcon_core.environment:checking '/home/asun/turtlebot3_ws/install/my_world/lib/python3.8/site-packages'
[5.633s] Level 1:colcon.colcon_core.environment:checking '/home/asun/turtlebot3_ws/install/my_world/bin'
[5.682s] INFO:colcon.colcon_core.shell:Creating package script '/home/asun/turtlebot3_ws/install/my_world/share/my_world/package.ps1'
[5.683s] INFO:colcon.colcon_core.shell:Creating package descriptor '/home/asun/turtlebot3_ws/install/my_world/share/my_world/package.dsv'
[5.684s] INFO:colcon.colcon_core.shell:Creating package script '/home/asun/turtlebot3_ws/install/my_world/share/my_world/package.sh'
[5.684s] INFO:colcon.colcon_core.shell:Creating package script '/home/asun/turtlebot3_ws/install/my_world/share/my_world/package.bash'
[5.685s] INFO:colcon.colcon_core.shell:Creating package script '/home/asun/turtlebot3_ws/install/my_world/share/my_world/package.zsh'
[5.686s] Level 1:colcon.colcon_core.environment:create_file_with_runtime_dependencies(/home/asun/turtlebot3_ws/install/my_world/share/colcon-core/packages/my_world)
[5.686s] DEBUG:colcon.colcon_parallel_executor.executor.parallel:closing loop
[5.687s] DEBUG:colcon.colcon_parallel_executor.executor.parallel:loop closed
[5.687s] DEBUG:colcon.colcon_parallel_executor.executor.parallel:run_until_complete finished with '0'
[5.687s] DEBUG:colcon.colcon_core.event_reactor:joining thread
[5.761s] INFO:colcon.colcon_core.plugin_system:Skipping extension 'colcon_notification.desktop_notification.terminal_notifier': Not used on non-Darwin systems
[5.761s] INFO:colcon.colcon_core.plugin_system:Skipping extension 'colcon_notification.desktop_notification.win32': Not used on non-Windows systems
[5.761s] INFO:colcon.colcon_notification.desktop_notification:Sending desktop notification using 'notify2'
[5.908s] DEBUG:colcon.colcon_core.event_reactor:joined thread
[5.975s] INFO:colcon.colcon_core.shell:Creating prefix script '/home/asun/turtlebot3_ws/install/local_setup.ps1'
[5.978s] INFO:colcon.colcon_core.shell:Creating prefix util module '/home/asun/turtlebot3_ws/install/_local_setup_util_ps1.py'
[5.980s] INFO:colcon.colcon_core.shell:Creating prefix chain script '/home/asun/turtlebot3_ws/install/setup.ps1'
[6.031s] INFO:colcon.colcon_core.shell:Creating prefix script '/home/asun/turtlebot3_ws/install/local_setup.sh'
[6.032s] INFO:colcon.colcon_core.shell:Creating prefix util module '/home/asun/turtlebot3_ws/install/_local_setup_util_sh.py'
[6.033s] INFO:colcon.colcon_core.shell:Creating prefix chain script '/home/asun/turtlebot3_ws/install/setup.sh'
[6.088s] INFO:colcon.colcon_core.shell:Creating prefix script '/home/asun/turtlebot3_ws/install/local_setup.bash'
[6.089s] INFO:colcon.colcon_core.shell:Creating prefix chain script '/home/asun/turtlebot3_ws/install/setup.bash'
[6.142s] INFO:colcon.colcon_core.shell:Creating prefix script '/home/asun/turtlebot3_ws/install/local_setup.zsh'
[6.144s] INFO:colcon.colcon_core.shell:Creating prefix chain script '/home/asun/turtlebot3_ws/install/setup.zsh'
