[0.420s] Invoking command in '/home/haoxu/Git/ProyectoRobotica_RoboEntrega/robot/src/slam': PYTHONPATH=/home/haoxu/Git/ProyectoRobotica_RoboEntrega/robot/build/slam/prefix_override:/usr/lib/python3/dist-packages/colcon_core/task/python/colcon_distutils_commands:/home/haoxu/Git/ProyectoRobotica_RoboEntrega/robot/install/slam/lib/python3.8/site-packages:${PYTHONPATH} /usr/bin/python3 -W ignore:setup.py install is deprecated -W ignore:easy_install command is deprecated setup.py egg_info --egg-base ../../build/slam build --build-base /home/haoxu/Git/ProyectoRobotica_RoboEntrega/robot/build/slam/build install --record /home/haoxu/Git/ProyectoRobotica_RoboEntrega/robot/build/slam/install.log --single-version-externally-managed install_data
[0.591s] running egg_info
[0.592s] writing ../../build/slam/slam.egg-info/PKG-INFO
[0.592s] writing dependency_links to ../../build/slam/slam.egg-info/dependency_links.txt
[0.596s] writing entry points to ../../build/slam/slam.egg-info/entry_points.txt
[0.596s] writing requirements to ../../build/slam/slam.egg-info/requires.txt
[0.600s] writing top-level names to ../../build/slam/slam.egg-info/top_level.txt
[0.653s] reading manifest file '../../build/slam/slam.egg-info/SOURCES.txt'
[0.653s] writing manifest file '../../build/slam/slam.egg-info/SOURCES.txt'
[0.656s] running build
[0.657s] running build_py
[0.657s] running install
[0.663s] running install_lib
[0.665s] running install_data
[0.667s] creating /home/haoxu/Git/ProyectoRobotica_RoboEntrega/robot/install/slam/share/slam/rviz
[0.667s] running install_egg_info
[0.667s] removing '/home/haoxu/Git/ProyectoRobotica_RoboEntrega/robot/install/slam/lib/python3.8/site-packages/slam-0.0.0-py3.8.egg-info' (and everything under it)
[0.667s] Copying ../../build/slam/slam.egg-info to /home/haoxu/Git/ProyectoRobotica_RoboEntrega/robot/install/slam/lib/python3.8/site-packages/slam-0.0.0-py3.8.egg-info
[0.669s] running install_scripts
[0.682s] writing list of installed files to '/home/haoxu/Git/ProyectoRobotica_RoboEntrega/robot/build/slam/install.log'
[0.696s] Invoked command in '/home/haoxu/Git/ProyectoRobotica_RoboEntrega/robot/src/slam' returned '0': PYTHONPATH=/home/haoxu/Git/ProyectoRobotica_RoboEntrega/robot/build/slam/prefix_override:/usr/lib/python3/dist-packages/colcon_core/task/python/colcon_distutils_commands:/home/haoxu/Git/ProyectoRobotica_RoboEntrega/robot/install/slam/lib/python3.8/site-packages:${PYTHONPATH} /usr/bin/python3 -W ignore:setup.py install is deprecated -W ignore:easy_install command is deprecated setup.py egg_info --egg-base ../../build/slam build --build-base /home/haoxu/Git/ProyectoRobotica_RoboEntrega/robot/build/slam/build install --record /home/haoxu/Git/ProyectoRobotica_RoboEntrega/robot/build/slam/install.log --single-version-externally-managed install_data
