running develop
running egg_info
creating slam.egg-info
writing slam.egg-info/PKG-INFO
writing dependency_links to slam.egg-info/dependency_links.txt
writing entry points to slam.egg-info/entry_points.txt
writing requirements to slam.egg-info/requires.txt
writing top-level names to slam.egg-info/top_level.txt
writing manifest file 'slam.egg-info/SOURCES.txt'
reading manifest file 'slam.egg-info/SOURCES.txt'
writing manifest file 'slam.egg-info/SOURCES.txt'
running build_ext
Creating /home/haoxu/Git/ProyectoRobotica_RoboEntrega/robot/install/slam/lib/python3.8/site-packages/site.py
Creating /home/haoxu/Git/ProyectoRobotica_RoboEntrega/robot/install/slam/lib/python3.8/site-packages/slam.egg-link (link to .)

Installed /home/haoxu/Git/ProyectoRobotica_RoboEntrega/robot/build/slam
running symlink_data
creating /home/haoxu/Git/ProyectoRobotica_RoboEntrega/robot/install/slam/share/ament_index
creating /home/haoxu/Git/ProyectoRobotica_RoboEntrega/robot/install/slam/share/ament_index/resource_index
creating /home/haoxu/Git/ProyectoRobotica_RoboEntrega/robot/install/slam/share/ament_index/resource_index/packages
symbolically linking /home/haoxu/Git/ProyectoRobotica_RoboEntrega/robot/build/slam/resource/slam -> /home/haoxu/Git/ProyectoRobotica_RoboEntrega/robot/install/slam/share/ament_index/resource_index/packages
symbolically linking /home/haoxu/Git/ProyectoRobotica_RoboEntrega/robot/build/slam/package.xml -> /home/haoxu/Git/ProyectoRobotica_RoboEntrega/robot/install/slam/share/slam
creating /home/haoxu/Git/ProyectoRobotica_RoboEntrega/robot/install/slam/share/slam/map
creating /home/haoxu/Git/ProyectoRobotica_RoboEntrega/robot/install/slam/share/slam/rviz
creating /home/haoxu/Git/ProyectoRobotica_RoboEntrega/robot/install/slam/share/slam/launch
symbolically linking /home/haoxu/Git/ProyectoRobotica_RoboEntrega/robot/build/slam/launch/slam.launch.py -> /home/haoxu/Git/ProyectoRobotica_RoboEntrega/robot/install/slam/share/slam/launch
creating /home/haoxu/Git/ProyectoRobotica_RoboEntrega/robot/install/slam/share/slam/config
symbolically linking /home/haoxu/Git/ProyectoRobotica_RoboEntrega/robot/build/slam/config/slam.lua -> /home/haoxu/Git/ProyectoRobotica_RoboEntrega/robot/install/slam/share/slam/config
