[0.728s] Invoking command in '/home/haoxu/Git/ProyectoRobotica_RoboEntrega/robot/build/slam': PYTHONPATH=/home/haoxu/Git/ProyectoRobotica_RoboEntrega/robot/build/slam/prefix_override:/usr/lib/python3/dist-packages/colcon_core/task/python/colcon_distutils_commands:/home/haoxu/Git/ProyectoRobotica_RoboEntrega/robot/install/slam/lib/python3.8/site-packages:${PYTHONPATH} /usr/bin/python3 -W ignore:setup.py install is deprecated -W ignore:easy_install command is deprecated setup.py develop --editable --build-directory /home/haoxu/Git/ProyectoRobotica_RoboEntrega/robot/build/slam/build --no-deps symlink_data
[0.874s] running develop
[0.965s] running egg_info
[0.965s] creating slam.egg-info
[0.965s] writing slam.egg-info/PKG-INFO
[0.966s] writing dependency_links to slam.egg-info/dependency_links.txt
[0.966s] writing entry points to slam.egg-info/entry_points.txt
[0.966s] writing requirements to slam.egg-info/requires.txt
[0.967s] writing top-level names to slam.egg-info/top_level.txt
[0.967s] writing manifest file 'slam.egg-info/SOURCES.txt'
[0.988s] reading manifest file 'slam.egg-info/SOURCES.txt'
[0.988s] writing manifest file 'slam.egg-info/SOURCES.txt'
[1.018s] running build_ext
[1.018s] Creating /home/haoxu/Git/ProyectoRobotica_RoboEntrega/robot/install/slam/lib/python3.8/site-packages/site.py
[1.021s] Creating /home/haoxu/Git/ProyectoRobotica_RoboEntrega/robot/install/slam/lib/python3.8/site-packages/slam.egg-link (link to .)
[1.021s] 
[1.021s] Installed /home/haoxu/Git/ProyectoRobotica_RoboEntrega/robot/build/slam
[1.021s] running symlink_data
[1.022s] creating /home/haoxu/Git/ProyectoRobotica_RoboEntrega/robot/install/slam/share/ament_index
[1.023s] creating /home/haoxu/Git/ProyectoRobotica_RoboEntrega/robot/install/slam/share/ament_index/resource_index
[1.024s] creating /home/haoxu/Git/ProyectoRobotica_RoboEntrega/robot/install/slam/share/ament_index/resource_index/packages
[1.024s] symbolically linking /home/haoxu/Git/ProyectoRobotica_RoboEntrega/robot/build/slam/resource/slam -> /home/haoxu/Git/ProyectoRobotica_RoboEntrega/robot/install/slam/share/ament_index/resource_index/packages
[1.026s] symbolically linking /home/haoxu/Git/ProyectoRobotica_RoboEntrega/robot/build/slam/package.xml -> /home/haoxu/Git/ProyectoRobotica_RoboEntrega/robot/install/slam/share/slam
[1.027s] creating /home/haoxu/Git/ProyectoRobotica_RoboEntrega/robot/install/slam/share/slam/map
[1.027s] creating /home/haoxu/Git/ProyectoRobotica_RoboEntrega/robot/install/slam/share/slam/rviz
[1.027s] creating /home/haoxu/Git/ProyectoRobotica_RoboEntrega/robot/install/slam/share/slam/launch
[1.027s] symbolically linking /home/haoxu/Git/ProyectoRobotica_RoboEntrega/robot/build/slam/launch/slam.launch.py -> /home/haoxu/Git/ProyectoRobotica_RoboEntrega/robot/install/slam/share/slam/launch
[1.027s] creating /home/haoxu/Git/ProyectoRobotica_RoboEntrega/robot/install/slam/share/slam/config
[1.027s] symbolically linking /home/haoxu/Git/ProyectoRobotica_RoboEntrega/robot/build/slam/config/slam.lua -> /home/haoxu/Git/ProyectoRobotica_RoboEntrega/robot/install/slam/share/slam/config
[1.039s] Invoked command in '/home/haoxu/Git/ProyectoRobotica_RoboEntrega/robot/build/slam' returned '0': PYTHONPATH=/home/haoxu/Git/ProyectoRobotica_RoboEntrega/robot/build/slam/prefix_override:/usr/lib/python3/dist-packages/colcon_core/task/python/colcon_distutils_commands:/home/haoxu/Git/ProyectoRobotica_RoboEntrega/robot/install/slam/lib/python3.8/site-packages:${PYTHONPATH} /usr/bin/python3 -W ignore:setup.py install is deprecated -W ignore:easy_install command is deprecated setup.py develop --editable --build-directory /home/haoxu/Git/ProyectoRobotica_RoboEntrega/robot/build/slam/build --no-deps symlink_data
