[1.938s] DEBUG:colcon:Command line arguments: ['/usr/bin/colcon', 'build', '--symlink-install']
[1.938s] DEBUG:colcon:Parsed command line arguments: Namespace(allow_overriding=[], ament_cmake_args=None, base_paths=['.'], build_base='build', catkin_cmake_args=None, catkin_skip_building_tests=False, cmake_args=None, cmake_clean_cache=False, cmake_clean_first=False, cmake_force_configure=False, cmake_target=None, cmake_target_skip_unavailable=False, continue_on_error=False, event_handlers=None, executor='parallel', ignore_user_meta=False, install_base='install', log_base=None, log_level=None, main=<bound method BuildVerb.main of <colcon_core.verb.build.BuildVerb object at 0x7f58f1ea8130>>, merge_install=False, metas=['./colcon.meta'], mixin=None, mixin_files=None, mixin_verb=('build',), packages_above=None, packages_above_and_dependencies=None, packages_above_depth=None, packages_end=None, packages_ignore=None, packages_ignore_regex=None, packages_select=None, packages_select_build_failed=False, packages_select_by_dep=None, packages_select_regex=None, packages_select_test_failures=False, packages_skip=None, packages_skip_build_finished=False, packages_skip_by_dep=None, packages_skip_regex=None, packages_skip_test_passed=False, packages_skip_up_to=None, packages_start=None, packages_up_to=None, packages_up_to_regex=None, parallel_workers=2, paths=None, symlink_install=True, test_result_base=None, verb_extension=<colcon_core.verb.build.BuildVerb object at 0x7f58f1ea8130>, verb_name='build', verb_parser=<colcon_mixin.mixin.mixin_argument.MixinArgumentDecorator object at 0x7f58f1e00700>)
[2.780s] Level 1:colcon.colcon_core.package_discovery:discover_packages(colcon_meta) check parameters
[2.781s] Level 1:colcon.colcon_core.package_discovery:discover_packages(recursive) check parameters
[2.781s] Level 1:colcon.colcon_core.package_discovery:discover_packages(ignore) check parameters
[2.781s] Level 1:colcon.colcon_core.package_discovery:discover_packages(path) check parameters
[2.781s] Level 1:colcon.colcon_core.package_discovery:discover_packages(colcon_meta) discover
[2.781s] Level 1:colcon.colcon_core.package_discovery:discover_packages(recursive) discover
[2.781s] INFO:colcon.colcon_core.package_discovery:Crawling recursively for packages in '/home/robotica/proyectoRoboentrega/ProyectoRobotica_RoboEntrega/robot'
[2.782s] Level 1:colcon.colcon_core.package_identification:_identify(.) by extensions ['ignore', 'ignore_ament_install']
[2.782s] Level 1:colcon.colcon_core.package_identification:_identify(.) by extension 'ignore'
[2.783s] Level 1:colcon.colcon_core.package_identification:_identify(.) by extension 'ignore_ament_install'
[2.783s] Level 1:colcon.colcon_core.package_identification:_identify(.) by extensions ['colcon_pkg']
[2.783s] Level 1:colcon.colcon_core.package_identification:_identify(.) by extension 'colcon_pkg'
[2.783s] Level 1:colcon.colcon_core.package_identification:_identify(.) by extensions ['colcon_meta']
[2.783s] Level 1:colcon.colcon_core.package_identification:_identify(.) by extension 'colcon_meta'
[2.783s] Level 1:colcon.colcon_core.package_identification:_identify(.) by extensions ['ros']
[2.784s] Level 1:colcon.colcon_core.package_identification:_identify(.) by extension 'ros'
[2.847s] Level 1:colcon.colcon_core.package_identification:_identify(.) by extensions ['cmake', 'python']
[2.848s] Level 1:colcon.colcon_core.package_identification:_identify(.) by extension 'cmake'
[2.848s] Level 1:colcon.colcon_core.package_identification:_identify(.) by extension 'python'
[2.848s] Level 1:colcon.colcon_core.package_identification:_identify(.) by extensions ['python_setup_py']
[2.848s] Level 1:colcon.colcon_core.package_identification:_identify(.) by extension 'python_setup_py'
[2.849s] Level 1:colcon.colcon_core.package_identification:_identify(build) by extensions ['ignore', 'ignore_ament_install']
[2.849s] Level 1:colcon.colcon_core.package_identification:_identify(build) by extension 'ignore'
[2.850s] Level 1:colcon.colcon_core.package_identification:_identify(build) ignored
[2.850s] Level 1:colcon.colcon_core.package_identification:_identify(install) by extensions ['ignore', 'ignore_ament_install']
[2.851s] Level 1:colcon.colcon_core.package_identification:_identify(install) by extension 'ignore'
[2.851s] Level 1:colcon.colcon_core.package_identification:_identify(install) ignored
[2.851s] Level 1:colcon.colcon_core.package_identification:_identify(log) by extensions ['ignore', 'ignore_ament_install']
[2.852s] Level 1:colcon.colcon_core.package_identification:_identify(log) by extension 'ignore'
[2.852s] Level 1:colcon.colcon_core.package_identification:_identify(log) ignored
[2.852s] Level 1:colcon.colcon_core.package_identification:_identify(src) by extensions ['ignore', 'ignore_ament_install']
[2.853s] Level 1:colcon.colcon_core.package_identification:_identify(src) by extension 'ignore'
[2.853s] Level 1:colcon.colcon_core.package_identification:_identify(src) by extension 'ignore_ament_install'
[2.853s] Level 1:colcon.colcon_core.package_identification:_identify(src) by extensions ['colcon_pkg']
[2.853s] Level 1:colcon.colcon_core.package_identification:_identify(src) by extension 'colcon_pkg'
[2.853s] Level 1:colcon.colcon_core.package_identification:_identify(src) by extensions ['colcon_meta']
[2.854s] Level 1:colcon.colcon_core.package_identification:_identify(src) by extension 'colcon_meta'
[2.854s] Level 1:colcon.colcon_core.package_identification:_identify(src) by extensions ['ros']
[2.854s] Level 1:colcon.colcon_core.package_identification:_identify(src) by extension 'ros'
[2.855s] Level 1:colcon.colcon_core.package_identification:_identify(src) by extensions ['cmake', 'python']
[2.855s] Level 1:colcon.colcon_core.package_identification:_identify(src) by extension 'cmake'
[2.855s] Level 1:colcon.colcon_core.package_identification:_identify(src) by extension 'python'
[2.855s] Level 1:colcon.colcon_core.package_identification:_identify(src) by extensions ['python_setup_py']
[2.855s] Level 1:colcon.colcon_core.package_identification:_identify(src) by extension 'python_setup_py'
[2.856s] Level 1:colcon.colcon_core.package_identification:_identify(src/turtlebot3_simulations) by extensions ['ignore', 'ignore_ament_install']
[2.857s] Level 1:colcon.colcon_core.package_identification:_identify(src/turtlebot3_simulations) by extension 'ignore'
[2.857s] Level 1:colcon.colcon_core.package_identification:_identify(src/turtlebot3_simulations) by extension 'ignore_ament_install'
[2.858s] Level 1:colcon.colcon_core.package_identification:_identify(src/turtlebot3_simulations) by extensions ['colcon_pkg']
[2.858s] Level 1:colcon.colcon_core.package_identification:_identify(src/turtlebot3_simulations) by extension 'colcon_pkg'
[2.858s] Level 1:colcon.colcon_core.package_identification:_identify(src/turtlebot3_simulations) by extensions ['colcon_meta']
[2.858s] Level 1:colcon.colcon_core.package_identification:_identify(src/turtlebot3_simulations) by extension 'colcon_meta'
[2.859s] Level 1:colcon.colcon_core.package_identification:_identify(src/turtlebot3_simulations) by extensions ['ros']
[2.859s] Level 1:colcon.colcon_core.package_identification:_identify(src/turtlebot3_simulations) by extension 'ros'
[2.859s] Level 1:colcon.colcon_core.package_identification:_identify(src/turtlebot3_simulations) by extensions ['cmake', 'python']
[2.859s] Level 1:colcon.colcon_core.package_identification:_identify(src/turtlebot3_simulations) by extension 'cmake'
[2.860s] Level 1:colcon.colcon_core.package_identification:_identify(src/turtlebot3_simulations) by extension 'python'
[2.860s] Level 1:colcon.colcon_core.package_identification:_identify(src/turtlebot3_simulations) by extensions ['python_setup_py']
[2.860s] Level 1:colcon.colcon_core.package_identification:_identify(src/turtlebot3_simulations) by extension 'python_setup_py'
[2.860s] Level 1:colcon.colcon_core.package_identification:_identify(src/turtlebot3_simulations/turtlebot3_fake_node) by extensions ['ignore', 'ignore_ament_install']
[2.861s] Level 1:colcon.colcon_core.package_identification:_identify(src/turtlebot3_simulations/turtlebot3_fake_node) by extension 'ignore'
[2.861s] Level 1:colcon.colcon_core.package_identification:_identify(src/turtlebot3_simulations/turtlebot3_fake_node) by extension 'ignore_ament_install'
[2.861s] Level 1:colcon.colcon_core.package_identification:_identify(src/turtlebot3_simulations/turtlebot3_fake_node) by extensions ['colcon_pkg']
[2.861s] Level 1:colcon.colcon_core.package_identification:_identify(src/turtlebot3_simulations/turtlebot3_fake_node) by extension 'colcon_pkg'
[2.862s] Level 1:colcon.colcon_core.package_identification:_identify(src/turtlebot3_simulations/turtlebot3_fake_node) by extensions ['colcon_meta']
[2.862s] Level 1:colcon.colcon_core.package_identification:_identify(src/turtlebot3_simulations/turtlebot3_fake_node) by extension 'colcon_meta'
[2.862s] Level 1:colcon.colcon_core.package_identification:_identify(src/turtlebot3_simulations/turtlebot3_fake_node) by extensions ['ros']
[2.862s] Level 1:colcon.colcon_core.package_identification:_identify(src/turtlebot3_simulations/turtlebot3_fake_node) by extension 'ros'
[2.880s] DEBUG:colcon.colcon_core.package_identification:Package 'src/turtlebot3_simulations/turtlebot3_fake_node' with type 'ros.ament_cmake' and name 'turtlebot3_fake_node'
[2.881s] Level 1:colcon.colcon_core.package_identification:_identify(src/turtlebot3_simulations/turtlebot3_gazebo) by extensions ['ignore', 'ignore_ament_install']
[2.881s] Level 1:colcon.colcon_core.package_identification:_identify(src/turtlebot3_simulations/turtlebot3_gazebo) by extension 'ignore'
[2.881s] Level 1:colcon.colcon_core.package_identification:_identify(src/turtlebot3_simulations/turtlebot3_gazebo) by extension 'ignore_ament_install'
[2.881s] Level 1:colcon.colcon_core.package_identification:_identify(src/turtlebot3_simulations/turtlebot3_gazebo) by extensions ['colcon_pkg']
[2.882s] Level 1:colcon.colcon_core.package_identification:_identify(src/turtlebot3_simulations/turtlebot3_gazebo) by extension 'colcon_pkg'
[2.882s] Level 1:colcon.colcon_core.package_identification:_identify(src/turtlebot3_simulations/turtlebot3_gazebo) by extensions ['colcon_meta']
[2.882s] Level 1:colcon.colcon_core.package_identification:_identify(src/turtlebot3_simulations/turtlebot3_gazebo) by extension 'colcon_meta'
[2.882s] Level 1:colcon.colcon_core.package_identification:_identify(src/turtlebot3_simulations/turtlebot3_gazebo) by extensions ['ros']
[2.882s] Level 1:colcon.colcon_core.package_identification:_identify(src/turtlebot3_simulations/turtlebot3_gazebo) by extension 'ros'
[2.888s] DEBUG:colcon.colcon_core.package_identification:Package 'src/turtlebot3_simulations/turtlebot3_gazebo' with type 'ros.ament_cmake' and name 'turtlebot3_gazebo'
[2.888s] Level 1:colcon.colcon_core.package_identification:_identify(src/turtlebot3_simulations/turtlebot3_simulations) by extensions ['ignore', 'ignore_ament_install']
[2.889s] Level 1:colcon.colcon_core.package_identification:_identify(src/turtlebot3_simulations/turtlebot3_simulations) by extension 'ignore'
[2.889s] Level 1:colcon.colcon_core.package_identification:_identify(src/turtlebot3_simulations/turtlebot3_simulations) by extension 'ignore_ament_install'
[2.889s] Level 1:colcon.colcon_core.package_identification:_identify(src/turtlebot3_simulations/turtlebot3_simulations) by extensions ['colcon_pkg']
[2.889s] Level 1:colcon.colcon_core.package_identification:_identify(src/turtlebot3_simulations/turtlebot3_simulations) by extension 'colcon_pkg'
[2.890s] Level 1:colcon.colcon_core.package_identification:_identify(src/turtlebot3_simulations/turtlebot3_simulations) by extensions ['colcon_meta']
[2.890s] Level 1:colcon.colcon_core.package_identification:_identify(src/turtlebot3_simulations/turtlebot3_simulations) by extension 'colcon_meta'
[2.890s] Level 1:colcon.colcon_core.package_identification:_identify(src/turtlebot3_simulations/turtlebot3_simulations) by extensions ['ros']
[2.890s] Level 1:colcon.colcon_core.package_identification:_identify(src/turtlebot3_simulations/turtlebot3_simulations) by extension 'ros'
[2.894s] DEBUG:colcon.colcon_core.package_identification:Package 'src/turtlebot3_simulations/turtlebot3_simulations' with type 'ros.ament_cmake' and name 'turtlebot3_simulations'
[2.894s] Level 1:colcon.colcon_core.package_discovery:discover_packages(recursive) using defaults
[2.894s] Level 1:colcon.colcon_core.package_discovery:discover_packages(ignore) discover
[2.894s] Level 1:colcon.colcon_core.package_discovery:discover_packages(ignore) using defaults
[2.894s] Level 1:colcon.colcon_core.package_discovery:discover_packages(path) discover
[2.895s] Level 1:colcon.colcon_core.package_discovery:discover_packages(path) using defaults
[3.031s] Level 1:colcon.colcon_core.package_discovery:discover_packages(prefix_path) check parameters
[3.032s] Level 1:colcon.colcon_core.package_discovery:discover_packages(prefix_path) discover
[3.049s] DEBUG:colcon.colcon_installed_package_information.package_discovery:Found 10 installed packages in /home/robotica/turtlebot3_ws/install
[3.058s] DEBUG:colcon.colcon_installed_package_information.package_discovery:Found 336 installed packages in /opt/ros/galactic
[3.068s] Level 1:colcon.colcon_core.package_discovery:discover_packages(prefix_path) using defaults
[3.532s] WARNING:colcon.colcon_core.package_selection:Some selected packages are already built in one or more underlay workspaces:
	'turtlebot3_gazebo' is in: /home/robotica/turtlebot3_ws/install/turtlebot3_gazebo
If a package in a merged underlay workspace is overridden and it installs headers, then all packages in the overlay must sort their include directories by workspace order. Failure to do so may result in build failures or undefined behavior at run time.
If the overridden package is used by another package in any underlay, then the overriding package in the overlay must be API and ABI compatible or undefined behavior at run time may occur.

If you understand the risks and want to override a package anyways, add the following to the command line:
	--allow-overriding turtlebot3_gazebo

This may be promoted to an error in a future release of colcon-override-check.
[3.536s] Level 5:colcon.colcon_core.verb:set package 'turtlebot3_fake_node' build argument 'cmake_args' from command line to 'None'
[3.536s] Level 5:colcon.colcon_core.verb:set package 'turtlebot3_fake_node' build argument 'cmake_target' from command line to 'None'
[3.536s] Level 5:colcon.colcon_core.verb:set package 'turtlebot3_fake_node' build argument 'cmake_target_skip_unavailable' from command line to 'False'
[3.537s] Level 5:colcon.colcon_core.verb:set package 'turtlebot3_fake_node' build argument 'cmake_clean_cache' from command line to 'False'
[3.537s] Level 5:colcon.colcon_core.verb:set package 'turtlebot3_fake_node' build argument 'cmake_clean_first' from command line to 'False'
[3.537s] Level 5:colcon.colcon_core.verb:set package 'turtlebot3_fake_node' build argument 'cmake_force_configure' from command line to 'False'
[3.537s] Level 5:colcon.colcon_core.verb:set package 'turtlebot3_fake_node' build argument 'ament_cmake_args' from command line to 'None'
[3.537s] Level 5:colcon.colcon_core.verb:set package 'turtlebot3_fake_node' build argument 'catkin_cmake_args' from command line to 'None'
[3.537s] Level 5:colcon.colcon_core.verb:set package 'turtlebot3_fake_node' build argument 'catkin_skip_building_tests' from command line to 'False'
[3.537s] DEBUG:colcon.colcon_core.verb:Building package 'turtlebot3_fake_node' with the following arguments: {'ament_cmake_args': None, 'build_base': '/home/robotica/proyectoRoboentrega/ProyectoRobotica_RoboEntrega/robot/build/turtlebot3_fake_node', 'catkin_cmake_args': None, 'catkin_skip_building_tests': False, 'cmake_args': None, 'cmake_clean_cache': False, 'cmake_clean_first': False, 'cmake_force_configure': False, 'cmake_target': None, 'cmake_target_skip_unavailable': False, 'install_base': '/home/robotica/proyectoRoboentrega/ProyectoRobotica_RoboEntrega/robot/install/turtlebot3_fake_node', 'merge_install': False, 'path': '/home/robotica/proyectoRoboentrega/ProyectoRobotica_RoboEntrega/robot/src/turtlebot3_simulations/turtlebot3_fake_node', 'symlink_install': True, 'test_result_base': None}
[3.539s] Level 5:colcon.colcon_core.verb:set package 'turtlebot3_gazebo' build argument 'cmake_args' from command line to 'None'
[3.539s] Level 5:colcon.colcon_core.verb:set package 'turtlebot3_gazebo' build argument 'cmake_target' from command line to 'None'
[3.540s] Level 5:colcon.colcon_core.verb:set package 'turtlebot3_gazebo' build argument 'cmake_target_skip_unavailable' from command line to 'False'
[3.540s] Level 5:colcon.colcon_core.verb:set package 'turtlebot3_gazebo' build argument 'cmake_clean_cache' from command line to 'False'
[3.540s] Level 5:colcon.colcon_core.verb:set package 'turtlebot3_gazebo' build argument 'cmake_clean_first' from command line to 'False'
[3.540s] Level 5:colcon.colcon_core.verb:set package 'turtlebot3_gazebo' build argument 'cmake_force_configure' from command line to 'False'
[3.540s] Level 5:colcon.colcon_core.verb:set package 'turtlebot3_gazebo' build argument 'ament_cmake_args' from command line to 'None'
[3.540s] Level 5:colcon.colcon_core.verb:set package 'turtlebot3_gazebo' build argument 'catkin_cmake_args' from command line to 'None'
[3.540s] Level 5:colcon.colcon_core.verb:set package 'turtlebot3_gazebo' build argument 'catkin_skip_building_tests' from command line to 'False'
[3.540s] DEBUG:colcon.colcon_core.verb:Building package 'turtlebot3_gazebo' with the following arguments: {'ament_cmake_args': None, 'build_base': '/home/robotica/proyectoRoboentrega/ProyectoRobotica_RoboEntrega/robot/build/turtlebot3_gazebo', 'catkin_cmake_args': None, 'catkin_skip_building_tests': False, 'cmake_args': None, 'cmake_clean_cache': False, 'cmake_clean_first': False, 'cmake_force_configure': False, 'cmake_target': None, 'cmake_target_skip_unavailable': False, 'install_base': '/home/robotica/proyectoRoboentrega/ProyectoRobotica_RoboEntrega/robot/install/turtlebot3_gazebo', 'merge_install': False, 'path': '/home/robotica/proyectoRoboentrega/ProyectoRobotica_RoboEntrega/robot/src/turtlebot3_simulations/turtlebot3_gazebo', 'symlink_install': True, 'test_result_base': None}
[3.542s] Level 5:colcon.colcon_core.verb:set package 'turtlebot3_simulations' build argument 'cmake_args' from command line to 'None'
[3.542s] Level 5:colcon.colcon_core.verb:set package 'turtlebot3_simulations' build argument 'cmake_target' from command line to 'None'
[3.542s] Level 5:colcon.colcon_core.verb:set package 'turtlebot3_simulations' build argument 'cmake_target_skip_unavailable' from command line to 'False'
[3.542s] Level 5:colcon.colcon_core.verb:set package 'turtlebot3_simulations' build argument 'cmake_clean_cache' from command line to 'False'
[3.542s] Level 5:colcon.colcon_core.verb:set package 'turtlebot3_simulations' build argument 'cmake_clean_first' from command line to 'False'
[3.542s] Level 5:colcon.colcon_core.verb:set package 'turtlebot3_simulations' build argument 'cmake_force_configure' from command line to 'False'
[3.543s] Level 5:colcon.colcon_core.verb:set package 'turtlebot3_simulations' build argument 'ament_cmake_args' from command line to 'None'
[3.543s] Level 5:colcon.colcon_core.verb:set package 'turtlebot3_simulations' build argument 'catkin_cmake_args' from command line to 'None'
[3.543s] Level 5:colcon.colcon_core.verb:set package 'turtlebot3_simulations' build argument 'catkin_skip_building_tests' from command line to 'False'
[3.543s] DEBUG:colcon.colcon_core.verb:Building package 'turtlebot3_simulations' with the following arguments: {'ament_cmake_args': None, 'build_base': '/home/robotica/proyectoRoboentrega/ProyectoRobotica_RoboEntrega/robot/build/turtlebot3_simulations', 'catkin_cmake_args': None, 'catkin_skip_building_tests': False, 'cmake_args': None, 'cmake_clean_cache': False, 'cmake_clean_first': False, 'cmake_force_configure': False, 'cmake_target': None, 'cmake_target_skip_unavailable': False, 'install_base': '/home/robotica/proyectoRoboentrega/ProyectoRobotica_RoboEntrega/robot/install/turtlebot3_simulations', 'merge_install': False, 'path': '/home/robotica/proyectoRoboentrega/ProyectoRobotica_RoboEntrega/robot/src/turtlebot3_simulations/turtlebot3_simulations', 'symlink_install': True, 'test_result_base': None}
[3.543s] INFO:colcon.colcon_core.executor:Executing jobs using 'parallel' executor
[3.548s] DEBUG:colcon.colcon_parallel_executor.executor.parallel:run_until_complete
[3.549s] INFO:colcon.colcon_ros.task.ament_cmake.build:Building ROS package in '/home/robotica/proyectoRoboentrega/ProyectoRobotica_RoboEntrega/robot/src/turtlebot3_simulations/turtlebot3_fake_node' with build type 'ament_cmake'
[3.549s] INFO:colcon.colcon_cmake.task.cmake.build:Building CMake package in '/home/robotica/proyectoRoboentrega/ProyectoRobotica_RoboEntrega/robot/src/turtlebot3_simulations/turtlebot3_fake_node'
[3.577s] INFO:colcon.colcon_core.plugin_system:Skipping extension 'colcon_core.shell.bat': Not used on non-Windows systems
[3.578s] INFO:colcon.colcon_core.shell:Skip shell extension 'powershell' for command environment: Not usable outside of PowerShell
[3.578s] DEBUG:colcon.colcon_core.shell:Skip shell extension 'dsv' for command environment
[3.604s] INFO:colcon.colcon_ros.task.ament_cmake.build:Building ROS package in '/home/robotica/proyectoRoboentrega/ProyectoRobotica_RoboEntrega/robot/src/turtlebot3_simulations/turtlebot3_gazebo' with build type 'ament_cmake'
[3.605s] INFO:colcon.colcon_cmake.task.cmake.build:Building CMake package in '/home/robotica/proyectoRoboentrega/ProyectoRobotica_RoboEntrega/robot/src/turtlebot3_simulations/turtlebot3_gazebo'
[3.609s] INFO:colcon.colcon_core.shell:Skip shell extension 'powershell' for command environment: Not usable outside of PowerShell
[3.610s] DEBUG:colcon.colcon_core.shell:Skip shell extension 'dsv' for command environment
[3.671s] DEBUG:colcon.colcon_core.event_handler.log_command:Invoking command in '/home/robotica/proyectoRoboentrega/ProyectoRobotica_RoboEntrega/robot/build/turtlebot3_fake_node': CMAKE_PREFIX_PATH=${CMAKE_PREFIX_PATH}:/home/robotica/turtlebot3_ws/install/testeo1:/home/robotica/turtlebot3_ws/install/show_msg:/home/robotica/turtlebot3_ws/install/my_first_subscriber:/home/robotica/turtlebot3_ws/install/my_first_service:/home/robotica/turtlebot3_ws/install/my_first_publisher:/opt/ros/galactic /usr/bin/cmake /home/robotica/proyectoRoboentrega/ProyectoRobotica_RoboEntrega/robot/src/turtlebot3_simulations/turtlebot3_fake_node -DAMENT_CMAKE_SYMLINK_INSTALL=1 -DCMAKE_INSTALL_PREFIX=/home/robotica/proyectoRoboentrega/ProyectoRobotica_RoboEntrega/robot/install/turtlebot3_fake_node
[3.731s] DEBUG:colcon.colcon_core.event_handler.log_command:Invoking command in '/home/robotica/proyectoRoboentrega/ProyectoRobotica_RoboEntrega/robot/build/turtlebot3_gazebo': CMAKE_PREFIX_PATH=${CMAKE_PREFIX_PATH}:/home/robotica/turtlebot3_ws/install/testeo1:/home/robotica/turtlebot3_ws/install/show_msg:/home/robotica/turtlebot3_ws/install/my_first_subscriber:/home/robotica/turtlebot3_ws/install/my_first_service:/home/robotica/turtlebot3_ws/install/my_first_publisher:/opt/ros/galactic /usr/bin/cmake /home/robotica/proyectoRoboentrega/ProyectoRobotica_RoboEntrega/robot/src/turtlebot3_simulations/turtlebot3_gazebo -DAMENT_CMAKE_SYMLINK_INSTALL=1 -DCMAKE_INSTALL_PREFIX=/home/robotica/proyectoRoboentrega/ProyectoRobotica_RoboEntrega/robot/install/turtlebot3_gazebo
[12.580s] DEBUG:colcon.colcon_core.event_handler.log_command:Invoked command in '/home/robotica/proyectoRoboentrega/ProyectoRobotica_RoboEntrega/robot/build/turtlebot3_fake_node' returned '0': CMAKE_PREFIX_PATH=${CMAKE_PREFIX_PATH}:/home/robotica/turtlebot3_ws/install/testeo1:/home/robotica/turtlebot3_ws/install/show_msg:/home/robotica/turtlebot3_ws/install/my_first_subscriber:/home/robotica/turtlebot3_ws/install/my_first_service:/home/robotica/turtlebot3_ws/install/my_first_publisher:/opt/ros/galactic /usr/bin/cmake /home/robotica/proyectoRoboentrega/ProyectoRobotica_RoboEntrega/robot/src/turtlebot3_simulations/turtlebot3_fake_node -DAMENT_CMAKE_SYMLINK_INSTALL=1 -DCMAKE_INSTALL_PREFIX=/home/robotica/proyectoRoboentrega/ProyectoRobotica_RoboEntrega/robot/install/turtlebot3_fake_node
[12.581s] DEBUG:colcon.colcon_core.event_handler.log_command:Invoking command in '/home/robotica/proyectoRoboentrega/ProyectoRobotica_RoboEntrega/robot/build/turtlebot3_fake_node': CMAKE_PREFIX_PATH=${CMAKE_PREFIX_PATH}:/home/robotica/turtlebot3_ws/install/testeo1:/home/robotica/turtlebot3_ws/install/show_msg:/home/robotica/turtlebot3_ws/install/my_first_subscriber:/home/robotica/turtlebot3_ws/install/my_first_service:/home/robotica/turtlebot3_ws/install/my_first_publisher:/opt/ros/galactic /usr/bin/cmake --build /home/robotica/proyectoRoboentrega/ProyectoRobotica_RoboEntrega/robot/build/turtlebot3_fake_node -- -j2 -l2
[16.090s] DEBUG:colcon.colcon_core.event_handler.log_command:Invoked command in '/home/robotica/proyectoRoboentrega/ProyectoRobotica_RoboEntrega/robot/build/turtlebot3_gazebo' returned '0': CMAKE_PREFIX_PATH=${CMAKE_PREFIX_PATH}:/home/robotica/turtlebot3_ws/install/testeo1:/home/robotica/turtlebot3_ws/install/show_msg:/home/robotica/turtlebot3_ws/install/my_first_subscriber:/home/robotica/turtlebot3_ws/install/my_first_service:/home/robotica/turtlebot3_ws/install/my_first_publisher:/opt/ros/galactic /usr/bin/cmake /home/robotica/proyectoRoboentrega/ProyectoRobotica_RoboEntrega/robot/src/turtlebot3_simulations/turtlebot3_gazebo -DAMENT_CMAKE_SYMLINK_INSTALL=1 -DCMAKE_INSTALL_PREFIX=/home/robotica/proyectoRoboentrega/ProyectoRobotica_RoboEntrega/robot/install/turtlebot3_gazebo
[16.099s] DEBUG:colcon.colcon_core.event_handler.log_command:Invoking command in '/home/robotica/proyectoRoboentrega/ProyectoRobotica_RoboEntrega/robot/build/turtlebot3_gazebo': CMAKE_PREFIX_PATH=${CMAKE_PREFIX_PATH}:/home/robotica/turtlebot3_ws/install/testeo1:/home/robotica/turtlebot3_ws/install/show_msg:/home/robotica/turtlebot3_ws/install/my_first_subscriber:/home/robotica/turtlebot3_ws/install/my_first_service:/home/robotica/turtlebot3_ws/install/my_first_publisher:/opt/ros/galactic /usr/bin/cmake --build /home/robotica/proyectoRoboentrega/ProyectoRobotica_RoboEntrega/robot/build/turtlebot3_gazebo -- -j2 -l2
[57.626s] DEBUG:colcon.colcon_core.event_handler.log_command:Invoked command in '/home/robotica/proyectoRoboentrega/ProyectoRobotica_RoboEntrega/robot/build/turtlebot3_fake_node' returned '0': CMAKE_PREFIX_PATH=${CMAKE_PREFIX_PATH}:/home/robotica/turtlebot3_ws/install/testeo1:/home/robotica/turtlebot3_ws/install/show_msg:/home/robotica/turtlebot3_ws/install/my_first_subscriber:/home/robotica/turtlebot3_ws/install/my_first_service:/home/robotica/turtlebot3_ws/install/my_first_publisher:/opt/ros/galactic /usr/bin/cmake --build /home/robotica/proyectoRoboentrega/ProyectoRobotica_RoboEntrega/robot/build/turtlebot3_fake_node -- -j2 -l2
[57.673s] DEBUG:colcon.colcon_core.event_handler.log_command:Invoking command in '/home/robotica/proyectoRoboentrega/ProyectoRobotica_RoboEntrega/robot/build/turtlebot3_fake_node': CMAKE_PREFIX_PATH=${CMAKE_PREFIX_PATH}:/home/robotica/turtlebot3_ws/install/testeo1:/home/robotica/turtlebot3_ws/install/show_msg:/home/robotica/turtlebot3_ws/install/my_first_subscriber:/home/robotica/turtlebot3_ws/install/my_first_service:/home/robotica/turtlebot3_ws/install/my_first_publisher:/opt/ros/galactic /usr/bin/cmake --install /home/robotica/proyectoRoboentrega/ProyectoRobotica_RoboEntrega/robot/build/turtlebot3_fake_node
[58.726s] Level 1:colcon.colcon_core.environment:create_environment_scripts_only(turtlebot3_fake_node)
[58.729s] DEBUG:colcon.colcon_core.event_handler.log_command:Invoked command in '/home/robotica/proyectoRoboentrega/ProyectoRobotica_RoboEntrega/robot/build/turtlebot3_fake_node' returned '0': CMAKE_PREFIX_PATH=${CMAKE_PREFIX_PATH}:/home/robotica/turtlebot3_ws/install/testeo1:/home/robotica/turtlebot3_ws/install/show_msg:/home/robotica/turtlebot3_ws/install/my_first_subscriber:/home/robotica/turtlebot3_ws/install/my_first_service:/home/robotica/turtlebot3_ws/install/my_first_publisher:/opt/ros/galactic /usr/bin/cmake --install /home/robotica/proyectoRoboentrega/ProyectoRobotica_RoboEntrega/robot/build/turtlebot3_fake_node
[58.766s] Level 1:colcon.colcon_core.environment:checking '/home/robotica/proyectoRoboentrega/ProyectoRobotica_RoboEntrega/robot/install/turtlebot3_fake_node' for CMake module files
[58.768s] Level 1:colcon.colcon_core.environment:checking '/home/robotica/proyectoRoboentrega/ProyectoRobotica_RoboEntrega/robot/install/turtlebot3_fake_node' for CMake config files
[58.769s] Level 1:colcon.colcon_core.shell:create_environment_hook('turtlebot3_fake_node', 'cmake_prefix_path')
[58.772s] INFO:colcon.colcon_core.shell:Creating environment hook '/home/robotica/proyectoRoboentrega/ProyectoRobotica_RoboEntrega/robot/install/turtlebot3_fake_node/share/turtlebot3_fake_node/hook/cmake_prefix_path.ps1'
[58.778s] INFO:colcon.colcon_core.shell:Creating environment descriptor '/home/robotica/proyectoRoboentrega/ProyectoRobotica_RoboEntrega/robot/install/turtlebot3_fake_node/share/turtlebot3_fake_node/hook/cmake_prefix_path.dsv'
[58.782s] INFO:colcon.colcon_core.shell:Creating environment hook '/home/robotica/proyectoRoboentrega/ProyectoRobotica_RoboEntrega/robot/install/turtlebot3_fake_node/share/turtlebot3_fake_node/hook/cmake_prefix_path.sh'
[58.791s] Level 1:colcon.colcon_core.environment:checking '/home/robotica/proyectoRoboentrega/ProyectoRobotica_RoboEntrega/robot/install/turtlebot3_fake_node/lib'
[58.791s] Level 1:colcon.colcon_core.environment:checking '/home/robotica/proyectoRoboentrega/ProyectoRobotica_RoboEntrega/robot/install/turtlebot3_fake_node/bin'
[58.792s] Level 1:colcon.colcon_core.environment:checking '/home/robotica/proyectoRoboentrega/ProyectoRobotica_RoboEntrega/robot/install/turtlebot3_fake_node/lib/pkgconfig/turtlebot3_fake_node.pc'
[58.793s] Level 1:colcon.colcon_core.environment:checking '/home/robotica/proyectoRoboentrega/ProyectoRobotica_RoboEntrega/robot/install/turtlebot3_fake_node/lib/python3.8/site-packages'
[58.793s] Level 1:colcon.colcon_core.environment:checking '/home/robotica/proyectoRoboentrega/ProyectoRobotica_RoboEntrega/robot/install/turtlebot3_fake_node/bin'
[58.804s] INFO:colcon.colcon_core.shell:Creating package script '/home/robotica/proyectoRoboentrega/ProyectoRobotica_RoboEntrega/robot/install/turtlebot3_fake_node/share/turtlebot3_fake_node/package.ps1'
[58.808s] INFO:colcon.colcon_core.shell:Creating package descriptor '/home/robotica/proyectoRoboentrega/ProyectoRobotica_RoboEntrega/robot/install/turtlebot3_fake_node/share/turtlebot3_fake_node/package.dsv'
[58.814s] INFO:colcon.colcon_core.shell:Creating package script '/home/robotica/proyectoRoboentrega/ProyectoRobotica_RoboEntrega/robot/install/turtlebot3_fake_node/share/turtlebot3_fake_node/package.sh'
[58.822s] INFO:colcon.colcon_core.shell:Creating package script '/home/robotica/proyectoRoboentrega/ProyectoRobotica_RoboEntrega/robot/install/turtlebot3_fake_node/share/turtlebot3_fake_node/package.bash'
[58.839s] INFO:colcon.colcon_core.shell:Creating package script '/home/robotica/proyectoRoboentrega/ProyectoRobotica_RoboEntrega/robot/install/turtlebot3_fake_node/share/turtlebot3_fake_node/package.zsh'
[58.847s] Level 1:colcon.colcon_core.environment:create_file_with_runtime_dependencies(/home/robotica/proyectoRoboentrega/ProyectoRobotica_RoboEntrega/robot/install/turtlebot3_fake_node/share/colcon-core/packages/turtlebot3_fake_node)
[58.863s] Level 1:colcon.colcon_core.environment:create_environment_scripts_only(turtlebot3_fake_node)
[58.864s] Level 1:colcon.colcon_core.environment:checking '/home/robotica/proyectoRoboentrega/ProyectoRobotica_RoboEntrega/robot/install/turtlebot3_fake_node' for CMake module files
[58.867s] Level 1:colcon.colcon_core.environment:checking '/home/robotica/proyectoRoboentrega/ProyectoRobotica_RoboEntrega/robot/install/turtlebot3_fake_node' for CMake config files
[58.868s] Level 1:colcon.colcon_core.shell:create_environment_hook('turtlebot3_fake_node', 'cmake_prefix_path')
[58.869s] INFO:colcon.colcon_core.shell:Creating environment hook '/home/robotica/proyectoRoboentrega/ProyectoRobotica_RoboEntrega/robot/install/turtlebot3_fake_node/share/turtlebot3_fake_node/hook/cmake_prefix_path.ps1'
[58.879s] INFO:colcon.colcon_core.shell:Creating environment descriptor '/home/robotica/proyectoRoboentrega/ProyectoRobotica_RoboEntrega/robot/install/turtlebot3_fake_node/share/turtlebot3_fake_node/hook/cmake_prefix_path.dsv'
[58.880s] INFO:colcon.colcon_core.shell:Creating environment hook '/home/robotica/proyectoRoboentrega/ProyectoRobotica_RoboEntrega/robot/install/turtlebot3_fake_node/share/turtlebot3_fake_node/hook/cmake_prefix_path.sh'
[58.883s] Level 1:colcon.colcon_core.environment:checking '/home/robotica/proyectoRoboentrega/ProyectoRobotica_RoboEntrega/robot/install/turtlebot3_fake_node/lib'
[58.883s] Level 1:colcon.colcon_core.environment:checking '/home/robotica/proyectoRoboentrega/ProyectoRobotica_RoboEntrega/robot/install/turtlebot3_fake_node/bin'
[58.883s] Level 1:colcon.colcon_core.environment:checking '/home/robotica/proyectoRoboentrega/ProyectoRobotica_RoboEntrega/robot/install/turtlebot3_fake_node/lib/pkgconfig/turtlebot3_fake_node.pc'
[58.884s] Level 1:colcon.colcon_core.environment:checking '/home/robotica/proyectoRoboentrega/ProyectoRobotica_RoboEntrega/robot/install/turtlebot3_fake_node/lib/python3.8/site-packages'
[58.885s] Level 1:colcon.colcon_core.environment:checking '/home/robotica/proyectoRoboentrega/ProyectoRobotica_RoboEntrega/robot/install/turtlebot3_fake_node/bin'
[58.886s] INFO:colcon.colcon_core.shell:Creating package script '/home/robotica/proyectoRoboentrega/ProyectoRobotica_RoboEntrega/robot/install/turtlebot3_fake_node/share/turtlebot3_fake_node/package.ps1'
[58.893s] INFO:colcon.colcon_core.shell:Creating package descriptor '/home/robotica/proyectoRoboentrega/ProyectoRobotica_RoboEntrega/robot/install/turtlebot3_fake_node/share/turtlebot3_fake_node/package.dsv'
[58.904s] INFO:colcon.colcon_core.shell:Creating package script '/home/robotica/proyectoRoboentrega/ProyectoRobotica_RoboEntrega/robot/install/turtlebot3_fake_node/share/turtlebot3_fake_node/package.sh'
[58.906s] INFO:colcon.colcon_core.shell:Creating package script '/home/robotica/proyectoRoboentrega/ProyectoRobotica_RoboEntrega/robot/install/turtlebot3_fake_node/share/turtlebot3_fake_node/package.bash'
[58.909s] INFO:colcon.colcon_core.shell:Creating package script '/home/robotica/proyectoRoboentrega/ProyectoRobotica_RoboEntrega/robot/install/turtlebot3_fake_node/share/turtlebot3_fake_node/package.zsh'
[58.910s] Level 1:colcon.colcon_core.environment:create_file_with_runtime_dependencies(/home/robotica/proyectoRoboentrega/ProyectoRobotica_RoboEntrega/robot/install/turtlebot3_fake_node/share/colcon-core/packages/turtlebot3_fake_node)
[131.218s] DEBUG:colcon.colcon_core.event_handler.log_command:Invoked command in '/home/robotica/proyectoRoboentrega/ProyectoRobotica_RoboEntrega/robot/build/turtlebot3_gazebo' returned '0': CMAKE_PREFIX_PATH=${CMAKE_PREFIX_PATH}:/home/robotica/turtlebot3_ws/install/testeo1:/home/robotica/turtlebot3_ws/install/show_msg:/home/robotica/turtlebot3_ws/install/my_first_subscriber:/home/robotica/turtlebot3_ws/install/my_first_service:/home/robotica/turtlebot3_ws/install/my_first_publisher:/opt/ros/galactic /usr/bin/cmake --build /home/robotica/proyectoRoboentrega/ProyectoRobotica_RoboEntrega/robot/build/turtlebot3_gazebo -- -j2 -l2
[131.231s] DEBUG:colcon.colcon_core.event_handler.log_command:Invoking command in '/home/robotica/proyectoRoboentrega/ProyectoRobotica_RoboEntrega/robot/build/turtlebot3_gazebo': CMAKE_PREFIX_PATH=${CMAKE_PREFIX_PATH}:/home/robotica/turtlebot3_ws/install/testeo1:/home/robotica/turtlebot3_ws/install/show_msg:/home/robotica/turtlebot3_ws/install/my_first_subscriber:/home/robotica/turtlebot3_ws/install/my_first_service:/home/robotica/turtlebot3_ws/install/my_first_publisher:/opt/ros/galactic /usr/bin/cmake --install /home/robotica/proyectoRoboentrega/ProyectoRobotica_RoboEntrega/robot/build/turtlebot3_gazebo
[134.112s] Level 1:colcon.colcon_core.environment:create_environment_scripts_only(turtlebot3_gazebo)
[134.113s] Level 1:colcon.colcon_core.environment:checking '/home/robotica/proyectoRoboentrega/ProyectoRobotica_RoboEntrega/robot/install/turtlebot3_gazebo' for CMake module files
[134.117s] DEBUG:colcon.colcon_core.event_handler.log_command:Invoked command in '/home/robotica/proyectoRoboentrega/ProyectoRobotica_RoboEntrega/robot/build/turtlebot3_gazebo' returned '0': CMAKE_PREFIX_PATH=${CMAKE_PREFIX_PATH}:/home/robotica/turtlebot3_ws/install/testeo1:/home/robotica/turtlebot3_ws/install/show_msg:/home/robotica/turtlebot3_ws/install/my_first_subscriber:/home/robotica/turtlebot3_ws/install/my_first_service:/home/robotica/turtlebot3_ws/install/my_first_publisher:/opt/ros/galactic /usr/bin/cmake --install /home/robotica/proyectoRoboentrega/ProyectoRobotica_RoboEntrega/robot/build/turtlebot3_gazebo
[134.118s] Level 1:colcon.colcon_core.environment:checking '/home/robotica/proyectoRoboentrega/ProyectoRobotica_RoboEntrega/robot/install/turtlebot3_gazebo' for CMake config files
[134.121s] Level 1:colcon.colcon_core.shell:create_environment_hook('turtlebot3_gazebo', 'cmake_prefix_path')
[134.123s] INFO:colcon.colcon_core.shell:Creating environment hook '/home/robotica/proyectoRoboentrega/ProyectoRobotica_RoboEntrega/robot/install/turtlebot3_gazebo/share/turtlebot3_gazebo/hook/cmake_prefix_path.ps1'
[134.125s] INFO:colcon.colcon_core.shell:Creating environment descriptor '/home/robotica/proyectoRoboentrega/ProyectoRobotica_RoboEntrega/robot/install/turtlebot3_gazebo/share/turtlebot3_gazebo/hook/cmake_prefix_path.dsv'
[134.127s] INFO:colcon.colcon_core.shell:Creating environment hook '/home/robotica/proyectoRoboentrega/ProyectoRobotica_RoboEntrega/robot/install/turtlebot3_gazebo/share/turtlebot3_gazebo/hook/cmake_prefix_path.sh'
[134.129s] Level 1:colcon.colcon_core.environment:checking '/home/robotica/proyectoRoboentrega/ProyectoRobotica_RoboEntrega/robot/install/turtlebot3_gazebo/lib'
[134.129s] Level 1:colcon.colcon_core.environment:checking '/home/robotica/proyectoRoboentrega/ProyectoRobotica_RoboEntrega/robot/install/turtlebot3_gazebo/bin'
[134.130s] Level 1:colcon.colcon_core.environment:checking '/home/robotica/proyectoRoboentrega/ProyectoRobotica_RoboEntrega/robot/install/turtlebot3_gazebo/lib/pkgconfig/turtlebot3_gazebo.pc'
[134.131s] Level 1:colcon.colcon_core.environment:checking '/home/robotica/proyectoRoboentrega/ProyectoRobotica_RoboEntrega/robot/install/turtlebot3_gazebo/lib/python3.8/site-packages'
[134.131s] Level 1:colcon.colcon_core.environment:checking '/home/robotica/proyectoRoboentrega/ProyectoRobotica_RoboEntrega/robot/install/turtlebot3_gazebo/bin'
[134.133s] INFO:colcon.colcon_core.shell:Creating package script '/home/robotica/proyectoRoboentrega/ProyectoRobotica_RoboEntrega/robot/install/turtlebot3_gazebo/share/turtlebot3_gazebo/package.ps1'
[134.136s] INFO:colcon.colcon_core.shell:Creating package descriptor '/home/robotica/proyectoRoboentrega/ProyectoRobotica_RoboEntrega/robot/install/turtlebot3_gazebo/share/turtlebot3_gazebo/package.dsv'
[134.137s] INFO:colcon.colcon_core.shell:Creating package script '/home/robotica/proyectoRoboentrega/ProyectoRobotica_RoboEntrega/robot/install/turtlebot3_gazebo/share/turtlebot3_gazebo/package.sh'
[134.139s] INFO:colcon.colcon_core.shell:Creating package script '/home/robotica/proyectoRoboentrega/ProyectoRobotica_RoboEntrega/robot/install/turtlebot3_gazebo/share/turtlebot3_gazebo/package.bash'
[134.140s] INFO:colcon.colcon_core.shell:Creating package script '/home/robotica/proyectoRoboentrega/ProyectoRobotica_RoboEntrega/robot/install/turtlebot3_gazebo/share/turtlebot3_gazebo/package.zsh'
[134.141s] Level 1:colcon.colcon_core.environment:create_file_with_runtime_dependencies(/home/robotica/proyectoRoboentrega/ProyectoRobotica_RoboEntrega/robot/install/turtlebot3_gazebo/share/colcon-core/packages/turtlebot3_gazebo)
[134.144s] Level 1:colcon.colcon_core.environment:create_environment_scripts_only(turtlebot3_gazebo)
[134.145s] Level 1:colcon.colcon_core.environment:checking '/home/robotica/proyectoRoboentrega/ProyectoRobotica_RoboEntrega/robot/install/turtlebot3_gazebo' for CMake module files
[134.147s] Level 1:colcon.colcon_core.environment:checking '/home/robotica/proyectoRoboentrega/ProyectoRobotica_RoboEntrega/robot/install/turtlebot3_gazebo' for CMake config files
[134.151s] Level 1:colcon.colcon_core.shell:create_environment_hook('turtlebot3_gazebo', 'cmake_prefix_path')
[134.152s] INFO:colcon.colcon_core.shell:Creating environment hook '/home/robotica/proyectoRoboentrega/ProyectoRobotica_RoboEntrega/robot/install/turtlebot3_gazebo/share/turtlebot3_gazebo/hook/cmake_prefix_path.ps1'
[134.154s] INFO:colcon.colcon_core.shell:Creating environment descriptor '/home/robotica/proyectoRoboentrega/ProyectoRobotica_RoboEntrega/robot/install/turtlebot3_gazebo/share/turtlebot3_gazebo/hook/cmake_prefix_path.dsv'
[134.158s] INFO:colcon.colcon_core.shell:Creating environment hook '/home/robotica/proyectoRoboentrega/ProyectoRobotica_RoboEntrega/robot/install/turtlebot3_gazebo/share/turtlebot3_gazebo/hook/cmake_prefix_path.sh'
[134.160s] Level 1:colcon.colcon_core.environment:checking '/home/robotica/proyectoRoboentrega/ProyectoRobotica_RoboEntrega/robot/install/turtlebot3_gazebo/lib'
[134.161s] Level 1:colcon.colcon_core.environment:checking '/home/robotica/proyectoRoboentrega/ProyectoRobotica_RoboEntrega/robot/install/turtlebot3_gazebo/bin'
[134.161s] Level 1:colcon.colcon_core.environment:checking '/home/robotica/proyectoRoboentrega/ProyectoRobotica_RoboEntrega/robot/install/turtlebot3_gazebo/lib/pkgconfig/turtlebot3_gazebo.pc'
[134.162s] Level 1:colcon.colcon_core.environment:checking '/home/robotica/proyectoRoboentrega/ProyectoRobotica_RoboEntrega/robot/install/turtlebot3_gazebo/lib/python3.8/site-packages'
[134.163s] Level 1:colcon.colcon_core.environment:checking '/home/robotica/proyectoRoboentrega/ProyectoRobotica_RoboEntrega/robot/install/turtlebot3_gazebo/bin'
[134.165s] INFO:colcon.colcon_core.shell:Creating package script '/home/robotica/proyectoRoboentrega/ProyectoRobotica_RoboEntrega/robot/install/turtlebot3_gazebo/share/turtlebot3_gazebo/package.ps1'
[134.167s] INFO:colcon.colcon_core.shell:Creating package descriptor '/home/robotica/proyectoRoboentrega/ProyectoRobotica_RoboEntrega/robot/install/turtlebot3_gazebo/share/turtlebot3_gazebo/package.dsv'
[134.169s] INFO:colcon.colcon_core.shell:Creating package script '/home/robotica/proyectoRoboentrega/ProyectoRobotica_RoboEntrega/robot/install/turtlebot3_gazebo/share/turtlebot3_gazebo/package.sh'
[134.171s] INFO:colcon.colcon_core.shell:Creating package script '/home/robotica/proyectoRoboentrega/ProyectoRobotica_RoboEntrega/robot/install/turtlebot3_gazebo/share/turtlebot3_gazebo/package.bash'
[134.173s] INFO:colcon.colcon_core.shell:Creating package script '/home/robotica/proyectoRoboentrega/ProyectoRobotica_RoboEntrega/robot/install/turtlebot3_gazebo/share/turtlebot3_gazebo/package.zsh'
[134.174s] Level 1:colcon.colcon_core.environment:create_file_with_runtime_dependencies(/home/robotica/proyectoRoboentrega/ProyectoRobotica_RoboEntrega/robot/install/turtlebot3_gazebo/share/colcon-core/packages/turtlebot3_gazebo)
[134.176s] INFO:colcon.colcon_ros.task.ament_cmake.build:Building ROS package in '/home/robotica/proyectoRoboentrega/ProyectoRobotica_RoboEntrega/robot/src/turtlebot3_simulations/turtlebot3_simulations' with build type 'ament_cmake'
[134.176s] INFO:colcon.colcon_cmake.task.cmake.build:Building CMake package in '/home/robotica/proyectoRoboentrega/ProyectoRobotica_RoboEntrega/robot/src/turtlebot3_simulations/turtlebot3_simulations'
[134.177s] INFO:colcon.colcon_core.shell:Skip shell extension 'powershell' for command environment: Not usable outside of PowerShell
[134.177s] DEBUG:colcon.colcon_core.shell:Skip shell extension 'dsv' for command environment
[134.264s] DEBUG:colcon.colcon_core.event_handler.log_command:Invoking command in '/home/robotica/proyectoRoboentrega/ProyectoRobotica_RoboEntrega/robot/build/turtlebot3_simulations': AMENT_PREFIX_PATH=/home/robotica/proyectoRoboentrega/ProyectoRobotica_RoboEntrega/robot/install/turtlebot3_gazebo:/home/robotica/proyectoRoboentrega/ProyectoRobotica_RoboEntrega/robot/install/turtlebot3_fake_node:${AMENT_PREFIX_PATH} CMAKE_PREFIX_PATH=/home/robotica/proyectoRoboentrega/ProyectoRobotica_RoboEntrega/robot/install/turtlebot3_gazebo:/home/robotica/proyectoRoboentrega/ProyectoRobotica_RoboEntrega/robot/install/turtlebot3_fake_node:/home/robotica/turtlebot3_ws/install/turtlebot3_simulations:/home/robotica/turtlebot3_ws/install/my_world:/home/robotica/turtlebot3_ws/install/turtlebot3_gazebo:/home/robotica/turtlebot3_ws/install/turtlebot3_fake_node:/home/robotica/turtlebot3_ws/install/custom_interface:/home/robotica/turtlebot3_ws/install/testeo1:/home/robotica/turtlebot3_ws/install/show_msg:/home/robotica/turtlebot3_ws/install/my_first_subscriber:/home/robotica/turtlebot3_ws/install/my_first_service:/home/robotica/turtlebot3_ws/install/my_first_publisher:/opt/ros/galactic /usr/bin/cmake /home/robotica/proyectoRoboentrega/ProyectoRobotica_RoboEntrega/robot/src/turtlebot3_simulations/turtlebot3_simulations -DAMENT_CMAKE_SYMLINK_INSTALL=1 -DCMAKE_INSTALL_PREFIX=/home/robotica/proyectoRoboentrega/ProyectoRobotica_RoboEntrega/robot/install/turtlebot3_simulations
[137.100s] DEBUG:colcon.colcon_core.event_handler.log_command:Invoked command in '/home/robotica/proyectoRoboentrega/ProyectoRobotica_RoboEntrega/robot/build/turtlebot3_simulations' returned '0': AMENT_PREFIX_PATH=/home/robotica/proyectoRoboentrega/ProyectoRobotica_RoboEntrega/robot/install/turtlebot3_gazebo:/home/robotica/proyectoRoboentrega/ProyectoRobotica_RoboEntrega/robot/install/turtlebot3_fake_node:${AMENT_PREFIX_PATH} CMAKE_PREFIX_PATH=/home/robotica/proyectoRoboentrega/ProyectoRobotica_RoboEntrega/robot/install/turtlebot3_gazebo:/home/robotica/proyectoRoboentrega/ProyectoRobotica_RoboEntrega/robot/install/turtlebot3_fake_node:/home/robotica/turtlebot3_ws/install/turtlebot3_simulations:/home/robotica/turtlebot3_ws/install/my_world:/home/robotica/turtlebot3_ws/install/turtlebot3_gazebo:/home/robotica/turtlebot3_ws/install/turtlebot3_fake_node:/home/robotica/turtlebot3_ws/install/custom_interface:/home/robotica/turtlebot3_ws/install/testeo1:/home/robotica/turtlebot3_ws/install/show_msg:/home/robotica/turtlebot3_ws/install/my_first_subscriber:/home/robotica/turtlebot3_ws/install/my_first_service:/home/robotica/turtlebot3_ws/install/my_first_publisher:/opt/ros/galactic /usr/bin/cmake /home/robotica/proyectoRoboentrega/ProyectoRobotica_RoboEntrega/robot/src/turtlebot3_simulations/turtlebot3_simulations -DAMENT_CMAKE_SYMLINK_INSTALL=1 -DCMAKE_INSTALL_PREFIX=/home/robotica/proyectoRoboentrega/ProyectoRobotica_RoboEntrega/robot/install/turtlebot3_simulations
[137.109s] DEBUG:colcon.colcon_core.event_handler.log_command:Invoking command in '/home/robotica/proyectoRoboentrega/ProyectoRobotica_RoboEntrega/robot/build/turtlebot3_simulations': AMENT_PREFIX_PATH=/home/robotica/proyectoRoboentrega/ProyectoRobotica_RoboEntrega/robot/install/turtlebot3_gazebo:/home/robotica/proyectoRoboentrega/ProyectoRobotica_RoboEntrega/robot/install/turtlebot3_fake_node:${AMENT_PREFIX_PATH} CMAKE_PREFIX_PATH=/home/robotica/proyectoRoboentrega/ProyectoRobotica_RoboEntrega/robot/install/turtlebot3_gazebo:/home/robotica/proyectoRoboentrega/ProyectoRobotica_RoboEntrega/robot/install/turtlebot3_fake_node:/home/robotica/turtlebot3_ws/install/turtlebot3_simulations:/home/robotica/turtlebot3_ws/install/my_world:/home/robotica/turtlebot3_ws/install/turtlebot3_gazebo:/home/robotica/turtlebot3_ws/install/turtlebot3_fake_node:/home/robotica/turtlebot3_ws/install/custom_interface:/home/robotica/turtlebot3_ws/install/testeo1:/home/robotica/turtlebot3_ws/install/show_msg:/home/robotica/turtlebot3_ws/install/my_first_subscriber:/home/robotica/turtlebot3_ws/install/my_first_service:/home/robotica/turtlebot3_ws/install/my_first_publisher:/opt/ros/galactic /usr/bin/cmake --build /home/robotica/proyectoRoboentrega/ProyectoRobotica_RoboEntrega/robot/build/turtlebot3_simulations -- -j2 -l2
[137.258s] DEBUG:colcon.colcon_core.event_handler.log_command:Invoked command in '/home/robotica/proyectoRoboentrega/ProyectoRobotica_RoboEntrega/robot/build/turtlebot3_simulations' returned '0': AMENT_PREFIX_PATH=/home/robotica/proyectoRoboentrega/ProyectoRobotica_RoboEntrega/robot/install/turtlebot3_gazebo:/home/robotica/proyectoRoboentrega/ProyectoRobotica_RoboEntrega/robot/install/turtlebot3_fake_node:${AMENT_PREFIX_PATH} CMAKE_PREFIX_PATH=/home/robotica/proyectoRoboentrega/ProyectoRobotica_RoboEntrega/robot/install/turtlebot3_gazebo:/home/robotica/proyectoRoboentrega/ProyectoRobotica_RoboEntrega/robot/install/turtlebot3_fake_node:/home/robotica/turtlebot3_ws/install/turtlebot3_simulations:/home/robotica/turtlebot3_ws/install/my_world:/home/robotica/turtlebot3_ws/install/turtlebot3_gazebo:/home/robotica/turtlebot3_ws/install/turtlebot3_fake_node:/home/robotica/turtlebot3_ws/install/custom_interface:/home/robotica/turtlebot3_ws/install/testeo1:/home/robotica/turtlebot3_ws/install/show_msg:/home/robotica/turtlebot3_ws/install/my_first_subscriber:/home/robotica/turtlebot3_ws/install/my_first_service:/home/robotica/turtlebot3_ws/install/my_first_publisher:/opt/ros/galactic /usr/bin/cmake --build /home/robotica/proyectoRoboentrega/ProyectoRobotica_RoboEntrega/robot/build/turtlebot3_simulations -- -j2 -l2
[137.270s] DEBUG:colcon.colcon_core.event_handler.log_command:Invoking command in '/home/robotica/proyectoRoboentrega/ProyectoRobotica_RoboEntrega/robot/build/turtlebot3_simulations': AMENT_PREFIX_PATH=/home/robotica/proyectoRoboentrega/ProyectoRobotica_RoboEntrega/robot/install/turtlebot3_gazebo:/home/robotica/proyectoRoboentrega/ProyectoRobotica_RoboEntrega/robot/install/turtlebot3_fake_node:${AMENT_PREFIX_PATH} CMAKE_PREFIX_PATH=/home/robotica/proyectoRoboentrega/ProyectoRobotica_RoboEntrega/robot/install/turtlebot3_gazebo:/home/robotica/proyectoRoboentrega/ProyectoRobotica_RoboEntrega/robot/install/turtlebot3_fake_node:/home/robotica/turtlebot3_ws/install/turtlebot3_simulations:/home/robotica/turtlebot3_ws/install/my_world:/home/robotica/turtlebot3_ws/install/turtlebot3_gazebo:/home/robotica/turtlebot3_ws/install/turtlebot3_fake_node:/home/robotica/turtlebot3_ws/install/custom_interface:/home/robotica/turtlebot3_ws/install/testeo1:/home/robotica/turtlebot3_ws/install/show_msg:/home/robotica/turtlebot3_ws/install/my_first_subscriber:/home/robotica/turtlebot3_ws/install/my_first_service:/home/robotica/turtlebot3_ws/install/my_first_publisher:/opt/ros/galactic /usr/bin/cmake --install /home/robotica/proyectoRoboentrega/ProyectoRobotica_RoboEntrega/robot/build/turtlebot3_simulations
[137.845s] Level 1:colcon.colcon_core.environment:create_environment_scripts_only(turtlebot3_simulations)
[137.847s] Level 1:colcon.colcon_core.environment:checking '/home/robotica/proyectoRoboentrega/ProyectoRobotica_RoboEntrega/robot/install/turtlebot3_simulations' for CMake module files
[137.849s] DEBUG:colcon.colcon_core.event_handler.log_command:Invoked command in '/home/robotica/proyectoRoboentrega/ProyectoRobotica_RoboEntrega/robot/build/turtlebot3_simulations' returned '0': AMENT_PREFIX_PATH=/home/robotica/proyectoRoboentrega/ProyectoRobotica_RoboEntrega/robot/install/turtlebot3_gazebo:/home/robotica/proyectoRoboentrega/ProyectoRobotica_RoboEntrega/robot/install/turtlebot3_fake_node:${AMENT_PREFIX_PATH} CMAKE_PREFIX_PATH=/home/robotica/proyectoRoboentrega/ProyectoRobotica_RoboEntrega/robot/install/turtlebot3_gazebo:/home/robotica/proyectoRoboentrega/ProyectoRobotica_RoboEntrega/robot/install/turtlebot3_fake_node:/home/robotica/turtlebot3_ws/install/turtlebot3_simulations:/home/robotica/turtlebot3_ws/install/my_world:/home/robotica/turtlebot3_ws/install/turtlebot3_gazebo:/home/robotica/turtlebot3_ws/install/turtlebot3_fake_node:/home/robotica/turtlebot3_ws/install/custom_interface:/home/robotica/turtlebot3_ws/install/testeo1:/home/robotica/turtlebot3_ws/install/show_msg:/home/robotica/turtlebot3_ws/install/my_first_subscriber:/home/robotica/turtlebot3_ws/install/my_first_service:/home/robotica/turtlebot3_ws/install/my_first_publisher:/opt/ros/galactic /usr/bin/cmake --install /home/robotica/proyectoRoboentrega/ProyectoRobotica_RoboEntrega/robot/build/turtlebot3_simulations
[137.851s] Level 1:colcon.colcon_core.environment:checking '/home/robotica/proyectoRoboentrega/ProyectoRobotica_RoboEntrega/robot/install/turtlebot3_simulations' for CMake config files
[137.852s] Level 1:colcon.colcon_core.shell:create_environment_hook('turtlebot3_simulations', 'cmake_prefix_path')
[137.854s] INFO:colcon.colcon_core.shell:Creating environment hook '/home/robotica/proyectoRoboentrega/ProyectoRobotica_RoboEntrega/robot/install/turtlebot3_simulations/share/turtlebot3_simulations/hook/cmake_prefix_path.ps1'
[137.856s] INFO:colcon.colcon_core.shell:Creating environment descriptor '/home/robotica/proyectoRoboentrega/ProyectoRobotica_RoboEntrega/robot/install/turtlebot3_simulations/share/turtlebot3_simulations/hook/cmake_prefix_path.dsv'
[137.857s] INFO:colcon.colcon_core.shell:Creating environment hook '/home/robotica/proyectoRoboentrega/ProyectoRobotica_RoboEntrega/robot/install/turtlebot3_simulations/share/turtlebot3_simulations/hook/cmake_prefix_path.sh'
[137.859s] Level 1:colcon.colcon_core.environment:checking '/home/robotica/proyectoRoboentrega/ProyectoRobotica_RoboEntrega/robot/install/turtlebot3_simulations/bin'
[137.859s] Level 1:colcon.colcon_core.environment:checking '/home/robotica/proyectoRoboentrega/ProyectoRobotica_RoboEntrega/robot/install/turtlebot3_simulations/lib/pkgconfig/turtlebot3_simulations.pc'
[137.860s] Level 1:colcon.colcon_core.environment:checking '/home/robotica/proyectoRoboentrega/ProyectoRobotica_RoboEntrega/robot/install/turtlebot3_simulations/lib/python3.8/site-packages'
[137.861s] Level 1:colcon.colcon_core.environment:checking '/home/robotica/proyectoRoboentrega/ProyectoRobotica_RoboEntrega/robot/install/turtlebot3_simulations/bin'
[137.863s] INFO:colcon.colcon_core.shell:Creating package script '/home/robotica/proyectoRoboentrega/ProyectoRobotica_RoboEntrega/robot/install/turtlebot3_simulations/share/turtlebot3_simulations/package.ps1'
[137.865s] INFO:colcon.colcon_core.shell:Creating package descriptor '/home/robotica/proyectoRoboentrega/ProyectoRobotica_RoboEntrega/robot/install/turtlebot3_simulations/share/turtlebot3_simulations/package.dsv'
[137.868s] INFO:colcon.colcon_core.shell:Creating package script '/home/robotica/proyectoRoboentrega/ProyectoRobotica_RoboEntrega/robot/install/turtlebot3_simulations/share/turtlebot3_simulations/package.sh'
[137.869s] INFO:colcon.colcon_core.shell:Creating package script '/home/robotica/proyectoRoboentrega/ProyectoRobotica_RoboEntrega/robot/install/turtlebot3_simulations/share/turtlebot3_simulations/package.bash'
[137.871s] INFO:colcon.colcon_core.shell:Creating package script '/home/robotica/proyectoRoboentrega/ProyectoRobotica_RoboEntrega/robot/install/turtlebot3_simulations/share/turtlebot3_simulations/package.zsh'
[137.872s] Level 1:colcon.colcon_core.environment:create_file_with_runtime_dependencies(/home/robotica/proyectoRoboentrega/ProyectoRobotica_RoboEntrega/robot/install/turtlebot3_simulations/share/colcon-core/packages/turtlebot3_simulations)
[137.876s] Level 1:colcon.colcon_core.environment:create_environment_scripts_only(turtlebot3_simulations)
[137.878s] Level 1:colcon.colcon_core.environment:checking '/home/robotica/proyectoRoboentrega/ProyectoRobotica_RoboEntrega/robot/install/turtlebot3_simulations' for CMake module files
[137.880s] Level 1:colcon.colcon_core.environment:checking '/home/robotica/proyectoRoboentrega/ProyectoRobotica_RoboEntrega/robot/install/turtlebot3_simulations' for CMake config files
[137.881s] Level 1:colcon.colcon_core.shell:create_environment_hook('turtlebot3_simulations', 'cmake_prefix_path')
[137.883s] INFO:colcon.colcon_core.shell:Creating environment hook '/home/robotica/proyectoRoboentrega/ProyectoRobotica_RoboEntrega/robot/install/turtlebot3_simulations/share/turtlebot3_simulations/hook/cmake_prefix_path.ps1'
[137.885s] INFO:colcon.colcon_core.shell:Creating environment descriptor '/home/robotica/proyectoRoboentrega/ProyectoRobotica_RoboEntrega/robot/install/turtlebot3_simulations/share/turtlebot3_simulations/hook/cmake_prefix_path.dsv'
[137.888s] INFO:colcon.colcon_core.shell:Creating environment hook '/home/robotica/proyectoRoboentrega/ProyectoRobotica_RoboEntrega/robot/install/turtlebot3_simulations/share/turtlebot3_simulations/hook/cmake_prefix_path.sh'
[137.890s] Level 1:colcon.colcon_core.environment:checking '/home/robotica/proyectoRoboentrega/ProyectoRobotica_RoboEntrega/robot/install/turtlebot3_simulations/bin'
[137.891s] Level 1:colcon.colcon_core.environment:checking '/home/robotica/proyectoRoboentrega/ProyectoRobotica_RoboEntrega/robot/install/turtlebot3_simulations/lib/pkgconfig/turtlebot3_simulations.pc'
[137.892s] Level 1:colcon.colcon_core.environment:checking '/home/robotica/proyectoRoboentrega/ProyectoRobotica_RoboEntrega/robot/install/turtlebot3_simulations/lib/python3.8/site-packages'
[137.893s] Level 1:colcon.colcon_core.environment:checking '/home/robotica/proyectoRoboentrega/ProyectoRobotica_RoboEntrega/robot/install/turtlebot3_simulations/bin'
[137.895s] INFO:colcon.colcon_core.shell:Creating package script '/home/robotica/proyectoRoboentrega/ProyectoRobotica_RoboEntrega/robot/install/turtlebot3_simulations/share/turtlebot3_simulations/package.ps1'
[137.897s] INFO:colcon.colcon_core.shell:Creating package descriptor '/home/robotica/proyectoRoboentrega/ProyectoRobotica_RoboEntrega/robot/install/turtlebot3_simulations/share/turtlebot3_simulations/package.dsv'
[137.900s] INFO:colcon.colcon_core.shell:Creating package script '/home/robotica/proyectoRoboentrega/ProyectoRobotica_RoboEntrega/robot/install/turtlebot3_simulations/share/turtlebot3_simulations/package.sh'
[137.902s] INFO:colcon.colcon_core.shell:Creating package script '/home/robotica/proyectoRoboentrega/ProyectoRobotica_RoboEntrega/robot/install/turtlebot3_simulations/share/turtlebot3_simulations/package.bash'
[137.906s] INFO:colcon.colcon_core.shell:Creating package script '/home/robotica/proyectoRoboentrega/ProyectoRobotica_RoboEntrega/robot/install/turtlebot3_simulations/share/turtlebot3_simulations/package.zsh'
[137.908s] Level 1:colcon.colcon_core.environment:create_file_with_runtime_dependencies(/home/robotica/proyectoRoboentrega/ProyectoRobotica_RoboEntrega/robot/install/turtlebot3_simulations/share/colcon-core/packages/turtlebot3_simulations)
[137.909s] DEBUG:colcon.colcon_parallel_executor.executor.parallel:closing loop
[137.910s] DEBUG:colcon.colcon_parallel_executor.executor.parallel:loop closed
[137.910s] DEBUG:colcon.colcon_parallel_executor.executor.parallel:run_until_complete finished with '0'
[137.910s] DEBUG:colcon.colcon_core.event_reactor:joining thread
[137.973s] INFO:colcon.colcon_core.plugin_system:Skipping extension 'colcon_notification.desktop_notification.terminal_notifier': Not used on non-Darwin systems
[137.973s] INFO:colcon.colcon_core.plugin_system:Skipping extension 'colcon_notification.desktop_notification.win32': Not used on non-Windows systems
[137.973s] INFO:colcon.colcon_notification.desktop_notification:Sending desktop notification using 'notify2'
[138.108s] DEBUG:colcon.colcon_core.event_reactor:joined thread
[138.109s] INFO:colcon.colcon_core.shell:Creating prefix script '/home/robotica/proyectoRoboentrega/ProyectoRobotica_RoboEntrega/robot/install/local_setup.ps1'
[138.114s] INFO:colcon.colcon_core.shell:Creating prefix util module '/home/robotica/proyectoRoboentrega/ProyectoRobotica_RoboEntrega/robot/install/_local_setup_util_ps1.py'
[138.121s] INFO:colcon.colcon_core.shell:Creating prefix chain script '/home/robotica/proyectoRoboentrega/ProyectoRobotica_RoboEntrega/robot/install/setup.ps1'
[138.137s] INFO:colcon.colcon_core.shell:Creating prefix script '/home/robotica/proyectoRoboentrega/ProyectoRobotica_RoboEntrega/robot/install/local_setup.sh'
[138.140s] INFO:colcon.colcon_core.shell:Creating prefix util module '/home/robotica/proyectoRoboentrega/ProyectoRobotica_RoboEntrega/robot/install/_local_setup_util_sh.py'
[138.142s] INFO:colcon.colcon_core.shell:Creating prefix chain script '/home/robotica/proyectoRoboentrega/ProyectoRobotica_RoboEntrega/robot/install/setup.sh'
[138.150s] INFO:colcon.colcon_core.shell:Creating prefix script '/home/robotica/proyectoRoboentrega/ProyectoRobotica_RoboEntrega/robot/install/local_setup.bash'
[138.153s] INFO:colcon.colcon_core.shell:Creating prefix chain script '/home/robotica/proyectoRoboentrega/ProyectoRobotica_RoboEntrega/robot/install/setup.bash'
[138.158s] INFO:colcon.colcon_core.shell:Creating prefix script '/home/robotica/proyectoRoboentrega/ProyectoRobotica_RoboEntrega/robot/install/local_setup.zsh'
[138.163s] INFO:colcon.colcon_core.shell:Creating prefix chain script '/home/robotica/proyectoRoboentrega/ProyectoRobotica_RoboEntrega/robot/install/setup.zsh'
