[0.403s] Invoking command in '/home/haoxu/Git/ProyectoRobotica_RoboEntrega/robot/src/provide_map': PYTHONPATH=/home/haoxu/Git/ProyectoRobotica_RoboEntrega/robot/build/provide_map/prefix_override:/usr/lib/python3/dist-packages/colcon_core/task/python/colcon_distutils_commands:/home/haoxu/Git/ProyectoRobotica_RoboEntrega/robot/install/provide_map/lib/python3.8/site-packages:${PYTHONPATH} /usr/bin/python3 -W ignore:setup.py install is deprecated -W ignore:easy_install command is deprecated setup.py egg_info --egg-base ../../build/provide_map build --build-base /home/haoxu/Git/ProyectoRobotica_RoboEntrega/robot/build/provide_map/build install --record /home/haoxu/Git/ProyectoRobotica_RoboEntrega/robot/build/provide_map/install.log --single-version-externally-managed install_data
[0.529s] running egg_info
[0.530s] writing ../../build/provide_map/provide_map.egg-info/PKG-INFO
[0.531s] writing dependency_links to ../../build/provide_map/provide_map.egg-info/dependency_links.txt
[0.531s] writing entry points to ../../build/provide_map/provide_map.egg-info/entry_points.txt
[0.531s] writing requirements to ../../build/provide_map/provide_map.egg-info/requires.txt
[0.531s] writing top-level names to ../../build/provide_map/provide_map.egg-info/top_level.txt
[0.551s] reading manifest file '../../build/provide_map/provide_map.egg-info/SOURCES.txt'
[0.551s] writing manifest file '../../build/provide_map/provide_map.egg-info/SOURCES.txt'
[0.552s] running build
[0.552s] running build_py
[0.552s] running install
[0.553s] running install_lib
[0.554s] running install_data
[0.554s] copying map/my_map.yaml -> /home/haoxu/Git/ProyectoRobotica_RoboEntrega/robot/install/provide_map/share/provide_map/map
[0.554s] running install_egg_info
[0.556s] removing '/home/haoxu/Git/ProyectoRobotica_RoboEntrega/robot/install/provide_map/lib/python3.8/site-packages/provide_map-0.0.0-py3.8.egg-info' (and everything under it)
[0.556s] Copying ../../build/provide_map/provide_map.egg-info to /home/haoxu/Git/ProyectoRobotica_RoboEntrega/robot/install/provide_map/lib/python3.8/site-packages/provide_map-0.0.0-py3.8.egg-info
[0.557s] running install_scripts
[0.568s] writing list of installed files to '/home/haoxu/Git/ProyectoRobotica_RoboEntrega/robot/build/provide_map/install.log'
[0.582s] Invoked command in '/home/haoxu/Git/ProyectoRobotica_RoboEntrega/robot/src/provide_map' returned '0': PYTHONPATH=/home/haoxu/Git/ProyectoRobotica_RoboEntrega/robot/build/provide_map/prefix_override:/usr/lib/python3/dist-packages/colcon_core/task/python/colcon_distutils_commands:/home/haoxu/Git/ProyectoRobotica_RoboEntrega/robot/install/provide_map/lib/python3.8/site-packages:${PYTHONPATH} /usr/bin/python3 -W ignore:setup.py install is deprecated -W ignore:easy_install command is deprecated setup.py egg_info --egg-base ../../build/provide_map build --build-base /home/haoxu/Git/ProyectoRobotica_RoboEntrega/robot/build/provide_map/build install --record /home/haoxu/Git/ProyectoRobotica_RoboEntrega/robot/build/provide_map/install.log --single-version-externally-managed install_data
