[0.401s] Invoking command in '/home/haoxu/Git/ProyectoRobotica_RoboEntrega/robot/build/provide_map': PYTHONPATH=/home/haoxu/Git/ProyectoRobotica_RoboEntrega/robot/build/provide_map/prefix_override:/usr/lib/python3/dist-packages/colcon_core/task/python/colcon_distutils_commands:/home/haoxu/Git/ProyectoRobotica_RoboEntrega/robot/install/provide_map/lib/python3.8/site-packages:${PYTHONPATH} /usr/bin/python3 -W ignore:setup.py install is deprecated -W ignore:easy_install command is deprecated setup.py develop --editable --build-directory /home/haoxu/Git/ProyectoRobotica_RoboEntrega/robot/build/provide_map/build --no-deps symlink_data --force
[0.545s] running develop
[0.623s] running egg_info
[0.623s] writing provide_map.egg-info/PKG-INFO
[0.624s] writing dependency_links to provide_map.egg-info/dependency_links.txt
[0.624s] writing entry points to provide_map.egg-info/entry_points.txt
[0.624s] writing requirements to provide_map.egg-info/requires.txt
[0.625s] writing top-level names to provide_map.egg-info/top_level.txt
[0.644s] reading manifest file 'provide_map.egg-info/SOURCES.txt'
[0.645s] writing manifest file 'provide_map.egg-info/SOURCES.txt'
[0.663s] running build_ext
[0.666s] Creating /home/haoxu/Git/ProyectoRobotica_RoboEntrega/robot/install/provide_map/lib/python3.8/site-packages/site.py
[0.667s] Creating /home/haoxu/Git/ProyectoRobotica_RoboEntrega/robot/install/provide_map/lib/python3.8/site-packages/provide-map.egg-link (link to .)
[0.668s] 
[0.668s] Installed /home/haoxu/Git/ProyectoRobotica_RoboEntrega/robot/build/provide_map
[0.668s] running symlink_data
[0.668s] symbolically linking /home/haoxu/Git/ProyectoRobotica_RoboEntrega/robot/build/provide_map/resource/provide_map -> /home/haoxu/Git/ProyectoRobotica_RoboEntrega/robot/install/provide_map/share/ament_index/resource_index/packages
[0.668s] symbolically linking /home/haoxu/Git/ProyectoRobotica_RoboEntrega/robot/build/provide_map/package.xml -> /home/haoxu/Git/ProyectoRobotica_RoboEntrega/robot/install/provide_map/share/provide_map
[0.668s] error: [Errno 2] No such file or directory: '/home/haoxu/Git/ProyectoRobotica_RoboEntrega/robot/install/provide_map/share/provide_map/map/my_map.pgm'
[0.686s] Invoked command in '/home/haoxu/Git/ProyectoRobotica_RoboEntrega/robot/build/provide_map' returned '1': PYTHONPATH=/home/haoxu/Git/ProyectoRobotica_RoboEntrega/robot/build/provide_map/prefix_override:/usr/lib/python3/dist-packages/colcon_core/task/python/colcon_distutils_commands:/home/haoxu/Git/ProyectoRobotica_RoboEntrega/robot/install/provide_map/lib/python3.8/site-packages:${PYTHONPATH} /usr/bin/python3 -W ignore:setup.py install is deprecated -W ignore:easy_install command is deprecated setup.py develop --editable --build-directory /home/haoxu/Git/ProyectoRobotica_RoboEntrega/robot/build/provide_map/build --no-deps symlink_data --force
