[0.398s] Invoking command in '/home/haoxu/Git/ProyectoRobotica_RoboEntrega/robot/src/slam': PS1=(rosenv) \[\e]0;\u@\h: \w\a\]${debian_chroot:+($debian_chroot)}\[\033[01;32m\]\u@\h\[\033[00m\]:\[\033[01;34m\]\w\[\033[00m\]\$ PYTHONPATH=/home/haoxu/Git/ProyectoRobotica_RoboEntrega/robot/build/slam/prefix_override:/usr/lib/python3/dist-packages/colcon_core/task/python/colcon_distutils_commands:/home/haoxu/Git/ProyectoRobotica_RoboEntrega/robot/install/slam/lib/python3.8/site-packages:${PYTHONPATH} /usr/bin/python3 -W ignore:setup.py install is deprecated -W ignore:easy_install command is deprecated setup.py egg_info --egg-base ../../build/slam build --build-base /home/haoxu/Git/ProyectoRobotica_RoboEntrega/robot/build/slam/build install --record /home/haoxu/Git/ProyectoRobotica_RoboEntrega/robot/build/slam/install.log --single-version-externally-managed install_data
[0.523s] running egg_info
[0.523s] writing ../../build/slam/slam.egg-info/PKG-INFO
[0.523s] writing dependency_links to ../../build/slam/slam.egg-info/dependency_links.txt
[0.523s] writing entry points to ../../build/slam/slam.egg-info/entry_points.txt
[0.524s] writing requirements to ../../build/slam/slam.egg-info/requires.txt
[0.524s] writing top-level names to ../../build/slam/slam.egg-info/top_level.txt
[0.543s] reading manifest file '../../build/slam/slam.egg-info/SOURCES.txt'
[0.545s] writing manifest file '../../build/slam/slam.egg-info/SOURCES.txt'
[0.545s] running build
[0.545s] running build_py
[0.545s] running install
[0.545s] running install_lib
[0.546s] running install_data
[0.546s] running install_egg_info
[0.548s] removing '/home/haoxu/Git/ProyectoRobotica_RoboEntrega/robot/install/slam/lib/python3.8/site-packages/slam-0.0.0-py3.8.egg-info' (and everything under it)
[0.548s] Copying ../../build/slam/slam.egg-info to /home/haoxu/Git/ProyectoRobotica_RoboEntrega/robot/install/slam/lib/python3.8/site-packages/slam-0.0.0-py3.8.egg-info
[0.548s] running install_scripts
[0.559s] writing list of installed files to '/home/haoxu/Git/ProyectoRobotica_RoboEntrega/robot/build/slam/install.log'
[0.572s] Invoked command in '/home/haoxu/Git/ProyectoRobotica_RoboEntrega/robot/src/slam' returned '0': PS1=(rosenv) \[\e]0;\u@\h: \w\a\]${debian_chroot:+($debian_chroot)}\[\033[01;32m\]\u@\h\[\033[00m\]:\[\033[01;34m\]\w\[\033[00m\]\$ PYTHONPATH=/home/haoxu/Git/ProyectoRobotica_RoboEntrega/robot/build/slam/prefix_override:/usr/lib/python3/dist-packages/colcon_core/task/python/colcon_distutils_commands:/home/haoxu/Git/ProyectoRobotica_RoboEntrega/robot/install/slam/lib/python3.8/site-packages:${PYTHONPATH} /usr/bin/python3 -W ignore:setup.py install is deprecated -W ignore:easy_install command is deprecated setup.py egg_info --egg-base ../../build/slam build --build-base /home/haoxu/Git/ProyectoRobotica_RoboEntrega/robot/build/slam/build install --record /home/haoxu/Git/ProyectoRobotica_RoboEntrega/robot/build/slam/install.log --single-version-externally-managed install_data
