[0.041s] Invoking command in '/home/haoxu/Git/ProyectoRobotica_RoboEntrega/robot/build/my_world': CMAKE_PREFIX_PATH=${CMAKE_PREFIX_PATH}:/home/haoxu/Git/ProyectoRobotica_RoboEntrega/robot/install/slam:/home/haoxu/Git/ProyectoRobotica_RoboEntrega/robot/install/provide_map:/home/haoxu/Git/ProyectoRobotica_RoboEntrega/robot/install/nav2_system:/opt/ros/galactic /usr/bin/cmake /home/haoxu/Git/ProyectoRobotica_RoboEntrega/robot/src/robo_entrega/my_world -DAMENT_CMAKE_SYMLINK_INSTALL=1 -DCMAKE_INSTALL_PREFIX=/home/haoxu/Git/ProyectoRobotica_RoboEntrega/robot/install/my_world
[0.330s] -- The C compiler identification is GNU 9.4.0
[0.330s] -- The CXX compiler identification is GNU 9.4.0
[0.330s] -- Check for working C compiler: /usr/bin/cc
[0.331s] -- Check for working C compiler: /usr/bin/cc -- works
[0.331s] -- Detecting C compiler ABI info
[0.331s] -- Detecting C compiler ABI info - done
[0.331s] -- Detecting C compile features
[0.331s] -- Detecting C compile features - done
[0.331s] -- Check for working CXX compiler: /usr/bin/c++
[0.332s] -- Check for working CXX compiler: /usr/bin/c++ -- works
[0.332s] -- Detecting CXX compiler ABI info
[0.368s] -- Detecting CXX compiler ABI info - done
[0.374s] -- Detecting CXX compile features
[0.375s] -- Detecting CXX compile features - done
[0.377s] -- Found ament_cmake: 1.1.6 (/opt/ros/galactic/share/ament_cmake/cmake)
[0.396s] -- Found PythonInterp: /usr/bin/python3 (found suitable version "3.8.10", minimum required is "3") 
[0.396s] -- Using PYTHON_EXECUTABLE: /usr/bin/python3
[0.435s] -- Override CMake install command with custom implementation using symlinks instead of copying resources
[0.455s] -- Found PkgConfig: /usr/bin/pkg-config (found version "0.29.1") 
[0.459s] -- Checking for module 'bullet>=2.82'
[0.472s] --   Found bullet, version 2.88
[0.572s] -- Found ccd: /usr/include (found suitable version "2.0", minimum required is "2.0") 
[0.633s] -- Found fcl: /usr/include (found suitable version "0.5.0", minimum required is "0.3.2") 
[0.681s] -- Found assimp: /usr/include (found version "5.0.0") 
[0.696s] -- Found DART: /usr/include (Required is at least version "6.6") found components: dart 
[0.954s] -- Found Boost: /usr/lib/x86_64-linux-gnu/cmake/Boost-1.71.0/BoostConfig.cmake (found suitable version "1.71.0", minimum required is "1.40.0") found components: thread system filesystem program_options regex iostreams date_time 
[0.981s] -- Found Protobuf: /usr/lib/x86_64-linux-gnu/libprotobuf.so;-lpthread (found version "3.6.1") 
[0.984s] -- Looking for ignition-math6 -- found version 6.15.1
[0.989s] -- Searching for dependencies of ignition-math6
[0.990s] -- Looking for OGRE...
[0.991s] -- OGRE_PREFIX_WATCH changed.
[0.995s] -- Checking for module 'OGRE'
[1.007s] --   Found OGRE, version 1.9.0
[1.047s] -- Found Ogre Ghadamon (1.9.0)
[1.053s] -- Found OGRE: optimized;/usr/lib/x86_64-linux-gnu/libOgreMain.so;debug;/usr/lib/x86_64-linux-gnu/libOgreMain.so
[1.059s] -- Looking for OGRE_Paging...
[1.065s] -- Found OGRE_Paging: optimized;/usr/lib/x86_64-linux-gnu/libOgrePaging.so;debug;/usr/lib/x86_64-linux-gnu/libOgrePaging.so
[1.066s] -- Looking for OGRE_Terrain...
[1.069s] -- Found OGRE_Terrain: optimized;/usr/lib/x86_64-linux-gnu/libOgreTerrain.so;debug;/usr/lib/x86_64-linux-gnu/libOgreTerrain.so
[1.069s] -- Looking for OGRE_Property...
[1.072s] -- Found OGRE_Property: optimized;/usr/lib/x86_64-linux-gnu/libOgreProperty.so;debug;/usr/lib/x86_64-linux-gnu/libOgreProperty.so
[1.072s] -- Looking for OGRE_RTShaderSystem...
[1.076s] -- Found OGRE_RTShaderSystem: optimized;/usr/lib/x86_64-linux-gnu/libOgreRTShaderSystem.so;debug;/usr/lib/x86_64-linux-gnu/libOgreRTShaderSystem.so
[1.076s] -- Looking for OGRE_Volume...
[1.079s] -- Found OGRE_Volume: optimized;/usr/lib/x86_64-linux-gnu/libOgreVolume.so;debug;/usr/lib/x86_64-linux-gnu/libOgreVolume.so
[1.079s] -- Looking for OGRE_Overlay...
[1.083s] -- Found OGRE_Overlay: optimized;/usr/lib/x86_64-linux-gnu/libOgreOverlay.so;debug;/usr/lib/x86_64-linux-gnu/libOgreOverlay.so
[1.156s] -- Looking for ignition-math6 -- found version 6.15.1
[1.158s] -- Looking for ignition-transport8 -- found version 8.3.0
[1.159s] -- Searching for dependencies of ignition-transport8
[1.171s] -- Found Protobuf: /usr/lib/x86_64-linux-gnu/libprotobuf.so;-lpthread (found suitable version "3.6.1", minimum required is "3") 
[1.178s] -- Config-file not installed for ZeroMQ -- checking for pkg-config
[1.182s] -- Checking for module 'libzmq >= 4'
[1.195s] --   Found libzmq , version 4.3.2
[1.225s] -- Found ZeroMQ: TRUE (Required is at least version "4") 
[1.229s] -- Checking for module 'uuid'
[1.240s] --   Found uuid, version 2.34.0
[1.269s] -- Found UUID: TRUE  
[1.270s] -- Looking for ignition-msgs5 -- found version 5.10.0
[1.270s] -- Searching for dependencies of ignition-msgs5
[1.283s] -- Looking for ignition-math6 -- found version 6.15.1
[1.287s] -- Checking for module 'tinyxml2'
[1.301s] --   Found tinyxml2, version 6.2.0
[1.331s] -- Looking for ignition-msgs5 -- found version 5.10.0
[1.332s] -- Looking for ignition-common3 -- found version 3.14.2
[1.334s] -- Searching for dependencies of ignition-common3
[1.334s] -- Looking for dlfcn.h - found
[1.335s] -- Looking for libdl - found
[1.336s] -- Found DL: TRUE  
[1.342s] -- Searching for <ignition-common3> component [graphics]
[1.344s] -- Looking for ignition-common3-graphics -- found version 3.14.2
[1.344s] -- Searching for dependencies of ignition-common3-graphics
[1.344s] -- Looking for ignition-math6 -- found version 6.15.1
[1.346s] -- Looking for ignition-fuel_tools4 -- found version 4.6.0
[1.346s] -- Searching for dependencies of ignition-fuel_tools4
[1.402s] -- Found CURL: /usr/lib/x86_64-linux-gnu/libcurl.so (found version "7.68.0")  
[1.408s] -- Checking for module 'jsoncpp'
[1.419s] --   Found jsoncpp, version 1.7.4
[1.448s] -- Found JSONCPP: TRUE  
[1.453s] -- Checking for module 'libzip'
[1.465s] --   Found libzip, version 1.5.1
[1.495s] -- Found ZIP: TRUE  
[1.496s] -- Looking for ignition-common3 -- found version 3.14.2
[1.496s] -- Looking for ignition-math6 -- found version 6.15.1
[1.498s] -- Looking for ignition-msgs5 -- found version 5.10.0
[1.499s] -- Found gazebo_ros_pkgs: 3.5.2 (/opt/ros/galactic/share/gazebo_ros_pkgs/cmake)
[1.500s] -- Found geometry_msgs: 2.2.4 (/opt/ros/galactic/share/geometry_msgs/cmake)
[1.519s] -- Using all available rosidl_typesupport_c: rosidl_typesupport_fastrtps_c;rosidl_typesupport_introspection_c
[1.523s] -- Found rosidl_adapter: 2.2.3 (/opt/ros/galactic/share/rosidl_adapter/cmake)
[1.582s] -- Found OpenSSL: /usr/lib/x86_64-linux-gnu/libcrypto.so (found version "1.1.1f")  
[1.601s] -- Found FastRTPS: /opt/ros/galactic/include  
[1.656s] -- Using all available rosidl_typesupport_cpp: rosidl_typesupport_fastrtps_cpp;rosidl_typesupport_introspection_cpp
[1.712s] -- Found nav_msgs: 2.2.4 (/opt/ros/galactic/share/nav_msgs/cmake)
[1.758s] -- Found rclcpp: 9.2.2 (/opt/ros/galactic/share/rclcpp/cmake)
[1.794s] -- Found rmw_implementation_cmake: 3.3.1 (/opt/ros/galactic/share/rmw_implementation_cmake/cmake)
[1.796s] -- Found rmw_cyclonedds_cpp: 0.22.6 (/opt/ros/galactic/share/rmw_cyclonedds_cpp/cmake)
[1.811s] -- Using RMW implementation 'rmw_cyclonedds_cpp' as default
[1.812s] -- Found Threads: TRUE  
[1.909s] -- Found sensor_msgs: 2.2.4 (/opt/ros/galactic/share/sensor_msgs/cmake)
[1.958s] -- Found tf2: 0.17.5 (/opt/ros/galactic/share/tf2/cmake)
[1.965s] -- Found turtlebot3_gazebo: 2.2.4 (/home/haoxu/turtlebot3_ws/install/turtlebot3_gazebo/share/turtlebot3_gazebo/cmake)
[2.036s] -- Configuring done
[2.042s] -- Generating done
[2.046s] -- Build files have been written to: /home/haoxu/Git/ProyectoRobotica_RoboEntrega/robot/build/my_world
[2.057s] Invoked command in '/home/haoxu/Git/ProyectoRobotica_RoboEntrega/robot/build/my_world' returned '0': CMAKE_PREFIX_PATH=${CMAKE_PREFIX_PATH}:/home/haoxu/Git/ProyectoRobotica_RoboEntrega/robot/install/slam:/home/haoxu/Git/ProyectoRobotica_RoboEntrega/robot/install/provide_map:/home/haoxu/Git/ProyectoRobotica_RoboEntrega/robot/install/nav2_system:/opt/ros/galactic /usr/bin/cmake /home/haoxu/Git/ProyectoRobotica_RoboEntrega/robot/src/robo_entrega/my_world -DAMENT_CMAKE_SYMLINK_INSTALL=1 -DCMAKE_INSTALL_PREFIX=/home/haoxu/Git/ProyectoRobotica_RoboEntrega/robot/install/my_world
[2.057s] Invoking command in '/home/haoxu/Git/ProyectoRobotica_RoboEntrega/robot/build/my_world': CMAKE_PREFIX_PATH=${CMAKE_PREFIX_PATH}:/home/haoxu/Git/ProyectoRobotica_RoboEntrega/robot/install/slam:/home/haoxu/Git/ProyectoRobotica_RoboEntrega/robot/install/provide_map:/home/haoxu/Git/ProyectoRobotica_RoboEntrega/robot/install/nav2_system:/opt/ros/galactic /usr/bin/cmake --build /home/haoxu/Git/ProyectoRobotica_RoboEntrega/robot/build/my_world -- -j10 -l10
[2.088s] [35m[1mScanning dependencies of target turtlebot3_drive[0m
[2.126s] [ 50%] [32mBuilding CXX object CMakeFiles/turtlebot3_drive.dir/src/turtlebot3_drive.cpp.o[0m
[8.123s] [100%] [32m[1mLinking CXX executable turtlebot3_drive[0m
[8.388s] [100%] Built target turtlebot3_drive
[8.396s] Invoked command in '/home/haoxu/Git/ProyectoRobotica_RoboEntrega/robot/build/my_world' returned '0': CMAKE_PREFIX_PATH=${CMAKE_PREFIX_PATH}:/home/haoxu/Git/ProyectoRobotica_RoboEntrega/robot/install/slam:/home/haoxu/Git/ProyectoRobotica_RoboEntrega/robot/install/provide_map:/home/haoxu/Git/ProyectoRobotica_RoboEntrega/robot/install/nav2_system:/opt/ros/galactic /usr/bin/cmake --build /home/haoxu/Git/ProyectoRobotica_RoboEntrega/robot/build/my_world -- -j10 -l10
[8.408s] Invoking command in '/home/haoxu/Git/ProyectoRobotica_RoboEntrega/robot/build/my_world': CMAKE_PREFIX_PATH=${CMAKE_PREFIX_PATH}:/home/haoxu/Git/ProyectoRobotica_RoboEntrega/robot/install/slam:/home/haoxu/Git/ProyectoRobotica_RoboEntrega/robot/install/provide_map:/home/haoxu/Git/ProyectoRobotica_RoboEntrega/robot/install/nav2_system:/opt/ros/galactic /usr/bin/cmake --install /home/haoxu/Git/ProyectoRobotica_RoboEntrega/robot/build/my_world
[8.413s] -- Install configuration: ""
[8.413s] -- Execute custom install script
[8.413s] -- Symlinking: /home/haoxu/Git/ProyectoRobotica_RoboEntrega/robot/install/my_world/lib/my_world/turtlebot3_drive
[8.421s] -- Symlinking: /home/haoxu/Git/ProyectoRobotica_RoboEntrega/robot/install/my_world/share/my_world//launch/turtlebot3_my_world.launch.py
[8.432s] -- Symlinking: /home/haoxu/Git/ProyectoRobotica_RoboEntrega/robot/install/my_world/share/my_world//models/.fr-0T31rz/my_world/models/apartment/materials/textures/apartment_diffuse.jpg
[8.439s] -- Symlinking: /home/haoxu/Git/ProyectoRobotica_RoboEntrega/robot/install/my_world/share/my_world//models/.fr-0T31rz/my_world/models/apartment/materials/textures/apartment_spec.jpg
[8.445s] -- Symlinking: /home/haoxu/Git/ProyectoRobotica_RoboEntrega/robot/install/my_world/share/my_world//models/.fr-0T31rz/my_world/models/apartment/meshes/apartment.dae
[8.451s] -- Symlinking: /home/haoxu/Git/ProyectoRobotica_RoboEntrega/robot/install/my_world/share/my_world//models/.fr-0T31rz/my_world/models/apartment/model.config
[8.457s] -- Symlinking: /home/haoxu/Git/ProyectoRobotica_RoboEntrega/robot/install/my_world/share/my_world//models/.fr-0T31rz/my_world/models/apartment/model.sdf
[8.464s] -- Symlinking: /home/haoxu/Git/ProyectoRobotica_RoboEntrega/robot/install/my_world/share/my_world//models/.fr-0T31rz/my_world/models/ball_bearing/model.config
[8.469s] -- Symlinking: /home/haoxu/Git/ProyectoRobotica_RoboEntrega/robot/install/my_world/share/my_world//models/.fr-0T31rz/my_world/models/ball_bearing/model.rsdf
[8.476s] -- Symlinking: /home/haoxu/Git/ProyectoRobotica_RoboEntrega/robot/install/my_world/share/my_world//models/.fr-0T31rz/my_world/models/ball_bearing/model.sdf
[8.482s] -- Symlinking: /home/haoxu/Git/ProyectoRobotica_RoboEntrega/robot/install/my_world/share/my_world//models/.fr-0T31rz/my_world/models/bobeye/meshes/bobeye.dae
[8.488s] -- Symlinking: /home/haoxu/Git/ProyectoRobotica_RoboEntrega/robot/install/my_world/share/my_world//models/.fr-0T31rz/my_world/models/bobeye/meshes/bobeye.png
[8.495s] -- Symlinking: /home/haoxu/Git/ProyectoRobotica_RoboEntrega/robot/install/my_world/share/my_world//models/.fr-0T31rz/my_world/models/bobeye/meshes/bobeyev2.dae
[8.501s] -- Symlinking: /home/haoxu/Git/ProyectoRobotica_RoboEntrega/robot/install/my_world/share/my_world//models/.fr-0T31rz/my_world/models/bobeye/meshes/brown_eye.png
[8.507s] -- Symlinking: /home/haoxu/Git/ProyectoRobotica_RoboEntrega/robot/install/my_world/share/my_world//models/.fr-0T31rz/my_world/models/bobeye/meshes/eyebrow001.png
[8.513s] -- Symlinking: /home/haoxu/Git/ProyectoRobotica_RoboEntrega/robot/install/my_world/share/my_world//models/.fr-0T31rz/my_world/models/bobeye/meshes/male_casualsuit03_diffuse.png
[8.519s] -- Symlinking: /home/haoxu/Git/ProyectoRobotica_RoboEntrega/robot/install/my_world/share/my_world//models/.fr-0T31rz/my_world/models/bobeye/meshes/male_casualsuit03_normal.png
[8.525s] -- Symlinking: /home/haoxu/Git/ProyectoRobotica_RoboEntrega/robot/install/my_world/share/my_world//models/.fr-0T31rz/my_world/models/bobeye/meshes/shoes03_diffuse.png
[8.531s] -- Symlinking: /home/haoxu/Git/ProyectoRobotica_RoboEntrega/robot/install/my_world/share/my_world//models/.fr-0T31rz/my_world/models/bobeye/meshes/teeth.png
[8.537s] -- Symlinking: /home/haoxu/Git/ProyectoRobotica_RoboEntrega/robot/install/my_world/share/my_world//models/.fr-0T31rz/my_world/models/bobeye/meshes/tongue01_diffuse.png
[8.543s] -- Symlinking: /home/haoxu/Git/ProyectoRobotica_RoboEntrega/robot/install/my_world/share/my_world//models/.fr-0T31rz/my_world/models/bobeye/meshes/young_darkskinned_male_diffuse.png
[8.549s] -- Symlinking: /home/haoxu/Git/ProyectoRobotica_RoboEntrega/robot/install/my_world/share/my_world//models/.fr-0T31rz/my_world/models/bobeye/model.config
[8.555s] -- Symlinking: /home/haoxu/Git/ProyectoRobotica_RoboEntrega/robot/install/my_world/share/my_world//models/.fr-0T31rz/my_world/models/bobeye/model.sdf
[8.561s] -- Symlinking: /home/haoxu/Git/ProyectoRobotica_RoboEntrega/robot/install/my_world/share/my_world//models/.fr-0T31rz/my_world/models/cafe/materials/textures/__auto_10.jpg
[8.568s] -- Symlinking: /home/haoxu/Git/ProyectoRobotica_RoboEntrega/robot/install/my_world/share/my_world//models/.fr-0T31rz/my_world/models/cafe/materials/textures/__auto_2.jpg
[8.574s] -- Symlinking: /home/haoxu/Git/ProyectoRobotica_RoboEntrega/robot/install/my_world/share/my_world//models/.fr-0T31rz/my_world/models/cafe/materials/textures/__auto_21.jpg
[8.580s] -- Symlinking: /home/haoxu/Git/ProyectoRobotica_RoboEntrega/robot/install/my_world/share/my_world//models/.fr-0T31rz/my_world/models/cafe/materials/textures/__auto_22.jpg
[8.585s] -- Symlinking: /home/haoxu/Git/ProyectoRobotica_RoboEntrega/robot/install/my_world/share/my_world//models/.fr-0T31rz/my_world/models/cafe/materials/textures/__auto_23.jpg
[8.591s] -- Symlinking: /home/haoxu/Git/ProyectoRobotica_RoboEntrega/robot/install/my_world/share/my_world//models/.fr-0T31rz/my_world/models/cafe/materials/textures/__auto_24.jpg
[8.597s] -- Symlinking: /home/haoxu/Git/ProyectoRobotica_RoboEntrega/robot/install/my_world/share/my_world//models/.fr-0T31rz/my_world/models/cafe/materials/textures/__auto_25.jpg
[8.603s] -- Symlinking: /home/haoxu/Git/ProyectoRobotica_RoboEntrega/robot/install/my_world/share/my_world//models/.fr-0T31rz/my_world/models/cafe/materials/textures/__auto_26.jpg
[8.609s] -- Symlinking: /home/haoxu/Git/ProyectoRobotica_RoboEntrega/robot/install/my_world/share/my_world//models/.fr-0T31rz/my_world/models/cafe/materials/textures/__auto_28.jpg
[8.615s] -- Symlinking: /home/haoxu/Git/ProyectoRobotica_RoboEntrega/robot/install/my_world/share/my_world//models/.fr-0T31rz/my_world/models/cafe/materials/textures/__auto_29.jpg
[8.622s] -- Symlinking: /home/haoxu/Git/ProyectoRobotica_RoboEntrega/robot/install/my_world/share/my_world//models/.fr-0T31rz/my_world/models/cafe/materials/textures/__auto_30.jpg
[8.628s] -- Symlinking: /home/haoxu/Git/ProyectoRobotica_RoboEntrega/robot/install/my_world/share/my_world//models/.fr-0T31rz/my_world/models/cafe/materials/textures/__auto_31.jpg
[8.633s] -- Symlinking: /home/haoxu/Git/ProyectoRobotica_RoboEntrega/robot/install/my_world/share/my_world//models/.fr-0T31rz/my_world/models/cafe/materials/textures/__auto_34.jpg
[8.640s] -- Symlinking: /home/haoxu/Git/ProyectoRobotica_RoboEntrega/robot/install/my_world/share/my_world//models/.fr-0T31rz/my_world/models/cafe/materials/textures/__auto_35.jpg
[8.647s] -- Symlinking: /home/haoxu/Git/ProyectoRobotica_RoboEntrega/robot/install/my_world/share/my_world//models/.fr-0T31rz/my_world/models/cafe/materials/textures/__auto_37.jpg
[8.653s] -- Symlinking: /home/haoxu/Git/ProyectoRobotica_RoboEntrega/robot/install/my_world/share/my_world//models/.fr-0T31rz/my_world/models/cafe/meshes/cafe.dae
[8.659s] -- Symlinking: /home/haoxu/Git/ProyectoRobotica_RoboEntrega/robot/install/my_world/share/my_world//models/.fr-0T31rz/my_world/models/cafe/model.config
[8.665s] -- Symlinking: /home/haoxu/Git/ProyectoRobotica_RoboEntrega/robot/install/my_world/share/my_world//models/.fr-0T31rz/my_world/models/cafe/model.sdf
[8.671s] -- Symlinking: /home/haoxu/Git/ProyectoRobotica_RoboEntrega/robot/install/my_world/share/my_world//models/.fr-0T31rz/my_world/models/cricket_ball/model.config
[8.677s] -- Symlinking: /home/haoxu/Git/ProyectoRobotica_RoboEntrega/robot/install/my_world/share/my_world//models/.fr-0T31rz/my_world/models/cricket_ball/model.rsdf
[8.683s] -- Symlinking: /home/haoxu/Git/ProyectoRobotica_RoboEntrega/robot/install/my_world/share/my_world//models/.fr-0T31rz/my_world/models/cricket_ball/model.sdf
[8.692s] -- Symlinking: /home/haoxu/Git/ProyectoRobotica_RoboEntrega/robot/install/my_world/share/my_world//models/.fr-0T31rz/my_world/models/doguinho/meshes/Doguinho_low_poly_doguinho_uv_BaseColor.png
[8.698s] -- Symlinking: /home/haoxu/Git/ProyectoRobotica_RoboEntrega/robot/install/my_world/share/my_world//models/.fr-0T31rz/my_world/models/doguinho/meshes/Doguinho_low_poly_doguinho_uv_Height.png
[8.704s] -- Symlinking: /home/haoxu/Git/ProyectoRobotica_RoboEntrega/robot/install/my_world/share/my_world//models/.fr-0T31rz/my_world/models/doguinho/meshes/Doguinho_low_poly_doguinho_uv_Metallic.png
[8.710s] -- Symlinking: /home/haoxu/Git/ProyectoRobotica_RoboEntrega/robot/install/my_world/share/my_world//models/.fr-0T31rz/my_world/models/doguinho/meshes/Doguinho_low_poly_doguinho_uv_Normal.png
[8.717s] -- Symlinking: /home/haoxu/Git/ProyectoRobotica_RoboEntrega/robot/install/my_world/share/my_world//models/.fr-0T31rz/my_world/models/doguinho/meshes/Doguinho_low_poly_doguinho_uv_Roughness.png
[8.723s] -- Symlinking: /home/haoxu/Git/ProyectoRobotica_RoboEntrega/robot/install/my_world/share/my_world//models/.fr-0T31rz/my_world/models/doguinho/meshes/doguinho.dae
[8.729s] -- Symlinking: /home/haoxu/Git/ProyectoRobotica_RoboEntrega/robot/install/my_world/share/my_world//models/.fr-0T31rz/my_world/models/doguinho/model.config
[8.736s] -- Symlinking: /home/haoxu/Git/ProyectoRobotica_RoboEntrega/robot/install/my_world/share/my_world//models/.fr-0T31rz/my_world/models/doguinho/model.sdf
[8.743s] -- Symlinking: /home/haoxu/Git/ProyectoRobotica_RoboEntrega/robot/install/my_world/share/my_world//models/.fr-0T31rz/my_world/models/drc_practice_ball_valve/materials/textures/Metal_Rough.png
[8.750s] -- Symlinking: /home/haoxu/Git/ProyectoRobotica_RoboEntrega/robot/install/my_world/share/my_world//models/.fr-0T31rz/my_world/models/drc_practice_ball_valve/meshes/attachment.dae
[8.756s] -- Symlinking: /home/haoxu/Git/ProyectoRobotica_RoboEntrega/robot/install/my_world/share/my_world//models/.fr-0T31rz/my_world/models/drc_practice_ball_valve/meshes/ball_valve.dae
[8.762s] -- Symlinking: /home/haoxu/Git/ProyectoRobotica_RoboEntrega/robot/install/my_world/share/my_world//models/.fr-0T31rz/my_world/models/drc_practice_ball_valve/model-1_4.sdf
[8.768s] -- Symlinking: /home/haoxu/Git/ProyectoRobotica_RoboEntrega/robot/install/my_world/share/my_world//models/.fr-0T31rz/my_world/models/drc_practice_ball_valve/model.config
[8.775s] -- Symlinking: /home/haoxu/Git/ProyectoRobotica_RoboEntrega/robot/install/my_world/share/my_world//models/.fr-0T31rz/my_world/models/drc_practice_ball_valve/model.sdf
[8.782s] -- Symlinking: /home/haoxu/Git/ProyectoRobotica_RoboEntrega/robot/install/my_world/share/my_world//models/.fr-0T31rz/my_world/models/gertrudiseye/meshes/braid01_diffuse.png
[8.788s] -- Symlinking: /home/haoxu/Git/ProyectoRobotica_RoboEntrega/robot/install/my_world/share/my_world//models/.fr-0T31rz/my_world/models/gertrudiseye/meshes/female_elegantsuit01_diffuse.png
[8.794s] -- Symlinking: /home/haoxu/Git/ProyectoRobotica_RoboEntrega/robot/install/my_world/share/my_world//models/.fr-0T31rz/my_world/models/gertrudiseye/meshes/female_elegantsuit01_normal.png
[8.800s] -- Symlinking: /home/haoxu/Git/ProyectoRobotica_RoboEntrega/robot/install/my_world/share/my_world//models/.fr-0T31rz/my_world/models/gertrudiseye/meshes/gertrudiseye.dae
[8.805s] -- Symlinking: /home/haoxu/Git/ProyectoRobotica_RoboEntrega/robot/install/my_world/share/my_world//models/.fr-0T31rz/my_world/models/gertrudiseye/meshes/gertrudiseye.png
[8.812s] -- Symlinking: /home/haoxu/Git/ProyectoRobotica_RoboEntrega/robot/install/my_world/share/my_world//models/.fr-0T31rz/my_world/models/gertrudiseye/meshes/gertrudiseyev2.dae
[8.818s] -- Symlinking: /home/haoxu/Git/ProyectoRobotica_RoboEntrega/robot/install/my_world/share/my_world//models/.fr-0T31rz/my_world/models/gertrudiseye/meshes/green_eye.png
[8.825s] -- Symlinking: /home/haoxu/Git/ProyectoRobotica_RoboEntrega/robot/install/my_world/share/my_world//models/.fr-0T31rz/my_world/models/gertrudiseye/meshes/old_lightskinned_female_diffuse.png
[8.831s] -- Symlinking: /home/haoxu/Git/ProyectoRobotica_RoboEntrega/robot/install/my_world/share/my_world//models/.fr-0T31rz/my_world/models/gertrudiseye/meshes/teeth.png
[8.837s] -- Symlinking: /home/haoxu/Git/ProyectoRobotica_RoboEntrega/robot/install/my_world/share/my_world//models/.fr-0T31rz/my_world/models/gertrudiseye/meshes/tongue01_diffuse.png
[8.844s] -- Symlinking: /home/haoxu/Git/ProyectoRobotica_RoboEntrega/robot/install/my_world/share/my_world//models/.fr-0T31rz/my_world/models/gertrudiseye/model.config
[8.850s] -- Symlinking: /home/haoxu/Git/ProyectoRobotica_RoboEntrega/robot/install/my_world/share/my_world//models/.fr-0T31rz/my_world/models/gertrudiseye/model.sdf
[8.856s] -- Symlinking: /home/haoxu/Git/ProyectoRobotica_RoboEntrega/robot/install/my_world/share/my_world//models/.fr-0T31rz/my_world/models/kitchen_dining/materials/textures/__auto_1.png
[8.862s] -- Symlinking: /home/haoxu/Git/ProyectoRobotica_RoboEntrega/robot/install/my_world/share/my_world//models/.fr-0T31rz/my_world/models/kitchen_dining/materials/textures/__auto_13.png
[8.868s] -- Symlinking: /home/haoxu/Git/ProyectoRobotica_RoboEntrega/robot/install/my_world/share/my_world//models/.fr-0T31rz/my_world/models/kitchen_dining/materials/textures/__auto_14.png
[8.874s] -- Symlinking: /home/haoxu/Git/ProyectoRobotica_RoboEntrega/robot/install/my_world/share/my_world//models/.fr-0T31rz/my_world/models/kitchen_dining/materials/textures/__auto_16.png
[8.881s] -- Symlinking: /home/haoxu/Git/ProyectoRobotica_RoboEntrega/robot/install/my_world/share/my_world//models/.fr-0T31rz/my_world/models/kitchen_dining/materials/textures/__auto_17.png
[8.887s] -- Symlinking: /home/haoxu/Git/ProyectoRobotica_RoboEntrega/robot/install/my_world/share/my_world//models/.fr-0T31rz/my_world/models/kitchen_dining/materials/textures/__auto_18.png
[8.893s] -- Symlinking: /home/haoxu/Git/ProyectoRobotica_RoboEntrega/robot/install/my_world/share/my_world//models/.fr-0T31rz/my_world/models/kitchen_dining/materials/textures/__auto_19.png
[8.898s] -- Symlinking: /home/haoxu/Git/ProyectoRobotica_RoboEntrega/robot/install/my_world/share/my_world//models/.fr-0T31rz/my_world/models/kitchen_dining/materials/textures/__auto_2.png
[8.904s] -- Symlinking: /home/haoxu/Git/ProyectoRobotica_RoboEntrega/robot/install/my_world/share/my_world//models/.fr-0T31rz/my_world/models/kitchen_dining/materials/textures/__auto_20.png
[8.910s] -- Symlinking: /home/haoxu/Git/ProyectoRobotica_RoboEntrega/robot/install/my_world/share/my_world//models/.fr-0T31rz/my_world/models/kitchen_dining/materials/textures/__auto_21.png
[8.917s] -- Symlinking: /home/haoxu/Git/ProyectoRobotica_RoboEntrega/robot/install/my_world/share/my_world//models/.fr-0T31rz/my_world/models/kitchen_dining/materials/textures/__auto_22.png
[8.923s] -- Symlinking: /home/haoxu/Git/ProyectoRobotica_RoboEntrega/robot/install/my_world/share/my_world//models/.fr-0T31rz/my_world/models/kitchen_dining/materials/textures/__auto_24.png
[8.929s] -- Symlinking: /home/haoxu/Git/ProyectoRobotica_RoboEntrega/robot/install/my_world/share/my_world//models/.fr-0T31rz/my_world/models/kitchen_dining/materials/textures/__auto_25.png
[8.934s] -- Symlinking: /home/haoxu/Git/ProyectoRobotica_RoboEntrega/robot/install/my_world/share/my_world//models/.fr-0T31rz/my_world/models/kitchen_dining/materials/textures/__auto_28.png
[8.941s] -- Symlinking: /home/haoxu/Git/ProyectoRobotica_RoboEntrega/robot/install/my_world/share/my_world//models/.fr-0T31rz/my_world/models/kitchen_dining/materials/textures/__auto_29.png
[8.947s] -- Symlinking: /home/haoxu/Git/ProyectoRobotica_RoboEntrega/robot/install/my_world/share/my_world//models/.fr-0T31rz/my_world/models/kitchen_dining/materials/textures/__auto_30.png
[8.953s] -- Symlinking: /home/haoxu/Git/ProyectoRobotica_RoboEntrega/robot/install/my_world/share/my_world//models/.fr-0T31rz/my_world/models/kitchen_dining/materials/textures/__auto_38.png
[8.959s] -- Symlinking: /home/haoxu/Git/ProyectoRobotica_RoboEntrega/robot/install/my_world/share/my_world//models/.fr-0T31rz/my_world/models/kitchen_dining/materials/textures/__auto_39.png
[8.964s] -- Symlinking: /home/haoxu/Git/ProyectoRobotica_RoboEntrega/robot/install/my_world/share/my_world//models/.fr-0T31rz/my_world/models/kitchen_dining/materials/textures/__auto_40.png
[8.970s] -- Symlinking: /home/haoxu/Git/ProyectoRobotica_RoboEntrega/robot/install/my_world/share/my_world//models/.fr-0T31rz/my_world/models/kitchen_dining/materials/textures/__auto_41.png
[8.976s] -- Symlinking: /home/haoxu/Git/ProyectoRobotica_RoboEntrega/robot/install/my_world/share/my_world//models/.fr-0T31rz/my_world/models/kitchen_dining/materials/textures/__auto_42.png
[8.982s] -- Symlinking: /home/haoxu/Git/ProyectoRobotica_RoboEntrega/robot/install/my_world/share/my_world//models/.fr-0T31rz/my_world/models/kitchen_dining/materials/textures/__auto_43.png
[8.988s] -- Symlinking: /home/haoxu/Git/ProyectoRobotica_RoboEntrega/robot/install/my_world/share/my_world//models/.fr-0T31rz/my_world/models/kitchen_dining/materials/textures/__auto_44.png
[8.994s] -- Symlinking: /home/haoxu/Git/ProyectoRobotica_RoboEntrega/robot/install/my_world/share/my_world//models/.fr-0T31rz/my_world/models/kitchen_dining/materials/textures/__auto_45.png
[9.000s] -- Symlinking: /home/haoxu/Git/ProyectoRobotica_RoboEntrega/robot/install/my_world/share/my_world//models/.fr-0T31rz/my_world/models/kitchen_dining/materials/textures/__auto_46.png
[9.006s] -- Symlinking: /home/haoxu/Git/ProyectoRobotica_RoboEntrega/robot/install/my_world/share/my_world//models/.fr-0T31rz/my_world/models/kitchen_dining/materials/textures/__auto_47.png
[9.012s] -- Symlinking: /home/haoxu/Git/ProyectoRobotica_RoboEntrega/robot/install/my_world/share/my_world//models/.fr-0T31rz/my_world/models/kitchen_dining/materials/textures/__auto_49.png
[9.018s] -- Symlinking: /home/haoxu/Git/ProyectoRobotica_RoboEntrega/robot/install/my_world/share/my_world//models/.fr-0T31rz/my_world/models/kitchen_dining/materials/textures/__auto_50.png
[9.024s] -- Symlinking: /home/haoxu/Git/ProyectoRobotica_RoboEntrega/robot/install/my_world/share/my_world//models/.fr-0T31rz/my_world/models/kitchen_dining/materials/textures/__auto_51.png
[9.030s] -- Symlinking: /home/haoxu/Git/ProyectoRobotica_RoboEntrega/robot/install/my_world/share/my_world//models/.fr-0T31rz/my_world/models/kitchen_dining/materials/textures/__auto_52.png
[9.036s] -- Symlinking: /home/haoxu/Git/ProyectoRobotica_RoboEntrega/robot/install/my_world/share/my_world//models/.fr-0T31rz/my_world/models/kitchen_dining/materials/textures/__auto_53.png
[9.042s] -- Symlinking: /home/haoxu/Git/ProyectoRobotica_RoboEntrega/robot/install/my_world/share/my_world//models/.fr-0T31rz/my_world/models/kitchen_dining/materials/textures/__auto_56.png
[9.048s] -- Symlinking: /home/haoxu/Git/ProyectoRobotica_RoboEntrega/robot/install/my_world/share/my_world//models/.fr-0T31rz/my_world/models/kitchen_dining/materials/textures/__auto_57.png
[9.057s] -- Symlinking: /home/haoxu/Git/ProyectoRobotica_RoboEntrega/robot/install/my_world/share/my_world//models/.fr-0T31rz/my_world/models/kitchen_dining/materials/textures/__auto_59.png
[9.064s] -- Symlinking: /home/haoxu/Git/ProyectoRobotica_RoboEntrega/robot/install/my_world/share/my_world//models/.fr-0T31rz/my_world/models/kitchen_dining/materials/textures/__auto_60.png
[9.070s] -- Symlinking: /home/haoxu/Git/ProyectoRobotica_RoboEntrega/robot/install/my_world/share/my_world//models/.fr-0T31rz/my_world/models/kitchen_dining/materials/textures/__auto_61.png
[9.076s] -- Symlinking: /home/haoxu/Git/ProyectoRobotica_RoboEntrega/robot/install/my_world/share/my_world//models/.fr-0T31rz/my_world/models/kitchen_dining/materials/textures/__auto_64.png
[9.082s] -- Symlinking: /home/haoxu/Git/ProyectoRobotica_RoboEntrega/robot/install/my_world/share/my_world//models/.fr-0T31rz/my_world/models/kitchen_dining/materials/textures/__auto_66.png
[9.088s] -- Symlinking: /home/haoxu/Git/ProyectoRobotica_RoboEntrega/robot/install/my_world/share/my_world//models/.fr-0T31rz/my_world/models/kitchen_dining/materials/textures/__auto_69.png
[9.094s] -- Symlinking: /home/haoxu/Git/ProyectoRobotica_RoboEntrega/robot/install/my_world/share/my_world//models/.fr-0T31rz/my_world/models/kitchen_dining/materials/textures/__auto_7.png
[9.101s] -- Symlinking: /home/haoxu/Git/ProyectoRobotica_RoboEntrega/robot/install/my_world/share/my_world//models/.fr-0T31rz/my_world/models/kitchen_dining/materials/textures/__auto_8.png
[9.107s] -- Symlinking: /home/haoxu/Git/ProyectoRobotica_RoboEntrega/robot/install/my_world/share/my_world//models/.fr-0T31rz/my_world/models/kitchen_dining/materials/textures/__auto_9.png
[9.113s] -- Symlinking: /home/haoxu/Git/ProyectoRobotica_RoboEntrega/robot/install/my_world/share/my_world//models/.fr-0T31rz/my_world/models/kitchen_dining/meshes/kitchen_dining.dae
[9.120s] -- Symlinking: /home/haoxu/Git/ProyectoRobotica_RoboEntrega/robot/install/my_world/share/my_world//models/.fr-0T31rz/my_world/models/kitchen_dining/model-1_3.sdf
[9.126s] -- Symlinking: /home/haoxu/Git/ProyectoRobotica_RoboEntrega/robot/install/my_world/share/my_world//models/.fr-0T31rz/my_world/models/kitchen_dining/model-1_4.sdf
[9.132s] -- Symlinking: /home/haoxu/Git/ProyectoRobotica_RoboEntrega/robot/install/my_world/share/my_world//models/.fr-0T31rz/my_world/models/kitchen_dining/model.config
[9.139s] -- Symlinking: /home/haoxu/Git/ProyectoRobotica_RoboEntrega/robot/install/my_world/share/my_world//models/.fr-0T31rz/my_world/models/kitchen_dining/model.sdf
[9.147s] -- Symlinking: /home/haoxu/Git/ProyectoRobotica_RoboEntrega/robot/install/my_world/share/my_world//models/.fr-0T31rz/my_world/models/kumaeye/meshes/brown_eye.png
[9.154s] -- Symlinking: /home/haoxu/Git/ProyectoRobotica_RoboEntrega/robot/install/my_world/share/my_world//models/.fr-0T31rz/my_world/models/kumaeye/meshes/eyebrow010.png
[9.163s] -- Symlinking: /home/haoxu/Git/ProyectoRobotica_RoboEntrega/robot/install/my_world/share/my_world//models/.fr-0T31rz/my_world/models/kumaeye/meshes/kumaeye.dae
[9.169s] -- Symlinking: /home/haoxu/Git/ProyectoRobotica_RoboEntrega/robot/install/my_world/share/my_world//models/.fr-0T31rz/my_world/models/kumaeye/meshes/kumaeye.png
[9.175s] -- Symlinking: /home/haoxu/Git/ProyectoRobotica_RoboEntrega/robot/install/my_world/share/my_world//models/.fr-0T31rz/my_world/models/kumaeye/meshes/kumaeyev2.dae
[9.181s] -- Symlinking: /home/haoxu/Git/ProyectoRobotica_RoboEntrega/robot/install/my_world/share/my_world//models/.fr-0T31rz/my_world/models/kumaeye/meshes/male_worksuit01_diffuse.png
[9.187s] -- Symlinking: /home/haoxu/Git/ProyectoRobotica_RoboEntrega/robot/install/my_world/share/my_world//models/.fr-0T31rz/my_world/models/kumaeye/meshes/male_worksuit01_normal.png
[9.194s] -- Symlinking: /home/haoxu/Git/ProyectoRobotica_RoboEntrega/robot/install/my_world/share/my_world//models/.fr-0T31rz/my_world/models/kumaeye/meshes/short01_diffuse.png
[9.200s] -- Symlinking: /home/haoxu/Git/ProyectoRobotica_RoboEntrega/robot/install/my_world/share/my_world//models/.fr-0T31rz/my_world/models/kumaeye/meshes/teeth.png
[9.205s] -- Symlinking: /home/haoxu/Git/ProyectoRobotica_RoboEntrega/robot/install/my_world/share/my_world//models/.fr-0T31rz/my_world/models/kumaeye/meshes/tongue01_diffuse.png
[9.212s] -- Symlinking: /home/haoxu/Git/ProyectoRobotica_RoboEntrega/robot/install/my_world/share/my_world//models/.fr-0T31rz/my_world/models/kumaeye/meshes/young_lightskinned_female_diffuse3.png
[9.218s] -- Symlinking: /home/haoxu/Git/ProyectoRobotica_RoboEntrega/robot/install/my_world/share/my_world//models/.fr-0T31rz/my_world/models/kumaeye/model.config
[9.224s] -- Symlinking: /home/haoxu/Git/ProyectoRobotica_RoboEntrega/robot/install/my_world/share/my_world//models/.fr-0T31rz/my_world/models/kumaeye/model.sdf
[9.230s] -- Symlinking: /home/haoxu/Git/ProyectoRobotica_RoboEntrega/robot/install/my_world/share/my_world//models/.fr-0T31rz/my_world/models/my_world/model.config
[9.236s] -- Symlinking: /home/haoxu/Git/ProyectoRobotica_RoboEntrega/robot/install/my_world/share/my_world//models/.fr-0T31rz/my_world/models/my_world/model.sdf
[9.242s] -- Symlinking: /home/haoxu/Git/ProyectoRobotica_RoboEntrega/robot/install/my_world/share/my_world//models/.fr-0T31rz/my_world/models/naokoeye/meshes/bob02_diffuse.png
[9.248s] -- Symlinking: /home/haoxu/Git/ProyectoRobotica_RoboEntrega/robot/install/my_world/share/my_world//models/.fr-0T31rz/my_world/models/naokoeye/meshes/brown_eye.png
[9.254s] -- Symlinking: /home/haoxu/Git/ProyectoRobotica_RoboEntrega/robot/install/my_world/share/my_world//models/.fr-0T31rz/my_world/models/naokoeye/meshes/eyebrow001.png
[9.261s] -- Symlinking: /home/haoxu/Git/ProyectoRobotica_RoboEntrega/robot/install/my_world/share/my_world//models/.fr-0T31rz/my_world/models/naokoeye/meshes/female_casualsuit02_diffuse.png
[9.268s] -- Symlinking: /home/haoxu/Git/ProyectoRobotica_RoboEntrega/robot/install/my_world/share/my_world//models/.fr-0T31rz/my_world/models/naokoeye/meshes/female_casualsuit02_normal.png
[9.274s] -- Symlinking: /home/haoxu/Git/ProyectoRobotica_RoboEntrega/robot/install/my_world/share/my_world//models/.fr-0T31rz/my_world/models/naokoeye/meshes/naokoeye.dae
[9.282s] -- Symlinking: /home/haoxu/Git/ProyectoRobotica_RoboEntrega/robot/install/my_world/share/my_world//models/.fr-0T31rz/my_world/models/naokoeye/meshes/naokoeye.png
[9.288s] -- Symlinking: /home/haoxu/Git/ProyectoRobotica_RoboEntrega/robot/install/my_world/share/my_world//models/.fr-0T31rz/my_world/models/naokoeye/meshes/naokoeyev2.dae
[9.295s] -- Symlinking: /home/haoxu/Git/ProyectoRobotica_RoboEntrega/robot/install/my_world/share/my_world//models/.fr-0T31rz/my_world/models/naokoeye/model.config
[9.301s] -- Symlinking: /home/haoxu/Git/ProyectoRobotica_RoboEntrega/robot/install/my_world/share/my_world//models/.fr-0T31rz/my_world/models/naokoeye/model.sdf
[9.307s] -- Symlinking: /home/haoxu/Git/ProyectoRobotica_RoboEntrega/robot/install/my_world/share/my_world//models/.fr-0T31rz/my_world/models/sweedish_apartment/meshes/model.dae
[9.313s] -- Symlinking: /home/haoxu/Git/ProyectoRobotica_RoboEntrega/robot/install/my_world/share/my_world//models/.fr-0T31rz/my_world/models/sweedish_apartment/model.config
[9.320s] -- Symlinking: /home/haoxu/Git/ProyectoRobotica_RoboEntrega/robot/install/my_world/share/my_world//models/.fr-0T31rz/my_world/models/sweedish_apartment/model.sdf
[9.326s] -- Symlinking: /home/haoxu/Git/ProyectoRobotica_RoboEntrega/robot/install/my_world/share/my_world//models/.fr-0T31rz/my_world/models/turtlebot3_burger/meshes/burger_base.dae
[9.333s] -- Symlinking: /home/haoxu/Git/ProyectoRobotica_RoboEntrega/robot/install/my_world/share/my_world//models/.fr-0T31rz/my_world/models/turtlebot3_burger/meshes/lds.dae
[9.339s] -- Symlinking: /home/haoxu/Git/ProyectoRobotica_RoboEntrega/robot/install/my_world/share/my_world//models/.fr-0T31rz/my_world/models/turtlebot3_burger/meshes/tire.dae
[9.345s] -- Symlinking: /home/haoxu/Git/ProyectoRobotica_RoboEntrega/robot/install/my_world/share/my_world//models/.fr-0T31rz/my_world/models/turtlebot3_burger/model-1_4.sdf
[9.352s] -- Symlinking: /home/haoxu/Git/ProyectoRobotica_RoboEntrega/robot/install/my_world/share/my_world//models/.fr-0T31rz/my_world/models/turtlebot3_burger/model.config
[9.357s] -- Symlinking: /home/haoxu/Git/ProyectoRobotica_RoboEntrega/robot/install/my_world/share/my_world//models/.fr-0T31rz/my_world/models/turtlebot3_burger/model.sdf
[9.364s] -- Symlinking: /home/haoxu/Git/ProyectoRobotica_RoboEntrega/robot/install/my_world/share/my_world//models/.fr-0T31rz/my_world/models/turtlebot3_burger_pi/meshes/burger_base.dae
[9.369s] -- Symlinking: /home/haoxu/Git/ProyectoRobotica_RoboEntrega/robot/install/my_world/share/my_world//models/.fr-0T31rz/my_world/models/turtlebot3_burger_pi/meshes/lds.dae
[9.376s] -- Symlinking: /home/haoxu/Git/ProyectoRobotica_RoboEntrega/robot/install/my_world/share/my_world//models/.fr-0T31rz/my_world/models/turtlebot3_burger_pi/meshes/tire.dae
[9.381s] -- Symlinking: /home/haoxu/Git/ProyectoRobotica_RoboEntrega/robot/install/my_world/share/my_world//models/.fr-0T31rz/my_world/models/turtlebot3_burger_pi/model-1_4.sdf
[9.387s] -- Symlinking: /home/haoxu/Git/ProyectoRobotica_RoboEntrega/robot/install/my_world/share/my_world//models/.fr-0T31rz/my_world/models/turtlebot3_burger_pi/model.config
[9.393s] -- Symlinking: /home/haoxu/Git/ProyectoRobotica_RoboEntrega/robot/install/my_world/share/my_world//models/.fr-0T31rz/my_world/models/turtlebot3_burger_pi/model.sdf
[9.399s] -- Symlinking: /home/haoxu/Git/ProyectoRobotica_RoboEntrega/robot/install/my_world/share/my_world//models/.fr-0T31rz/my_world/models/warehouse_1/meshes/EandM.jpg
[9.405s] -- Symlinking: /home/haoxu/Git/ProyectoRobotica_RoboEntrega/robot/install/my_world/share/my_world//models/.fr-0T31rz/my_world/models/warehouse_1/meshes/FetchLogo-1024x388.png
[9.411s] -- Symlinking: /home/haoxu/Git/ProyectoRobotica_RoboEntrega/robot/install/my_world/share/my_world//models/.fr-0T31rz/my_world/models/warehouse_1/meshes/Logo-SICK.jpg
[9.417s] -- Symlinking: /home/haoxu/Git/ProyectoRobotica_RoboEntrega/robot/install/my_world/share/my_world//models/.fr-0T31rz/my_world/models/warehouse_1/meshes/Logo-TheConstruct-primario-NEW-tagline-2.jpg
[9.423s] -- Symlinking: /home/haoxu/Git/ProyectoRobotica_RoboEntrega/robot/install/my_world/share/my_world//models/.fr-0T31rz/my_world/models/warehouse_1/meshes/SCHUNK_logo.jpg
[9.429s] -- Symlinking: /home/haoxu/Git/ProyectoRobotica_RoboEntrega/robot/install/my_world/share/my_world//models/.fr-0T31rz/my_world/models/warehouse_1/meshes/SICK_V2.png
[9.435s] -- Symlinking: /home/haoxu/Git/ProyectoRobotica_RoboEntrega/robot/install/my_world/share/my_world//models/.fr-0T31rz/my_world/models/warehouse_1/meshes/SICK_V2_WHITE.jpg
[9.441s] -- Symlinking: /home/haoxu/Git/ProyectoRobotica_RoboEntrega/robot/install/my_world/share/my_world//models/.fr-0T31rz/my_world/models/warehouse_1/meshes/box_labels.png
[9.447s] -- Symlinking: /home/haoxu/Git/ProyectoRobotica_RoboEntrega/robot/install/my_world/share/my_world//models/.fr-0T31rz/my_world/models/warehouse_1/meshes/dummy.png
[9.453s] -- Symlinking: /home/haoxu/Git/ProyectoRobotica_RoboEntrega/robot/install/my_world/share/my_world//models/.fr-0T31rz/my_world/models/warehouse_1/meshes/fetchit_env_version1.dae
[9.459s] -- Symlinking: /home/haoxu/Git/ProyectoRobotica_RoboEntrega/robot/install/my_world/share/my_world//models/.fr-0T31rz/my_world/models/warehouse_1/meshes/fetchit_env_version2.dae
[9.466s] -- Symlinking: /home/haoxu/Git/ProyectoRobotica_RoboEntrega/robot/install/my_world/share/my_world//models/.fr-0T31rz/my_world/models/warehouse_1/meshes/fetchit_env_version3.dae
[9.472s] -- Symlinking: /home/haoxu/Git/ProyectoRobotica_RoboEntrega/robot/install/my_world/share/my_world//models/.fr-0T31rz/my_world/models/warehouse_1/meshes/fetchit_env_version4.dae
[9.479s] -- Symlinking: /home/haoxu/Git/ProyectoRobotica_RoboEntrega/robot/install/my_world/share/my_world//models/.fr-0T31rz/my_world/models/warehouse_1/meshes/fetchit_manipulation_challenge_logo.png
[9.485s] -- Symlinking: /home/haoxu/Git/ProyectoRobotica_RoboEntrega/robot/install/my_world/share/my_world//models/.fr-0T31rz/my_world/models/warehouse_1/meshes/icra2019-poster-image.png
[9.491s] -- Symlinking: /home/haoxu/Git/ProyectoRobotica_RoboEntrega/robot/install/my_world/share/my_world//models/.fr-0T31rz/my_world/models/warehouse_1/meshes/rock1.JPG
[9.497s] -- Symlinking: /home/haoxu/Git/ProyectoRobotica_RoboEntrega/robot/install/my_world/share/my_world//models/.fr-0T31rz/my_world/models/warehouse_1/meshes/warehouse_collision.stl
[9.504s] -- Symlinking: /home/haoxu/Git/ProyectoRobotica_RoboEntrega/robot/install/my_world/share/my_world//models/.fr-0T31rz/my_world/models/warehouse_1/model.config
[9.510s] -- Symlinking: /home/haoxu/Git/ProyectoRobotica_RoboEntrega/robot/install/my_world/share/my_world//models/.fr-0T31rz/my_world/models/warehouse_1/model.sdf
[9.517s] -- Symlinking: /home/haoxu/Git/ProyectoRobotica_RoboEntrega/robot/install/my_world/share/my_world//models/.fr-0T31rz/my_world/models/willowgarage/materials/textures/Carpet_Berber_Pattern_Gray_.png
[9.523s] -- Symlinking: /home/haoxu/Git/ProyectoRobotica_RoboEntrega/robot/install/my_world/share/my_world//models/.fr-0T31rz/my_world/models/willowgarage/materials/textures/Stone_Brushed_Khaki_.png
[9.529s] -- Symlinking: /home/haoxu/Git/ProyectoRobotica_RoboEntrega/robot/install/my_world/share/my_world//models/.fr-0T31rz/my_world/models/willowgarage/materials/textures/Wood_Bamboo_Medium_.png
[9.535s] -- Symlinking: /home/haoxu/Git/ProyectoRobotica_RoboEntrega/robot/install/my_world/share/my_world//models/.fr-0T31rz/my_world/models/willowgarage/materials/textures/Wood_Cherry_Original_.png
[9.541s] -- Symlinking: /home/haoxu/Git/ProyectoRobotica_RoboEntrega/robot/install/my_world/share/my_world//models/.fr-0T31rz/my_world/models/willowgarage/materials/textures/__Wood_Bamboo_Medium_1.png
[9.547s] -- Symlinking: /home/haoxu/Git/ProyectoRobotica_RoboEntrega/robot/install/my_world/share/my_world//models/.fr-0T31rz/my_world/models/willowgarage/materials/textures/__auto_12.png
[9.553s] -- Symlinking: /home/haoxu/Git/ProyectoRobotica_RoboEntrega/robot/install/my_world/share/my_world//models/.fr-0T31rz/my_world/models/willowgarage/materials/textures/__auto_2.png
[9.562s] -- Symlinking: /home/haoxu/Git/ProyectoRobotica_RoboEntrega/robot/install/my_world/share/my_world//models/.fr-0T31rz/my_world/models/willowgarage/meshes/willowgarage_collision.dae
[9.568s] -- Symlinking: /home/haoxu/Git/ProyectoRobotica_RoboEntrega/robot/install/my_world/share/my_world//models/.fr-0T31rz/my_world/models/willowgarage/meshes/willowgarage_visual.dae
[9.573s] -- Symlinking: /home/haoxu/Git/ProyectoRobotica_RoboEntrega/robot/install/my_world/share/my_world//models/.fr-0T31rz/my_world/models/willowgarage/model-1_2.sdf
[9.580s] -- Symlinking: /home/haoxu/Git/ProyectoRobotica_RoboEntrega/robot/install/my_world/share/my_world//models/.fr-0T31rz/my_world/models/willowgarage/model-1_3.sdf
[9.586s] -- Symlinking: /home/haoxu/Git/ProyectoRobotica_RoboEntrega/robot/install/my_world/share/my_world//models/.fr-0T31rz/my_world/models/willowgarage/model-1_4.sdf
[9.592s] -- Symlinking: /home/haoxu/Git/ProyectoRobotica_RoboEntrega/robot/install/my_world/share/my_world//models/.fr-0T31rz/my_world/models/willowgarage/model.config
[9.598s] -- Symlinking: /home/haoxu/Git/ProyectoRobotica_RoboEntrega/robot/install/my_world/share/my_world//models/.fr-0T31rz/my_world/models/willowgarage/model.sdf
[9.604s] -- Symlinking: /home/haoxu/Git/ProyectoRobotica_RoboEntrega/robot/install/my_world/share/my_world//models/actor/meshes/ANIMATION_running.dae
[9.610s] -- Symlinking: /home/haoxu/Git/ProyectoRobotica_RoboEntrega/robot/install/my_world/share/my_world//models/actor/meshes/ANIMATION_sitting.dae
[9.616s] -- Symlinking: /home/haoxu/Git/ProyectoRobotica_RoboEntrega/robot/install/my_world/share/my_world//models/actor/meshes/ANIMATION_standing.dae
[9.624s] -- Symlinking: /home/haoxu/Git/ProyectoRobotica_RoboEntrega/robot/install/my_world/share/my_world//models/actor/meshes/ANIMATION_talking_a.dae
[9.630s] -- Symlinking: /home/haoxu/Git/ProyectoRobotica_RoboEntrega/robot/install/my_world/share/my_world//models/actor/meshes/ANIMATION_talking_b.dae
[9.637s] -- Symlinking: /home/haoxu/Git/ProyectoRobotica_RoboEntrega/robot/install/my_world/share/my_world//models/actor/meshes/ANIMATION_walking.dae
[9.643s] -- Symlinking: /home/haoxu/Git/ProyectoRobotica_RoboEntrega/robot/install/my_world/share/my_world//models/actor/meshes/SKIN_man_blue_shirt.dae
[9.649s] -- Symlinking: /home/haoxu/Git/ProyectoRobotica_RoboEntrega/robot/install/my_world/share/my_world//models/actor/meshes/SKIN_man_green_shirt.dae
[9.656s] -- Symlinking: /home/haoxu/Git/ProyectoRobotica_RoboEntrega/robot/install/my_world/share/my_world//models/actor/meshes/SKIN_man_red_shirt.dae
[9.663s] -- Symlinking: /home/haoxu/Git/ProyectoRobotica_RoboEntrega/robot/install/my_world/share/my_world//models/actor/model.config
[9.669s] -- Symlinking: /home/haoxu/Git/ProyectoRobotica_RoboEntrega/robot/install/my_world/share/my_world//models/actor/model.sdf
[9.675s] -- Symlinking: /home/haoxu/Git/ProyectoRobotica_RoboEntrega/robot/install/my_world/share/my_world//models/bathroom_sink/materials/textures/bathroom_sink_diffuse.png
[9.681s] -- Symlinking: /home/haoxu/Git/ProyectoRobotica_RoboEntrega/robot/install/my_world/share/my_world//models/bathroom_sink/materials/textures/bathroom_sink_specular.png
[9.687s] -- Symlinking: /home/haoxu/Git/ProyectoRobotica_RoboEntrega/robot/install/my_world/share/my_world//models/bathroom_sink/meshes/bathroom_sink.dae
[9.693s] -- Symlinking: /home/haoxu/Git/ProyectoRobotica_RoboEntrega/robot/install/my_world/share/my_world//models/bathroom_sink/model.config
[9.699s] -- Symlinking: /home/haoxu/Git/ProyectoRobotica_RoboEntrega/robot/install/my_world/share/my_world//models/bathroom_sink/model.sdf
[9.705s] -- Symlinking: /home/haoxu/Git/ProyectoRobotica_RoboEntrega/robot/install/my_world/share/my_world//models/cafe_counter/materials/textures/cafe_counter.png
[9.711s] -- Symlinking: /home/haoxu/Git/ProyectoRobotica_RoboEntrega/robot/install/my_world/share/my_world//models/cafe_counter/meshes/cafe_counter.mtl
[9.717s] -- Symlinking: /home/haoxu/Git/ProyectoRobotica_RoboEntrega/robot/install/my_world/share/my_world//models/cafe_counter/meshes/cafe_counter.obj
[9.724s] -- Symlinking: /home/haoxu/Git/ProyectoRobotica_RoboEntrega/robot/install/my_world/share/my_world//models/cafe_counter/meshes/counter_no_sink.obj
[9.729s] -- Symlinking: /home/haoxu/Git/ProyectoRobotica_RoboEntrega/robot/install/my_world/share/my_world//models/cafe_counter/meshes/counter_sink.obj
[9.735s] -- Symlinking: /home/haoxu/Git/ProyectoRobotica_RoboEntrega/robot/install/my_world/share/my_world//models/cafe_counter/model.config
[9.741s] -- Symlinking: /home/haoxu/Git/ProyectoRobotica_RoboEntrega/robot/install/my_world/share/my_world//models/cafe_counter/model.sdf
[9.748s] -- Symlinking: /home/haoxu/Git/ProyectoRobotica_RoboEntrega/robot/install/my_world/share/my_world//models/casual_female/materials/textures/brown_eye.png
[9.754s] -- Symlinking: /home/haoxu/Git/ProyectoRobotica_RoboEntrega/robot/install/my_world/share/my_world//models/casual_female/materials/textures/casual_female.png
[9.761s] -- Symlinking: /home/haoxu/Git/ProyectoRobotica_RoboEntrega/robot/install/my_world/share/my_world//models/casual_female/materials/textures/eyebrow002.png
[9.767s] -- Symlinking: /home/haoxu/Git/ProyectoRobotica_RoboEntrega/robot/install/my_world/share/my_world//models/casual_female/materials/textures/eyelashes01.png
[9.773s] -- Symlinking: /home/haoxu/Git/ProyectoRobotica_RoboEntrega/robot/install/my_world/share/my_world//models/casual_female/materials/textures/female_casualsuit01_diffuse.png
[9.779s] -- Symlinking: /home/haoxu/Git/ProyectoRobotica_RoboEntrega/robot/install/my_world/share/my_world//models/casual_female/materials/textures/female_casualsuit01_normal.png
[9.785s] -- Symlinking: /home/haoxu/Git/ProyectoRobotica_RoboEntrega/robot/install/my_world/share/my_world//models/casual_female/materials/textures/female_casualsuit02_diffuse.png
[9.792s] -- Symlinking: /home/haoxu/Git/ProyectoRobotica_RoboEntrega/robot/install/my_world/share/my_world//models/casual_female/materials/textures/female_casualsuit02_normal.png
[9.798s] -- Symlinking: /home/haoxu/Git/ProyectoRobotica_RoboEntrega/robot/install/my_world/share/my_world//models/casual_female/materials/textures/ponytail01_diffuse.png
[9.804s] -- Symlinking: /home/haoxu/Git/ProyectoRobotica_RoboEntrega/robot/install/my_world/share/my_world//models/casual_female/materials/textures/shoes05_diffuse.png
[9.811s] -- Symlinking: /home/haoxu/Git/ProyectoRobotica_RoboEntrega/robot/install/my_world/share/my_world//models/casual_female/materials/textures/tongue01_diffuse.png
[9.817s] -- Symlinking: /home/haoxu/Git/ProyectoRobotica_RoboEntrega/robot/install/my_world/share/my_world//models/casual_female/materials/textures/young_lightskinned_female_diffuse.png
[9.824s] -- Symlinking: /home/haoxu/Git/ProyectoRobotica_RoboEntrega/robot/install/my_world/share/my_world//models/casual_female/meshes/casual_female.dae
[9.830s] -- Symlinking: /home/haoxu/Git/ProyectoRobotica_RoboEntrega/robot/install/my_world/share/my_world//models/casual_female/model.config
[9.836s] -- Symlinking: /home/haoxu/Git/ProyectoRobotica_RoboEntrega/robot/install/my_world/share/my_world//models/casual_female/model.sdf
[9.842s] -- Symlinking: /home/haoxu/Git/ProyectoRobotica_RoboEntrega/robot/install/my_world/share/my_world//models/casual_male/materials/textures/brown_eye.png
[9.848s] -- Symlinking: /home/haoxu/Git/ProyectoRobotica_RoboEntrega/robot/install/my_world/share/my_world//models/casual_male/materials/textures/eyebrow005.png
[9.854s] -- Symlinking: /home/haoxu/Git/ProyectoRobotica_RoboEntrega/robot/install/my_world/share/my_world//models/casual_male/materials/textures/male_casualsuit01_diffuse.png
[9.860s] -- Symlinking: /home/haoxu/Git/ProyectoRobotica_RoboEntrega/robot/install/my_world/share/my_world//models/casual_male/materials/textures/male_casualsuit01_normal.png
[9.867s] -- Symlinking: /home/haoxu/Git/ProyectoRobotica_RoboEntrega/robot/install/my_world/share/my_world//models/casual_male/materials/textures/middleage_lightskinned_male_diffuse.png
[9.873s] -- Symlinking: /home/haoxu/Git/ProyectoRobotica_RoboEntrega/robot/install/my_world/share/my_world//models/casual_male/materials/textures/shoes01_diffuse.png
[9.880s] -- Symlinking: /home/haoxu/Git/ProyectoRobotica_RoboEntrega/robot/install/my_world/share/my_world//models/casual_male/materials/textures/shoes01_normal.png
[9.887s] -- Symlinking: /home/haoxu/Git/ProyectoRobotica_RoboEntrega/robot/install/my_world/share/my_world//models/casual_male/meshes/casual_male.dae
[9.893s] -- Symlinking: /home/haoxu/Git/ProyectoRobotica_RoboEntrega/robot/install/my_world/share/my_world//models/casual_male/model.config
[9.900s] -- Symlinking: /home/haoxu/Git/ProyectoRobotica_RoboEntrega/robot/install/my_world/share/my_world//models/casual_male/model.sdf
[9.907s] -- Symlinking: /home/haoxu/Git/ProyectoRobotica_RoboEntrega/robot/install/my_world/share/my_world//models/casual_male2/materials/textures/afro_diffuse.png
[9.913s] -- Symlinking: /home/haoxu/Git/ProyectoRobotica_RoboEntrega/robot/install/my_world/share/my_world//models/casual_male2/materials/textures/brown_eye.png
[9.920s] -- Symlinking: /home/haoxu/Git/ProyectoRobotica_RoboEntrega/robot/install/my_world/share/my_world//models/casual_male2/materials/textures/eyebrow012.png
[9.927s] -- Symlinking: /home/haoxu/Git/ProyectoRobotica_RoboEntrega/robot/install/my_world/share/my_world//models/casual_male2/materials/textures/male_casualsuit05_diffuse.png
[9.933s] -- Symlinking: /home/haoxu/Git/ProyectoRobotica_RoboEntrega/robot/install/my_world/share/my_world//models/casual_male2/materials/textures/male_casualsuit05_normal.png
[9.940s] -- Symlinking: /home/haoxu/Git/ProyectoRobotica_RoboEntrega/robot/install/my_world/share/my_world//models/casual_male2/materials/textures/young_darkskinned_male_diffuse.png
[9.947s] -- Symlinking: /home/haoxu/Git/ProyectoRobotica_RoboEntrega/robot/install/my_world/share/my_world//models/casual_male2/meshes/casual_male2.dae
[9.953s] -- Symlinking: /home/haoxu/Git/ProyectoRobotica_RoboEntrega/robot/install/my_world/share/my_world//models/casual_male2/model.config
[9.960s] -- Symlinking: /home/haoxu/Git/ProyectoRobotica_RoboEntrega/robot/install/my_world/share/my_world//models/casual_male2/model.sdf
[9.966s] -- Symlinking: /home/haoxu/Git/ProyectoRobotica_RoboEntrega/robot/install/my_world/share/my_world//models/coffee_maker/materials/textures/coffee_maker.png
[9.972s] -- Symlinking: /home/haoxu/Git/ProyectoRobotica_RoboEntrega/robot/install/my_world/share/my_world//models/coffee_maker/meshes/coffee_maker.mtl
[9.978s] -- Symlinking: /home/haoxu/Git/ProyectoRobotica_RoboEntrega/robot/install/my_world/share/my_world//models/coffee_maker/meshes/coffee_maker.obj
[9.984s] -- Symlinking: /home/haoxu/Git/ProyectoRobotica_RoboEntrega/robot/install/my_world/share/my_world//models/coffee_maker/model.config
[9.990s] -- Symlinking: /home/haoxu/Git/ProyectoRobotica_RoboEntrega/robot/install/my_world/share/my_world//models/coffee_maker/model.sdf
[9.996s] -- Symlinking: /home/haoxu/Git/ProyectoRobotica_RoboEntrega/robot/install/my_world/share/my_world//models/computer/materials/textures/computer.png
[10.003s] -- Symlinking: /home/haoxu/Git/ProyectoRobotica_RoboEntrega/robot/install/my_world/share/my_world//models/computer/meshes/computer.mtl
[10.009s] -- Symlinking: /home/haoxu/Git/ProyectoRobotica_RoboEntrega/robot/install/my_world/share/my_world//models/computer/meshes/computer.obj
[10.015s] -- Symlinking: /home/haoxu/Git/ProyectoRobotica_RoboEntrega/robot/install/my_world/share/my_world//models/computer/meshes/computer_monitor.obj
[10.021s] -- Symlinking: /home/haoxu/Git/ProyectoRobotica_RoboEntrega/robot/install/my_world/share/my_world//models/computer/meshes/computer_tower.obj
[10.027s] -- Symlinking: /home/haoxu/Git/ProyectoRobotica_RoboEntrega/robot/install/my_world/share/my_world//models/computer/model.config
[10.033s] -- Symlinking: /home/haoxu/Git/ProyectoRobotica_RoboEntrega/robot/install/my_world/share/my_world//models/computer/model.sdf
[10.039s] -- Symlinking: /home/haoxu/Git/ProyectoRobotica_RoboEntrega/robot/install/my_world/share/my_world//models/conference_table_large/meshes/conference_table_large.mtl
[10.045s] -- Symlinking: /home/haoxu/Git/ProyectoRobotica_RoboEntrega/robot/install/my_world/share/my_world//models/conference_table_large/meshes/conference_table_large.obj
[10.051s] -- Symlinking: /home/haoxu/Git/ProyectoRobotica_RoboEntrega/robot/install/my_world/share/my_world//models/conference_table_large/model.config
[10.057s] -- Symlinking: /home/haoxu/Git/ProyectoRobotica_RoboEntrega/robot/install/my_world/share/my_world//models/conference_table_large/model.sdf
[10.064s] -- Symlinking: /home/haoxu/Git/ProyectoRobotica_RoboEntrega/robot/install/my_world/share/my_world//models/conference_table_medium/meshes/conference_table_medium.mtl
[10.070s] -- Symlinking: /home/haoxu/Git/ProyectoRobotica_RoboEntrega/robot/install/my_world/share/my_world//models/conference_table_medium/meshes/conference_table_medium.obj
[10.076s] -- Symlinking: /home/haoxu/Git/ProyectoRobotica_RoboEntrega/robot/install/my_world/share/my_world//models/conference_table_medium/model.config
[10.082s] -- Symlinking: /home/haoxu/Git/ProyectoRobotica_RoboEntrega/robot/install/my_world/share/my_world//models/conference_table_medium/model.sdf
[10.089s] -- Symlinking: /home/haoxu/Git/ProyectoRobotica_RoboEntrega/robot/install/my_world/share/my_world//models/conference_table_small/materials/textures/conference_table.png
[10.095s] -- Symlinking: /home/haoxu/Git/ProyectoRobotica_RoboEntrega/robot/install/my_world/share/my_world//models/conference_table_small/meshes/conference_table_small.mtl
[10.101s] -- Symlinking: /home/haoxu/Git/ProyectoRobotica_RoboEntrega/robot/install/my_world/share/my_world//models/conference_table_small/meshes/conference_table_small.obj
[10.107s] -- Symlinking: /home/haoxu/Git/ProyectoRobotica_RoboEntrega/robot/install/my_world/share/my_world//models/conference_table_small/model.config
[10.113s] -- Symlinking: /home/haoxu/Git/ProyectoRobotica_RoboEntrega/robot/install/my_world/share/my_world//models/conference_table_small/model.sdf
[10.119s] -- Symlinking: /home/haoxu/Git/ProyectoRobotica_RoboEntrega/robot/install/my_world/share/my_world//models/cubicle_corner/materials/textures/cubicle_corner.png
[10.125s] -- Symlinking: /home/haoxu/Git/ProyectoRobotica_RoboEntrega/robot/install/my_world/share/my_world//models/cubicle_corner/meshes/cubicle_corner.mtl
[10.131s] -- Symlinking: /home/haoxu/Git/ProyectoRobotica_RoboEntrega/robot/install/my_world/share/my_world//models/cubicle_corner/meshes/cubicle_corner.obj
[10.137s] -- Symlinking: /home/haoxu/Git/ProyectoRobotica_RoboEntrega/robot/install/my_world/share/my_world//models/cubicle_corner/model.config
[10.144s] -- Symlinking: /home/haoxu/Git/ProyectoRobotica_RoboEntrega/robot/install/my_world/share/my_world//models/cubicle_corner/model.sdf
[10.150s] -- Symlinking: /home/haoxu/Git/ProyectoRobotica_RoboEntrega/robot/install/my_world/share/my_world//models/cubicle_island/materials/textures/cubicle_1.png
[10.156s] -- Symlinking: /home/haoxu/Git/ProyectoRobotica_RoboEntrega/robot/install/my_world/share/my_world//models/cubicle_island/materials/textures/cubicle_island.png
[10.163s] -- Symlinking: /home/haoxu/Git/ProyectoRobotica_RoboEntrega/robot/install/my_world/share/my_world//models/cubicle_island/meshes/cubicle_island.mtl
[10.169s] -- Symlinking: /home/haoxu/Git/ProyectoRobotica_RoboEntrega/robot/install/my_world/share/my_world//models/cubicle_island/meshes/cubicle_island.obj
[10.175s] -- Symlinking: /home/haoxu/Git/ProyectoRobotica_RoboEntrega/robot/install/my_world/share/my_world//models/cubicle_island/model.config
[10.181s] -- Symlinking: /home/haoxu/Git/ProyectoRobotica_RoboEntrega/robot/install/my_world/share/my_world//models/cubicle_island/model.sdf
[10.187s] -- Symlinking: /home/haoxu/Git/ProyectoRobotica_RoboEntrega/robot/install/my_world/share/my_world//models/cubicle_wall/materials/textures/cubicle_wall.png
[10.193s] -- Symlinking: /home/haoxu/Git/ProyectoRobotica_RoboEntrega/robot/install/my_world/share/my_world//models/cubicle_wall/meshes/cubicle_closed.obj
[10.200s] -- Symlinking: /home/haoxu/Git/ProyectoRobotica_RoboEntrega/robot/install/my_world/share/my_world//models/cubicle_wall/meshes/cubicle_corner.obj
[10.206s] -- Symlinking: /home/haoxu/Git/ProyectoRobotica_RoboEntrega/robot/install/my_world/share/my_world//models/cubicle_wall/meshes/cubicle_open.obj
[10.212s] -- Symlinking: /home/haoxu/Git/ProyectoRobotica_RoboEntrega/robot/install/my_world/share/my_world//models/cubicle_wall/meshes/cubicle_wall.mtl
[10.218s] -- Symlinking: /home/haoxu/Git/ProyectoRobotica_RoboEntrega/robot/install/my_world/share/my_world//models/cubicle_wall/meshes/cubicle_wall.obj
[10.224s] -- Symlinking: /home/haoxu/Git/ProyectoRobotica_RoboEntrega/robot/install/my_world/share/my_world//models/cubicle_wall/model.config
[10.229s] -- Symlinking: /home/haoxu/Git/ProyectoRobotica_RoboEntrega/robot/install/my_world/share/my_world//models/cubicle_wall/model.sdf
[10.236s] -- Symlinking: /home/haoxu/Git/ProyectoRobotica_RoboEntrega/robot/install/my_world/share/my_world//models/desk/materials/textures/desk.png
[10.242s] -- Symlinking: /home/haoxu/Git/ProyectoRobotica_RoboEntrega/robot/install/my_world/share/my_world//models/desk/meshes/desk.mtl
[10.248s] -- Symlinking: /home/haoxu/Git/ProyectoRobotica_RoboEntrega/robot/install/my_world/share/my_world//models/desk/meshes/desk.obj
[10.253s] -- Symlinking: /home/haoxu/Git/ProyectoRobotica_RoboEntrega/robot/install/my_world/share/my_world//models/desk/model.config
[10.259s] -- Symlinking: /home/haoxu/Git/ProyectoRobotica_RoboEntrega/robot/install/my_world/share/my_world//models/desk/model.sdf
[10.266s] -- Symlinking: /home/haoxu/Git/ProyectoRobotica_RoboEntrega/robot/install/my_world/share/my_world//models/desk_chair/materials/textures/desk_chair.png
[10.273s] -- Symlinking: /home/haoxu/Git/ProyectoRobotica_RoboEntrega/robot/install/my_world/share/my_world//models/desk_chair/meshes/desk_chair.mtl
[10.279s] -- Symlinking: /home/haoxu/Git/ProyectoRobotica_RoboEntrega/robot/install/my_world/share/my_world//models/desk_chair/meshes/desk_chair.obj
[10.285s] -- Symlinking: /home/haoxu/Git/ProyectoRobotica_RoboEntrega/robot/install/my_world/share/my_world//models/desk_chair/model.config
[10.292s] -- Symlinking: /home/haoxu/Git/ProyectoRobotica_RoboEntrega/robot/install/my_world/share/my_world//models/desk_chair/model.sdf
[10.298s] -- Symlinking: /home/haoxu/Git/ProyectoRobotica_RoboEntrega/robot/install/my_world/share/my_world//models/dishwasher/materials/textures/dishwasher.png
[10.304s] -- Symlinking: /home/haoxu/Git/ProyectoRobotica_RoboEntrega/robot/install/my_world/share/my_world//models/dishwasher/meshes/dishwasher.mtl
[10.310s] -- Symlinking: /home/haoxu/Git/ProyectoRobotica_RoboEntrega/robot/install/my_world/share/my_world//models/dishwasher/meshes/dishwasher.obj
[10.318s] -- Symlinking: /home/haoxu/Git/ProyectoRobotica_RoboEntrega/robot/install/my_world/share/my_world//models/dishwasher/model.config
[10.324s] -- Symlinking: /home/haoxu/Git/ProyectoRobotica_RoboEntrega/robot/install/my_world/share/my_world//models/dishwasher/model.sdf
[10.330s] -- Symlinking: /home/haoxu/Git/ProyectoRobotica_RoboEntrega/robot/install/my_world/share/my_world//models/door/materials/textures/ceiling.png
[10.337s] -- Symlinking: /home/haoxu/Git/ProyectoRobotica_RoboEntrega/robot/install/my_world/share/my_world//models/door/materials/textures/door.png
[10.344s] -- Symlinking: /home/haoxu/Git/ProyectoRobotica_RoboEntrega/robot/install/my_world/share/my_world//models/door/materials/textures/refrigerator.png
[10.351s] -- Symlinking: /home/haoxu/Git/ProyectoRobotica_RoboEntrega/robot/install/my_world/share/my_world//models/door/meshes/door.mtl
[10.357s] -- Symlinking: /home/haoxu/Git/ProyectoRobotica_RoboEntrega/robot/install/my_world/share/my_world//models/door/meshes/door.obj
[10.363s] -- Symlinking: /home/haoxu/Git/ProyectoRobotica_RoboEntrega/robot/install/my_world/share/my_world//models/door/meshes/door_door.obj
[10.372s] -- Symlinking: /home/haoxu/Git/ProyectoRobotica_RoboEntrega/robot/install/my_world/share/my_world//models/door/meshes/door_frame.obj
[10.378s] -- Symlinking: /home/haoxu/Git/ProyectoRobotica_RoboEntrega/robot/install/my_world/share/my_world//models/door/model.config
[10.385s] -- Symlinking: /home/haoxu/Git/ProyectoRobotica_RoboEntrega/robot/install/my_world/share/my_world//models/door/model.sdf
[10.393s] -- Symlinking: /home/haoxu/Git/ProyectoRobotica_RoboEntrega/robot/install/my_world/share/my_world//models/elegant_female/materials/textures/brown_eye.png
[10.399s] -- Symlinking: /home/haoxu/Git/ProyectoRobotica_RoboEntrega/robot/install/my_world/share/my_world//models/elegant_female/materials/textures/eyebrow002.png
[10.405s] -- Symlinking: /home/haoxu/Git/ProyectoRobotica_RoboEntrega/robot/install/my_world/share/my_world//models/elegant_female/materials/textures/eyelashes01.png
[10.412s] -- Symlinking: /home/haoxu/Git/ProyectoRobotica_RoboEntrega/robot/install/my_world/share/my_world//models/elegant_female/materials/textures/male_elegantsuit01_diffuse.png
[10.418s] -- Symlinking: /home/haoxu/Git/ProyectoRobotica_RoboEntrega/robot/install/my_world/share/my_world//models/elegant_female/materials/textures/ponytail01_diffuse.png
[10.425s] -- Symlinking: /home/haoxu/Git/ProyectoRobotica_RoboEntrega/robot/install/my_world/share/my_world//models/elegant_female/materials/textures/shoes03_diffuse.png
[10.430s] -- Symlinking: /home/haoxu/Git/ProyectoRobotica_RoboEntrega/robot/install/my_world/share/my_world//models/elegant_female/materials/textures/young_lightskinned_female_diffuse2.png
[10.437s] -- Symlinking: /home/haoxu/Git/ProyectoRobotica_RoboEntrega/robot/install/my_world/share/my_world//models/elegant_female/meshes/elegant_female.dae
[10.443s] -- Symlinking: /home/haoxu/Git/ProyectoRobotica_RoboEntrega/robot/install/my_world/share/my_world//models/elegant_female/meshes/elegant_female.png
[10.449s] -- Symlinking: /home/haoxu/Git/ProyectoRobotica_RoboEntrega/robot/install/my_world/share/my_world//models/elegant_female/model.config
[10.455s] -- Symlinking: /home/haoxu/Git/ProyectoRobotica_RoboEntrega/robot/install/my_world/share/my_world//models/elegant_female/model.sdf
[10.462s] -- Symlinking: /home/haoxu/Git/ProyectoRobotica_RoboEntrega/robot/install/my_world/share/my_world//models/elegant_female2/materials/textures/braid01_diffuse.png
[10.467s] -- Symlinking: /home/haoxu/Git/ProyectoRobotica_RoboEntrega/robot/install/my_world/share/my_world//models/elegant_female2/materials/textures/brown_eye.png
[10.473s] -- Symlinking: /home/haoxu/Git/ProyectoRobotica_RoboEntrega/robot/install/my_world/share/my_world//models/elegant_female2/materials/textures/eyebrow003.png
[10.480s] -- Symlinking: /home/haoxu/Git/ProyectoRobotica_RoboEntrega/robot/install/my_world/share/my_world//models/elegant_female2/materials/textures/eyelashes01.png
[10.487s] -- Symlinking: /home/haoxu/Git/ProyectoRobotica_RoboEntrega/robot/install/my_world/share/my_world//models/elegant_female2/materials/textures/female_elegantsuit01_diffuse.png
[10.493s] -- Symlinking: /home/haoxu/Git/ProyectoRobotica_RoboEntrega/robot/install/my_world/share/my_world//models/elegant_female2/materials/textures/female_elegantsuit01_normal.png
[10.499s] -- Symlinking: /home/haoxu/Git/ProyectoRobotica_RoboEntrega/robot/install/my_world/share/my_world//models/elegant_female2/materials/textures/shoes03_diffuse.png
[10.505s] -- Symlinking: /home/haoxu/Git/ProyectoRobotica_RoboEntrega/robot/install/my_world/share/my_world//models/elegant_female2/materials/textures/young_darkskinned_female_diffuse.png
[10.512s] -- Symlinking: /home/haoxu/Git/ProyectoRobotica_RoboEntrega/robot/install/my_world/share/my_world//models/elegant_female2/meshes/elegant_female2.dae
[10.517s] -- Symlinking: /home/haoxu/Git/ProyectoRobotica_RoboEntrega/robot/install/my_world/share/my_world//models/elegant_female2/meshes/elegant_female2.png
[10.523s] -- Symlinking: /home/haoxu/Git/ProyectoRobotica_RoboEntrega/robot/install/my_world/share/my_world//models/elegant_female2/model.config
[10.531s] -- Symlinking: /home/haoxu/Git/ProyectoRobotica_RoboEntrega/robot/install/my_world/share/my_world//models/elegant_female2/model.sdf
[10.537s] -- Symlinking: /home/haoxu/Git/ProyectoRobotica_RoboEntrega/robot/install/my_world/share/my_world//models/elegant_male/materials/textures/brown_eye.png
[10.544s] -- Symlinking: /home/haoxu/Git/ProyectoRobotica_RoboEntrega/robot/install/my_world/share/my_world//models/elegant_male/materials/textures/eyebrow005.png
[10.550s] -- Symlinking: /home/haoxu/Git/ProyectoRobotica_RoboEntrega/robot/install/my_world/share/my_world//models/elegant_male/materials/textures/male_elegantsuit01_diffuse.png
[10.556s] -- Symlinking: /home/haoxu/Git/ProyectoRobotica_RoboEntrega/robot/install/my_world/share/my_world//models/elegant_male/materials/textures/shoes01_diffuse.png
[10.562s] -- Symlinking: /home/haoxu/Git/ProyectoRobotica_RoboEntrega/robot/install/my_world/share/my_world//models/elegant_male/materials/textures/shoes01_normal.png
[10.568s] -- Symlinking: /home/haoxu/Git/ProyectoRobotica_RoboEntrega/robot/install/my_world/share/my_world//models/elegant_male/materials/textures/short01_diffuse.png
[10.574s] -- Symlinking: /home/haoxu/Git/ProyectoRobotica_RoboEntrega/robot/install/my_world/share/my_world//models/elegant_male/materials/textures/young_lightskinned_male_diffuse3.png
[10.581s] -- Symlinking: /home/haoxu/Git/ProyectoRobotica_RoboEntrega/robot/install/my_world/share/my_world//models/elegant_male/meshes/elegant_male.dae
[10.587s] -- Symlinking: /home/haoxu/Git/ProyectoRobotica_RoboEntrega/robot/install/my_world/share/my_world//models/elegant_male/meshes/elegant_male.png
[10.593s] -- Symlinking: /home/haoxu/Git/ProyectoRobotica_RoboEntrega/robot/install/my_world/share/my_world//models/elegant_male/model.config
[10.598s] -- Symlinking: /home/haoxu/Git/ProyectoRobotica_RoboEntrega/robot/install/my_world/share/my_world//models/elegant_male/model.sdf
[10.605s] -- Symlinking: /home/haoxu/Git/ProyectoRobotica_RoboEntrega/robot/install/my_world/share/my_world//models/hangout_chair/materials/textures/hangout_chair.png
[10.611s] -- Symlinking: /home/haoxu/Git/ProyectoRobotica_RoboEntrega/robot/install/my_world/share/my_world//models/hangout_chair/meshes/hangout_chair.mtl
[10.616s] -- Symlinking: /home/haoxu/Git/ProyectoRobotica_RoboEntrega/robot/install/my_world/share/my_world//models/hangout_chair/meshes/hangout_chair.obj
[10.623s] -- Symlinking: /home/haoxu/Git/ProyectoRobotica_RoboEntrega/robot/install/my_world/share/my_world//models/hangout_chair/model.config
[10.629s] -- Symlinking: /home/haoxu/Git/ProyectoRobotica_RoboEntrega/robot/install/my_world/share/my_world//models/hangout_chair/model.sdf
[10.635s] -- Symlinking: /home/haoxu/Git/ProyectoRobotica_RoboEntrega/robot/install/my_world/share/my_world//models/media/materials/scripts/servicesim.material
[10.642s] -- Symlinking: /home/haoxu/Git/ProyectoRobotica_RoboEntrega/robot/install/my_world/share/my_world//models/media/materials/textures/bathroom.png
[10.647s] -- Symlinking: /home/haoxu/Git/ProyectoRobotica_RoboEntrega/robot/install/my_world/share/my_world//models/media/materials/textures/ceiling.png
[10.653s] -- Symlinking: /home/haoxu/Git/ProyectoRobotica_RoboEntrega/robot/install/my_world/share/my_world//models/media/materials/textures/cubicle_wall.png
[10.659s] -- Symlinking: /home/haoxu/Git/ProyectoRobotica_RoboEntrega/robot/install/my_world/share/my_world//models/media/materials/textures/door_wall.png
[10.665s] -- Symlinking: /home/haoxu/Git/ProyectoRobotica_RoboEntrega/robot/install/my_world/share/my_world//models/media/materials/textures/elevator.png
[10.671s] -- Symlinking: /home/haoxu/Git/ProyectoRobotica_RoboEntrega/robot/install/my_world/share/my_world//models/media/materials/textures/floors.png
[10.677s] -- Symlinking: /home/haoxu/Git/ProyectoRobotica_RoboEntrega/robot/install/my_world/share/my_world//models/media/materials/textures/hallway.png
[10.683s] -- Symlinking: /home/haoxu/Git/ProyectoRobotica_RoboEntrega/robot/install/my_world/share/my_world//models/media/materials/textures/plain.png
[10.689s] -- Symlinking: /home/haoxu/Git/ProyectoRobotica_RoboEntrega/robot/install/my_world/share/my_world//models/media/materials/textures/sink.png
[10.695s] -- Symlinking: /home/haoxu/Git/ProyectoRobotica_RoboEntrega/robot/install/my_world/share/my_world//models/media/materials/textures/wall_color.png
[10.700s] -- Symlinking: /home/haoxu/Git/ProyectoRobotica_RoboEntrega/robot/install/my_world/share/my_world//models/media/materials/textures/wall_plain_and_door.png
[10.706s] -- Symlinking: /home/haoxu/Git/ProyectoRobotica_RoboEntrega/robot/install/my_world/share/my_world//models/media/materials/textures/wall_window_and_elevator.png
[10.712s] -- Symlinking: /home/haoxu/Git/ProyectoRobotica_RoboEntrega/robot/install/my_world/share/my_world//models/media/materials/textures/window.png
[10.717s] -- Symlinking: /home/haoxu/Git/ProyectoRobotica_RoboEntrega/robot/install/my_world/share/my_world//models/media/meshes/bathroom.obj
[10.724s] -- Symlinking: /home/haoxu/Git/ProyectoRobotica_RoboEntrega/robot/install/my_world/share/my_world//models/media/meshes/carpet.obj
[10.730s] -- Symlinking: /home/haoxu/Git/ProyectoRobotica_RoboEntrega/robot/install/my_world/share/my_world//models/media/meshes/ceiling.obj
[10.737s] -- Symlinking: /home/haoxu/Git/ProyectoRobotica_RoboEntrega/robot/install/my_world/share/my_world//models/media/meshes/cubicle_wall.mtl
[10.743s] -- Symlinking: /home/haoxu/Git/ProyectoRobotica_RoboEntrega/robot/install/my_world/share/my_world//models/media/meshes/cubicle_wall.obj
[10.749s] -- Symlinking: /home/haoxu/Git/ProyectoRobotica_RoboEntrega/robot/install/my_world/share/my_world//models/media/meshes/hallway.obj
[10.755s] -- Symlinking: /home/haoxu/Git/ProyectoRobotica_RoboEntrega/robot/install/my_world/share/my_world//models/media/meshes/meeting_room_large.obj
[10.761s] -- Symlinking: /home/haoxu/Git/ProyectoRobotica_RoboEntrega/robot/install/my_world/share/my_world//models/media/meshes/meeting_room_small.obj
[10.768s] -- Symlinking: /home/haoxu/Git/ProyectoRobotica_RoboEntrega/robot/install/my_world/share/my_world//models/media/meshes/office.mtl
[10.774s] -- Symlinking: /home/haoxu/Git/ProyectoRobotica_RoboEntrega/robot/install/my_world/share/my_world//models/media/meshes/office_large.obj
[10.781s] -- Symlinking: /home/haoxu/Git/ProyectoRobotica_RoboEntrega/robot/install/my_world/share/my_world//models/media/meshes/office_small.obj
[10.786s] -- Symlinking: /home/haoxu/Git/ProyectoRobotica_RoboEntrega/robot/install/my_world/share/my_world//models/media/meshes/reception.obj
[10.793s] -- Symlinking: /home/haoxu/Git/ProyectoRobotica_RoboEntrega/robot/install/my_world/share/my_world//models/media/meshes/refreshment_area.obj
[10.799s] -- Symlinking: /home/haoxu/Git/ProyectoRobotica_RoboEntrega/robot/install/my_world/share/my_world//models/media/meshes/sink.obj
[10.805s] -- Symlinking: /home/haoxu/Git/ProyectoRobotica_RoboEntrega/robot/install/my_world/share/my_world//models/media/meshes/tile.obj
[10.811s] -- Symlinking: /home/haoxu/Git/ProyectoRobotica_RoboEntrega/robot/install/my_world/share/my_world//models/media/meshes/wall_door.obj
[10.817s] -- Symlinking: /home/haoxu/Git/ProyectoRobotica_RoboEntrega/robot/install/my_world/share/my_world//models/media/meshes/wall_elevator.obj
[10.823s] -- Symlinking: /home/haoxu/Git/ProyectoRobotica_RoboEntrega/robot/install/my_world/share/my_world//models/media/meshes/wall_plain.obj
[10.829s] -- Symlinking: /home/haoxu/Git/ProyectoRobotica_RoboEntrega/robot/install/my_world/share/my_world//models/media/meshes/wall_window.obj
[10.836s] -- Symlinking: /home/haoxu/Git/ProyectoRobotica_RoboEntrega/robot/install/my_world/share/my_world//models/meshes/arm_base.stl
[10.842s] -- Symlinking: /home/haoxu/Git/ProyectoRobotica_RoboEntrega/robot/install/my_world/share/my_world//models/meshes/bicep.stl
[10.849s] -- Symlinking: /home/haoxu/Git/ProyectoRobotica_RoboEntrega/robot/install/my_world/share/my_world//models/meshes/cafe/walk.dae
[10.856s] -- Symlinking: /home/haoxu/Git/ProyectoRobotica_RoboEntrega/robot/install/my_world/share/my_world//models/meshes/elbow.stl
[10.861s] -- Symlinking: /home/haoxu/Git/ProyectoRobotica_RoboEntrega/robot/install/my_world/share/my_world//models/meshes/office/bathroom.obj
[10.870s] -- Symlinking: /home/haoxu/Git/ProyectoRobotica_RoboEntrega/robot/install/my_world/share/my_world//models/meshes/office/carpet.obj
[10.878s] -- Symlinking: /home/haoxu/Git/ProyectoRobotica_RoboEntrega/robot/install/my_world/share/my_world//models/meshes/office/ceiling.obj
[10.884s] -- Symlinking: /home/haoxu/Git/ProyectoRobotica_RoboEntrega/robot/install/my_world/share/my_world//models/meshes/office/cubicle_wall.mtl
[10.890s] -- Symlinking: /home/haoxu/Git/ProyectoRobotica_RoboEntrega/robot/install/my_world/share/my_world//models/meshes/office/cubicle_wall.obj
[10.897s] -- Symlinking: /home/haoxu/Git/ProyectoRobotica_RoboEntrega/robot/install/my_world/share/my_world//models/meshes/office/hallway.obj
[10.904s] -- Symlinking: /home/haoxu/Git/ProyectoRobotica_RoboEntrega/robot/install/my_world/share/my_world//models/meshes/office/meeting_room_large.obj
[10.910s] -- Symlinking: /home/haoxu/Git/ProyectoRobotica_RoboEntrega/robot/install/my_world/share/my_world//models/meshes/office/meeting_room_small.obj
[10.916s] -- Symlinking: /home/haoxu/Git/ProyectoRobotica_RoboEntrega/robot/install/my_world/share/my_world//models/meshes/office/office.mtl
[10.922s] -- Symlinking: /home/haoxu/Git/ProyectoRobotica_RoboEntrega/robot/install/my_world/share/my_world//models/meshes/office/office_large.obj
[10.929s] -- Symlinking: /home/haoxu/Git/ProyectoRobotica_RoboEntrega/robot/install/my_world/share/my_world//models/meshes/office/office_small.obj
[10.935s] -- Symlinking: /home/haoxu/Git/ProyectoRobotica_RoboEntrega/robot/install/my_world/share/my_world//models/meshes/office/reception.obj
[10.942s] -- Symlinking: /home/haoxu/Git/ProyectoRobotica_RoboEntrega/robot/install/my_world/share/my_world//models/meshes/office/refreshment_area.obj
[10.948s] -- Symlinking: /home/haoxu/Git/ProyectoRobotica_RoboEntrega/robot/install/my_world/share/my_world//models/meshes/office/sink.obj
[10.954s] -- Symlinking: /home/haoxu/Git/ProyectoRobotica_RoboEntrega/robot/install/my_world/share/my_world//models/meshes/office/tile.obj
[10.961s] -- Symlinking: /home/haoxu/Git/ProyectoRobotica_RoboEntrega/robot/install/my_world/share/my_world//models/meshes/office/wall_door.obj
[10.967s] -- Symlinking: /home/haoxu/Git/ProyectoRobotica_RoboEntrega/robot/install/my_world/share/my_world//models/meshes/office/wall_elevator.obj
[10.973s] -- Symlinking: /home/haoxu/Git/ProyectoRobotica_RoboEntrega/robot/install/my_world/share/my_world//models/meshes/office/wall_plain.obj
[10.980s] -- Symlinking: /home/haoxu/Git/ProyectoRobotica_RoboEntrega/robot/install/my_world/share/my_world//models/meshes/office/wall_window.obj
[10.986s] -- Symlinking: /home/haoxu/Git/ProyectoRobotica_RoboEntrega/robot/install/my_world/share/my_world//models/meshes/robot_base.stl
[10.992s] -- Symlinking: /home/haoxu/Git/ProyectoRobotica_RoboEntrega/robot/install/my_world/share/my_world//models/meshes/wheel.stl
[10.999s] -- Symlinking: /home/haoxu/Git/ProyectoRobotica_RoboEntrega/robot/install/my_world/share/my_world//models/meshes/wrist.stl
[11.004s] -- Symlinking: /home/haoxu/Git/ProyectoRobotica_RoboEntrega/robot/install/my_world/share/my_world//models/microwave/materials/textures/microwave.png
[11.010s] -- Symlinking: /home/haoxu/Git/ProyectoRobotica_RoboEntrega/robot/install/my_world/share/my_world//models/microwave/meshes/microwave.mtl
[11.017s] -- Symlinking: /home/haoxu/Git/ProyectoRobotica_RoboEntrega/robot/install/my_world/share/my_world//models/microwave/meshes/microwave.obj
[11.023s] -- Symlinking: /home/haoxu/Git/ProyectoRobotica_RoboEntrega/robot/install/my_world/share/my_world//models/microwave/model.config
[11.029s] -- Symlinking: /home/haoxu/Git/ProyectoRobotica_RoboEntrega/robot/install/my_world/share/my_world//models/microwave/model.sdf
[11.035s] -- Symlinking: /home/haoxu/Git/ProyectoRobotica_RoboEntrega/robot/install/my_world/share/my_world//models/mini_fridge/materials/textures/mini_fridge.png
[11.041s] -- Symlinking: /home/haoxu/Git/ProyectoRobotica_RoboEntrega/robot/install/my_world/share/my_world//models/mini_fridge/meshes/mini_fridge.mtl
[11.047s] -- Symlinking: /home/haoxu/Git/ProyectoRobotica_RoboEntrega/robot/install/my_world/share/my_world//models/mini_fridge/meshes/mini_fridge.obj
[11.054s] -- Symlinking: /home/haoxu/Git/ProyectoRobotica_RoboEntrega/robot/install/my_world/share/my_world//models/mini_fridge/model.config
[11.059s] -- Symlinking: /home/haoxu/Git/ProyectoRobotica_RoboEntrega/robot/install/my_world/share/my_world//models/mini_fridge/model.sdf
[11.066s] -- Symlinking: /home/haoxu/Git/ProyectoRobotica_RoboEntrega/robot/install/my_world/share/my_world//models/office_box/materials/textures/office_box.png
[11.072s] -- Symlinking: /home/haoxu/Git/ProyectoRobotica_RoboEntrega/robot/install/my_world/share/my_world//models/office_box/meshes/office_box.dae
[11.078s] -- Symlinking: /home/haoxu/Git/ProyectoRobotica_RoboEntrega/robot/install/my_world/share/my_world//models/office_box/model.config
[11.084s] -- Symlinking: /home/haoxu/Git/ProyectoRobotica_RoboEntrega/robot/install/my_world/share/my_world//models/office_box/model.sdf
[11.090s] -- Symlinking: /home/haoxu/Git/ProyectoRobotica_RoboEntrega/robot/install/my_world/share/my_world//models/office_cafe_table/materials/textures/Maple.jpg
[11.096s] -- Symlinking: /home/haoxu/Git/ProyectoRobotica_RoboEntrega/robot/install/my_world/share/my_world//models/office_cafe_table/materials/textures/Wood_Floor_Dark.jpg
[11.102s] -- Symlinking: /home/haoxu/Git/ProyectoRobotica_RoboEntrega/robot/install/my_world/share/my_world//models/office_cafe_table/meshes/office_cafe_table.dae
[11.108s] -- Symlinking: /home/haoxu/Git/ProyectoRobotica_RoboEntrega/robot/install/my_world/share/my_world//models/office_cafe_table/model.config
[11.115s] -- Symlinking: /home/haoxu/Git/ProyectoRobotica_RoboEntrega/robot/install/my_world/share/my_world//models/office_cafe_table/model.sdf
[11.121s] -- Symlinking: /home/haoxu/Git/ProyectoRobotica_RoboEntrega/robot/install/my_world/share/my_world//models/office_chair/materials/textures/office_chair_diffuse.png
[11.127s] -- Symlinking: /home/haoxu/Git/ProyectoRobotica_RoboEntrega/robot/install/my_world/share/my_world//models/office_chair/materials/textures/office_chair_specular.png
[11.133s] -- Symlinking: /home/haoxu/Git/ProyectoRobotica_RoboEntrega/robot/install/my_world/share/my_world//models/office_chair/meshes/office_chair.dae
[11.139s] -- Symlinking: /home/haoxu/Git/ProyectoRobotica_RoboEntrega/robot/install/my_world/share/my_world//models/office_chair/model.config
[11.145s] -- Symlinking: /home/haoxu/Git/ProyectoRobotica_RoboEntrega/robot/install/my_world/share/my_world//models/office_chair/model.sdf
[11.151s] -- Symlinking: /home/haoxu/Git/ProyectoRobotica_RoboEntrega/robot/install/my_world/share/my_world//models/office_couch/materials/textures/office_couch_diffuse.png
[11.157s] -- Symlinking: /home/haoxu/Git/ProyectoRobotica_RoboEntrega/robot/install/my_world/share/my_world//models/office_couch/materials/textures/office_couch_specular.png
[11.163s] -- Symlinking: /home/haoxu/Git/ProyectoRobotica_RoboEntrega/robot/install/my_world/share/my_world//models/office_couch/meshes/office_couch.dae
[11.169s] -- Symlinking: /home/haoxu/Git/ProyectoRobotica_RoboEntrega/robot/install/my_world/share/my_world//models/office_couch/model.config
[11.177s] -- Symlinking: /home/haoxu/Git/ProyectoRobotica_RoboEntrega/robot/install/my_world/share/my_world//models/office_couch/model.sdf
[11.183s] -- Symlinking: /home/haoxu/Git/ProyectoRobotica_RoboEntrega/robot/install/my_world/share/my_world//models/office_desk/materials/textures/office_desk_diffuse.png
[11.190s] -- Symlinking: /home/haoxu/Git/ProyectoRobotica_RoboEntrega/robot/install/my_world/share/my_world//models/office_desk/materials/textures/office_desk_specular.png
[11.195s] -- Symlinking: /home/haoxu/Git/ProyectoRobotica_RoboEntrega/robot/install/my_world/share/my_world//models/office_desk/meshes/office_desk.dae
[11.201s] -- Symlinking: /home/haoxu/Git/ProyectoRobotica_RoboEntrega/robot/install/my_world/share/my_world//models/office_desk/model.config
[11.207s] -- Symlinking: /home/haoxu/Git/ProyectoRobotica_RoboEntrega/robot/install/my_world/share/my_world//models/office_desk/model.sdf
[11.213s] -- Symlinking: /home/haoxu/Git/ProyectoRobotica_RoboEntrega/robot/install/my_world/share/my_world//models/office_lamp/materials/textures/office_lamp_diffuse.png
[11.220s] -- Symlinking: /home/haoxu/Git/ProyectoRobotica_RoboEntrega/robot/install/my_world/share/my_world//models/office_lamp/materials/textures/office_lamp_illumination.png
[11.225s] -- Symlinking: /home/haoxu/Git/ProyectoRobotica_RoboEntrega/robot/install/my_world/share/my_world//models/office_lamp/materials/textures/office_lamp_specular.png
[11.231s] -- Symlinking: /home/haoxu/Git/ProyectoRobotica_RoboEntrega/robot/install/my_world/share/my_world//models/office_lamp/meshes/office_lamp.dae
[11.237s] -- Symlinking: /home/haoxu/Git/ProyectoRobotica_RoboEntrega/robot/install/my_world/share/my_world//models/office_lamp/model.config
[11.244s] -- Symlinking: /home/haoxu/Git/ProyectoRobotica_RoboEntrega/robot/install/my_world/share/my_world//models/office_lamp/model.sdf
[11.250s] -- Symlinking: /home/haoxu/Git/ProyectoRobotica_RoboEntrega/robot/install/my_world/share/my_world//models/office_table/materials/textures/office_table_diffuse.png
[11.256s] -- Symlinking: /home/haoxu/Git/ProyectoRobotica_RoboEntrega/robot/install/my_world/share/my_world//models/office_table/materials/textures/office_table_specular.png
[11.262s] -- Symlinking: /home/haoxu/Git/ProyectoRobotica_RoboEntrega/robot/install/my_world/share/my_world//models/office_table/meshes/office_table.dae
[11.268s] -- Symlinking: /home/haoxu/Git/ProyectoRobotica_RoboEntrega/robot/install/my_world/share/my_world//models/office_table/model.config
[11.276s] -- Symlinking: /home/haoxu/Git/ProyectoRobotica_RoboEntrega/robot/install/my_world/share/my_world//models/office_table/model.sdf
[11.283s] -- Symlinking: /home/haoxu/Git/ProyectoRobotica_RoboEntrega/robot/install/my_world/share/my_world//models/reception_desk/materials/textures/reception_desk.png
[11.289s] -- Symlinking: /home/haoxu/Git/ProyectoRobotica_RoboEntrega/robot/install/my_world/share/my_world//models/reception_desk/meshes/reception_desk.mtl
[11.295s] -- Symlinking: /home/haoxu/Git/ProyectoRobotica_RoboEntrega/robot/install/my_world/share/my_world//models/reception_desk/meshes/reception_desk.obj
[11.301s] -- Symlinking: /home/haoxu/Git/ProyectoRobotica_RoboEntrega/robot/install/my_world/share/my_world//models/reception_desk/model.config
[11.308s] -- Symlinking: /home/haoxu/Git/ProyectoRobotica_RoboEntrega/robot/install/my_world/share/my_world//models/reception_desk/model.sdf
[11.314s] -- Symlinking: /home/haoxu/Git/ProyectoRobotica_RoboEntrega/robot/install/my_world/share/my_world//models/refrigerator/materials/textures/refrigerator.png
[11.320s] -- Symlinking: /home/haoxu/Git/ProyectoRobotica_RoboEntrega/robot/install/my_world/share/my_world//models/refrigerator/meshes/refrigerator.mtl
[11.326s] -- Symlinking: /home/haoxu/Git/ProyectoRobotica_RoboEntrega/robot/install/my_world/share/my_world//models/refrigerator/meshes/refrigerator.obj
[11.332s] -- Symlinking: /home/haoxu/Git/ProyectoRobotica_RoboEntrega/robot/install/my_world/share/my_world//models/refrigerator/model.config
[11.338s] -- Symlinking: /home/haoxu/Git/ProyectoRobotica_RoboEntrega/robot/install/my_world/share/my_world//models/refrigerator/model.sdf
[11.345s] -- Symlinking: /home/haoxu/Git/ProyectoRobotica_RoboEntrega/robot/install/my_world/share/my_world//models/servicebot/materials/textures/servicebot.png
[11.351s] -- Symlinking: /home/haoxu/Git/ProyectoRobotica_RoboEntrega/robot/install/my_world/share/my_world//models/servicebot/meshes/servicebot.mtl
[11.357s] -- Symlinking: /home/haoxu/Git/ProyectoRobotica_RoboEntrega/robot/install/my_world/share/my_world//models/servicebot/meshes/servicebot.obj
[11.363s] -- Symlinking: /home/haoxu/Git/ProyectoRobotica_RoboEntrega/robot/install/my_world/share/my_world//models/servicebot/model.config
[11.369s] -- Symlinking: /home/haoxu/Git/ProyectoRobotica_RoboEntrega/robot/install/my_world/share/my_world//models/servicebot/model.sdf
[11.376s] -- Symlinking: /home/haoxu/Git/ProyectoRobotica_RoboEntrega/robot/install/my_world/share/my_world//models/toilet/materials/textures/toilet_diffuse_specular.png
[11.382s] -- Symlinking: /home/haoxu/Git/ProyectoRobotica_RoboEntrega/robot/install/my_world/share/my_world//models/toilet/meshes/toilet.dae
[11.389s] -- Symlinking: /home/haoxu/Git/ProyectoRobotica_RoboEntrega/robot/install/my_world/share/my_world//models/toilet/model.config
[11.395s] -- Symlinking: /home/haoxu/Git/ProyectoRobotica_RoboEntrega/robot/install/my_world/share/my_world//models/toilet/model.sdf
[11.401s] -- Symlinking: /home/haoxu/Git/ProyectoRobotica_RoboEntrega/robot/install/my_world/share/my_world//models/turtlebot3_burger/meshes/burger_base.dae
[11.408s] -- Symlinking: /home/haoxu/Git/ProyectoRobotica_RoboEntrega/robot/install/my_world/share/my_world//models/turtlebot3_burger/meshes/lds.dae
[11.414s] -- Symlinking: /home/haoxu/Git/ProyectoRobotica_RoboEntrega/robot/install/my_world/share/my_world//models/turtlebot3_burger/meshes/tire.dae
[11.420s] -- Symlinking: /home/haoxu/Git/ProyectoRobotica_RoboEntrega/robot/install/my_world/share/my_world//models/turtlebot3_burger/model-1_4.sdf
[11.426s] -- Symlinking: /home/haoxu/Git/ProyectoRobotica_RoboEntrega/robot/install/my_world/share/my_world//models/turtlebot3_burger/model.config
[11.432s] -- Symlinking: /home/haoxu/Git/ProyectoRobotica_RoboEntrega/robot/install/my_world/share/my_world//models/turtlebot3_burger/model.sdf
[11.438s] -- Symlinking: /home/haoxu/Git/ProyectoRobotica_RoboEntrega/robot/install/my_world/share/my_world//models/turtlebot3_burger_pi/meshes/burger_base.dae
[11.444s] -- Symlinking: /home/haoxu/Git/ProyectoRobotica_RoboEntrega/robot/install/my_world/share/my_world//models/turtlebot3_burger_pi/meshes/lds.dae
[11.450s] -- Symlinking: /home/haoxu/Git/ProyectoRobotica_RoboEntrega/robot/install/my_world/share/my_world//models/turtlebot3_burger_pi/meshes/tire.dae
[11.456s] -- Symlinking: /home/haoxu/Git/ProyectoRobotica_RoboEntrega/robot/install/my_world/share/my_world//models/turtlebot3_burger_pi/model-1_4.sdf
[11.461s] -- Symlinking: /home/haoxu/Git/ProyectoRobotica_RoboEntrega/robot/install/my_world/share/my_world//models/turtlebot3_burger_pi/model.config
[11.467s] -- Symlinking: /home/haoxu/Git/ProyectoRobotica_RoboEntrega/robot/install/my_world/share/my_world//models/turtlebot3_burger_pi/model.sdf
[11.473s] -- Symlinking: /home/haoxu/Git/ProyectoRobotica_RoboEntrega/robot/install/my_world/share/my_world//models/tv_stand/materials/textures/stand_diffuse.png
[11.480s] -- Symlinking: /home/haoxu/Git/ProyectoRobotica_RoboEntrega/robot/install/my_world/share/my_world//models/tv_stand/materials/textures/stand_specular.png
[11.486s] -- Symlinking: /home/haoxu/Git/ProyectoRobotica_RoboEntrega/robot/install/my_world/share/my_world//models/tv_stand/materials/textures/tv_diffuse.png
[11.493s] -- Symlinking: /home/haoxu/Git/ProyectoRobotica_RoboEntrega/robot/install/my_world/share/my_world//models/tv_stand/materials/textures/tv_specular.png
[11.499s] -- Symlinking: /home/haoxu/Git/ProyectoRobotica_RoboEntrega/robot/install/my_world/share/my_world//models/tv_stand/meshes/tv_stand.dae
[11.506s] -- Symlinking: /home/haoxu/Git/ProyectoRobotica_RoboEntrega/robot/install/my_world/share/my_world//models/tv_stand/model.config
[11.511s] -- Symlinking: /home/haoxu/Git/ProyectoRobotica_RoboEntrega/robot/install/my_world/share/my_world//models/tv_stand/model.sdf
[11.517s] -- Symlinking: /home/haoxu/Git/ProyectoRobotica_RoboEntrega/robot/install/my_world/share/my_world//models/wastebasket/materials/textures/wastebasket_diffuse.png
[11.524s] -- Symlinking: /home/haoxu/Git/ProyectoRobotica_RoboEntrega/robot/install/my_world/share/my_world//models/wastebasket/meshes/wastebasket.dae
[11.530s] -- Symlinking: /home/haoxu/Git/ProyectoRobotica_RoboEntrega/robot/install/my_world/share/my_world//models/wastebasket/model.config
[11.537s] -- Symlinking: /home/haoxu/Git/ProyectoRobotica_RoboEntrega/robot/install/my_world/share/my_world//models/wastebasket/model.sdf
[11.543s] -- Symlinking: /home/haoxu/Git/ProyectoRobotica_RoboEntrega/robot/install/my_world/share/my_world//models/whiteboard/materials/textures/whiteboard.png
[11.549s] -- Symlinking: /home/haoxu/Git/ProyectoRobotica_RoboEntrega/robot/install/my_world/share/my_world//models/whiteboard/meshes/whiteboard.mtl
[11.555s] -- Symlinking: /home/haoxu/Git/ProyectoRobotica_RoboEntrega/robot/install/my_world/share/my_world//models/whiteboard/meshes/whiteboard.obj
[11.561s] -- Symlinking: /home/haoxu/Git/ProyectoRobotica_RoboEntrega/robot/install/my_world/share/my_world//models/whiteboard/model.config
[11.567s] -- Symlinking: /home/haoxu/Git/ProyectoRobotica_RoboEntrega/robot/install/my_world/share/my_world//models/whiteboard/model.sdf
[11.573s] -- Symlinking: /home/haoxu/Git/ProyectoRobotica_RoboEntrega/robot/install/my_world/share/my_world//world/burger_office.world
[11.580s] -- Symlinking: /home/haoxu/Git/ProyectoRobotica_RoboEntrega/robot/install/my_world/share/my_world//urdf/turtlebot3_burger.urdf
[11.586s] -- Symlinking: /home/haoxu/Git/ProyectoRobotica_RoboEntrega/robot/install/my_world/share/my_world//urdf/turtlebot3_burger_pi.urdf
[11.593s] -- Symlinking: /home/haoxu/Git/ProyectoRobotica_RoboEntrega/robot/install/my_world/share/ament_index/resource_index/package_run_dependencies/my_world
[11.599s] -- Symlinking: /home/haoxu/Git/ProyectoRobotica_RoboEntrega/robot/install/my_world/share/ament_index/resource_index/parent_prefix_path/my_world
[11.606s] -- Symlinking: /home/haoxu/Git/ProyectoRobotica_RoboEntrega/robot/install/my_world/share/my_world/environment/ament_prefix_path.sh
[11.613s] -- Symlinking: /home/haoxu/Git/ProyectoRobotica_RoboEntrega/robot/install/my_world/share/my_world/environment/ament_prefix_path.dsv
[11.619s] -- Symlinking: /home/haoxu/Git/ProyectoRobotica_RoboEntrega/robot/install/my_world/share/my_world/environment/path.sh
[11.625s] -- Symlinking: /home/haoxu/Git/ProyectoRobotica_RoboEntrega/robot/install/my_world/share/my_world/environment/path.dsv
[11.631s] -- Symlinking: /home/haoxu/Git/ProyectoRobotica_RoboEntrega/robot/install/my_world/share/my_world/local_setup.bash
[11.637s] -- Symlinking: /home/haoxu/Git/ProyectoRobotica_RoboEntrega/robot/install/my_world/share/my_world/local_setup.sh
[11.644s] -- Symlinking: /home/haoxu/Git/ProyectoRobotica_RoboEntrega/robot/install/my_world/share/my_world/local_setup.zsh
[11.651s] -- Symlinking: /home/haoxu/Git/ProyectoRobotica_RoboEntrega/robot/install/my_world/share/my_world/local_setup.dsv
[11.657s] -- Symlinking: /home/haoxu/Git/ProyectoRobotica_RoboEntrega/robot/install/my_world/share/my_world/package.dsv
[11.663s] -- Symlinking: /home/haoxu/Git/ProyectoRobotica_RoboEntrega/robot/install/my_world/share/ament_index/resource_index/packages/my_world
[11.669s] -- Symlinking: /home/haoxu/Git/ProyectoRobotica_RoboEntrega/robot/install/my_world/share/my_world/cmake/ament_cmake_export_include_directories-extras.cmake
[11.677s] -- Symlinking: /home/haoxu/Git/ProyectoRobotica_RoboEntrega/robot/install/my_world/share/my_world/cmake/ament_cmake_export_dependencies-extras.cmake
[11.685s] -- Symlinking: /home/haoxu/Git/ProyectoRobotica_RoboEntrega/robot/install/my_world/share/my_world/cmake/my_worldConfig.cmake
[11.691s] -- Symlinking: /home/haoxu/Git/ProyectoRobotica_RoboEntrega/robot/install/my_world/share/my_world/cmake/my_worldConfig-version.cmake
[11.697s] -- Symlinking: /home/haoxu/Git/ProyectoRobotica_RoboEntrega/robot/install/my_world/share/my_world/package.xml
[11.704s] Invoked command in '/home/haoxu/Git/ProyectoRobotica_RoboEntrega/robot/build/my_world' returned '0': CMAKE_PREFIX_PATH=${CMAKE_PREFIX_PATH}:/home/haoxu/Git/ProyectoRobotica_RoboEntrega/robot/install/slam:/home/haoxu/Git/ProyectoRobotica_RoboEntrega/robot/install/provide_map:/home/haoxu/Git/ProyectoRobotica_RoboEntrega/robot/install/nav2_system:/opt/ros/galactic /usr/bin/cmake --install /home/haoxu/Git/ProyectoRobotica_RoboEntrega/robot/build/my_world
