[1.639s] DEBUG:colcon:Command line arguments: ['/usr/bin/colcon', 'build']
[1.639s] DEBUG:colcon:Parsed command line arguments: Namespace(allow_overriding=[], ament_cmake_args=None, base_paths=['.'], build_base='build', catkin_cmake_args=None, catkin_skip_building_tests=False, cmake_args=None, cmake_clean_cache=False, cmake_clean_first=False, cmake_force_configure=False, cmake_target=None, cmake_target_skip_unavailable=False, continue_on_error=False, event_handlers=None, executor='parallel', ignore_user_meta=False, install_base='install', log_base=None, log_level=None, main=<bound method BuildVerb.main of <colcon_core.verb.build.BuildVerb object at 0x7fd9cf342640>>, merge_install=False, metas=['./colcon.meta'], packages_above=None, packages_above_and_dependencies=None, packages_above_depth=None, packages_end=None, packages_ignore=None, packages_ignore_regex=None, packages_select=None, packages_select_build_failed=False, packages_select_by_dep=None, packages_select_regex=None, packages_select_test_failures=False, packages_skip=None, packages_skip_build_finished=False, packages_skip_by_dep=None, packages_skip_regex=None, packages_skip_test_passed=False, packages_skip_up_to=None, packages_start=None, packages_up_to=None, packages_up_to_regex=None, parallel_workers=6, paths=None, symlink_install=False, test_result_base=None, verb_extension=<colcon_core.verb.build.BuildVerb object at 0x7fd9cf342640>, verb_name='build', verb_parser=<colcon_defaults.argument_parser.defaults.DefaultArgumentsDecorator object at 0x7fd9cef882e0>)
[1.755s] Level 1:colcon.colcon_core.package_discovery:discover_packages(colcon_meta) check parameters
[1.755s] Level 1:colcon.colcon_core.package_discovery:discover_packages(recursive) check parameters
[1.755s] Level 1:colcon.colcon_core.package_discovery:discover_packages(ignore) check parameters
[1.755s] Level 1:colcon.colcon_core.package_discovery:discover_packages(path) check parameters
[1.755s] Level 1:colcon.colcon_core.package_discovery:discover_packages(colcon_meta) discover
[1.755s] Level 1:colcon.colcon_core.package_discovery:discover_packages(recursive) discover
[1.755s] INFO:colcon.colcon_core.package_discovery:Crawling recursively for packages in '/home/asun/turtlebot3_ws'
[1.755s] Level 1:colcon.colcon_core.package_identification:_identify(.) by extensions ['ignore', 'ignore_ament_install']
[1.755s] Level 1:colcon.colcon_core.package_identification:_identify(.) by extension 'ignore'
[1.755s] Level 1:colcon.colcon_core.package_identification:_identify(.) by extension 'ignore_ament_install'
[1.755s] Level 1:colcon.colcon_core.package_identification:_identify(.) by extensions ['colcon_pkg']
[1.756s] Level 1:colcon.colcon_core.package_identification:_identify(.) by extension 'colcon_pkg'
[1.756s] Level 1:colcon.colcon_core.package_identification:_identify(.) by extensions ['colcon_meta']
[1.756s] Level 1:colcon.colcon_core.package_identification:_identify(.) by extension 'colcon_meta'
[1.756s] Level 1:colcon.colcon_core.package_identification:_identify(.) by extensions ['ros']
[1.756s] Level 1:colcon.colcon_core.package_identification:_identify(.) by extension 'ros'
[1.771s] Level 1:colcon.colcon_core.package_identification:_identify(.) by extensions ['cmake', 'python']
[1.771s] Level 1:colcon.colcon_core.package_identification:_identify(.) by extension 'cmake'
[1.771s] Level 1:colcon.colcon_core.package_identification:_identify(.) by extension 'python'
[1.771s] Level 1:colcon.colcon_core.package_identification:_identify(.) by extensions ['python_setup_py']
[1.771s] Level 1:colcon.colcon_core.package_identification:_identify(.) by extension 'python_setup_py'
[1.771s] Level 1:colcon.colcon_core.package_identification:_identify(build) by extensions ['ignore', 'ignore_ament_install']
[1.772s] Level 1:colcon.colcon_core.package_identification:_identify(build) by extension 'ignore'
[1.772s] Level 1:colcon.colcon_core.package_identification:_identify(build) ignored
[1.772s] Level 1:colcon.colcon_core.package_identification:_identify(install) by extensions ['ignore', 'ignore_ament_install']
[1.772s] Level 1:colcon.colcon_core.package_identification:_identify(install) by extension 'ignore'
[1.772s] Level 1:colcon.colcon_core.package_identification:_identify(install) ignored
[1.772s] Level 1:colcon.colcon_core.package_identification:_identify(log) by extensions ['ignore', 'ignore_ament_install']
[1.772s] Level 1:colcon.colcon_core.package_identification:_identify(log) by extension 'ignore'
[1.772s] Level 1:colcon.colcon_core.package_identification:_identify(log) ignored
[1.772s] Level 1:colcon.colcon_core.package_identification:_identify(src) by extensions ['ignore', 'ignore_ament_install']
[1.772s] Level 1:colcon.colcon_core.package_identification:_identify(src) by extension 'ignore'
[1.772s] Level 1:colcon.colcon_core.package_identification:_identify(src) by extension 'ignore_ament_install'
[1.772s] Level 1:colcon.colcon_core.package_identification:_identify(src) by extensions ['colcon_pkg']
[1.772s] Level 1:colcon.colcon_core.package_identification:_identify(src) by extension 'colcon_pkg'
[1.772s] Level 1:colcon.colcon_core.package_identification:_identify(src) by extensions ['colcon_meta']
[1.772s] Level 1:colcon.colcon_core.package_identification:_identify(src) by extension 'colcon_meta'
[1.772s] Level 1:colcon.colcon_core.package_identification:_identify(src) by extensions ['ros']
[1.772s] Level 1:colcon.colcon_core.package_identification:_identify(src) by extension 'ros'
[1.772s] Level 1:colcon.colcon_core.package_identification:_identify(src) by extensions ['cmake', 'python']
[1.772s] Level 1:colcon.colcon_core.package_identification:_identify(src) by extension 'cmake'
[1.772s] Level 1:colcon.colcon_core.package_identification:_identify(src) by extension 'python'
[1.772s] Level 1:colcon.colcon_core.package_identification:_identify(src) by extensions ['python_setup_py']
[1.772s] Level 1:colcon.colcon_core.package_identification:_identify(src) by extension 'python_setup_py'
[1.772s] Level 1:colcon.colcon_core.package_identification:_identify(src/turtlebot3_simulations) by extensions ['ignore', 'ignore_ament_install']
[1.772s] Level 1:colcon.colcon_core.package_identification:_identify(src/turtlebot3_simulations) by extension 'ignore'
[1.773s] Level 1:colcon.colcon_core.package_identification:_identify(src/turtlebot3_simulations) by extension 'ignore_ament_install'
[1.773s] Level 1:colcon.colcon_core.package_identification:_identify(src/turtlebot3_simulations) by extensions ['colcon_pkg']
[1.773s] Level 1:colcon.colcon_core.package_identification:_identify(src/turtlebot3_simulations) by extension 'colcon_pkg'
[1.773s] Level 1:colcon.colcon_core.package_identification:_identify(src/turtlebot3_simulations) by extensions ['colcon_meta']
[1.773s] Level 1:colcon.colcon_core.package_identification:_identify(src/turtlebot3_simulations) by extension 'colcon_meta'
[1.773s] Level 1:colcon.colcon_core.package_identification:_identify(src/turtlebot3_simulations) by extensions ['ros']
[1.773s] Level 1:colcon.colcon_core.package_identification:_identify(src/turtlebot3_simulations) by extension 'ros'
[1.773s] Level 1:colcon.colcon_core.package_identification:_identify(src/turtlebot3_simulations) by extensions ['cmake', 'python']
[1.773s] Level 1:colcon.colcon_core.package_identification:_identify(src/turtlebot3_simulations) by extension 'cmake'
[1.773s] Level 1:colcon.colcon_core.package_identification:_identify(src/turtlebot3_simulations) by extension 'python'
[1.773s] Level 1:colcon.colcon_core.package_identification:_identify(src/turtlebot3_simulations) by extensions ['python_setup_py']
[1.773s] Level 1:colcon.colcon_core.package_identification:_identify(src/turtlebot3_simulations) by extension 'python_setup_py'
[1.773s] Level 1:colcon.colcon_core.package_identification:_identify(src/turtlebot3_simulations/turtlebot3_fake_node) by extensions ['ignore', 'ignore_ament_install']
[1.773s] Level 1:colcon.colcon_core.package_identification:_identify(src/turtlebot3_simulations/turtlebot3_fake_node) by extension 'ignore'
[1.773s] Level 1:colcon.colcon_core.package_identification:_identify(src/turtlebot3_simulations/turtlebot3_fake_node) by extension 'ignore_ament_install'
[1.773s] Level 1:colcon.colcon_core.package_identification:_identify(src/turtlebot3_simulations/turtlebot3_fake_node) by extensions ['colcon_pkg']
[1.773s] Level 1:colcon.colcon_core.package_identification:_identify(src/turtlebot3_simulations/turtlebot3_fake_node) by extension 'colcon_pkg'
[1.773s] Level 1:colcon.colcon_core.package_identification:_identify(src/turtlebot3_simulations/turtlebot3_fake_node) by extensions ['colcon_meta']
[1.773s] Level 1:colcon.colcon_core.package_identification:_identify(src/turtlebot3_simulations/turtlebot3_fake_node) by extension 'colcon_meta'
[1.773s] Level 1:colcon.colcon_core.package_identification:_identify(src/turtlebot3_simulations/turtlebot3_fake_node) by extensions ['ros']
[1.773s] Level 1:colcon.colcon_core.package_identification:_identify(src/turtlebot3_simulations/turtlebot3_fake_node) by extension 'ros'
[1.778s] DEBUG:colcon.colcon_core.package_identification:Package 'src/turtlebot3_simulations/turtlebot3_fake_node' with type 'ros.ament_cmake' and name 'turtlebot3_fake_node'
[1.778s] Level 1:colcon.colcon_core.package_identification:_identify(src/turtlebot3_simulations/turtlebot3_gazebo) by extensions ['ignore', 'ignore_ament_install']
[1.778s] Level 1:colcon.colcon_core.package_identification:_identify(src/turtlebot3_simulations/turtlebot3_gazebo) by extension 'ignore'
[1.778s] Level 1:colcon.colcon_core.package_identification:_identify(src/turtlebot3_simulations/turtlebot3_gazebo) by extension 'ignore_ament_install'
[1.778s] Level 1:colcon.colcon_core.package_identification:_identify(src/turtlebot3_simulations/turtlebot3_gazebo) by extensions ['colcon_pkg']
[1.778s] Level 1:colcon.colcon_core.package_identification:_identify(src/turtlebot3_simulations/turtlebot3_gazebo) by extension 'colcon_pkg'
[1.778s] Level 1:colcon.colcon_core.package_identification:_identify(src/turtlebot3_simulations/turtlebot3_gazebo) by extensions ['colcon_meta']
[1.778s] Level 1:colcon.colcon_core.package_identification:_identify(src/turtlebot3_simulations/turtlebot3_gazebo) by extension 'colcon_meta'
[1.778s] Level 1:colcon.colcon_core.package_identification:_identify(src/turtlebot3_simulations/turtlebot3_gazebo) by extensions ['ros']
[1.778s] Level 1:colcon.colcon_core.package_identification:_identify(src/turtlebot3_simulations/turtlebot3_gazebo) by extension 'ros'
[1.780s] DEBUG:colcon.colcon_core.package_identification:Package 'src/turtlebot3_simulations/turtlebot3_gazebo' with type 'ros.ament_cmake' and name 'turtlebot3_gazebo'
[1.780s] Level 1:colcon.colcon_core.package_identification:_identify(src/turtlebot3_simulations/turtlebot3_simulations) by extensions ['ignore', 'ignore_ament_install']
[1.780s] Level 1:colcon.colcon_core.package_identification:_identify(src/turtlebot3_simulations/turtlebot3_simulations) by extension 'ignore'
[1.780s] Level 1:colcon.colcon_core.package_identification:_identify(src/turtlebot3_simulations/turtlebot3_simulations) by extension 'ignore_ament_install'
[1.780s] Level 1:colcon.colcon_core.package_identification:_identify(src/turtlebot3_simulations/turtlebot3_simulations) by extensions ['colcon_pkg']
[1.780s] Level 1:colcon.colcon_core.package_identification:_identify(src/turtlebot3_simulations/turtlebot3_simulations) by extension 'colcon_pkg'
[1.780s] Level 1:colcon.colcon_core.package_identification:_identify(src/turtlebot3_simulations/turtlebot3_simulations) by extensions ['colcon_meta']
[1.780s] Level 1:colcon.colcon_core.package_identification:_identify(src/turtlebot3_simulations/turtlebot3_simulations) by extension 'colcon_meta'
[1.780s] Level 1:colcon.colcon_core.package_identification:_identify(src/turtlebot3_simulations/turtlebot3_simulations) by extensions ['ros']
[1.780s] Level 1:colcon.colcon_core.package_identification:_identify(src/turtlebot3_simulations/turtlebot3_simulations) by extension 'ros'
[1.781s] DEBUG:colcon.colcon_core.package_identification:Package 'src/turtlebot3_simulations/turtlebot3_simulations' with type 'ros.ament_cmake' and name 'turtlebot3_simulations'
[1.781s] Level 1:colcon.colcon_core.package_discovery:discover_packages(recursive) using defaults
[1.781s] Level 1:colcon.colcon_core.package_discovery:discover_packages(ignore) discover
[1.781s] Level 1:colcon.colcon_core.package_discovery:discover_packages(ignore) using defaults
[1.781s] Level 1:colcon.colcon_core.package_discovery:discover_packages(path) discover
[1.781s] Level 1:colcon.colcon_core.package_discovery:discover_packages(path) using defaults
[1.927s] Level 1:colcon.colcon_core.package_discovery:discover_packages(prefix_path) check parameters
[1.927s] Level 1:colcon.colcon_core.package_discovery:discover_packages(prefix_path) discover
[1.975s] DEBUG:colcon.colcon_installed_package_information.package_discovery:Found 336 installed packages in /opt/ros/galactic
[1.976s] Level 1:colcon.colcon_core.package_discovery:discover_packages(prefix_path) using defaults
[2.134s] Level 5:colcon.colcon_core.verb:set package 'turtlebot3_fake_node' build argument 'cmake_args' from command line to 'None'
[2.134s] Level 5:colcon.colcon_core.verb:set package 'turtlebot3_fake_node' build argument 'cmake_target' from command line to 'None'
[2.134s] Level 5:colcon.colcon_core.verb:set package 'turtlebot3_fake_node' build argument 'cmake_target_skip_unavailable' from command line to 'False'
[2.134s] Level 5:colcon.colcon_core.verb:set package 'turtlebot3_fake_node' build argument 'cmake_clean_cache' from command line to 'False'
[2.134s] Level 5:colcon.colcon_core.verb:set package 'turtlebot3_fake_node' build argument 'cmake_clean_first' from command line to 'False'
[2.134s] Level 5:colcon.colcon_core.verb:set package 'turtlebot3_fake_node' build argument 'cmake_force_configure' from command line to 'False'
[2.134s] Level 5:colcon.colcon_core.verb:set package 'turtlebot3_fake_node' build argument 'ament_cmake_args' from command line to 'None'
[2.134s] Level 5:colcon.colcon_core.verb:set package 'turtlebot3_fake_node' build argument 'catkin_cmake_args' from command line to 'None'
[2.134s] Level 5:colcon.colcon_core.verb:set package 'turtlebot3_fake_node' build argument 'catkin_skip_building_tests' from command line to 'False'
[2.134s] DEBUG:colcon.colcon_core.verb:Building package 'turtlebot3_fake_node' with the following arguments: {'ament_cmake_args': None, 'build_base': '/home/asun/turtlebot3_ws/build/turtlebot3_fake_node', 'catkin_cmake_args': None, 'catkin_skip_building_tests': False, 'cmake_args': None, 'cmake_clean_cache': False, 'cmake_clean_first': False, 'cmake_force_configure': False, 'cmake_target': None, 'cmake_target_skip_unavailable': False, 'install_base': '/home/asun/turtlebot3_ws/install/turtlebot3_fake_node', 'merge_install': False, 'path': '/home/asun/turtlebot3_ws/src/turtlebot3_simulations/turtlebot3_fake_node', 'symlink_install': False, 'test_result_base': None}
[2.155s] Level 5:colcon.colcon_core.verb:set package 'turtlebot3_gazebo' build argument 'cmake_args' from command line to 'None'
[2.155s] Level 5:colcon.colcon_core.verb:set package 'turtlebot3_gazebo' build argument 'cmake_target' from command line to 'None'
[2.155s] Level 5:colcon.colcon_core.verb:set package 'turtlebot3_gazebo' build argument 'cmake_target_skip_unavailable' from command line to 'False'
[2.155s] Level 5:colcon.colcon_core.verb:set package 'turtlebot3_gazebo' build argument 'cmake_clean_cache' from command line to 'False'
[2.155s] Level 5:colcon.colcon_core.verb:set package 'turtlebot3_gazebo' build argument 'cmake_clean_first' from command line to 'False'
[2.155s] Level 5:colcon.colcon_core.verb:set package 'turtlebot3_gazebo' build argument 'cmake_force_configure' from command line to 'False'
[2.155s] Level 5:colcon.colcon_core.verb:set package 'turtlebot3_gazebo' build argument 'ament_cmake_args' from command line to 'None'
[2.155s] Level 5:colcon.colcon_core.verb:set package 'turtlebot3_gazebo' build argument 'catkin_cmake_args' from command line to 'None'
[2.155s] Level 5:colcon.colcon_core.verb:set package 'turtlebot3_gazebo' build argument 'catkin_skip_building_tests' from command line to 'False'
[2.155s] DEBUG:colcon.colcon_core.verb:Building package 'turtlebot3_gazebo' with the following arguments: {'ament_cmake_args': None, 'build_base': '/home/asun/turtlebot3_ws/build/turtlebot3_gazebo', 'catkin_cmake_args': None, 'catkin_skip_building_tests': False, 'cmake_args': None, 'cmake_clean_cache': False, 'cmake_clean_first': False, 'cmake_force_configure': False, 'cmake_target': None, 'cmake_target_skip_unavailable': False, 'install_base': '/home/asun/turtlebot3_ws/install/turtlebot3_gazebo', 'merge_install': False, 'path': '/home/asun/turtlebot3_ws/src/turtlebot3_simulations/turtlebot3_gazebo', 'symlink_install': False, 'test_result_base': None}
[2.176s] Level 5:colcon.colcon_core.verb:set package 'turtlebot3_simulations' build argument 'cmake_args' from command line to 'None'
[2.176s] Level 5:colcon.colcon_core.verb:set package 'turtlebot3_simulations' build argument 'cmake_target' from command line to 'None'
[2.177s] Level 5:colcon.colcon_core.verb:set package 'turtlebot3_simulations' build argument 'cmake_target_skip_unavailable' from command line to 'False'
[2.177s] Level 5:colcon.colcon_core.verb:set package 'turtlebot3_simulations' build argument 'cmake_clean_cache' from command line to 'False'
[2.177s] Level 5:colcon.colcon_core.verb:set package 'turtlebot3_simulations' build argument 'cmake_clean_first' from command line to 'False'
[2.177s] Level 5:colcon.colcon_core.verb:set package 'turtlebot3_simulations' build argument 'cmake_force_configure' from command line to 'False'
[2.177s] Level 5:colcon.colcon_core.verb:set package 'turtlebot3_simulations' build argument 'ament_cmake_args' from command line to 'None'
[2.177s] Level 5:colcon.colcon_core.verb:set package 'turtlebot3_simulations' build argument 'catkin_cmake_args' from command line to 'None'
[2.177s] Level 5:colcon.colcon_core.verb:set package 'turtlebot3_simulations' build argument 'catkin_skip_building_tests' from command line to 'False'
[2.177s] DEBUG:colcon.colcon_core.verb:Building package 'turtlebot3_simulations' with the following arguments: {'ament_cmake_args': None, 'build_base': '/home/asun/turtlebot3_ws/build/turtlebot3_simulations', 'catkin_cmake_args': None, 'catkin_skip_building_tests': False, 'cmake_args': None, 'cmake_clean_cache': False, 'cmake_clean_first': False, 'cmake_force_configure': False, 'cmake_target': None, 'cmake_target_skip_unavailable': False, 'install_base': '/home/asun/turtlebot3_ws/install/turtlebot3_simulations', 'merge_install': False, 'path': '/home/asun/turtlebot3_ws/src/turtlebot3_simulations/turtlebot3_simulations', 'symlink_install': False, 'test_result_base': None}
[2.197s] INFO:colcon.colcon_core.executor:Executing jobs using 'parallel' executor
[2.220s] DEBUG:colcon.colcon_parallel_executor.executor.parallel:run_until_complete
[2.220s] INFO:colcon.colcon_ros.task.ament_cmake.build:Building ROS package in '/home/asun/turtlebot3_ws/src/turtlebot3_simulations/turtlebot3_fake_node' with build type 'ament_cmake'
[2.220s] INFO:colcon.colcon_cmake.task.cmake.build:Building CMake package in '/home/asun/turtlebot3_ws/src/turtlebot3_simulations/turtlebot3_fake_node'
[2.259s] INFO:colcon.colcon_core.plugin_system:Skipping extension 'colcon_core.shell.bat': Not used on non-Windows systems
[2.259s] INFO:colcon.colcon_core.shell:Skip shell extension 'powershell' for command environment: Not usable outside of PowerShell
[2.259s] DEBUG:colcon.colcon_core.shell:Skip shell extension 'dsv' for command environment
[2.315s] INFO:colcon.colcon_ros.task.ament_cmake.build:Building ROS package in '/home/asun/turtlebot3_ws/src/turtlebot3_simulations/turtlebot3_gazebo' with build type 'ament_cmake'
[2.315s] INFO:colcon.colcon_cmake.task.cmake.build:Building CMake package in '/home/asun/turtlebot3_ws/src/turtlebot3_simulations/turtlebot3_gazebo'
[2.354s] INFO:colcon.colcon_core.shell:Skip shell extension 'powershell' for command environment: Not usable outside of PowerShell
[2.354s] DEBUG:colcon.colcon_core.shell:Skip shell extension 'dsv' for command environment
[2.408s] DEBUG:colcon.colcon_core.event_handler.log_command:Invoking command in '/home/asun/turtlebot3_ws/build/turtlebot3_fake_node': CMAKE_PREFIX_PATH=/opt/ros/galactic /usr/bin/cmake /home/asun/turtlebot3_ws/src/turtlebot3_simulations/turtlebot3_fake_node -DCMAKE_INSTALL_PREFIX=/home/asun/turtlebot3_ws/install/turtlebot3_fake_node
[2.414s] DEBUG:colcon.colcon_core.event_handler.log_command:Invoking command in '/home/asun/turtlebot3_ws/build/turtlebot3_gazebo': CMAKE_PREFIX_PATH=/opt/ros/galactic /usr/bin/cmake /home/asun/turtlebot3_ws/src/turtlebot3_simulations/turtlebot3_gazebo -DCMAKE_INSTALL_PREFIX=/home/asun/turtlebot3_ws/install/turtlebot3_gazebo
[4.710s] DEBUG:colcon.colcon_core.event_handler.log_command:Invoked command in '/home/asun/turtlebot3_ws/build/turtlebot3_fake_node' returned '0': CMAKE_PREFIX_PATH=/opt/ros/galactic /usr/bin/cmake /home/asun/turtlebot3_ws/src/turtlebot3_simulations/turtlebot3_fake_node -DCMAKE_INSTALL_PREFIX=/home/asun/turtlebot3_ws/install/turtlebot3_fake_node
[4.711s] DEBUG:colcon.colcon_core.event_handler.log_command:Invoking command in '/home/asun/turtlebot3_ws/build/turtlebot3_fake_node': CMAKE_PREFIX_PATH=/opt/ros/galactic /usr/bin/cmake --build /home/asun/turtlebot3_ws/build/turtlebot3_fake_node -- -j6 -l6
[5.229s] DEBUG:colcon.colcon_core.event_handler.log_command:Invoked command in '/home/asun/turtlebot3_ws/build/turtlebot3_gazebo' returned '0': CMAKE_PREFIX_PATH=/opt/ros/galactic /usr/bin/cmake /home/asun/turtlebot3_ws/src/turtlebot3_simulations/turtlebot3_gazebo -DCMAKE_INSTALL_PREFIX=/home/asun/turtlebot3_ws/install/turtlebot3_gazebo
[5.233s] DEBUG:colcon.colcon_core.event_handler.log_command:Invoking command in '/home/asun/turtlebot3_ws/build/turtlebot3_gazebo': CMAKE_PREFIX_PATH=/opt/ros/galactic /usr/bin/cmake --build /home/asun/turtlebot3_ws/build/turtlebot3_gazebo -- -j6 -l6
[16.406s] DEBUG:colcon.colcon_core.event_handler.log_command:Invoked command in '/home/asun/turtlebot3_ws/build/turtlebot3_fake_node' returned '0': CMAKE_PREFIX_PATH=/opt/ros/galactic /usr/bin/cmake --build /home/asun/turtlebot3_ws/build/turtlebot3_fake_node -- -j6 -l6
[16.576s] DEBUG:colcon.colcon_core.event_handler.log_command:Invoking command in '/home/asun/turtlebot3_ws/build/turtlebot3_fake_node': CMAKE_PREFIX_PATH=/opt/ros/galactic /usr/bin/cmake --install /home/asun/turtlebot3_ws/build/turtlebot3_fake_node
[16.633s] Level 1:colcon.colcon_core.environment:create_environment_scripts_only(turtlebot3_fake_node)
[16.634s] DEBUG:colcon.colcon_core.event_handler.log_command:Invoked command in '/home/asun/turtlebot3_ws/build/turtlebot3_fake_node' returned '0': CMAKE_PREFIX_PATH=/opt/ros/galactic /usr/bin/cmake --install /home/asun/turtlebot3_ws/build/turtlebot3_fake_node
[16.988s] Level 1:colcon.colcon_core.environment:checking '/home/asun/turtlebot3_ws/install/turtlebot3_fake_node' for CMake module files
[16.989s] Level 1:colcon.colcon_core.environment:checking '/home/asun/turtlebot3_ws/install/turtlebot3_fake_node' for CMake config files
[16.989s] Level 1:colcon.colcon_core.shell:create_environment_hook('turtlebot3_fake_node', 'cmake_prefix_path')
[17.016s] INFO:colcon.colcon_core.shell:Creating environment hook '/home/asun/turtlebot3_ws/install/turtlebot3_fake_node/share/turtlebot3_fake_node/hook/cmake_prefix_path.ps1'
[17.023s] INFO:colcon.colcon_core.shell:Creating environment descriptor '/home/asun/turtlebot3_ws/install/turtlebot3_fake_node/share/turtlebot3_fake_node/hook/cmake_prefix_path.dsv'
[17.025s] INFO:colcon.colcon_core.shell:Creating environment hook '/home/asun/turtlebot3_ws/install/turtlebot3_fake_node/share/turtlebot3_fake_node/hook/cmake_prefix_path.sh'
[17.027s] Level 1:colcon.colcon_core.environment:checking '/home/asun/turtlebot3_ws/install/turtlebot3_fake_node/lib'
[17.027s] Level 1:colcon.colcon_core.environment:checking '/home/asun/turtlebot3_ws/install/turtlebot3_fake_node/bin'
[17.027s] Level 1:colcon.colcon_core.environment:checking '/home/asun/turtlebot3_ws/install/turtlebot3_fake_node/lib/pkgconfig/turtlebot3_fake_node.pc'
[17.027s] Level 1:colcon.colcon_core.environment:checking '/home/asun/turtlebot3_ws/install/turtlebot3_fake_node/lib/python3.8/site-packages'
[17.027s] Level 1:colcon.colcon_core.environment:checking '/home/asun/turtlebot3_ws/install/turtlebot3_fake_node/bin'
[17.053s] INFO:colcon.colcon_core.shell:Creating package script '/home/asun/turtlebot3_ws/install/turtlebot3_fake_node/share/turtlebot3_fake_node/package.ps1'
[17.054s] INFO:colcon.colcon_core.shell:Creating package descriptor '/home/asun/turtlebot3_ws/install/turtlebot3_fake_node/share/turtlebot3_fake_node/package.dsv'
[17.055s] INFO:colcon.colcon_core.shell:Creating package script '/home/asun/turtlebot3_ws/install/turtlebot3_fake_node/share/turtlebot3_fake_node/package.sh'
[17.056s] INFO:colcon.colcon_core.shell:Creating package script '/home/asun/turtlebot3_ws/install/turtlebot3_fake_node/share/turtlebot3_fake_node/package.bash'
[17.058s] INFO:colcon.colcon_core.shell:Creating package script '/home/asun/turtlebot3_ws/install/turtlebot3_fake_node/share/turtlebot3_fake_node/package.zsh'
[17.061s] Level 1:colcon.colcon_core.environment:create_file_with_runtime_dependencies(/home/asun/turtlebot3_ws/install/turtlebot3_fake_node/share/colcon-core/packages/turtlebot3_fake_node)
[17.130s] Level 1:colcon.colcon_core.environment:create_environment_scripts_only(turtlebot3_fake_node)
[17.160s] Level 1:colcon.colcon_core.environment:checking '/home/asun/turtlebot3_ws/install/turtlebot3_fake_node' for CMake module files
[17.161s] Level 1:colcon.colcon_core.environment:checking '/home/asun/turtlebot3_ws/install/turtlebot3_fake_node' for CMake config files
[17.161s] Level 1:colcon.colcon_core.shell:create_environment_hook('turtlebot3_fake_node', 'cmake_prefix_path')
[17.184s] INFO:colcon.colcon_core.shell:Creating environment hook '/home/asun/turtlebot3_ws/install/turtlebot3_fake_node/share/turtlebot3_fake_node/hook/cmake_prefix_path.ps1'
[17.185s] INFO:colcon.colcon_core.shell:Creating environment descriptor '/home/asun/turtlebot3_ws/install/turtlebot3_fake_node/share/turtlebot3_fake_node/hook/cmake_prefix_path.dsv'
[17.186s] INFO:colcon.colcon_core.shell:Creating environment hook '/home/asun/turtlebot3_ws/install/turtlebot3_fake_node/share/turtlebot3_fake_node/hook/cmake_prefix_path.sh'
[17.187s] Level 1:colcon.colcon_core.environment:checking '/home/asun/turtlebot3_ws/install/turtlebot3_fake_node/lib'
[17.187s] Level 1:colcon.colcon_core.environment:checking '/home/asun/turtlebot3_ws/install/turtlebot3_fake_node/bin'
[17.187s] Level 1:colcon.colcon_core.environment:checking '/home/asun/turtlebot3_ws/install/turtlebot3_fake_node/lib/pkgconfig/turtlebot3_fake_node.pc'
[17.187s] Level 1:colcon.colcon_core.environment:checking '/home/asun/turtlebot3_ws/install/turtlebot3_fake_node/lib/python3.8/site-packages'
[17.187s] Level 1:colcon.colcon_core.environment:checking '/home/asun/turtlebot3_ws/install/turtlebot3_fake_node/bin'
[17.212s] INFO:colcon.colcon_core.shell:Creating package script '/home/asun/turtlebot3_ws/install/turtlebot3_fake_node/share/turtlebot3_fake_node/package.ps1'
[17.213s] INFO:colcon.colcon_core.shell:Creating package descriptor '/home/asun/turtlebot3_ws/install/turtlebot3_fake_node/share/turtlebot3_fake_node/package.dsv'
[17.214s] INFO:colcon.colcon_core.shell:Creating package script '/home/asun/turtlebot3_ws/install/turtlebot3_fake_node/share/turtlebot3_fake_node/package.sh'
[17.214s] INFO:colcon.colcon_core.shell:Creating package script '/home/asun/turtlebot3_ws/install/turtlebot3_fake_node/share/turtlebot3_fake_node/package.bash'
[17.215s] INFO:colcon.colcon_core.shell:Creating package script '/home/asun/turtlebot3_ws/install/turtlebot3_fake_node/share/turtlebot3_fake_node/package.zsh'
[17.215s] Level 1:colcon.colcon_core.environment:create_file_with_runtime_dependencies(/home/asun/turtlebot3_ws/install/turtlebot3_fake_node/share/colcon-core/packages/turtlebot3_fake_node)
[18.612s] DEBUG:colcon.colcon_core.event_handler.log_command:Invoked command in '/home/asun/turtlebot3_ws/build/turtlebot3_gazebo' returned '0': CMAKE_PREFIX_PATH=/opt/ros/galactic /usr/bin/cmake --build /home/asun/turtlebot3_ws/build/turtlebot3_gazebo -- -j6 -l6
[18.652s] DEBUG:colcon.colcon_core.event_handler.log_command:Invoking command in '/home/asun/turtlebot3_ws/build/turtlebot3_gazebo': CMAKE_PREFIX_PATH=/opt/ros/galactic /usr/bin/cmake --install /home/asun/turtlebot3_ws/build/turtlebot3_gazebo
[18.741s] Level 1:colcon.colcon_core.environment:create_environment_scripts_only(turtlebot3_gazebo)
[18.741s] DEBUG:colcon.colcon_core.event_handler.log_command:Invoked command in '/home/asun/turtlebot3_ws/build/turtlebot3_gazebo' returned '0': CMAKE_PREFIX_PATH=/opt/ros/galactic /usr/bin/cmake --install /home/asun/turtlebot3_ws/build/turtlebot3_gazebo
[18.767s] Level 1:colcon.colcon_core.environment:checking '/home/asun/turtlebot3_ws/install/turtlebot3_gazebo' for CMake module files
[18.767s] Level 1:colcon.colcon_core.environment:checking '/home/asun/turtlebot3_ws/install/turtlebot3_gazebo' for CMake config files
[18.768s] Level 1:colcon.colcon_core.shell:create_environment_hook('turtlebot3_gazebo', 'cmake_prefix_path')
[18.791s] INFO:colcon.colcon_core.shell:Creating environment hook '/home/asun/turtlebot3_ws/install/turtlebot3_gazebo/share/turtlebot3_gazebo/hook/cmake_prefix_path.ps1'
[18.792s] INFO:colcon.colcon_core.shell:Creating environment descriptor '/home/asun/turtlebot3_ws/install/turtlebot3_gazebo/share/turtlebot3_gazebo/hook/cmake_prefix_path.dsv'
[18.792s] INFO:colcon.colcon_core.shell:Creating environment hook '/home/asun/turtlebot3_ws/install/turtlebot3_gazebo/share/turtlebot3_gazebo/hook/cmake_prefix_path.sh'
[18.792s] Level 1:colcon.colcon_core.environment:checking '/home/asun/turtlebot3_ws/install/turtlebot3_gazebo/lib'
[18.792s] Level 1:colcon.colcon_core.environment:checking '/home/asun/turtlebot3_ws/install/turtlebot3_gazebo/bin'
[18.792s] Level 1:colcon.colcon_core.environment:checking '/home/asun/turtlebot3_ws/install/turtlebot3_gazebo/lib/pkgconfig/turtlebot3_gazebo.pc'
[18.792s] Level 1:colcon.colcon_core.environment:checking '/home/asun/turtlebot3_ws/install/turtlebot3_gazebo/lib/python3.8/site-packages'
[18.792s] Level 1:colcon.colcon_core.environment:checking '/home/asun/turtlebot3_ws/install/turtlebot3_gazebo/bin'
[18.814s] INFO:colcon.colcon_core.shell:Creating package script '/home/asun/turtlebot3_ws/install/turtlebot3_gazebo/share/turtlebot3_gazebo/package.ps1'
[18.814s] INFO:colcon.colcon_core.shell:Creating package descriptor '/home/asun/turtlebot3_ws/install/turtlebot3_gazebo/share/turtlebot3_gazebo/package.dsv'
[18.815s] INFO:colcon.colcon_core.shell:Creating package script '/home/asun/turtlebot3_ws/install/turtlebot3_gazebo/share/turtlebot3_gazebo/package.sh'
[18.815s] INFO:colcon.colcon_core.shell:Creating package script '/home/asun/turtlebot3_ws/install/turtlebot3_gazebo/share/turtlebot3_gazebo/package.bash'
[18.815s] INFO:colcon.colcon_core.shell:Creating package script '/home/asun/turtlebot3_ws/install/turtlebot3_gazebo/share/turtlebot3_gazebo/package.zsh'
[18.815s] Level 1:colcon.colcon_core.environment:create_file_with_runtime_dependencies(/home/asun/turtlebot3_ws/install/turtlebot3_gazebo/share/colcon-core/packages/turtlebot3_gazebo)
[18.877s] Level 1:colcon.colcon_core.environment:create_environment_scripts_only(turtlebot3_gazebo)
[18.900s] Level 1:colcon.colcon_core.environment:checking '/home/asun/turtlebot3_ws/install/turtlebot3_gazebo' for CMake module files
[18.900s] Level 1:colcon.colcon_core.environment:checking '/home/asun/turtlebot3_ws/install/turtlebot3_gazebo' for CMake config files
[18.900s] Level 1:colcon.colcon_core.shell:create_environment_hook('turtlebot3_gazebo', 'cmake_prefix_path')
[18.925s] INFO:colcon.colcon_core.shell:Creating environment hook '/home/asun/turtlebot3_ws/install/turtlebot3_gazebo/share/turtlebot3_gazebo/hook/cmake_prefix_path.ps1'
[18.925s] INFO:colcon.colcon_core.shell:Creating environment descriptor '/home/asun/turtlebot3_ws/install/turtlebot3_gazebo/share/turtlebot3_gazebo/hook/cmake_prefix_path.dsv'
[18.926s] INFO:colcon.colcon_core.shell:Creating environment hook '/home/asun/turtlebot3_ws/install/turtlebot3_gazebo/share/turtlebot3_gazebo/hook/cmake_prefix_path.sh'
[18.927s] Level 1:colcon.colcon_core.environment:checking '/home/asun/turtlebot3_ws/install/turtlebot3_gazebo/lib'
[18.927s] Level 1:colcon.colcon_core.environment:checking '/home/asun/turtlebot3_ws/install/turtlebot3_gazebo/bin'
[18.927s] Level 1:colcon.colcon_core.environment:checking '/home/asun/turtlebot3_ws/install/turtlebot3_gazebo/lib/pkgconfig/turtlebot3_gazebo.pc'
[18.927s] Level 1:colcon.colcon_core.environment:checking '/home/asun/turtlebot3_ws/install/turtlebot3_gazebo/lib/python3.8/site-packages'
[18.927s] Level 1:colcon.colcon_core.environment:checking '/home/asun/turtlebot3_ws/install/turtlebot3_gazebo/bin'
[18.951s] INFO:colcon.colcon_core.shell:Creating package script '/home/asun/turtlebot3_ws/install/turtlebot3_gazebo/share/turtlebot3_gazebo/package.ps1'
[18.952s] INFO:colcon.colcon_core.shell:Creating package descriptor '/home/asun/turtlebot3_ws/install/turtlebot3_gazebo/share/turtlebot3_gazebo/package.dsv'
[18.953s] INFO:colcon.colcon_core.shell:Creating package script '/home/asun/turtlebot3_ws/install/turtlebot3_gazebo/share/turtlebot3_gazebo/package.sh'
[18.953s] INFO:colcon.colcon_core.shell:Creating package script '/home/asun/turtlebot3_ws/install/turtlebot3_gazebo/share/turtlebot3_gazebo/package.bash'
[18.954s] INFO:colcon.colcon_core.shell:Creating package script '/home/asun/turtlebot3_ws/install/turtlebot3_gazebo/share/turtlebot3_gazebo/package.zsh'
[18.954s] Level 1:colcon.colcon_core.environment:create_file_with_runtime_dependencies(/home/asun/turtlebot3_ws/install/turtlebot3_gazebo/share/colcon-core/packages/turtlebot3_gazebo)
[18.955s] INFO:colcon.colcon_ros.task.ament_cmake.build:Building ROS package in '/home/asun/turtlebot3_ws/src/turtlebot3_simulations/turtlebot3_simulations' with build type 'ament_cmake'
[18.956s] INFO:colcon.colcon_cmake.task.cmake.build:Building CMake package in '/home/asun/turtlebot3_ws/src/turtlebot3_simulations/turtlebot3_simulations'
[18.980s] INFO:colcon.colcon_core.shell:Skip shell extension 'powershell' for command environment: Not usable outside of PowerShell
[18.980s] DEBUG:colcon.colcon_core.shell:Skip shell extension 'dsv' for command environment
[19.064s] DEBUG:colcon.colcon_core.event_handler.log_command:Invoking command in '/home/asun/turtlebot3_ws/build/turtlebot3_simulations': AMENT_PREFIX_PATH=/home/asun/turtlebot3_ws/install/turtlebot3_gazebo:/home/asun/turtlebot3_ws/install/turtlebot3_fake_node:${AMENT_PREFIX_PATH} CMAKE_PREFIX_PATH=/home/asun/turtlebot3_ws/install/turtlebot3_gazebo:/home/asun/turtlebot3_ws/install/turtlebot3_fake_node:/opt/ros/galactic /usr/bin/cmake /home/asun/turtlebot3_ws/src/turtlebot3_simulations/turtlebot3_simulations -DCMAKE_INSTALL_PREFIX=/home/asun/turtlebot3_ws/install/turtlebot3_simulations
[19.869s] DEBUG:colcon.colcon_core.event_handler.log_command:Invoked command in '/home/asun/turtlebot3_ws/build/turtlebot3_simulations' returned '0': AMENT_PREFIX_PATH=/home/asun/turtlebot3_ws/install/turtlebot3_gazebo:/home/asun/turtlebot3_ws/install/turtlebot3_fake_node:${AMENT_PREFIX_PATH} CMAKE_PREFIX_PATH=/home/asun/turtlebot3_ws/install/turtlebot3_gazebo:/home/asun/turtlebot3_ws/install/turtlebot3_fake_node:/opt/ros/galactic /usr/bin/cmake /home/asun/turtlebot3_ws/src/turtlebot3_simulations/turtlebot3_simulations -DCMAKE_INSTALL_PREFIX=/home/asun/turtlebot3_ws/install/turtlebot3_simulations
[19.869s] DEBUG:colcon.colcon_core.event_handler.log_command:Invoking command in '/home/asun/turtlebot3_ws/build/turtlebot3_simulations': AMENT_PREFIX_PATH=/home/asun/turtlebot3_ws/install/turtlebot3_gazebo:/home/asun/turtlebot3_ws/install/turtlebot3_fake_node:${AMENT_PREFIX_PATH} CMAKE_PREFIX_PATH=/home/asun/turtlebot3_ws/install/turtlebot3_gazebo:/home/asun/turtlebot3_ws/install/turtlebot3_fake_node:/opt/ros/galactic /usr/bin/cmake --build /home/asun/turtlebot3_ws/build/turtlebot3_simulations -- -j6 -l6
[19.900s] DEBUG:colcon.colcon_core.event_handler.log_command:Invoked command in '/home/asun/turtlebot3_ws/build/turtlebot3_simulations' returned '0': AMENT_PREFIX_PATH=/home/asun/turtlebot3_ws/install/turtlebot3_gazebo:/home/asun/turtlebot3_ws/install/turtlebot3_fake_node:${AMENT_PREFIX_PATH} CMAKE_PREFIX_PATH=/home/asun/turtlebot3_ws/install/turtlebot3_gazebo:/home/asun/turtlebot3_ws/install/turtlebot3_fake_node:/opt/ros/galactic /usr/bin/cmake --build /home/asun/turtlebot3_ws/build/turtlebot3_simulations -- -j6 -l6
[19.923s] DEBUG:colcon.colcon_core.event_handler.log_command:Invoking command in '/home/asun/turtlebot3_ws/build/turtlebot3_simulations': AMENT_PREFIX_PATH=/home/asun/turtlebot3_ws/install/turtlebot3_gazebo:/home/asun/turtlebot3_ws/install/turtlebot3_fake_node:${AMENT_PREFIX_PATH} CMAKE_PREFIX_PATH=/home/asun/turtlebot3_ws/install/turtlebot3_gazebo:/home/asun/turtlebot3_ws/install/turtlebot3_fake_node:/opt/ros/galactic /usr/bin/cmake --install /home/asun/turtlebot3_ws/build/turtlebot3_simulations
[19.931s] Level 1:colcon.colcon_core.environment:create_environment_scripts_only(turtlebot3_simulations)
[19.932s] DEBUG:colcon.colcon_core.event_handler.log_command:Invoked command in '/home/asun/turtlebot3_ws/build/turtlebot3_simulations' returned '0': AMENT_PREFIX_PATH=/home/asun/turtlebot3_ws/install/turtlebot3_gazebo:/home/asun/turtlebot3_ws/install/turtlebot3_fake_node:${AMENT_PREFIX_PATH} CMAKE_PREFIX_PATH=/home/asun/turtlebot3_ws/install/turtlebot3_gazebo:/home/asun/turtlebot3_ws/install/turtlebot3_fake_node:/opt/ros/galactic /usr/bin/cmake --install /home/asun/turtlebot3_ws/build/turtlebot3_simulations
[19.966s] Level 1:colcon.colcon_core.environment:checking '/home/asun/turtlebot3_ws/install/turtlebot3_simulations' for CMake module files
[19.967s] Level 1:colcon.colcon_core.environment:checking '/home/asun/turtlebot3_ws/install/turtlebot3_simulations' for CMake config files
[19.967s] Level 1:colcon.colcon_core.shell:create_environment_hook('turtlebot3_simulations', 'cmake_prefix_path')
[19.992s] INFO:colcon.colcon_core.shell:Creating environment hook '/home/asun/turtlebot3_ws/install/turtlebot3_simulations/share/turtlebot3_simulations/hook/cmake_prefix_path.ps1'
[19.993s] INFO:colcon.colcon_core.shell:Creating environment descriptor '/home/asun/turtlebot3_ws/install/turtlebot3_simulations/share/turtlebot3_simulations/hook/cmake_prefix_path.dsv'
[19.993s] INFO:colcon.colcon_core.shell:Creating environment hook '/home/asun/turtlebot3_ws/install/turtlebot3_simulations/share/turtlebot3_simulations/hook/cmake_prefix_path.sh'
[19.993s] Level 1:colcon.colcon_core.environment:checking '/home/asun/turtlebot3_ws/install/turtlebot3_simulations/bin'
[19.993s] Level 1:colcon.colcon_core.environment:checking '/home/asun/turtlebot3_ws/install/turtlebot3_simulations/lib/pkgconfig/turtlebot3_simulations.pc'
[19.994s] Level 1:colcon.colcon_core.environment:checking '/home/asun/turtlebot3_ws/install/turtlebot3_simulations/lib/python3.8/site-packages'
[19.994s] Level 1:colcon.colcon_core.environment:checking '/home/asun/turtlebot3_ws/install/turtlebot3_simulations/bin'
[20.021s] INFO:colcon.colcon_core.shell:Creating package script '/home/asun/turtlebot3_ws/install/turtlebot3_simulations/share/turtlebot3_simulations/package.ps1'
[20.022s] INFO:colcon.colcon_core.shell:Creating package descriptor '/home/asun/turtlebot3_ws/install/turtlebot3_simulations/share/turtlebot3_simulations/package.dsv'
[20.022s] INFO:colcon.colcon_core.shell:Creating package script '/home/asun/turtlebot3_ws/install/turtlebot3_simulations/share/turtlebot3_simulations/package.sh'
[20.023s] INFO:colcon.colcon_core.shell:Creating package script '/home/asun/turtlebot3_ws/install/turtlebot3_simulations/share/turtlebot3_simulations/package.bash'
[20.023s] INFO:colcon.colcon_core.shell:Creating package script '/home/asun/turtlebot3_ws/install/turtlebot3_simulations/share/turtlebot3_simulations/package.zsh'
[20.023s] Level 1:colcon.colcon_core.environment:create_file_with_runtime_dependencies(/home/asun/turtlebot3_ws/install/turtlebot3_simulations/share/colcon-core/packages/turtlebot3_simulations)
[20.074s] Level 1:colcon.colcon_core.environment:create_environment_scripts_only(turtlebot3_simulations)
[20.101s] Level 1:colcon.colcon_core.environment:checking '/home/asun/turtlebot3_ws/install/turtlebot3_simulations' for CMake module files
[20.101s] Level 1:colcon.colcon_core.environment:checking '/home/asun/turtlebot3_ws/install/turtlebot3_simulations' for CMake config files
[20.101s] Level 1:colcon.colcon_core.shell:create_environment_hook('turtlebot3_simulations', 'cmake_prefix_path')
[20.128s] INFO:colcon.colcon_core.shell:Creating environment hook '/home/asun/turtlebot3_ws/install/turtlebot3_simulations/share/turtlebot3_simulations/hook/cmake_prefix_path.ps1'
[20.130s] INFO:colcon.colcon_core.shell:Creating environment descriptor '/home/asun/turtlebot3_ws/install/turtlebot3_simulations/share/turtlebot3_simulations/hook/cmake_prefix_path.dsv'
[20.130s] INFO:colcon.colcon_core.shell:Creating environment hook '/home/asun/turtlebot3_ws/install/turtlebot3_simulations/share/turtlebot3_simulations/hook/cmake_prefix_path.sh'
[20.130s] Level 1:colcon.colcon_core.environment:checking '/home/asun/turtlebot3_ws/install/turtlebot3_simulations/bin'
[20.130s] Level 1:colcon.colcon_core.environment:checking '/home/asun/turtlebot3_ws/install/turtlebot3_simulations/lib/pkgconfig/turtlebot3_simulations.pc'
[20.131s] Level 1:colcon.colcon_core.environment:checking '/home/asun/turtlebot3_ws/install/turtlebot3_simulations/lib/python3.8/site-packages'
[20.131s] Level 1:colcon.colcon_core.environment:checking '/home/asun/turtlebot3_ws/install/turtlebot3_simulations/bin'
[20.154s] INFO:colcon.colcon_core.shell:Creating package script '/home/asun/turtlebot3_ws/install/turtlebot3_simulations/share/turtlebot3_simulations/package.ps1'
[20.154s] INFO:colcon.colcon_core.shell:Creating package descriptor '/home/asun/turtlebot3_ws/install/turtlebot3_simulations/share/turtlebot3_simulations/package.dsv'
[20.155s] INFO:colcon.colcon_core.shell:Creating package script '/home/asun/turtlebot3_ws/install/turtlebot3_simulations/share/turtlebot3_simulations/package.sh'
[20.156s] INFO:colcon.colcon_core.shell:Creating package script '/home/asun/turtlebot3_ws/install/turtlebot3_simulations/share/turtlebot3_simulations/package.bash'
[20.156s] INFO:colcon.colcon_core.shell:Creating package script '/home/asun/turtlebot3_ws/install/turtlebot3_simulations/share/turtlebot3_simulations/package.zsh'
[20.157s] Level 1:colcon.colcon_core.environment:create_file_with_runtime_dependencies(/home/asun/turtlebot3_ws/install/turtlebot3_simulations/share/colcon-core/packages/turtlebot3_simulations)
[20.157s] DEBUG:colcon.colcon_parallel_executor.executor.parallel:closing loop
[20.158s] DEBUG:colcon.colcon_parallel_executor.executor.parallel:loop closed
[20.158s] DEBUG:colcon.colcon_parallel_executor.executor.parallel:run_until_complete finished with '0'
[20.158s] DEBUG:colcon.colcon_core.event_reactor:joining thread
[20.207s] INFO:colcon.colcon_core.plugin_system:Skipping extension 'colcon_notification.desktop_notification.terminal_notifier': Not used on non-Darwin systems
[20.207s] INFO:colcon.colcon_core.plugin_system:Skipping extension 'colcon_notification.desktop_notification.win32': Not used on non-Windows systems
[20.207s] INFO:colcon.colcon_notification.desktop_notification:Sending desktop notification using 'notify2'
[21.322s] DEBUG:colcon.colcon_core.event_reactor:joined thread
[21.375s] INFO:colcon.colcon_core.shell:Creating prefix script '/home/asun/turtlebot3_ws/install/local_setup.ps1'
[21.377s] INFO:colcon.colcon_core.shell:Creating prefix util module '/home/asun/turtlebot3_ws/install/_local_setup_util_ps1.py'
[21.379s] INFO:colcon.colcon_core.shell:Creating prefix chain script '/home/asun/turtlebot3_ws/install/setup.ps1'
[21.428s] INFO:colcon.colcon_core.shell:Creating prefix script '/home/asun/turtlebot3_ws/install/local_setup.sh'
[21.430s] INFO:colcon.colcon_core.shell:Creating prefix util module '/home/asun/turtlebot3_ws/install/_local_setup_util_sh.py'
[21.431s] INFO:colcon.colcon_core.shell:Creating prefix chain script '/home/asun/turtlebot3_ws/install/setup.sh'
[21.510s] INFO:colcon.colcon_core.shell:Creating prefix script '/home/asun/turtlebot3_ws/install/local_setup.bash'
[21.513s] INFO:colcon.colcon_core.shell:Creating prefix chain script '/home/asun/turtlebot3_ws/install/setup.bash'
[21.585s] INFO:colcon.colcon_core.shell:Creating prefix script '/home/asun/turtlebot3_ws/install/local_setup.zsh'
[21.587s] INFO:colcon.colcon_core.shell:Creating prefix chain script '/home/asun/turtlebot3_ws/install/setup.zsh'
