-- The C compiler identification is GNU 9.4.0
-- The CXX compiler identification is GNU 9.4.0
-- Check for working C compiler: /usr/bin/cc
-- Check for working C compiler: /usr/bin/cc -- works
-- Detecting C compiler ABI info
-- Detecting C compiler ABI info - done
-- Detecting C compile features
-- Detecting C compile features - done
-- Check for working CXX compiler: /usr/bin/c++
-- Check for working CXX compiler: /usr/bin/c++ -- works
-- Detecting CXX compiler ABI info
-- Detecting CXX compiler ABI info - done
-- Detecting CXX compile features
-- Detecting CXX compile features - done
-- Found ament_cmake: 1.1.6 (/opt/ros/galactic/share/ament_cmake/cmake)
-- Found PythonInterp: /usr/bin/python3 (found suitable version "3.8.10", minimum required is "3") 
-- Using PYTHON_EXECUTABLE: /usr/bin/python3
-- Found PkgConfig: /usr/bin/pkg-config (found version "0.29.1") 
-- Checking for module 'bullet>=2.82'
--   Found bullet, version 2.88
-- Found ccd: /usr/include (found suitable version "2.0", minimum required is "2.0") 
-- Found fcl: /usr/include (found suitable version "0.5.0", minimum required is "0.3.2") 
-- Found assimp: /usr/include (found version "5.0.0") 
-- Found DART: /usr/include (Required is at least version "6.6") found components: dart 
-- Found Boost: /usr/lib/x86_64-linux-gnu/cmake/Boost-1.71.0/BoostConfig.cmake (found suitable version "1.71.0", minimum required is "1.40.0") found components: thread system filesystem program_options regex iostreams date_time 
-- Found Protobuf: /usr/lib/x86_64-linux-gnu/libprotobuf.so;-lpthread (found version "3.6.1") 
-- Looking for ignition-math6 -- found version 6.15.0
-- Searching for dependencies of ignition-math6
-- Looking for OGRE...
-- OGRE_PREFIX_WATCH changed.
-- Checking for module 'OGRE'
--   Found OGRE, version 1.9.0
-- Found Ogre Ghadamon (1.9.0)
-- Found OGRE: optimized;/usr/lib/x86_64-linux-gnu/libOgreMain.so;debug;/usr/lib/x86_64-linux-gnu/libOgreMain.so
-- Looking for OGRE_Paging...
-- Found OGRE_Paging: optimized;/usr/lib/x86_64-linux-gnu/libOgrePaging.so;debug;/usr/lib/x86_64-linux-gnu/libOgrePaging.so
-- Looking for OGRE_Terrain...
-- Found OGRE_Terrain: optimized;/usr/lib/x86_64-linux-gnu/libOgreTerrain.so;debug;/usr/lib/x86_64-linux-gnu/libOgreTerrain.so
-- Looking for OGRE_Property...
-- Found OGRE_Property: optimized;/usr/lib/x86_64-linux-gnu/libOgreProperty.so;debug;/usr/lib/x86_64-linux-gnu/libOgreProperty.so
-- Looking for OGRE_RTShaderSystem...
-- Found OGRE_RTShaderSystem: optimized;/usr/lib/x86_64-linux-gnu/libOgreRTShaderSystem.so;debug;/usr/lib/x86_64-linux-gnu/libOgreRTShaderSystem.so
-- Looking for OGRE_Volume...
-- Found OGRE_Volume: optimized;/usr/lib/x86_64-linux-gnu/libOgreVolume.so;debug;/usr/lib/x86_64-linux-gnu/libOgreVolume.so
-- Looking for OGRE_Overlay...
-- Found OGRE_Overlay: optimized;/usr/lib/x86_64-linux-gnu/libOgreOverlay.so;debug;/usr/lib/x86_64-linux-gnu/libOgreOverlay.so
-- Looking for ignition-math6 -- found version 6.15.0
-- Looking for ignition-transport8 -- found version 8.3.0
-- Searching for dependencies of ignition-transport8
-- Found Protobuf: /usr/lib/x86_64-linux-gnu/libprotobuf.so;-lpthread (found suitable version "3.6.1", minimum required is "3") 
-- Config-file not installed for ZeroMQ -- checking for pkg-config
-- Checking for module 'libzmq >= 4'
--   Found libzmq , version 4.3.2
-- Found ZeroMQ: TRUE (Required is at least version "4") 
-- Checking for module 'uuid'
--   Found uuid, version 2.34.0
-- Found UUID: TRUE  
-- Looking for ignition-msgs5 -- found version 5.10.0
-- Searching for dependencies of ignition-msgs5
-- Looking for ignition-math6 -- found version 6.15.0
-- Checking for module 'tinyxml2'
--   Found tinyxml2, version 6.2.0
-- Looking for ignition-msgs5 -- found version 5.10.0
-- Looking for ignition-common3 -- found version 3.14.2
-- Searching for dependencies of ignition-common3
-- Looking for dlfcn.h - found
-- Looking for libdl - found
-- Found DL: TRUE  
-- Searching for <ignition-common3> component [graphics]
-- Looking for ignition-common3-graphics -- found version 3.14.2
-- Searching for dependencies of ignition-common3-graphics
-- Looking for ignition-math6 -- found version 6.15.0
-- Looking for ignition-fuel_tools4 -- found version 4.6.0
-- Searching for dependencies of ignition-fuel_tools4
-- Found CURL: /usr/lib/x86_64-linux-gnu/libcurl.so (found version "7.68.0")  
-- Checking for module 'jsoncpp'
--   Found jsoncpp, version 1.7.4
-- Found JSONCPP: TRUE  
-- Checking for module 'libzip'
--   Found libzip, version 1.5.1
-- Found ZIP: TRUE  
-- Looking for ignition-common3 -- found version 3.14.2
-- Looking for ignition-math6 -- found version 6.15.0
-- Looking for ignition-msgs5 -- found version 5.10.0
-- Found gazebo_ros_pkgs: 3.5.2 (/opt/ros/galactic/share/gazebo_ros_pkgs/cmake)
-- Found geometry_msgs: 2.2.4 (/opt/ros/galactic/share/geometry_msgs/cmake)
-- Using all available rosidl_typesupport_c: rosidl_typesupport_fastrtps_c;rosidl_typesupport_introspection_c
-- Found rosidl_adapter: 2.2.3 (/opt/ros/galactic/share/rosidl_adapter/cmake)
-- Found OpenSSL: /usr/lib/x86_64-linux-gnu/libcrypto.so (found version "1.1.1f")  
-- Found FastRTPS: /opt/ros/galactic/include  
-- Using all available rosidl_typesupport_cpp: rosidl_typesupport_fastrtps_cpp;rosidl_typesupport_introspection_cpp
-- Found nav_msgs: 2.2.4 (/opt/ros/galactic/share/nav_msgs/cmake)
-- Found rclcpp: 9.2.2 (/opt/ros/galactic/share/rclcpp/cmake)
-- Found rmw_implementation_cmake: 3.3.1 (/opt/ros/galactic/share/rmw_implementation_cmake/cmake)
-- Found rmw_cyclonedds_cpp: 0.22.6 (/opt/ros/galactic/share/rmw_cyclonedds_cpp/cmake)
-- Using RMW implementation 'rmw_cyclonedds_cpp' as default
-- Found Threads: TRUE  
-- Found sensor_msgs: 2.2.4 (/opt/ros/galactic/share/sensor_msgs/cmake)
-- Found tf2: 0.17.5 (/opt/ros/galactic/share/tf2/cmake)
-- Found turtlebot3_gazebo: 2.2.4 (/home/asun/turtlebot3_ws/install/turtlebot3_gazebo/share/turtlebot3_gazebo/cmake)
-- Configuring done
-- Generating done
-- Build files have been written to: /home/asun/turtlebot3_ws/build/my_world
[35m[1mScanning dependencies of target turtlebot3_drive[0m
[ 50%] [32mBuilding CXX object CMakeFiles/turtlebot3_drive.dir/src/turtlebot3_drive.cpp.o[0m
[100%] [32m[1mLinking CXX executable turtlebot3_drive[0m
[100%] Built target turtlebot3_drive
-- Install configuration: ""
-- Installing: /home/asun/turtlebot3_ws/install/my_world/lib/my_world/turtlebot3_drive
-- Set runtime path of "/home/asun/turtlebot3_ws/install/my_world/lib/my_world/turtlebot3_drive" to ""
-- Installing: /home/asun/turtlebot3_ws/install/my_world/share/my_world//launch
-- Installing: /home/asun/turtlebot3_ws/install/my_world/share/my_world//launch/turtlebot3_my_world.launch.py
-- Installing: /home/asun/turtlebot3_ws/install/my_world/share/my_world//models
-- Installing: /home/asun/turtlebot3_ws/install/my_world/share/my_world//models/elegant_female2
-- Installing: /home/asun/turtlebot3_ws/install/my_world/share/my_world//models/elegant_female2/materials
-- Installing: /home/asun/turtlebot3_ws/install/my_world/share/my_world//models/elegant_female2/materials/textures
-- Installing: /home/asun/turtlebot3_ws/install/my_world/share/my_world//models/elegant_female2/materials/textures/female_elegantsuit01_diffuse.png
-- Installing: /home/asun/turtlebot3_ws/install/my_world/share/my_world//models/elegant_female2/materials/textures/braid01_diffuse.png
-- Installing: /home/asun/turtlebot3_ws/install/my_world/share/my_world//models/elegant_female2/materials/textures/female_elegantsuit01_normal.png
-- Installing: /home/asun/turtlebot3_ws/install/my_world/share/my_world//models/elegant_female2/materials/textures/brown_eye.png
-- Installing: /home/asun/turtlebot3_ws/install/my_world/share/my_world//models/elegant_female2/materials/textures/eyelashes01.png
-- Installing: /home/asun/turtlebot3_ws/install/my_world/share/my_world//models/elegant_female2/materials/textures/shoes03_diffuse.png
-- Installing: /home/asun/turtlebot3_ws/install/my_world/share/my_world//models/elegant_female2/materials/textures/young_darkskinned_female_diffuse.png
-- Installing: /home/asun/turtlebot3_ws/install/my_world/share/my_world//models/elegant_female2/materials/textures/eyebrow003.png
-- Installing: /home/asun/turtlebot3_ws/install/my_world/share/my_world//models/elegant_female2/meshes
-- Installing: /home/asun/turtlebot3_ws/install/my_world/share/my_world//models/elegant_female2/meshes/elegant_female2.png
-- Installing: /home/asun/turtlebot3_ws/install/my_world/share/my_world//models/elegant_female2/meshes/elegant_female2.dae
-- Installing: /home/asun/turtlebot3_ws/install/my_world/share/my_world//models/elegant_female2/model.sdf
-- Installing: /home/asun/turtlebot3_ws/install/my_world/share/my_world//models/elegant_female2/model.config
-- Installing: /home/asun/turtlebot3_ws/install/my_world/share/my_world//models/media
-- Installing: /home/asun/turtlebot3_ws/install/my_world/share/my_world//models/media/materials
-- Installing: /home/asun/turtlebot3_ws/install/my_world/share/my_world//models/media/materials/textures
-- Installing: /home/asun/turtlebot3_ws/install/my_world/share/my_world//models/media/materials/textures/sink.png
-- Installing: /home/asun/turtlebot3_ws/install/my_world/share/my_world//models/media/materials/textures/bathroom.png
-- Installing: /home/asun/turtlebot3_ws/install/my_world/share/my_world//models/media/materials/textures/hallway.png
-- Installing: /home/asun/turtlebot3_ws/install/my_world/share/my_world//models/media/materials/textures/elevator.png
-- Installing: /home/asun/turtlebot3_ws/install/my_world/share/my_world//models/media/materials/textures/wall_color.png
-- Installing: /home/asun/turtlebot3_ws/install/my_world/share/my_world//models/media/materials/textures/window.png
-- Installing: /home/asun/turtlebot3_ws/install/my_world/share/my_world//models/media/materials/textures/wall_window_and_elevator.png
-- Installing: /home/asun/turtlebot3_ws/install/my_world/share/my_world//models/media/materials/textures/wall_plain_and_door.png
-- Installing: /home/asun/turtlebot3_ws/install/my_world/share/my_world//models/media/materials/textures/cubicle_wall.png
-- Installing: /home/asun/turtlebot3_ws/install/my_world/share/my_world//models/media/materials/textures/floors.png
-- Installing: /home/asun/turtlebot3_ws/install/my_world/share/my_world//models/media/materials/textures/plain.png
-- Installing: /home/asun/turtlebot3_ws/install/my_world/share/my_world//models/media/materials/textures/ceiling.png
-- Installing: /home/asun/turtlebot3_ws/install/my_world/share/my_world//models/media/materials/textures/door_wall.png
-- Installing: /home/asun/turtlebot3_ws/install/my_world/share/my_world//models/media/materials/scripts
-- Installing: /home/asun/turtlebot3_ws/install/my_world/share/my_world//models/media/materials/scripts/servicesim.material
-- Installing: /home/asun/turtlebot3_ws/install/my_world/share/my_world//models/media/meshes
-- Installing: /home/asun/turtlebot3_ws/install/my_world/share/my_world//models/media/meshes/bathroom.obj
-- Installing: /home/asun/turtlebot3_ws/install/my_world/share/my_world//models/media/meshes/wall_door.obj
-- Installing: /home/asun/turtlebot3_ws/install/my_world/share/my_world//models/media/meshes/office_small.obj
-- Installing: /home/asun/turtlebot3_ws/install/my_world/share/my_world//models/media/meshes/tile.obj
-- Installing: /home/asun/turtlebot3_ws/install/my_world/share/my_world//models/media/meshes/sink.obj
-- Installing: /home/asun/turtlebot3_ws/install/my_world/share/my_world//models/media/meshes/wall_plain.obj
-- Installing: /home/asun/turtlebot3_ws/install/my_world/share/my_world//models/media/meshes/cubicle_wall.mtl
-- Installing: /home/asun/turtlebot3_ws/install/my_world/share/my_world//models/media/meshes/refreshment_area.obj
-- Installing: /home/asun/turtlebot3_ws/install/my_world/share/my_world//models/media/meshes/ceiling.obj
-- Installing: /home/asun/turtlebot3_ws/install/my_world/share/my_world//models/media/meshes/office.mtl
-- Installing: /home/asun/turtlebot3_ws/install/my_world/share/my_world//models/media/meshes/office_large.obj
-- Installing: /home/asun/turtlebot3_ws/install/my_world/share/my_world//models/media/meshes/wall_window.obj
-- Installing: /home/asun/turtlebot3_ws/install/my_world/share/my_world//models/media/meshes/reception.obj
-- Installing: /home/asun/turtlebot3_ws/install/my_world/share/my_world//models/media/meshes/meeting_room_large.obj
-- Installing: /home/asun/turtlebot3_ws/install/my_world/share/my_world//models/media/meshes/meeting_room_small.obj
-- Installing: /home/asun/turtlebot3_ws/install/my_world/share/my_world//models/media/meshes/carpet.obj
-- Installing: /home/asun/turtlebot3_ws/install/my_world/share/my_world//models/media/meshes/cubicle_wall.obj
-- Installing: /home/asun/turtlebot3_ws/install/my_world/share/my_world//models/media/meshes/wall_elevator.obj
-- Installing: /home/asun/turtlebot3_ws/install/my_world/share/my_world//models/media/meshes/hallway.obj
-- Installing: /home/asun/turtlebot3_ws/install/my_world/share/my_world//models/microwave
-- Installing: /home/asun/turtlebot3_ws/install/my_world/share/my_world//models/microwave/materials
-- Installing: /home/asun/turtlebot3_ws/install/my_world/share/my_world//models/microwave/materials/textures
-- Installing: /home/asun/turtlebot3_ws/install/my_world/share/my_world//models/microwave/materials/textures/microwave.png
-- Installing: /home/asun/turtlebot3_ws/install/my_world/share/my_world//models/microwave/meshes
-- Installing: /home/asun/turtlebot3_ws/install/my_world/share/my_world//models/microwave/meshes/microwave.obj
-- Installing: /home/asun/turtlebot3_ws/install/my_world/share/my_world//models/microwave/meshes/microwave.mtl
-- Installing: /home/asun/turtlebot3_ws/install/my_world/share/my_world//models/microwave/model.sdf
-- Installing: /home/asun/turtlebot3_ws/install/my_world/share/my_world//models/microwave/model.config
-- Installing: /home/asun/turtlebot3_ws/install/my_world/share/my_world//models/toilet
-- Installing: /home/asun/turtlebot3_ws/install/my_world/share/my_world//models/toilet/materials
-- Installing: /home/asun/turtlebot3_ws/install/my_world/share/my_world//models/toilet/materials/textures
-- Installing: /home/asun/turtlebot3_ws/install/my_world/share/my_world//models/toilet/materials/textures/toilet_diffuse_specular.png
-- Installing: /home/asun/turtlebot3_ws/install/my_world/share/my_world//models/toilet/meshes
-- Installing: /home/asun/turtlebot3_ws/install/my_world/share/my_world//models/toilet/meshes/toilet.dae
-- Installing: /home/asun/turtlebot3_ws/install/my_world/share/my_world//models/toilet/model.sdf
-- Installing: /home/asun/turtlebot3_ws/install/my_world/share/my_world//models/toilet/model.config
-- Installing: /home/asun/turtlebot3_ws/install/my_world/share/my_world//models/map
-- Installing: /home/asun/turtlebot3_ws/install/my_world/share/my_world//models/map/map.png
-- Installing: /home/asun/turtlebot3_ws/install/my_world/share/my_world//models/map/map.yaml
-- Installing: /home/asun/turtlebot3_ws/install/my_world/share/my_world//models/service.world
-- Installing: /home/asun/turtlebot3_ws/install/my_world/share/my_world//models/office_desk
-- Installing: /home/asun/turtlebot3_ws/install/my_world/share/my_world//models/office_desk/materials
-- Installing: /home/asun/turtlebot3_ws/install/my_world/share/my_world//models/office_desk/materials/textures
-- Installing: /home/asun/turtlebot3_ws/install/my_world/share/my_world//models/office_desk/materials/textures/office_desk_specular.png
-- Installing: /home/asun/turtlebot3_ws/install/my_world/share/my_world//models/office_desk/materials/textures/office_desk_diffuse.png
-- Installing: /home/asun/turtlebot3_ws/install/my_world/share/my_world//models/office_desk/meshes
-- Installing: /home/asun/turtlebot3_ws/install/my_world/share/my_world//models/office_desk/meshes/office_desk.dae
-- Installing: /home/asun/turtlebot3_ws/install/my_world/share/my_world//models/office_desk/model.sdf
-- Installing: /home/asun/turtlebot3_ws/install/my_world/share/my_world//models/office_desk/model.config
-- Installing: /home/asun/turtlebot3_ws/install/my_world/share/my_world//models/office_box
-- Installing: /home/asun/turtlebot3_ws/install/my_world/share/my_world//models/office_box/materials
-- Installing: /home/asun/turtlebot3_ws/install/my_world/share/my_world//models/office_box/materials/textures
-- Installing: /home/asun/turtlebot3_ws/install/my_world/share/my_world//models/office_box/materials/textures/office_box.png
-- Installing: /home/asun/turtlebot3_ws/install/my_world/share/my_world//models/office_box/meshes
-- Installing: /home/asun/turtlebot3_ws/install/my_world/share/my_world//models/office_box/meshes/office_box.dae
-- Installing: /home/asun/turtlebot3_ws/install/my_world/share/my_world//models/office_box/model.sdf
-- Installing: /home/asun/turtlebot3_ws/install/my_world/share/my_world//models/office_box/model.config
-- Installing: /home/asun/turtlebot3_ws/install/my_world/share/my_world//models/refrigerator
-- Installing: /home/asun/turtlebot3_ws/install/my_world/share/my_world//models/refrigerator/materials
-- Installing: /home/asun/turtlebot3_ws/install/my_world/share/my_world//models/refrigerator/materials/textures
-- Installing: /home/asun/turtlebot3_ws/install/my_world/share/my_world//models/refrigerator/materials/textures/refrigerator.png
-- Installing: /home/asun/turtlebot3_ws/install/my_world/share/my_world//models/refrigerator/meshes
-- Installing: /home/asun/turtlebot3_ws/install/my_world/share/my_world//models/refrigerator/meshes/refrigerator.mtl
-- Installing: /home/asun/turtlebot3_ws/install/my_world/share/my_world//models/refrigerator/meshes/refrigerator.obj
-- Installing: /home/asun/turtlebot3_ws/install/my_world/share/my_world//models/refrigerator/model.sdf
-- Installing: /home/asun/turtlebot3_ws/install/my_world/share/my_world//models/refrigerator/model.config
-- Installing: /home/asun/turtlebot3_ws/install/my_world/share/my_world//models/office_table
-- Installing: /home/asun/turtlebot3_ws/install/my_world/share/my_world//models/office_table/materials
-- Installing: /home/asun/turtlebot3_ws/install/my_world/share/my_world//models/office_table/materials/textures
-- Installing: /home/asun/turtlebot3_ws/install/my_world/share/my_world//models/office_table/materials/textures/office_table_specular.png
-- Installing: /home/asun/turtlebot3_ws/install/my_world/share/my_world//models/office_table/materials/textures/office_table_diffuse.png
-- Installing: /home/asun/turtlebot3_ws/install/my_world/share/my_world//models/office_table/meshes
-- Installing: /home/asun/turtlebot3_ws/install/my_world/share/my_world//models/office_table/meshes/office_table.dae
-- Installing: /home/asun/turtlebot3_ws/install/my_world/share/my_world//models/office_table/model.sdf
-- Installing: /home/asun/turtlebot3_ws/install/my_world/share/my_world//models/office_table/model.config
-- Installing: /home/asun/turtlebot3_ws/install/my_world/share/my_world//models/office_lamp
-- Installing: /home/asun/turtlebot3_ws/install/my_world/share/my_world//models/office_lamp/materials
-- Installing: /home/asun/turtlebot3_ws/install/my_world/share/my_world//models/office_lamp/materials/textures
-- Installing: /home/asun/turtlebot3_ws/install/my_world/share/my_world//models/office_lamp/materials/textures/office_lamp_diffuse.png
-- Installing: /home/asun/turtlebot3_ws/install/my_world/share/my_world//models/office_lamp/materials/textures/office_lamp_illumination.png
-- Installing: /home/asun/turtlebot3_ws/install/my_world/share/my_world//models/office_lamp/materials/textures/office_lamp_specular.png
-- Installing: /home/asun/turtlebot3_ws/install/my_world/share/my_world//models/office_lamp/meshes
-- Installing: /home/asun/turtlebot3_ws/install/my_world/share/my_world//models/office_lamp/meshes/office_lamp.dae
-- Installing: /home/asun/turtlebot3_ws/install/my_world/share/my_world//models/office_lamp/model.sdf
-- Installing: /home/asun/turtlebot3_ws/install/my_world/share/my_world//models/office_lamp/model.config
-- Installing: /home/asun/turtlebot3_ws/install/my_world/share/my_world//models/whiteboard
-- Installing: /home/asun/turtlebot3_ws/install/my_world/share/my_world//models/whiteboard/materials
-- Installing: /home/asun/turtlebot3_ws/install/my_world/share/my_world//models/whiteboard/materials/textures
-- Installing: /home/asun/turtlebot3_ws/install/my_world/share/my_world//models/whiteboard/materials/textures/whiteboard.png
-- Installing: /home/asun/turtlebot3_ws/install/my_world/share/my_world//models/whiteboard/meshes
-- Installing: /home/asun/turtlebot3_ws/install/my_world/share/my_world//models/whiteboard/meshes/whiteboard.mtl
-- Installing: /home/asun/turtlebot3_ws/install/my_world/share/my_world//models/whiteboard/meshes/whiteboard.obj
-- Installing: /home/asun/turtlebot3_ws/install/my_world/share/my_world//models/whiteboard/model.sdf
-- Installing: /home/asun/turtlebot3_ws/install/my_world/share/my_world//models/whiteboard/model.config
-- Installing: /home/asun/turtlebot3_ws/install/my_world/share/my_world//models/hangout_chair
-- Installing: /home/asun/turtlebot3_ws/install/my_world/share/my_world//models/hangout_chair/materials
-- Installing: /home/asun/turtlebot3_ws/install/my_world/share/my_world//models/hangout_chair/materials/textures
-- Installing: /home/asun/turtlebot3_ws/install/my_world/share/my_world//models/hangout_chair/materials/textures/hangout_chair.png
-- Installing: /home/asun/turtlebot3_ws/install/my_world/share/my_world//models/hangout_chair/meshes
-- Installing: /home/asun/turtlebot3_ws/install/my_world/share/my_world//models/hangout_chair/meshes/hangout_chair.mtl
-- Installing: /home/asun/turtlebot3_ws/install/my_world/share/my_world//models/hangout_chair/meshes/hangout_chair.obj
-- Installing: /home/asun/turtlebot3_ws/install/my_world/share/my_world//models/hangout_chair/model.sdf
-- Installing: /home/asun/turtlebot3_ws/install/my_world/share/my_world//models/hangout_chair/model.config
-- Installing: /home/asun/turtlebot3_ws/install/my_world/share/my_world//models/tv_stand
-- Installing: /home/asun/turtlebot3_ws/install/my_world/share/my_world//models/tv_stand/materials
-- Installing: /home/asun/turtlebot3_ws/install/my_world/share/my_world//models/tv_stand/materials/textures
-- Installing: /home/asun/turtlebot3_ws/install/my_world/share/my_world//models/tv_stand/materials/textures/tv_specular.png
-- Installing: /home/asun/turtlebot3_ws/install/my_world/share/my_world//models/tv_stand/materials/textures/tv_diffuse.png
-- Installing: /home/asun/turtlebot3_ws/install/my_world/share/my_world//models/tv_stand/materials/textures/stand_diffuse.png
-- Installing: /home/asun/turtlebot3_ws/install/my_world/share/my_world//models/tv_stand/materials/textures/stand_specular.png
-- Installing: /home/asun/turtlebot3_ws/install/my_world/share/my_world//models/tv_stand/meshes
-- Installing: /home/asun/turtlebot3_ws/install/my_world/share/my_world//models/tv_stand/meshes/tv_stand.dae
-- Installing: /home/asun/turtlebot3_ws/install/my_world/share/my_world//models/tv_stand/model.sdf
-- Installing: /home/asun/turtlebot3_ws/install/my_world/share/my_world//models/tv_stand/model.config
-- Installing: /home/asun/turtlebot3_ws/install/my_world/share/my_world//models/elegant_male
-- Installing: /home/asun/turtlebot3_ws/install/my_world/share/my_world//models/elegant_male/materials
-- Installing: /home/asun/turtlebot3_ws/install/my_world/share/my_world//models/elegant_male/materials/textures
-- Installing: /home/asun/turtlebot3_ws/install/my_world/share/my_world//models/elegant_male/materials/textures/male_elegantsuit01_diffuse.png
-- Installing: /home/asun/turtlebot3_ws/install/my_world/share/my_world//models/elegant_male/materials/textures/shoes01_diffuse.png
-- Installing: /home/asun/turtlebot3_ws/install/my_world/share/my_world//models/elegant_male/materials/textures/short01_diffuse.png
-- Installing: /home/asun/turtlebot3_ws/install/my_world/share/my_world//models/elegant_male/materials/textures/brown_eye.png
-- Installing: /home/asun/turtlebot3_ws/install/my_world/share/my_world//models/elegant_male/materials/textures/young_lightskinned_male_diffuse3.png
-- Installing: /home/asun/turtlebot3_ws/install/my_world/share/my_world//models/elegant_male/materials/textures/shoes01_normal.png
-- Installing: /home/asun/turtlebot3_ws/install/my_world/share/my_world//models/elegant_male/materials/textures/eyebrow005.png
-- Installing: /home/asun/turtlebot3_ws/install/my_world/share/my_world//models/elegant_male/meshes
-- Installing: /home/asun/turtlebot3_ws/install/my_world/share/my_world//models/elegant_male/meshes/elegant_male.dae
-- Installing: /home/asun/turtlebot3_ws/install/my_world/share/my_world//models/elegant_male/meshes/elegant_male.png
-- Installing: /home/asun/turtlebot3_ws/install/my_world/share/my_world//models/elegant_male/model.sdf
-- Installing: /home/asun/turtlebot3_ws/install/my_world/share/my_world//models/elegant_male/model.config
-- Installing: /home/asun/turtlebot3_ws/install/my_world/share/my_world//models/office_chair
-- Installing: /home/asun/turtlebot3_ws/install/my_world/share/my_world//models/office_chair/materials
-- Installing: /home/asun/turtlebot3_ws/install/my_world/share/my_world//models/office_chair/materials/textures
-- Installing: /home/asun/turtlebot3_ws/install/my_world/share/my_world//models/office_chair/materials/textures/office_chair_diffuse.png
-- Installing: /home/asun/turtlebot3_ws/install/my_world/share/my_world//models/office_chair/materials/textures/office_chair_specular.png
-- Installing: /home/asun/turtlebot3_ws/install/my_world/share/my_world//models/office_chair/meshes
-- Installing: /home/asun/turtlebot3_ws/install/my_world/share/my_world//models/office_chair/meshes/office_chair.dae
-- Installing: /home/asun/turtlebot3_ws/install/my_world/share/my_world//models/office_chair/model.sdf
-- Installing: /home/asun/turtlebot3_ws/install/my_world/share/my_world//models/office_chair/model.config
-- Installing: /home/asun/turtlebot3_ws/install/my_world/share/my_world//models/wastebasket
-- Installing: /home/asun/turtlebot3_ws/install/my_world/share/my_world//models/wastebasket/materials
-- Installing: /home/asun/turtlebot3_ws/install/my_world/share/my_world//models/wastebasket/materials/textures
-- Installing: /home/asun/turtlebot3_ws/install/my_world/share/my_world//models/wastebasket/materials/textures/wastebasket_diffuse.png
-- Installing: /home/asun/turtlebot3_ws/install/my_world/share/my_world//models/wastebasket/meshes
-- Installing: /home/asun/turtlebot3_ws/install/my_world/share/my_world//models/wastebasket/meshes/wastebasket.dae
-- Installing: /home/asun/turtlebot3_ws/install/my_world/share/my_world//models/wastebasket/model.sdf
-- Installing: /home/asun/turtlebot3_ws/install/my_world/share/my_world//models/wastebasket/model.config
-- Installing: /home/asun/turtlebot3_ws/install/my_world/share/my_world//models/turtlebot3_burger_pi
-- Installing: /home/asun/turtlebot3_ws/install/my_world/share/my_world//models/turtlebot3_burger_pi/meshes
-- Installing: /home/asun/turtlebot3_ws/install/my_world/share/my_world//models/turtlebot3_burger_pi/meshes/burger_base.dae
-- Installing: /home/asun/turtlebot3_ws/install/my_world/share/my_world//models/turtlebot3_burger_pi/meshes/tire.dae
-- Installing: /home/asun/turtlebot3_ws/install/my_world/share/my_world//models/turtlebot3_burger_pi/meshes/lds.dae
-- Installing: /home/asun/turtlebot3_ws/install/my_world/share/my_world//models/turtlebot3_burger_pi/model.sdf
-- Installing: /home/asun/turtlebot3_ws/install/my_world/share/my_world//models/turtlebot3_burger_pi/model.config
-- Installing: /home/asun/turtlebot3_ws/install/my_world/share/my_world//models/turtlebot3_burger_pi/model-1_4.sdf
-- Installing: /home/asun/turtlebot3_ws/install/my_world/share/my_world//models/models
-- Installing: /home/asun/turtlebot3_ws/install/my_world/share/my_world//models/models/desk
-- Installing: /home/asun/turtlebot3_ws/install/my_world/share/my_world//models/models/desk/materials
-- Installing: /home/asun/turtlebot3_ws/install/my_world/share/my_world//models/models/desk/materials/textures
-- Installing: /home/asun/turtlebot3_ws/install/my_world/share/my_world//models/models/desk/materials/textures/desk.png
-- Installing: /home/asun/turtlebot3_ws/install/my_world/share/my_world//models/models/desk/meshes
-- Installing: /home/asun/turtlebot3_ws/install/my_world/share/my_world//models/models/desk/meshes/desk.obj
-- Installing: /home/asun/turtlebot3_ws/install/my_world/share/my_world//models/models/desk/meshes/desk.mtl
-- Installing: /home/asun/turtlebot3_ws/install/my_world/share/my_world//models/models/desk/model.sdf
-- Installing: /home/asun/turtlebot3_ws/install/my_world/share/my_world//models/models/desk/model.config
-- Installing: /home/asun/turtlebot3_ws/install/my_world/share/my_world//models/models/computer
-- Installing: /home/asun/turtlebot3_ws/install/my_world/share/my_world//models/models/computer/materials
-- Installing: /home/asun/turtlebot3_ws/install/my_world/share/my_world//models/models/computer/materials/textures
-- Installing: /home/asun/turtlebot3_ws/install/my_world/share/my_world//models/models/computer/materials/textures/computer.png
-- Installing: /home/asun/turtlebot3_ws/install/my_world/share/my_world//models/models/computer/meshes
-- Installing: /home/asun/turtlebot3_ws/install/my_world/share/my_world//models/models/computer/meshes/computer.mtl
-- Installing: /home/asun/turtlebot3_ws/install/my_world/share/my_world//models/models/computer/meshes/computer.obj
-- Installing: /home/asun/turtlebot3_ws/install/my_world/share/my_world//models/models/computer/meshes/computer_tower.obj
-- Installing: /home/asun/turtlebot3_ws/install/my_world/share/my_world//models/models/computer/meshes/computer_monitor.obj
-- Installing: /home/asun/turtlebot3_ws/install/my_world/share/my_world//models/models/computer/model.sdf
-- Installing: /home/asun/turtlebot3_ws/install/my_world/share/my_world//models/models/computer/model.config
-- Installing: /home/asun/turtlebot3_ws/install/my_world/share/my_world//models/models/casual_female
-- Installing: /home/asun/turtlebot3_ws/install/my_world/share/my_world//models/models/casual_female/materials
-- Installing: /home/asun/turtlebot3_ws/install/my_world/share/my_world//models/models/casual_female/materials/textures
-- Installing: /home/asun/turtlebot3_ws/install/my_world/share/my_world//models/models/casual_female/materials/textures/female_casualsuit02_normal.png
-- Installing: /home/asun/turtlebot3_ws/install/my_world/share/my_world//models/models/casual_female/materials/textures/female_casualsuit01_diffuse.png
-- Installing: /home/asun/turtlebot3_ws/install/my_world/share/my_world//models/models/casual_female/materials/textures/eyebrow002.png
-- Installing: /home/asun/turtlebot3_ws/install/my_world/share/my_world//models/models/casual_female/materials/textures/shoes05_diffuse.png
-- Installing: /home/asun/turtlebot3_ws/install/my_world/share/my_world//models/models/casual_female/materials/textures/ponytail01_diffuse.png
-- Installing: /home/asun/turtlebot3_ws/install/my_world/share/my_world//models/models/casual_female/materials/textures/female_casualsuit02_diffuse.png
-- Installing: /home/asun/turtlebot3_ws/install/my_world/share/my_world//models/models/casual_female/materials/textures/brown_eye.png
-- Installing: /home/asun/turtlebot3_ws/install/my_world/share/my_world//models/models/casual_female/materials/textures/female_casualsuit01_normal.png
-- Installing: /home/asun/turtlebot3_ws/install/my_world/share/my_world//models/models/casual_female/materials/textures/eyelashes01.png
-- Installing: /home/asun/turtlebot3_ws/install/my_world/share/my_world//models/models/casual_female/materials/textures/casual_female.png
-- Installing: /home/asun/turtlebot3_ws/install/my_world/share/my_world//models/models/casual_female/materials/textures/tongue01_diffuse.png
-- Installing: /home/asun/turtlebot3_ws/install/my_world/share/my_world//models/models/casual_female/materials/textures/young_lightskinned_female_diffuse.png
-- Installing: /home/asun/turtlebot3_ws/install/my_world/share/my_world//models/models/casual_female/meshes
-- Installing: /home/asun/turtlebot3_ws/install/my_world/share/my_world//models/models/casual_female/meshes/casual_female.dae
-- Installing: /home/asun/turtlebot3_ws/install/my_world/share/my_world//models/models/casual_female/model.sdf
-- Installing: /home/asun/turtlebot3_ws/install/my_world/share/my_world//models/models/casual_female/model.config
-- Installing: /home/asun/turtlebot3_ws/install/my_world/share/my_world//models/models/bathroom_sink
-- Installing: /home/asun/turtlebot3_ws/install/my_world/share/my_world//models/models/bathroom_sink/materials
-- Installing: /home/asun/turtlebot3_ws/install/my_world/share/my_world//models/models/bathroom_sink/materials/textures
-- Installing: /home/asun/turtlebot3_ws/install/my_world/share/my_world//models/models/bathroom_sink/materials/textures/bathroom_sink_diffuse.png
-- Installing: /home/asun/turtlebot3_ws/install/my_world/share/my_world//models/models/bathroom_sink/materials/textures/bathroom_sink_specular.png
-- Installing: /home/asun/turtlebot3_ws/install/my_world/share/my_world//models/models/bathroom_sink/meshes
-- Installing: /home/asun/turtlebot3_ws/install/my_world/share/my_world//models/models/bathroom_sink/meshes/bathroom_sink.dae
-- Installing: /home/asun/turtlebot3_ws/install/my_world/share/my_world//models/models/bathroom_sink/model.sdf
-- Installing: /home/asun/turtlebot3_ws/install/my_world/share/my_world//models/models/bathroom_sink/model.config
-- Installing: /home/asun/turtlebot3_ws/install/my_world/share/my_world//models/models/conference_table_small
-- Installing: /home/asun/turtlebot3_ws/install/my_world/share/my_world//models/models/conference_table_small/materials
-- Installing: /home/asun/turtlebot3_ws/install/my_world/share/my_world//models/models/conference_table_small/materials/textures
-- Installing: /home/asun/turtlebot3_ws/install/my_world/share/my_world//models/models/conference_table_small/materials/textures/conference_table.png
-- Installing: /home/asun/turtlebot3_ws/install/my_world/share/my_world//models/models/conference_table_small/meshes
-- Installing: /home/asun/turtlebot3_ws/install/my_world/share/my_world//models/models/conference_table_small/meshes/conference_table_small.mtl
-- Installing: /home/asun/turtlebot3_ws/install/my_world/share/my_world//models/models/conference_table_small/meshes/conference_table_small.obj
-- Installing: /home/asun/turtlebot3_ws/install/my_world/share/my_world//models/models/conference_table_small/model.sdf
-- Installing: /home/asun/turtlebot3_ws/install/my_world/share/my_world//models/models/conference_table_small/model.config
-- Installing: /home/asun/turtlebot3_ws/install/my_world/share/my_world//models/models/desk_chair
-- Installing: /home/asun/turtlebot3_ws/install/my_world/share/my_world//models/models/desk_chair/materials
-- Installing: /home/asun/turtlebot3_ws/install/my_world/share/my_world//models/models/desk_chair/materials/textures
-- Installing: /home/asun/turtlebot3_ws/install/my_world/share/my_world//models/models/desk_chair/materials/textures/desk_chair.png
-- Installing: /home/asun/turtlebot3_ws/install/my_world/share/my_world//models/models/desk_chair/meshes
-- Installing: /home/asun/turtlebot3_ws/install/my_world/share/my_world//models/models/desk_chair/meshes/desk_chair.obj
-- Installing: /home/asun/turtlebot3_ws/install/my_world/share/my_world//models/models/desk_chair/meshes/desk_chair.mtl
-- Installing: /home/asun/turtlebot3_ws/install/my_world/share/my_world//models/models/desk_chair/model.sdf
-- Installing: /home/asun/turtlebot3_ws/install/my_world/share/my_world//models/models/desk_chair/model.config
-- Installing: /home/asun/turtlebot3_ws/install/my_world/share/my_world//models/models/dishwasher
-- Installing: /home/asun/turtlebot3_ws/install/my_world/share/my_world//models/models/dishwasher/materials
-- Installing: /home/asun/turtlebot3_ws/install/my_world/share/my_world//models/models/dishwasher/materials/textures
-- Installing: /home/asun/turtlebot3_ws/install/my_world/share/my_world//models/models/dishwasher/materials/textures/dishwasher.png
-- Installing: /home/asun/turtlebot3_ws/install/my_world/share/my_world//models/models/dishwasher/meshes
-- Installing: /home/asun/turtlebot3_ws/install/my_world/share/my_world//models/models/dishwasher/meshes/dishwasher.obj
-- Installing: /home/asun/turtlebot3_ws/install/my_world/share/my_world//models/models/dishwasher/meshes/dishwasher.mtl
-- Installing: /home/asun/turtlebot3_ws/install/my_world/share/my_world//models/models/dishwasher/model.sdf
-- Installing: /home/asun/turtlebot3_ws/install/my_world/share/my_world//models/models/dishwasher/model.config
-- Installing: /home/asun/turtlebot3_ws/install/my_world/share/my_world//models/models/actor
-- Installing: /home/asun/turtlebot3_ws/install/my_world/share/my_world//models/models/actor/meshes
-- Installing: /home/asun/turtlebot3_ws/install/my_world/share/my_world//models/models/actor/meshes/ANIMATION_sitting.dae
-- Installing: /home/asun/turtlebot3_ws/install/my_world/share/my_world//models/models/actor/meshes/ANIMATION_running.dae
-- Installing: /home/asun/turtlebot3_ws/install/my_world/share/my_world//models/models/actor/meshes/SKIN_man_blue_shirt.dae
-- Installing: /home/asun/turtlebot3_ws/install/my_world/share/my_world//models/models/actor/meshes/SKIN_man_green_shirt.dae
-- Installing: /home/asun/turtlebot3_ws/install/my_world/share/my_world//models/models/actor/meshes/ANIMATION_walking.dae
-- Installing: /home/asun/turtlebot3_ws/install/my_world/share/my_world//models/models/actor/meshes/ANIMATION_standing.dae
-- Installing: /home/asun/turtlebot3_ws/install/my_world/share/my_world//models/models/actor/meshes/ANIMATION_talking_b.dae
-- Installing: /home/asun/turtlebot3_ws/install/my_world/share/my_world//models/models/actor/meshes/SKIN_man_red_shirt.dae
-- Installing: /home/asun/turtlebot3_ws/install/my_world/share/my_world//models/models/actor/meshes/ANIMATION_talking_a.dae
-- Installing: /home/asun/turtlebot3_ws/install/my_world/share/my_world//models/models/actor/model.sdf
-- Installing: /home/asun/turtlebot3_ws/install/my_world/share/my_world//models/models/actor/model.config
-- Installing: /home/asun/turtlebot3_ws/install/my_world/share/my_world//models/models/cafe_counter
-- Installing: /home/asun/turtlebot3_ws/install/my_world/share/my_world//models/models/cafe_counter/materials
-- Installing: /home/asun/turtlebot3_ws/install/my_world/share/my_world//models/models/cafe_counter/materials/textures
-- Installing: /home/asun/turtlebot3_ws/install/my_world/share/my_world//models/models/cafe_counter/materials/textures/cafe_counter.png
-- Installing: /home/asun/turtlebot3_ws/install/my_world/share/my_world//models/models/cafe_counter/meshes
-- Installing: /home/asun/turtlebot3_ws/install/my_world/share/my_world//models/models/cafe_counter/meshes/counter_sink.obj
-- Installing: /home/asun/turtlebot3_ws/install/my_world/share/my_world//models/models/cafe_counter/meshes/cafe_counter.mtl
-- Installing: /home/asun/turtlebot3_ws/install/my_world/share/my_world//models/models/cafe_counter/meshes/cafe_counter.obj
-- Installing: /home/asun/turtlebot3_ws/install/my_world/share/my_world//models/models/cafe_counter/meshes/counter_no_sink.obj
-- Installing: /home/asun/turtlebot3_ws/install/my_world/share/my_world//models/models/cafe_counter/model.sdf
-- Installing: /home/asun/turtlebot3_ws/install/my_world/share/my_world//models/models/cafe_counter/model.config
-- Installing: /home/asun/turtlebot3_ws/install/my_world/share/my_world//models/models/coffee_maker
-- Installing: /home/asun/turtlebot3_ws/install/my_world/share/my_world//models/models/coffee_maker/materials
-- Installing: /home/asun/turtlebot3_ws/install/my_world/share/my_world//models/models/coffee_maker/materials/textures
-- Installing: /home/asun/turtlebot3_ws/install/my_world/share/my_world//models/models/coffee_maker/materials/textures/coffee_maker.png
-- Installing: /home/asun/turtlebot3_ws/install/my_world/share/my_world//models/models/coffee_maker/meshes
-- Installing: /home/asun/turtlebot3_ws/install/my_world/share/my_world//models/models/coffee_maker/meshes/coffee_maker.mtl
-- Installing: /home/asun/turtlebot3_ws/install/my_world/share/my_world//models/models/coffee_maker/meshes/coffee_maker.obj
-- Installing: /home/asun/turtlebot3_ws/install/my_world/share/my_world//models/models/coffee_maker/model.sdf
-- Installing: /home/asun/turtlebot3_ws/install/my_world/share/my_world//models/models/coffee_maker/model.config
-- Installing: /home/asun/turtlebot3_ws/install/my_world/share/my_world//models/models/conference_table_large
-- Installing: /home/asun/turtlebot3_ws/install/my_world/share/my_world//models/models/conference_table_large/meshes
-- Installing: /home/asun/turtlebot3_ws/install/my_world/share/my_world//models/models/conference_table_large/meshes/conference_table_large.mtl
-- Installing: /home/asun/turtlebot3_ws/install/my_world/share/my_world//models/models/conference_table_large/meshes/conference_table_large.obj
-- Installing: /home/asun/turtlebot3_ws/install/my_world/share/my_world//models/models/conference_table_large/model.sdf
-- Installing: /home/asun/turtlebot3_ws/install/my_world/share/my_world//models/models/conference_table_large/model.config
-- Installing: /home/asun/turtlebot3_ws/install/my_world/share/my_world//models/mini_fridge
-- Installing: /home/asun/turtlebot3_ws/install/my_world/share/my_world//models/mini_fridge/materials
-- Installing: /home/asun/turtlebot3_ws/install/my_world/share/my_world//models/mini_fridge/materials/textures
-- Installing: /home/asun/turtlebot3_ws/install/my_world/share/my_world//models/mini_fridge/materials/textures/mini_fridge.png
-- Installing: /home/asun/turtlebot3_ws/install/my_world/share/my_world//models/mini_fridge/meshes
-- Installing: /home/asun/turtlebot3_ws/install/my_world/share/my_world//models/mini_fridge/meshes/mini_fridge.mtl
-- Installing: /home/asun/turtlebot3_ws/install/my_world/share/my_world//models/mini_fridge/meshes/mini_fridge.obj
-- Installing: /home/asun/turtlebot3_ws/install/my_world/share/my_world//models/mini_fridge/model.sdf
-- Installing: /home/asun/turtlebot3_ws/install/my_world/share/my_world//models/mini_fridge/model.config
-- Installing: /home/asun/turtlebot3_ws/install/my_world/share/my_world//models/servicebot
-- Installing: /home/asun/turtlebot3_ws/install/my_world/share/my_world//models/servicebot/materials
-- Installing: /home/asun/turtlebot3_ws/install/my_world/share/my_world//models/servicebot/materials/textures
-- Installing: /home/asun/turtlebot3_ws/install/my_world/share/my_world//models/servicebot/materials/textures/servicebot.png
-- Installing: /home/asun/turtlebot3_ws/install/my_world/share/my_world//models/servicebot/meshes
-- Installing: /home/asun/turtlebot3_ws/install/my_world/share/my_world//models/servicebot/meshes/servicebot.mtl
-- Installing: /home/asun/turtlebot3_ws/install/my_world/share/my_world//models/servicebot/meshes/servicebot.obj
-- Installing: /home/asun/turtlebot3_ws/install/my_world/share/my_world//models/servicebot/model.sdf
-- Installing: /home/asun/turtlebot3_ws/install/my_world/share/my_world//models/servicebot/model.config
-- Installing: /home/asun/turtlebot3_ws/install/my_world/share/my_world//models/elegant_female
-- Installing: /home/asun/turtlebot3_ws/install/my_world/share/my_world//models/elegant_female/materials
-- Installing: /home/asun/turtlebot3_ws/install/my_world/share/my_world//models/elegant_female/materials/textures
-- Installing: /home/asun/turtlebot3_ws/install/my_world/share/my_world//models/elegant_female/materials/textures/male_elegantsuit01_diffuse.png
-- Installing: /home/asun/turtlebot3_ws/install/my_world/share/my_world//models/elegant_female/materials/textures/eyebrow002.png
-- Installing: /home/asun/turtlebot3_ws/install/my_world/share/my_world//models/elegant_female/materials/textures/young_lightskinned_female_diffuse2.png
-- Installing: /home/asun/turtlebot3_ws/install/my_world/share/my_world//models/elegant_female/materials/textures/ponytail01_diffuse.png
-- Installing: /home/asun/turtlebot3_ws/install/my_world/share/my_world//models/elegant_female/materials/textures/brown_eye.png
-- Installing: /home/asun/turtlebot3_ws/install/my_world/share/my_world//models/elegant_female/materials/textures/eyelashes01.png
-- Installing: /home/asun/turtlebot3_ws/install/my_world/share/my_world//models/elegant_female/materials/textures/shoes03_diffuse.png
-- Installing: /home/asun/turtlebot3_ws/install/my_world/share/my_world//models/elegant_female/meshes
-- Installing: /home/asun/turtlebot3_ws/install/my_world/share/my_world//models/elegant_female/meshes/elegant_female.png
-- Installing: /home/asun/turtlebot3_ws/install/my_world/share/my_world//models/elegant_female/meshes/elegant_female.dae
-- Installing: /home/asun/turtlebot3_ws/install/my_world/share/my_world//models/elegant_female/model.sdf
-- Installing: /home/asun/turtlebot3_ws/install/my_world/share/my_world//models/elegant_female/model.config
-- Installing: /home/asun/turtlebot3_ws/install/my_world/share/my_world//models/office_cafe_table
-- Installing: /home/asun/turtlebot3_ws/install/my_world/share/my_world//models/office_cafe_table/materials
-- Installing: /home/asun/turtlebot3_ws/install/my_world/share/my_world//models/office_cafe_table/materials/textures
-- Installing: /home/asun/turtlebot3_ws/install/my_world/share/my_world//models/office_cafe_table/materials/textures/Wood_Floor_Dark.jpg
-- Installing: /home/asun/turtlebot3_ws/install/my_world/share/my_world//models/office_cafe_table/materials/textures/Maple.jpg
-- Installing: /home/asun/turtlebot3_ws/install/my_world/share/my_world//models/office_cafe_table/meshes
-- Installing: /home/asun/turtlebot3_ws/install/my_world/share/my_world//models/office_cafe_table/meshes/office_cafe_table.dae
-- Installing: /home/asun/turtlebot3_ws/install/my_world/share/my_world//models/office_cafe_table/model.sdf
-- Installing: /home/asun/turtlebot3_ws/install/my_world/share/my_world//models/office_cafe_table/model.config
-- Installing: /home/asun/turtlebot3_ws/install/my_world/share/my_world//models/.fr-0T31rz
-- Installing: /home/asun/turtlebot3_ws/install/my_world/share/my_world//models/.fr-0T31rz/my_world
-- Installing: /home/asun/turtlebot3_ws/install/my_world/share/my_world//models/.fr-0T31rz/my_world/models
-- Installing: /home/asun/turtlebot3_ws/install/my_world/share/my_world//models/.fr-0T31rz/my_world/models/willowgarage
-- Installing: /home/asun/turtlebot3_ws/install/my_world/share/my_world//models/.fr-0T31rz/my_world/models/willowgarage/model-1_3.sdf
-- Installing: /home/asun/turtlebot3_ws/install/my_world/share/my_world//models/.fr-0T31rz/my_world/models/willowgarage/model-1_2.sdf
-- Installing: /home/asun/turtlebot3_ws/install/my_world/share/my_world//models/.fr-0T31rz/my_world/models/willowgarage/materials
-- Installing: /home/asun/turtlebot3_ws/install/my_world/share/my_world//models/.fr-0T31rz/my_world/models/willowgarage/materials/textures
-- Installing: /home/asun/turtlebot3_ws/install/my_world/share/my_world//models/.fr-0T31rz/my_world/models/willowgarage/materials/textures/Stone_Brushed_Khaki_.png
-- Installing: /home/asun/turtlebot3_ws/install/my_world/share/my_world//models/.fr-0T31rz/my_world/models/willowgarage/materials/textures/Wood_Cherry_Original_.png
-- Installing: /home/asun/turtlebot3_ws/install/my_world/share/my_world//models/.fr-0T31rz/my_world/models/willowgarage/materials/textures/__auto_2.png
-- Installing: /home/asun/turtlebot3_ws/install/my_world/share/my_world//models/.fr-0T31rz/my_world/models/willowgarage/materials/textures/__Wood_Bamboo_Medium_1.png
-- Installing: /home/asun/turtlebot3_ws/install/my_world/share/my_world//models/.fr-0T31rz/my_world/models/willowgarage/materials/textures/__auto_12.png
-- Installing: /home/asun/turtlebot3_ws/install/my_world/share/my_world//models/.fr-0T31rz/my_world/models/willowgarage/materials/textures/Wood_Bamboo_Medium_.png
-- Installing: /home/asun/turtlebot3_ws/install/my_world/share/my_world//models/.fr-0T31rz/my_world/models/willowgarage/materials/textures/Carpet_Berber_Pattern_Gray_.png
-- Installing: /home/asun/turtlebot3_ws/install/my_world/share/my_world//models/.fr-0T31rz/my_world/models/willowgarage/meshes
-- Installing: /home/asun/turtlebot3_ws/install/my_world/share/my_world//models/.fr-0T31rz/my_world/models/willowgarage/meshes/willowgarage_visual.dae
-- Installing: /home/asun/turtlebot3_ws/install/my_world/share/my_world//models/.fr-0T31rz/my_world/models/willowgarage/meshes/willowgarage_collision.dae
-- Installing: /home/asun/turtlebot3_ws/install/my_world/share/my_world//models/.fr-0T31rz/my_world/models/willowgarage/model.sdf
-- Installing: /home/asun/turtlebot3_ws/install/my_world/share/my_world//models/.fr-0T31rz/my_world/models/willowgarage/model.config
-- Installing: /home/asun/turtlebot3_ws/install/my_world/share/my_world//models/.fr-0T31rz/my_world/models/willowgarage/model-1_4.sdf
-- Installing: /home/asun/turtlebot3_ws/install/my_world/share/my_world//models/.fr-0T31rz/my_world/models/naokoeye
-- Installing: /home/asun/turtlebot3_ws/install/my_world/share/my_world//models/.fr-0T31rz/my_world/models/naokoeye/meshes
-- Installing: /home/asun/turtlebot3_ws/install/my_world/share/my_world//models/.fr-0T31rz/my_world/models/naokoeye/meshes/female_casualsuit02_normal.png
-- Installing: /home/asun/turtlebot3_ws/install/my_world/share/my_world//models/.fr-0T31rz/my_world/models/naokoeye/meshes/female_casualsuit02_diffuse.png
-- Installing: /home/asun/turtlebot3_ws/install/my_world/share/my_world//models/.fr-0T31rz/my_world/models/naokoeye/meshes/naokoeye.png
-- Installing: /home/asun/turtlebot3_ws/install/my_world/share/my_world//models/.fr-0T31rz/my_world/models/naokoeye/meshes/eyebrow001.png
-- Installing: /home/asun/turtlebot3_ws/install/my_world/share/my_world//models/.fr-0T31rz/my_world/models/naokoeye/meshes/brown_eye.png
-- Installing: /home/asun/turtlebot3_ws/install/my_world/share/my_world//models/.fr-0T31rz/my_world/models/naokoeye/meshes/bob02_diffuse.png
-- Installing: /home/asun/turtlebot3_ws/install/my_world/share/my_world//models/.fr-0T31rz/my_world/models/naokoeye/meshes/naokoeye.dae
-- Installing: /home/asun/turtlebot3_ws/install/my_world/share/my_world//models/.fr-0T31rz/my_world/models/naokoeye/meshes/naokoeyev2.dae
-- Installing: /home/asun/turtlebot3_ws/install/my_world/share/my_world//models/.fr-0T31rz/my_world/models/naokoeye/model.sdf
-- Installing: /home/asun/turtlebot3_ws/install/my_world/share/my_world//models/.fr-0T31rz/my_world/models/naokoeye/model.config
-- Installing: /home/asun/turtlebot3_ws/install/my_world/share/my_world//models/.fr-0T31rz/my_world/models/bobeye
-- Installing: /home/asun/turtlebot3_ws/install/my_world/share/my_world//models/.fr-0T31rz/my_world/models/bobeye/meshes
-- Installing: /home/asun/turtlebot3_ws/install/my_world/share/my_world//models/.fr-0T31rz/my_world/models/bobeye/meshes/bobeye.png
-- Installing: /home/asun/turtlebot3_ws/install/my_world/share/my_world//models/.fr-0T31rz/my_world/models/bobeye/meshes/eyebrow001.png
-- Installing: /home/asun/turtlebot3_ws/install/my_world/share/my_world//models/.fr-0T31rz/my_world/models/bobeye/meshes/brown_eye.png
-- Installing: /home/asun/turtlebot3_ws/install/my_world/share/my_world//models/.fr-0T31rz/my_world/models/bobeye/meshes/male_casualsuit03_diffuse.png
-- Installing: /home/asun/turtlebot3_ws/install/my_world/share/my_world//models/.fr-0T31rz/my_world/models/bobeye/meshes/male_casualsuit03_normal.png
-- Installing: /home/asun/turtlebot3_ws/install/my_world/share/my_world//models/.fr-0T31rz/my_world/models/bobeye/meshes/teeth.png
-- Installing: /home/asun/turtlebot3_ws/install/my_world/share/my_world//models/.fr-0T31rz/my_world/models/bobeye/meshes/shoes03_diffuse.png
-- Installing: /home/asun/turtlebot3_ws/install/my_world/share/my_world//models/.fr-0T31rz/my_world/models/bobeye/meshes/tongue01_diffuse.png
-- Installing: /home/asun/turtlebot3_ws/install/my_world/share/my_world//models/.fr-0T31rz/my_world/models/bobeye/meshes/bobeyev2.dae
-- Installing: /home/asun/turtlebot3_ws/install/my_world/share/my_world//models/.fr-0T31rz/my_world/models/bobeye/meshes/bobeye.dae
-- Installing: /home/asun/turtlebot3_ws/install/my_world/share/my_world//models/.fr-0T31rz/my_world/models/bobeye/meshes/young_darkskinned_male_diffuse.png
-- Installing: /home/asun/turtlebot3_ws/install/my_world/share/my_world//models/.fr-0T31rz/my_world/models/bobeye/model.sdf
-- Installing: /home/asun/turtlebot3_ws/install/my_world/share/my_world//models/.fr-0T31rz/my_world/models/bobeye/model.config
-- Installing: /home/asun/turtlebot3_ws/install/my_world/share/my_world//models/.fr-0T31rz/my_world/models/doguinho
-- Installing: /home/asun/turtlebot3_ws/install/my_world/share/my_world//models/.fr-0T31rz/my_world/models/doguinho/meshes
-- Installing: /home/asun/turtlebot3_ws/install/my_world/share/my_world//models/.fr-0T31rz/my_world/models/doguinho/meshes/Doguinho_low_poly_doguinho_uv_Normal.png
-- Installing: /home/asun/turtlebot3_ws/install/my_world/share/my_world//models/.fr-0T31rz/my_world/models/doguinho/meshes/Doguinho_low_poly_doguinho_uv_Metallic.png
-- Installing: /home/asun/turtlebot3_ws/install/my_world/share/my_world//models/.fr-0T31rz/my_world/models/doguinho/meshes/Doguinho_low_poly_doguinho_uv_BaseColor.png
-- Installing: /home/asun/turtlebot3_ws/install/my_world/share/my_world//models/.fr-0T31rz/my_world/models/doguinho/meshes/doguinho.dae
-- Installing: /home/asun/turtlebot3_ws/install/my_world/share/my_world//models/.fr-0T31rz/my_world/models/doguinho/meshes/Doguinho_low_poly_doguinho_uv_Roughness.png
-- Installing: /home/asun/turtlebot3_ws/install/my_world/share/my_world//models/.fr-0T31rz/my_world/models/doguinho/meshes/Doguinho_low_poly_doguinho_uv_Height.png
-- Installing: /home/asun/turtlebot3_ws/install/my_world/share/my_world//models/.fr-0T31rz/my_world/models/doguinho/model.sdf
-- Installing: /home/asun/turtlebot3_ws/install/my_world/share/my_world//models/.fr-0T31rz/my_world/models/doguinho/model.config
-- Installing: /home/asun/turtlebot3_ws/install/my_world/share/my_world//models/.fr-0T31rz/my_world/models/apartment
-- Installing: /home/asun/turtlebot3_ws/install/my_world/share/my_world//models/.fr-0T31rz/my_world/models/apartment/materials
-- Installing: /home/asun/turtlebot3_ws/install/my_world/share/my_world//models/.fr-0T31rz/my_world/models/apartment/materials/textures
-- Installing: /home/asun/turtlebot3_ws/install/my_world/share/my_world//models/.fr-0T31rz/my_world/models/apartment/materials/textures/apartment_diffuse.jpg
-- Installing: /home/asun/turtlebot3_ws/install/my_world/share/my_world//models/.fr-0T31rz/my_world/models/apartment/materials/textures/apartment_spec.jpg
-- Installing: /home/asun/turtlebot3_ws/install/my_world/share/my_world//models/.fr-0T31rz/my_world/models/apartment/meshes
-- Installing: /home/asun/turtlebot3_ws/install/my_world/share/my_world//models/.fr-0T31rz/my_world/models/apartment/meshes/apartment.dae
-- Installing: /home/asun/turtlebot3_ws/install/my_world/share/my_world//models/.fr-0T31rz/my_world/models/apartment/model.sdf
-- Installing: /home/asun/turtlebot3_ws/install/my_world/share/my_world//models/.fr-0T31rz/my_world/models/apartment/model.config
-- Installing: /home/asun/turtlebot3_ws/install/my_world/share/my_world//models/.fr-0T31rz/my_world/models/my_world
-- Installing: /home/asun/turtlebot3_ws/install/my_world/share/my_world//models/.fr-0T31rz/my_world/models/my_world/model.sdf
-- Installing: /home/asun/turtlebot3_ws/install/my_world/share/my_world//models/.fr-0T31rz/my_world/models/my_world/model.config
-- Installing: /home/asun/turtlebot3_ws/install/my_world/share/my_world//models/.fr-0T31rz/my_world/models/ball_bearing
-- Installing: /home/asun/turtlebot3_ws/install/my_world/share/my_world//models/.fr-0T31rz/my_world/models/ball_bearing/model.sdf
-- Installing: /home/asun/turtlebot3_ws/install/my_world/share/my_world//models/.fr-0T31rz/my_world/models/ball_bearing/model.config
-- Installing: /home/asun/turtlebot3_ws/install/my_world/share/my_world//models/.fr-0T31rz/my_world/models/ball_bearing/model.rsdf
-- Installing: /home/asun/turtlebot3_ws/install/my_world/share/my_world//models/.fr-0T31rz/my_world/models/sweedish_apartment
-- Installing: /home/asun/turtlebot3_ws/install/my_world/share/my_world//models/.fr-0T31rz/my_world/models/sweedish_apartment/meshes
-- Installing: /home/asun/turtlebot3_ws/install/my_world/share/my_world//models/.fr-0T31rz/my_world/models/sweedish_apartment/meshes/model.dae
-- Installing: /home/asun/turtlebot3_ws/install/my_world/share/my_world//models/.fr-0T31rz/my_world/models/sweedish_apartment/model.sdf
-- Installing: /home/asun/turtlebot3_ws/install/my_world/share/my_world//models/.fr-0T31rz/my_world/models/sweedish_apartment/model.config
-- Installing: /home/asun/turtlebot3_ws/install/my_world/share/my_world//models/.fr-0T31rz/my_world/models/gertrudiseye
-- Installing: /home/asun/turtlebot3_ws/install/my_world/share/my_world//models/.fr-0T31rz/my_world/models/gertrudiseye/meshes
-- Installing: /home/asun/turtlebot3_ws/install/my_world/share/my_world//models/.fr-0T31rz/my_world/models/gertrudiseye/meshes/old_lightskinned_female_diffuse.png
-- Installing: /home/asun/turtlebot3_ws/install/my_world/share/my_world//models/.fr-0T31rz/my_world/models/gertrudiseye/meshes/female_elegantsuit01_diffuse.png
-- Installing: /home/asun/turtlebot3_ws/install/my_world/share/my_world//models/.fr-0T31rz/my_world/models/gertrudiseye/meshes/braid01_diffuse.png
-- Installing: /home/asun/turtlebot3_ws/install/my_world/share/my_world//models/.fr-0T31rz/my_world/models/gertrudiseye/meshes/green_eye.png
-- Installing: /home/asun/turtlebot3_ws/install/my_world/share/my_world//models/.fr-0T31rz/my_world/models/gertrudiseye/meshes/female_elegantsuit01_normal.png
-- Installing: /home/asun/turtlebot3_ws/install/my_world/share/my_world//models/.fr-0T31rz/my_world/models/gertrudiseye/meshes/gertrudiseye.png
-- Installing: /home/asun/turtlebot3_ws/install/my_world/share/my_world//models/.fr-0T31rz/my_world/models/gertrudiseye/meshes/teeth.png
-- Installing: /home/asun/turtlebot3_ws/install/my_world/share/my_world//models/.fr-0T31rz/my_world/models/gertrudiseye/meshes/gertrudiseye.dae
-- Installing: /home/asun/turtlebot3_ws/install/my_world/share/my_world//models/.fr-0T31rz/my_world/models/gertrudiseye/meshes/tongue01_diffuse.png
-- Installing: /home/asun/turtlebot3_ws/install/my_world/share/my_world//models/.fr-0T31rz/my_world/models/gertrudiseye/meshes/gertrudiseyev2.dae
-- Installing: /home/asun/turtlebot3_ws/install/my_world/share/my_world//models/.fr-0T31rz/my_world/models/gertrudiseye/model.sdf
-- Installing: /home/asun/turtlebot3_ws/install/my_world/share/my_world//models/.fr-0T31rz/my_world/models/gertrudiseye/model.config
-- Installing: /home/asun/turtlebot3_ws/install/my_world/share/my_world//models/.fr-0T31rz/my_world/models/drc_practice_ball_valve
-- Installing: /home/asun/turtlebot3_ws/install/my_world/share/my_world//models/.fr-0T31rz/my_world/models/drc_practice_ball_valve/materials
-- Installing: /home/asun/turtlebot3_ws/install/my_world/share/my_world//models/.fr-0T31rz/my_world/models/drc_practice_ball_valve/materials/textures
-- Installing: /home/asun/turtlebot3_ws/install/my_world/share/my_world//models/.fr-0T31rz/my_world/models/drc_practice_ball_valve/materials/textures/Metal_Rough.png
-- Installing: /home/asun/turtlebot3_ws/install/my_world/share/my_world//models/.fr-0T31rz/my_world/models/drc_practice_ball_valve/meshes
-- Installing: /home/asun/turtlebot3_ws/install/my_world/share/my_world//models/.fr-0T31rz/my_world/models/drc_practice_ball_valve/meshes/attachment.dae
-- Installing: /home/asun/turtlebot3_ws/install/my_world/share/my_world//models/.fr-0T31rz/my_world/models/drc_practice_ball_valve/meshes/ball_valve.dae
-- Installing: /home/asun/turtlebot3_ws/install/my_world/share/my_world//models/.fr-0T31rz/my_world/models/drc_practice_ball_valve/model.sdf
-- Installing: /home/asun/turtlebot3_ws/install/my_world/share/my_world//models/.fr-0T31rz/my_world/models/drc_practice_ball_valve/model.config
-- Installing: /home/asun/turtlebot3_ws/install/my_world/share/my_world//models/.fr-0T31rz/my_world/models/drc_practice_ball_valve/model-1_4.sdf
-- Installing: /home/asun/turtlebot3_ws/install/my_world/share/my_world//models/.fr-0T31rz/my_world/models/warehouse_1
-- Installing: /home/asun/turtlebot3_ws/install/my_world/share/my_world//models/.fr-0T31rz/my_world/models/warehouse_1/meshes
-- Installing: /home/asun/turtlebot3_ws/install/my_world/share/my_world//models/.fr-0T31rz/my_world/models/warehouse_1/meshes/dummy.png
-- Installing: /home/asun/turtlebot3_ws/install/my_world/share/my_world//models/.fr-0T31rz/my_world/models/warehouse_1/meshes/SICK_V2_WHITE.jpg
-- Installing: /home/asun/turtlebot3_ws/install/my_world/share/my_world//models/.fr-0T31rz/my_world/models/warehouse_1/meshes/rock1.JPG
-- Installing: /home/asun/turtlebot3_ws/install/my_world/share/my_world//models/.fr-0T31rz/my_world/models/warehouse_1/meshes/SCHUNK_logo.jpg
-- Installing: /home/asun/turtlebot3_ws/install/my_world/share/my_world//models/.fr-0T31rz/my_world/models/warehouse_1/meshes/fetchit_env_version2.dae
-- Installing: /home/asun/turtlebot3_ws/install/my_world/share/my_world//models/.fr-0T31rz/my_world/models/warehouse_1/meshes/icra2019-poster-image.png
-- Installing: /home/asun/turtlebot3_ws/install/my_world/share/my_world//models/.fr-0T31rz/my_world/models/warehouse_1/meshes/fetchit_manipulation_challenge_logo.png
-- Installing: /home/asun/turtlebot3_ws/install/my_world/share/my_world//models/.fr-0T31rz/my_world/models/warehouse_1/meshes/box_labels.png
-- Installing: /home/asun/turtlebot3_ws/install/my_world/share/my_world//models/.fr-0T31rz/my_world/models/warehouse_1/meshes/warehouse_collision.stl
-- Installing: /home/asun/turtlebot3_ws/install/my_world/share/my_world//models/.fr-0T31rz/my_world/models/warehouse_1/meshes/fetchit_env_version1.dae
-- Installing: /home/asun/turtlebot3_ws/install/my_world/share/my_world//models/.fr-0T31rz/my_world/models/warehouse_1/meshes/SICK_V2.png
-- Installing: /home/asun/turtlebot3_ws/install/my_world/share/my_world//models/.fr-0T31rz/my_world/models/warehouse_1/meshes/fetchit_env_version3.dae
-- Installing: /home/asun/turtlebot3_ws/install/my_world/share/my_world//models/.fr-0T31rz/my_world/models/warehouse_1/meshes/EandM.jpg
-- Installing: /home/asun/turtlebot3_ws/install/my_world/share/my_world//models/.fr-0T31rz/my_world/models/warehouse_1/meshes/Logo-TheConstruct-primario-NEW-tagline-2.jpg
-- Installing: /home/asun/turtlebot3_ws/install/my_world/share/my_world//models/.fr-0T31rz/my_world/models/warehouse_1/meshes/fetchit_env_version4.dae
-- Installing: /home/asun/turtlebot3_ws/install/my_world/share/my_world//models/.fr-0T31rz/my_world/models/warehouse_1/meshes/FetchLogo-1024x388.png
-- Installing: /home/asun/turtlebot3_ws/install/my_world/share/my_world//models/.fr-0T31rz/my_world/models/warehouse_1/meshes/Logo-SICK.jpg
-- Installing: /home/asun/turtlebot3_ws/install/my_world/share/my_world//models/.fr-0T31rz/my_world/models/warehouse_1/model.sdf
-- Installing: /home/asun/turtlebot3_ws/install/my_world/share/my_world//models/.fr-0T31rz/my_world/models/warehouse_1/model.config
-- Installing: /home/asun/turtlebot3_ws/install/my_world/share/my_world//models/.fr-0T31rz/my_world/models/turtlebot3_burger_pi
-- Installing: /home/asun/turtlebot3_ws/install/my_world/share/my_world//models/.fr-0T31rz/my_world/models/turtlebot3_burger_pi/meshes
-- Installing: /home/asun/turtlebot3_ws/install/my_world/share/my_world//models/.fr-0T31rz/my_world/models/turtlebot3_burger_pi/meshes/burger_base.dae
-- Installing: /home/asun/turtlebot3_ws/install/my_world/share/my_world//models/.fr-0T31rz/my_world/models/turtlebot3_burger_pi/meshes/tire.dae
-- Installing: /home/asun/turtlebot3_ws/install/my_world/share/my_world//models/.fr-0T31rz/my_world/models/turtlebot3_burger_pi/meshes/lds.dae
-- Installing: /home/asun/turtlebot3_ws/install/my_world/share/my_world//models/.fr-0T31rz/my_world/models/turtlebot3_burger_pi/model.sdf
-- Installing: /home/asun/turtlebot3_ws/install/my_world/share/my_world//models/.fr-0T31rz/my_world/models/turtlebot3_burger_pi/model.config
-- Installing: /home/asun/turtlebot3_ws/install/my_world/share/my_world//models/.fr-0T31rz/my_world/models/turtlebot3_burger_pi/model-1_4.sdf
-- Installing: /home/asun/turtlebot3_ws/install/my_world/share/my_world//models/.fr-0T31rz/my_world/models/kumaeye
-- Installing: /home/asun/turtlebot3_ws/install/my_world/share/my_world//models/.fr-0T31rz/my_world/models/kumaeye/meshes
-- Installing: /home/asun/turtlebot3_ws/install/my_world/share/my_world//models/.fr-0T31rz/my_world/models/kumaeye/meshes/eyebrow010.png
-- Installing: /home/asun/turtlebot3_ws/install/my_world/share/my_world//models/.fr-0T31rz/my_world/models/kumaeye/meshes/kumaeye.png
-- Installing: /home/asun/turtlebot3_ws/install/my_world/share/my_world//models/.fr-0T31rz/my_world/models/kumaeye/meshes/kumaeye.dae
-- Installing: /home/asun/turtlebot3_ws/install/my_world/share/my_world//models/.fr-0T31rz/my_world/models/kumaeye/meshes/short01_diffuse.png
-- Installing: /home/asun/turtlebot3_ws/install/my_world/share/my_world//models/.fr-0T31rz/my_world/models/kumaeye/meshes/brown_eye.png
-- Installing: /home/asun/turtlebot3_ws/install/my_world/share/my_world//models/.fr-0T31rz/my_world/models/kumaeye/meshes/young_lightskinned_female_diffuse3.png
-- Installing: /home/asun/turtlebot3_ws/install/my_world/share/my_world//models/.fr-0T31rz/my_world/models/kumaeye/meshes/teeth.png
-- Installing: /home/asun/turtlebot3_ws/install/my_world/share/my_world//models/.fr-0T31rz/my_world/models/kumaeye/meshes/tongue01_diffuse.png
-- Installing: /home/asun/turtlebot3_ws/install/my_world/share/my_world//models/.fr-0T31rz/my_world/models/kumaeye/meshes/male_worksuit01_diffuse.png
-- Installing: /home/asun/turtlebot3_ws/install/my_world/share/my_world//models/.fr-0T31rz/my_world/models/kumaeye/meshes/male_worksuit01_normal.png
-- Installing: /home/asun/turtlebot3_ws/install/my_world/share/my_world//models/.fr-0T31rz/my_world/models/kumaeye/meshes/kumaeyev2.dae
-- Installing: /home/asun/turtlebot3_ws/install/my_world/share/my_world//models/.fr-0T31rz/my_world/models/kumaeye/model.sdf
-- Installing: /home/asun/turtlebot3_ws/install/my_world/share/my_world//models/.fr-0T31rz/my_world/models/kumaeye/model.config
-- Installing: /home/asun/turtlebot3_ws/install/my_world/share/my_world//models/.fr-0T31rz/my_world/models/ej0vwvf0j8jk-lowpolycat
-- Installing: /home/asun/turtlebot3_ws/install/my_world/share/my_world//models/.fr-0T31rz/my_world/models/kitchen_dining
-- Installing: /home/asun/turtlebot3_ws/install/my_world/share/my_world//models/.fr-0T31rz/my_world/models/kitchen_dining/model-1_3.sdf
-- Installing: /home/asun/turtlebot3_ws/install/my_world/share/my_world//models/.fr-0T31rz/my_world/models/kitchen_dining/materials
-- Installing: /home/asun/turtlebot3_ws/install/my_world/share/my_world//models/.fr-0T31rz/my_world/models/kitchen_dining/materials/textures
-- Installing: /home/asun/turtlebot3_ws/install/my_world/share/my_world//models/.fr-0T31rz/my_world/models/kitchen_dining/materials/textures/__auto_42.png
-- Installing: /home/asun/turtlebot3_ws/install/my_world/share/my_world//models/.fr-0T31rz/my_world/models/kitchen_dining/materials/textures/__auto_2.png
-- Installing: /home/asun/turtlebot3_ws/install/my_world/share/my_world//models/.fr-0T31rz/my_world/models/kitchen_dining/materials/textures/__auto_61.png
-- Installing: /home/asun/turtlebot3_ws/install/my_world/share/my_world//models/.fr-0T31rz/my_world/models/kitchen_dining/materials/textures/__auto_47.png
-- Installing: /home/asun/turtlebot3_ws/install/my_world/share/my_world//models/.fr-0T31rz/my_world/models/kitchen_dining/materials/textures/__auto_40.png
-- Installing: /home/asun/turtlebot3_ws/install/my_world/share/my_world//models/.fr-0T31rz/my_world/models/kitchen_dining/materials/textures/__auto_19.png
-- Installing: /home/asun/turtlebot3_ws/install/my_world/share/my_world//models/.fr-0T31rz/my_world/models/kitchen_dining/materials/textures/__auto_44.png
-- Installing: /home/asun/turtlebot3_ws/install/my_world/share/my_world//models/.fr-0T31rz/my_world/models/kitchen_dining/materials/textures/__auto_64.png
-- Installing: /home/asun/turtlebot3_ws/install/my_world/share/my_world//models/.fr-0T31rz/my_world/models/kitchen_dining/materials/textures/__auto_53.png
-- Installing: /home/asun/turtlebot3_ws/install/my_world/share/my_world//models/.fr-0T31rz/my_world/models/kitchen_dining/materials/textures/__auto_49.png
-- Installing: /home/asun/turtlebot3_ws/install/my_world/share/my_world//models/.fr-0T31rz/my_world/models/kitchen_dining/materials/textures/__auto_59.png
-- Installing: /home/asun/turtlebot3_ws/install/my_world/share/my_world//models/.fr-0T31rz/my_world/models/kitchen_dining/materials/textures/__auto_57.png
-- Installing: /home/asun/turtlebot3_ws/install/my_world/share/my_world//models/.fr-0T31rz/my_world/models/kitchen_dining/materials/textures/__auto_52.png
-- Installing: /home/asun/turtlebot3_ws/install/my_world/share/my_world//models/.fr-0T31rz/my_world/models/kitchen_dining/materials/textures/__auto_25.png
-- Installing: /home/asun/turtlebot3_ws/install/my_world/share/my_world//models/.fr-0T31rz/my_world/models/kitchen_dining/materials/textures/__auto_9.png
-- Installing: /home/asun/turtlebot3_ws/install/my_world/share/my_world//models/.fr-0T31rz/my_world/models/kitchen_dining/materials/textures/__auto_41.png
-- Installing: /home/asun/turtlebot3_ws/install/my_world/share/my_world//models/.fr-0T31rz/my_world/models/kitchen_dining/materials/textures/__auto_51.png
-- Installing: /home/asun/turtlebot3_ws/install/my_world/share/my_world//models/.fr-0T31rz/my_world/models/kitchen_dining/materials/textures/__auto_30.png
-- Installing: /home/asun/turtlebot3_ws/install/my_world/share/my_world//models/.fr-0T31rz/my_world/models/kitchen_dining/materials/textures/__auto_29.png
-- Installing: /home/asun/turtlebot3_ws/install/my_world/share/my_world//models/.fr-0T31rz/my_world/models/kitchen_dining/materials/textures/__auto_56.png
-- Installing: /home/asun/turtlebot3_ws/install/my_world/share/my_world//models/.fr-0T31rz/my_world/models/kitchen_dining/materials/textures/__auto_28.png
-- Installing: /home/asun/turtlebot3_ws/install/my_world/share/my_world//models/.fr-0T31rz/my_world/models/kitchen_dining/materials/textures/__auto_39.png
-- Installing: /home/asun/turtlebot3_ws/install/my_world/share/my_world//models/.fr-0T31rz/my_world/models/kitchen_dining/materials/textures/__auto_50.png
-- Installing: /home/asun/turtlebot3_ws/install/my_world/share/my_world//models/.fr-0T31rz/my_world/models/kitchen_dining/materials/textures/__auto_24.png
-- Installing: /home/asun/turtlebot3_ws/install/my_world/share/my_world//models/.fr-0T31rz/my_world/models/kitchen_dining/materials/textures/__auto_69.png
-- Installing: /home/asun/turtlebot3_ws/install/my_world/share/my_world//models/.fr-0T31rz/my_world/models/kitchen_dining/materials/textures/__auto_60.png
-- Installing: /home/asun/turtlebot3_ws/install/my_world/share/my_world//models/.fr-0T31rz/my_world/models/kitchen_dining/materials/textures/__auto_43.png
-- Installing: /home/asun/turtlebot3_ws/install/my_world/share/my_world//models/.fr-0T31rz/my_world/models/kitchen_dining/materials/textures/__auto_18.png
-- Installing: /home/asun/turtlebot3_ws/install/my_world/share/my_world//models/.fr-0T31rz/my_world/models/kitchen_dining/materials/textures/__auto_16.png
-- Installing: /home/asun/turtlebot3_ws/install/my_world/share/my_world//models/.fr-0T31rz/my_world/models/kitchen_dining/materials/textures/__auto_7.png
-- Installing: /home/asun/turtlebot3_ws/install/my_world/share/my_world//models/.fr-0T31rz/my_world/models/kitchen_dining/materials/textures/__auto_13.png
-- Installing: /home/asun/turtlebot3_ws/install/my_world/share/my_world//models/.fr-0T31rz/my_world/models/kitchen_dining/materials/textures/__auto_8.png
-- Installing: /home/asun/turtlebot3_ws/install/my_world/share/my_world//models/.fr-0T31rz/my_world/models/kitchen_dining/materials/textures/__auto_66.png
-- Installing: /home/asun/turtlebot3_ws/install/my_world/share/my_world//models/.fr-0T31rz/my_world/models/kitchen_dining/materials/textures/__auto_17.png
-- Installing: /home/asun/turtlebot3_ws/install/my_world/share/my_world//models/.fr-0T31rz/my_world/models/kitchen_dining/materials/textures/__auto_14.png
-- Installing: /home/asun/turtlebot3_ws/install/my_world/share/my_world//models/.fr-0T31rz/my_world/models/kitchen_dining/materials/textures/__auto_46.png
-- Installing: /home/asun/turtlebot3_ws/install/my_world/share/my_world//models/.fr-0T31rz/my_world/models/kitchen_dining/materials/textures/__auto_38.png
-- Installing: /home/asun/turtlebot3_ws/install/my_world/share/my_world//models/.fr-0T31rz/my_world/models/kitchen_dining/materials/textures/__auto_22.png
-- Installing: /home/asun/turtlebot3_ws/install/my_world/share/my_world//models/.fr-0T31rz/my_world/models/kitchen_dining/materials/textures/__auto_20.png
-- Installing: /home/asun/turtlebot3_ws/install/my_world/share/my_world//models/.fr-0T31rz/my_world/models/kitchen_dining/materials/textures/__auto_45.png
-- Installing: /home/asun/turtlebot3_ws/install/my_world/share/my_world//models/.fr-0T31rz/my_world/models/kitchen_dining/materials/textures/__auto_1.png
-- Installing: /home/asun/turtlebot3_ws/install/my_world/share/my_world//models/.fr-0T31rz/my_world/models/kitchen_dining/materials/textures/__auto_21.png
-- Installing: /home/asun/turtlebot3_ws/install/my_world/share/my_world//models/.fr-0T31rz/my_world/models/kitchen_dining/meshes
-- Installing: /home/asun/turtlebot3_ws/install/my_world/share/my_world//models/.fr-0T31rz/my_world/models/kitchen_dining/meshes/kitchen_dining.dae
-- Installing: /home/asun/turtlebot3_ws/install/my_world/share/my_world//models/.fr-0T31rz/my_world/models/kitchen_dining/model.sdf
-- Installing: /home/asun/turtlebot3_ws/install/my_world/share/my_world//models/.fr-0T31rz/my_world/models/kitchen_dining/model.config
-- Installing: /home/asun/turtlebot3_ws/install/my_world/share/my_world//models/.fr-0T31rz/my_world/models/kitchen_dining/model-1_4.sdf
-- Installing: /home/asun/turtlebot3_ws/install/my_world/share/my_world//models/.fr-0T31rz/my_world/models/cafe
-- Installing: /home/asun/turtlebot3_ws/install/my_world/share/my_world//models/.fr-0T31rz/my_world/models/cafe/materials
-- Installing: /home/asun/turtlebot3_ws/install/my_world/share/my_world//models/.fr-0T31rz/my_world/models/cafe/materials/textures
-- Installing: /home/asun/turtlebot3_ws/install/my_world/share/my_world//models/.fr-0T31rz/my_world/models/cafe/materials/textures/__auto_25.jpg
-- Installing: /home/asun/turtlebot3_ws/install/my_world/share/my_world//models/.fr-0T31rz/my_world/models/cafe/materials/textures/__auto_37.jpg
-- Installing: /home/asun/turtlebot3_ws/install/my_world/share/my_world//models/.fr-0T31rz/my_world/models/cafe/materials/textures/__auto_24.jpg
-- Installing: /home/asun/turtlebot3_ws/install/my_world/share/my_world//models/.fr-0T31rz/my_world/models/cafe/materials/textures/__auto_2.jpg
-- Installing: /home/asun/turtlebot3_ws/install/my_world/share/my_world//models/.fr-0T31rz/my_world/models/cafe/materials/textures/__auto_34.jpg
-- Installing: /home/asun/turtlebot3_ws/install/my_world/share/my_world//models/.fr-0T31rz/my_world/models/cafe/materials/textures/__auto_29.jpg
-- Installing: /home/asun/turtlebot3_ws/install/my_world/share/my_world//models/.fr-0T31rz/my_world/models/cafe/materials/textures/__auto_28.jpg
-- Installing: /home/asun/turtlebot3_ws/install/my_world/share/my_world//models/.fr-0T31rz/my_world/models/cafe/materials/textures/__auto_26.jpg
-- Installing: /home/asun/turtlebot3_ws/install/my_world/share/my_world//models/.fr-0T31rz/my_world/models/cafe/materials/textures/__auto_10.jpg
-- Installing: /home/asun/turtlebot3_ws/install/my_world/share/my_world//models/.fr-0T31rz/my_world/models/cafe/materials/textures/__auto_30.jpg
-- Installing: /home/asun/turtlebot3_ws/install/my_world/share/my_world//models/.fr-0T31rz/my_world/models/cafe/materials/textures/__auto_22.jpg
-- Installing: /home/asun/turtlebot3_ws/install/my_world/share/my_world//models/.fr-0T31rz/my_world/models/cafe/materials/textures/__auto_31.jpg
-- Installing: /home/asun/turtlebot3_ws/install/my_world/share/my_world//models/.fr-0T31rz/my_world/models/cafe/materials/textures/__auto_21.jpg
-- Installing: /home/asun/turtlebot3_ws/install/my_world/share/my_world//models/.fr-0T31rz/my_world/models/cafe/materials/textures/__auto_35.jpg
-- Installing: /home/asun/turtlebot3_ws/install/my_world/share/my_world//models/.fr-0T31rz/my_world/models/cafe/materials/textures/__auto_23.jpg
-- Installing: /home/asun/turtlebot3_ws/install/my_world/share/my_world//models/.fr-0T31rz/my_world/models/cafe/meshes
-- Installing: /home/asun/turtlebot3_ws/install/my_world/share/my_world//models/.fr-0T31rz/my_world/models/cafe/meshes/cafe.dae
-- Installing: /home/asun/turtlebot3_ws/install/my_world/share/my_world//models/.fr-0T31rz/my_world/models/cafe/model.sdf
-- Installing: /home/asun/turtlebot3_ws/install/my_world/share/my_world//models/.fr-0T31rz/my_world/models/cafe/model.config
-- Installing: /home/asun/turtlebot3_ws/install/my_world/share/my_world//models/.fr-0T31rz/my_world/models/turtlebot3_burger
-- Installing: /home/asun/turtlebot3_ws/install/my_world/share/my_world//models/.fr-0T31rz/my_world/models/turtlebot3_burger/meshes
-- Installing: /home/asun/turtlebot3_ws/install/my_world/share/my_world//models/.fr-0T31rz/my_world/models/turtlebot3_burger/meshes/burger_base.dae
-- Installing: /home/asun/turtlebot3_ws/install/my_world/share/my_world//models/.fr-0T31rz/my_world/models/turtlebot3_burger/meshes/tire.dae
-- Installing: /home/asun/turtlebot3_ws/install/my_world/share/my_world//models/.fr-0T31rz/my_world/models/turtlebot3_burger/meshes/lds.dae
-- Installing: /home/asun/turtlebot3_ws/install/my_world/share/my_world//models/.fr-0T31rz/my_world/models/turtlebot3_burger/model.sdf
-- Installing: /home/asun/turtlebot3_ws/install/my_world/share/my_world//models/.fr-0T31rz/my_world/models/turtlebot3_burger/model.config
-- Installing: /home/asun/turtlebot3_ws/install/my_world/share/my_world//models/.fr-0T31rz/my_world/models/turtlebot3_burger/model-1_4.sdf
-- Installing: /home/asun/turtlebot3_ws/install/my_world/share/my_world//models/.fr-0T31rz/my_world/models/cricket_ball
-- Installing: /home/asun/turtlebot3_ws/install/my_world/share/my_world//models/.fr-0T31rz/my_world/models/cricket_ball/model.sdf
-- Installing: /home/asun/turtlebot3_ws/install/my_world/share/my_world//models/.fr-0T31rz/my_world/models/cricket_ball/model.config
-- Installing: /home/asun/turtlebot3_ws/install/my_world/share/my_world//models/.fr-0T31rz/my_world/models/cricket_ball/model.rsdf
-- Installing: /home/asun/turtlebot3_ws/install/my_world/share/my_world//models/office_couch
-- Installing: /home/asun/turtlebot3_ws/install/my_world/share/my_world//models/office_couch/materials
-- Installing: /home/asun/turtlebot3_ws/install/my_world/share/my_world//models/office_couch/materials/textures
-- Installing: /home/asun/turtlebot3_ws/install/my_world/share/my_world//models/office_couch/materials/textures/office_couch_specular.png
-- Installing: /home/asun/turtlebot3_ws/install/my_world/share/my_world//models/office_couch/materials/textures/office_couch_diffuse.png
-- Installing: /home/asun/turtlebot3_ws/install/my_world/share/my_world//models/office_couch/meshes
-- Installing: /home/asun/turtlebot3_ws/install/my_world/share/my_world//models/office_couch/meshes/office_couch.dae
-- Installing: /home/asun/turtlebot3_ws/install/my_world/share/my_world//models/office_couch/model.sdf
-- Installing: /home/asun/turtlebot3_ws/install/my_world/share/my_world//models/office_couch/model.config
-- Installing: /home/asun/turtlebot3_ws/install/my_world/share/my_world//models/turtlebot3_burger
-- Installing: /home/asun/turtlebot3_ws/install/my_world/share/my_world//models/turtlebot3_burger/meshes
-- Installing: /home/asun/turtlebot3_ws/install/my_world/share/my_world//models/turtlebot3_burger/meshes/burger_base.dae
-- Installing: /home/asun/turtlebot3_ws/install/my_world/share/my_world//models/turtlebot3_burger/meshes/tire.dae
-- Installing: /home/asun/turtlebot3_ws/install/my_world/share/my_world//models/turtlebot3_burger/meshes/lds.dae
-- Installing: /home/asun/turtlebot3_ws/install/my_world/share/my_world//models/turtlebot3_burger/model.sdf
-- Installing: /home/asun/turtlebot3_ws/install/my_world/share/my_world//models/turtlebot3_burger/model.config
-- Installing: /home/asun/turtlebot3_ws/install/my_world/share/my_world//models/turtlebot3_burger/model-1_4.sdf
-- Installing: /home/asun/turtlebot3_ws/install/my_world/share/my_world//models/reception_desk
-- Installing: /home/asun/turtlebot3_ws/install/my_world/share/my_world//models/reception_desk/materials
-- Installing: /home/asun/turtlebot3_ws/install/my_world/share/my_world//models/reception_desk/materials/textures
-- Installing: /home/asun/turtlebot3_ws/install/my_world/share/my_world//models/reception_desk/materials/textures/reception_desk.png
-- Installing: /home/asun/turtlebot3_ws/install/my_world/share/my_world//models/reception_desk/meshes
-- Installing: /home/asun/turtlebot3_ws/install/my_world/share/my_world//models/reception_desk/meshes/reception_desk.obj
-- Installing: /home/asun/turtlebot3_ws/install/my_world/share/my_world//models/reception_desk/meshes/reception_desk.mtl
-- Installing: /home/asun/turtlebot3_ws/install/my_world/share/my_world//models/reception_desk/model.sdf
-- Installing: /home/asun/turtlebot3_ws/install/my_world/share/my_world//models/reception_desk/model.config
-- Installing: /home/asun/turtlebot3_ws/install/my_world/share/my_world//world
-- Installing: /home/asun/turtlebot3_ws/install/my_world/share/my_world//world/burger_pi.model
-- Installing: /home/asun/turtlebot3_ws/install/my_world/share/my_world//world/burger_office.world
-- Installing: /home/asun/turtlebot3_ws/install/my_world/share/my_world//world/burger.model
-- Installing: /home/asun/turtlebot3_ws/install/my_world/share/my_world//urdf
-- Installing: /home/asun/turtlebot3_ws/install/my_world/share/my_world//urdf/turtlebot3_burger_pi.urdf
-- Installing: /home/asun/turtlebot3_ws/install/my_world/share/my_world//urdf/turtlebot3_burger.urdf
-- Installing: /home/asun/turtlebot3_ws/install/my_world/include/
-- Installing: /home/asun/turtlebot3_ws/install/my_world/include//my_world
-- Installing: /home/asun/turtlebot3_ws/install/my_world/share/ament_index/resource_index/package_run_dependencies/my_world
-- Installing: /home/asun/turtlebot3_ws/install/my_world/share/ament_index/resource_index/parent_prefix_path/my_world
-- Installing: /home/asun/turtlebot3_ws/install/my_world/share/my_world/environment/ament_prefix_path.sh
-- Installing: /home/asun/turtlebot3_ws/install/my_world/share/my_world/environment/ament_prefix_path.dsv
-- Installing: /home/asun/turtlebot3_ws/install/my_world/share/my_world/environment/path.sh
-- Installing: /home/asun/turtlebot3_ws/install/my_world/share/my_world/environment/path.dsv
-- Installing: /home/asun/turtlebot3_ws/install/my_world/share/my_world/local_setup.bash
-- Installing: /home/asun/turtlebot3_ws/install/my_world/share/my_world/local_setup.sh
-- Installing: /home/asun/turtlebot3_ws/install/my_world/share/my_world/local_setup.zsh
-- Installing: /home/asun/turtlebot3_ws/install/my_world/share/my_world/local_setup.dsv
-- Installing: /home/asun/turtlebot3_ws/install/my_world/share/my_world/package.dsv
-- Installing: /home/asun/turtlebot3_ws/install/my_world/share/ament_index/resource_index/packages/my_world
-- Installing: /home/asun/turtlebot3_ws/install/my_world/share/my_world/cmake/ament_cmake_export_include_directories-extras.cmake
-- Installing: /home/asun/turtlebot3_ws/install/my_world/share/my_world/cmake/ament_cmake_export_dependencies-extras.cmake
-- Installing: /home/asun/turtlebot3_ws/install/my_world/share/my_world/cmake/my_worldConfig.cmake
-- Installing: /home/asun/turtlebot3_ws/install/my_world/share/my_world/cmake/my_worldConfig-version.cmake
-- Installing: /home/asun/turtlebot3_ws/install/my_world/share/my_world/package.xml
