[0.220s] Invoking command in '/home/asun/turtlebot3_ws/build/my_world': CMAKE_PREFIX_PATH=/home/asun/turtlebot3_ws/install/turtlebot3_gazebo:/home/asun/turtlebot3_ws/install/turtlebot3_simulations:/home/asun/turtlebot3_ws/install/turtlebot3_fake_node:/opt/ros/galactic /usr/bin/cmake /home/asun/turtlebot3_ws/src/my_world -DCMAKE_INSTALL_PREFIX=/home/asun/turtlebot3_ws/install/my_world
[0.558s] -- The C compiler identification is GNU 9.4.0
[0.761s] -- The CXX compiler identification is GNU 9.4.0
[0.775s] -- Check for working C compiler: /usr/bin/cc
[0.895s] -- Check for working C compiler: /usr/bin/cc -- works
[0.898s] -- Detecting C compiler ABI info
[1.010s] -- Detecting C compiler ABI info - done
[1.023s] -- Detecting C compile features
[1.024s] -- Detecting C compile features - done
[1.029s] -- Check for working CXX compiler: /usr/bin/c++
[1.151s] -- Check for working CXX compiler: /usr/bin/c++ -- works
[1.153s] -- Detecting CXX compiler ABI info
[1.277s] -- Detecting CXX compiler ABI info - done
[1.292s] -- Detecting CXX compile features
[1.293s] -- Detecting CXX compile features - done
[1.318s] -- Found ament_cmake: 1.1.6 (/opt/ros/galactic/share/ament_cmake/cmake)
[1.360s] -- Found PythonInterp: /usr/bin/python3 (found suitable version "3.8.10", minimum required is "3") 
[1.360s] -- Using PYTHON_EXECUTABLE: /usr/bin/python3
[1.539s] -- Found PkgConfig: /usr/bin/pkg-config (found version "0.29.1") 
[1.552s] -- Checking for module 'bullet>=2.82'
[1.598s] --   Found bullet, version 2.88
[1.839s] -- Found ccd: /usr/include (found suitable version "2.0", minimum required is "2.0") 
[1.952s] -- Found fcl: /usr/include (found suitable version "0.5.0", minimum required is "0.3.2") 
[2.075s] -- Found assimp: /usr/include (found version "5.0.0") 
[2.134s] -- Found DART: /usr/include (Required is at least version "6.6") found components: dart 
[2.658s] -- Found Boost: /usr/lib/x86_64-linux-gnu/cmake/Boost-1.71.0/BoostConfig.cmake (found suitable version "1.71.0", minimum required is "1.40.0") found components: thread system filesystem program_options regex iostreams date_time 
[2.755s] -- Found Protobuf: /usr/lib/x86_64-linux-gnu/libprotobuf.so;-lpthread (found version "3.6.1") 
[2.768s] -- Looking for ignition-math6 -- found version 6.15.0
[2.785s] -- Searching for dependencies of ignition-math6
[2.790s] -- Looking for OGRE...
[2.791s] -- OGRE_PREFIX_WATCH changed.
[2.798s] -- Checking for module 'OGRE'
[2.826s] --   Found OGRE, version 1.9.0
[2.909s] -- Found Ogre Ghadamon (1.9.0)
[2.921s] -- Found OGRE: optimized;/usr/lib/x86_64-linux-gnu/libOgreMain.so;debug;/usr/lib/x86_64-linux-gnu/libOgreMain.so
[2.934s] -- Looking for OGRE_Paging...
[2.943s] -- Found OGRE_Paging: optimized;/usr/lib/x86_64-linux-gnu/libOgrePaging.so;debug;/usr/lib/x86_64-linux-gnu/libOgrePaging.so
[2.943s] -- Looking for OGRE_Terrain...
[2.954s] -- Found OGRE_Terrain: optimized;/usr/lib/x86_64-linux-gnu/libOgreTerrain.so;debug;/usr/lib/x86_64-linux-gnu/libOgreTerrain.so
[2.954s] -- Looking for OGRE_Property...
[2.964s] -- Found OGRE_Property: optimized;/usr/lib/x86_64-linux-gnu/libOgreProperty.so;debug;/usr/lib/x86_64-linux-gnu/libOgreProperty.so
[2.964s] -- Looking for OGRE_RTShaderSystem...
[2.973s] -- Found OGRE_RTShaderSystem: optimized;/usr/lib/x86_64-linux-gnu/libOgreRTShaderSystem.so;debug;/usr/lib/x86_64-linux-gnu/libOgreRTShaderSystem.so
[2.973s] -- Looking for OGRE_Volume...
[2.982s] -- Found OGRE_Volume: optimized;/usr/lib/x86_64-linux-gnu/libOgreVolume.so;debug;/usr/lib/x86_64-linux-gnu/libOgreVolume.so
[2.982s] -- Looking for OGRE_Overlay...
[2.991s] -- Found OGRE_Overlay: optimized;/usr/lib/x86_64-linux-gnu/libOgreOverlay.so;debug;/usr/lib/x86_64-linux-gnu/libOgreOverlay.so
[3.215s] -- Looking for ignition-math6 -- found version 6.15.0
[3.219s] -- Looking for ignition-transport8 -- found version 8.3.0
[3.220s] -- Searching for dependencies of ignition-transport8
[3.251s] -- Found Protobuf: /usr/lib/x86_64-linux-gnu/libprotobuf.so;-lpthread (found suitable version "3.6.1", minimum required is "3") 
[3.269s] -- Config-file not installed for ZeroMQ -- checking for pkg-config
[3.277s] -- Checking for module 'libzmq >= 4'
[3.309s] --   Found libzmq , version 4.3.2
[3.390s] -- Found ZeroMQ: TRUE (Required is at least version "4") 
[3.400s] -- Checking for module 'uuid'
[3.432s] --   Found uuid, version 2.34.0
[3.511s] -- Found UUID: TRUE  
[3.516s] -- Looking for ignition-msgs5 -- found version 5.10.0
[3.516s] -- Searching for dependencies of ignition-msgs5
[3.546s] -- Looking for ignition-math6 -- found version 6.15.0
[3.555s] -- Checking for module 'tinyxml2'
[3.585s] --   Found tinyxml2, version 6.2.0
[3.674s] -- Looking for ignition-msgs5 -- found version 5.10.0
[3.679s] -- Looking for ignition-common3 -- found version 3.14.2
[3.680s] -- Searching for dependencies of ignition-common3
[3.681s] -- Looking for dlfcn.h - found
[3.682s] -- Looking for libdl - found
[3.684s] -- Found DL: TRUE  
[3.698s] -- Searching for <ignition-common3> component [graphics]
[3.703s] -- Looking for ignition-common3-graphics -- found version 3.14.2
[3.703s] -- Searching for dependencies of ignition-common3-graphics
[3.704s] -- Looking for ignition-math6 -- found version 6.15.0
[3.710s] -- Looking for ignition-fuel_tools4 -- found version 4.6.0
[3.711s] -- Searching for dependencies of ignition-fuel_tools4
[3.862s] -- Found CURL: /usr/lib/x86_64-linux-gnu/libcurl.so (found version "7.68.0")  
[3.878s] -- Checking for module 'jsoncpp'
[3.909s] --   Found jsoncpp, version 1.7.4
[3.993s] -- Found JSONCPP: TRUE  
[4.005s] -- Checking for module 'libzip'
[4.036s] --   Found libzip, version 1.5.1
[4.117s] -- Found ZIP: TRUE  
[4.117s] -- Looking for ignition-common3 -- found version 3.14.2
[4.118s] -- Looking for ignition-math6 -- found version 6.15.0
[4.118s] -- Looking for ignition-msgs5 -- found version 5.10.0
[4.125s] -- Found gazebo_ros_pkgs: 3.5.2 (/opt/ros/galactic/share/gazebo_ros_pkgs/cmake)
[4.131s] -- Found geometry_msgs: 2.2.4 (/opt/ros/galactic/share/geometry_msgs/cmake)
[4.204s] -- Using all available rosidl_typesupport_c: rosidl_typesupport_fastrtps_c;rosidl_typesupport_introspection_c
[4.222s] -- Found rosidl_adapter: 2.2.3 (/opt/ros/galactic/share/rosidl_adapter/cmake)
[4.395s] -- Found OpenSSL: /usr/lib/x86_64-linux-gnu/libcrypto.so (found version "1.1.1f")  
[4.438s] -- Found FastRTPS: /opt/ros/galactic/include  
[4.593s] -- Using all available rosidl_typesupport_cpp: rosidl_typesupport_fastrtps_cpp;rosidl_typesupport_introspection_cpp
[4.740s] -- Found nav_msgs: 2.2.4 (/opt/ros/galactic/share/nav_msgs/cmake)
[4.839s] -- Found rclcpp: 9.2.2 (/opt/ros/galactic/share/rclcpp/cmake)
[4.951s] -- Found rmw_implementation_cmake: 3.3.1 (/opt/ros/galactic/share/rmw_implementation_cmake/cmake)
[4.958s] -- Found rmw_cyclonedds_cpp: 0.22.6 (/opt/ros/galactic/share/rmw_cyclonedds_cpp/cmake)
[4.992s] -- Using RMW implementation 'rmw_cyclonedds_cpp' as default
[4.995s] -- Found Threads: TRUE  
[5.205s] -- Found sensor_msgs: 2.2.4 (/opt/ros/galactic/share/sensor_msgs/cmake)
[5.307s] -- Found tf2: 0.17.5 (/opt/ros/galactic/share/tf2/cmake)
[5.328s] -- Found turtlebot3_gazebo: 2.2.4 (/home/asun/turtlebot3_ws/install/turtlebot3_gazebo/share/turtlebot3_gazebo/cmake)
[5.469s] -- Configuring done
[5.485s] -- Generating done
[5.490s] -- Build files have been written to: /home/asun/turtlebot3_ws/build/my_world
[5.509s] Invoked command in '/home/asun/turtlebot3_ws/build/my_world' returned '0': CMAKE_PREFIX_PATH=/home/asun/turtlebot3_ws/install/turtlebot3_gazebo:/home/asun/turtlebot3_ws/install/turtlebot3_simulations:/home/asun/turtlebot3_ws/install/turtlebot3_fake_node:/opt/ros/galactic /usr/bin/cmake /home/asun/turtlebot3_ws/src/my_world -DCMAKE_INSTALL_PREFIX=/home/asun/turtlebot3_ws/install/my_world
[5.515s] Invoking command in '/home/asun/turtlebot3_ws/build/my_world': CMAKE_PREFIX_PATH=/home/asun/turtlebot3_ws/install/turtlebot3_gazebo:/home/asun/turtlebot3_ws/install/turtlebot3_simulations:/home/asun/turtlebot3_ws/install/turtlebot3_fake_node:/opt/ros/galactic /usr/bin/cmake --build /home/asun/turtlebot3_ws/build/my_world -- -j6 -l6
[5.591s] [35m[1mScanning dependencies of target turtlebot3_drive[0m
[5.821s] [ 50%] [32mBuilding CXX object CMakeFiles/turtlebot3_drive.dir/src/turtlebot3_drive.cpp.o[0m
[19.377s] [100%] [32m[1mLinking CXX executable turtlebot3_drive[0m
[20.188s] [100%] Built target turtlebot3_drive
[20.208s] Invoked command in '/home/asun/turtlebot3_ws/build/my_world' returned '0': CMAKE_PREFIX_PATH=/home/asun/turtlebot3_ws/install/turtlebot3_gazebo:/home/asun/turtlebot3_ws/install/turtlebot3_simulations:/home/asun/turtlebot3_ws/install/turtlebot3_fake_node:/opt/ros/galactic /usr/bin/cmake --build /home/asun/turtlebot3_ws/build/my_world -- -j6 -l6
[20.275s] Invoking command in '/home/asun/turtlebot3_ws/build/my_world': CMAKE_PREFIX_PATH=/home/asun/turtlebot3_ws/install/turtlebot3_gazebo:/home/asun/turtlebot3_ws/install/turtlebot3_simulations:/home/asun/turtlebot3_ws/install/turtlebot3_fake_node:/opt/ros/galactic /usr/bin/cmake --install /home/asun/turtlebot3_ws/build/my_world
[20.290s] -- Install configuration: ""
[20.291s] -- Installing: /home/asun/turtlebot3_ws/install/my_world/lib/my_world/turtlebot3_drive
[20.299s] -- Set runtime path of "/home/asun/turtlebot3_ws/install/my_world/lib/my_world/turtlebot3_drive" to ""
[20.299s] -- Installing: /home/asun/turtlebot3_ws/install/my_world/share/my_world//launch
[20.299s] -- Installing: /home/asun/turtlebot3_ws/install/my_world/share/my_world//launch/turtlebot3_my_world.launch.py
[20.300s] -- Installing: /home/asun/turtlebot3_ws/install/my_world/share/my_world//models
[20.300s] -- Installing: /home/asun/turtlebot3_ws/install/my_world/share/my_world//models/elegant_female2
[20.300s] -- Installing: /home/asun/turtlebot3_ws/install/my_world/share/my_world//models/elegant_female2/materials
[20.300s] -- Installing: /home/asun/turtlebot3_ws/install/my_world/share/my_world//models/elegant_female2/materials/textures
[20.301s] -- Installing: /home/asun/turtlebot3_ws/install/my_world/share/my_world//models/elegant_female2/materials/textures/female_elegantsuit01_diffuse.png
[20.308s] -- Installing: /home/asun/turtlebot3_ws/install/my_world/share/my_world//models/elegant_female2/materials/textures/braid01_diffuse.png
[20.317s] -- Installing: /home/asun/turtlebot3_ws/install/my_world/share/my_world//models/elegant_female2/materials/textures/female_elegantsuit01_normal.png
[20.323s] -- Installing: /home/asun/turtlebot3_ws/install/my_world/share/my_world//models/elegant_female2/materials/textures/brown_eye.png
[20.326s] -- Installing: /home/asun/turtlebot3_ws/install/my_world/share/my_world//models/elegant_female2/materials/textures/eyelashes01.png
[20.327s] -- Installing: /home/asun/turtlebot3_ws/install/my_world/share/my_world//models/elegant_female2/materials/textures/shoes03_diffuse.png
[20.329s] -- Installing: /home/asun/turtlebot3_ws/install/my_world/share/my_world//models/elegant_female2/materials/textures/young_darkskinned_female_diffuse.png
[20.342s] -- Installing: /home/asun/turtlebot3_ws/install/my_world/share/my_world//models/elegant_female2/materials/textures/eyebrow003.png
[20.344s] -- Installing: /home/asun/turtlebot3_ws/install/my_world/share/my_world//models/elegant_female2/meshes
[20.344s] -- Installing: /home/asun/turtlebot3_ws/install/my_world/share/my_world//models/elegant_female2/meshes/elegant_female2.png
[20.346s] -- Installing: /home/asun/turtlebot3_ws/install/my_world/share/my_world//models/elegant_female2/meshes/elegant_female2.dae
[20.358s] -- Installing: /home/asun/turtlebot3_ws/install/my_world/share/my_world//models/elegant_female2/model.sdf
[20.359s] -- Installing: /home/asun/turtlebot3_ws/install/my_world/share/my_world//models/elegant_female2/model.config
[20.359s] -- Installing: /home/asun/turtlebot3_ws/install/my_world/share/my_world//models/media
[20.360s] -- Installing: /home/asun/turtlebot3_ws/install/my_world/share/my_world//models/media/materials
[20.360s] -- Installing: /home/asun/turtlebot3_ws/install/my_world/share/my_world//models/media/materials/textures
[20.360s] -- Installing: /home/asun/turtlebot3_ws/install/my_world/share/my_world//models/media/materials/textures/sink.png
[20.363s] -- Installing: /home/asun/turtlebot3_ws/install/my_world/share/my_world//models/media/materials/textures/bathroom.png
[20.370s] -- Installing: /home/asun/turtlebot3_ws/install/my_world/share/my_world//models/media/materials/textures/hallway.png
[20.370s] -- Installing: /home/asun/turtlebot3_ws/install/my_world/share/my_world//models/media/materials/textures/elevator.png
[20.371s] -- Installing: /home/asun/turtlebot3_ws/install/my_world/share/my_world//models/media/materials/textures/wall_color.png
[20.373s] -- Installing: /home/asun/turtlebot3_ws/install/my_world/share/my_world//models/media/materials/textures/window.png
[20.374s] -- Installing: /home/asun/turtlebot3_ws/install/my_world/share/my_world//models/media/materials/textures/wall_window_and_elevator.png
[20.376s] -- Installing: /home/asun/turtlebot3_ws/install/my_world/share/my_world//models/media/materials/textures/wall_plain_and_door.png
[20.378s] -- Installing: /home/asun/turtlebot3_ws/install/my_world/share/my_world//models/media/materials/textures/cubicle_wall.png
[20.379s] -- Installing: /home/asun/turtlebot3_ws/install/my_world/share/my_world//models/media/materials/textures/floors.png
[20.382s] -- Installing: /home/asun/turtlebot3_ws/install/my_world/share/my_world//models/media/materials/textures/plain.png
[20.383s] -- Installing: /home/asun/turtlebot3_ws/install/my_world/share/my_world//models/media/materials/textures/ceiling.png
[20.384s] -- Installing: /home/asun/turtlebot3_ws/install/my_world/share/my_world//models/media/materials/textures/door_wall.png
[20.385s] -- Installing: /home/asun/turtlebot3_ws/install/my_world/share/my_world//models/media/materials/scripts
[20.385s] -- Installing: /home/asun/turtlebot3_ws/install/my_world/share/my_world//models/media/materials/scripts/servicesim.material
[20.386s] -- Installing: /home/asun/turtlebot3_ws/install/my_world/share/my_world//models/media/meshes
[20.386s] -- Installing: /home/asun/turtlebot3_ws/install/my_world/share/my_world//models/media/meshes/bathroom.obj
[20.388s] -- Installing: /home/asun/turtlebot3_ws/install/my_world/share/my_world//models/media/meshes/wall_door.obj
[20.388s] -- Installing: /home/asun/turtlebot3_ws/install/my_world/share/my_world//models/media/meshes/office_small.obj
[20.389s] -- Installing: /home/asun/turtlebot3_ws/install/my_world/share/my_world//models/media/meshes/tile.obj
[20.390s] -- Installing: /home/asun/turtlebot3_ws/install/my_world/share/my_world//models/media/meshes/sink.obj
[20.391s] -- Installing: /home/asun/turtlebot3_ws/install/my_world/share/my_world//models/media/meshes/wall_plain.obj
[20.391s] -- Installing: /home/asun/turtlebot3_ws/install/my_world/share/my_world//models/media/meshes/cubicle_wall.mtl
[20.392s] -- Installing: /home/asun/turtlebot3_ws/install/my_world/share/my_world//models/media/meshes/refreshment_area.obj
[20.392s] -- Installing: /home/asun/turtlebot3_ws/install/my_world/share/my_world//models/media/meshes/ceiling.obj
[20.393s] -- Installing: /home/asun/turtlebot3_ws/install/my_world/share/my_world//models/media/meshes/office.mtl
[20.394s] -- Installing: /home/asun/turtlebot3_ws/install/my_world/share/my_world//models/media/meshes/office_large.obj
[20.394s] -- Installing: /home/asun/turtlebot3_ws/install/my_world/share/my_world//models/media/meshes/wall_window.obj
[20.395s] -- Installing: /home/asun/turtlebot3_ws/install/my_world/share/my_world//models/media/meshes/reception.obj
[20.395s] -- Installing: /home/asun/turtlebot3_ws/install/my_world/share/my_world//models/media/meshes/meeting_room_large.obj
[20.396s] -- Installing: /home/asun/turtlebot3_ws/install/my_world/share/my_world//models/media/meshes/meeting_room_small.obj
[20.396s] -- Installing: /home/asun/turtlebot3_ws/install/my_world/share/my_world//models/media/meshes/carpet.obj
[20.397s] -- Installing: /home/asun/turtlebot3_ws/install/my_world/share/my_world//models/media/meshes/cubicle_wall.obj
[20.397s] -- Installing: /home/asun/turtlebot3_ws/install/my_world/share/my_world//models/media/meshes/wall_elevator.obj
[20.398s] -- Installing: /home/asun/turtlebot3_ws/install/my_world/share/my_world//models/media/meshes/hallway.obj
[20.398s] -- Installing: /home/asun/turtlebot3_ws/install/my_world/share/my_world//models/microwave
[20.399s] -- Installing: /home/asun/turtlebot3_ws/install/my_world/share/my_world//models/microwave/materials
[20.399s] -- Installing: /home/asun/turtlebot3_ws/install/my_world/share/my_world//models/microwave/materials/textures
[20.399s] -- Installing: /home/asun/turtlebot3_ws/install/my_world/share/my_world//models/microwave/materials/textures/microwave.png
[20.403s] -- Installing: /home/asun/turtlebot3_ws/install/my_world/share/my_world//models/microwave/meshes
[20.403s] -- Installing: /home/asun/turtlebot3_ws/install/my_world/share/my_world//models/microwave/meshes/microwave.obj
[20.404s] -- Installing: /home/asun/turtlebot3_ws/install/my_world/share/my_world//models/microwave/meshes/microwave.mtl
[20.404s] -- Installing: /home/asun/turtlebot3_ws/install/my_world/share/my_world//models/microwave/model.sdf
[20.405s] -- Installing: /home/asun/turtlebot3_ws/install/my_world/share/my_world//models/microwave/model.config
[20.405s] -- Installing: /home/asun/turtlebot3_ws/install/my_world/share/my_world//models/toilet
[20.406s] -- Installing: /home/asun/turtlebot3_ws/install/my_world/share/my_world//models/toilet/materials
[20.406s] -- Installing: /home/asun/turtlebot3_ws/install/my_world/share/my_world//models/toilet/materials/textures
[20.406s] -- Installing: /home/asun/turtlebot3_ws/install/my_world/share/my_world//models/toilet/materials/textures/toilet_diffuse_specular.png
[20.407s] -- Installing: /home/asun/turtlebot3_ws/install/my_world/share/my_world//models/toilet/meshes
[20.407s] -- Installing: /home/asun/turtlebot3_ws/install/my_world/share/my_world//models/toilet/meshes/toilet.dae
[20.408s] -- Installing: /home/asun/turtlebot3_ws/install/my_world/share/my_world//models/toilet/model.sdf
[20.408s] -- Installing: /home/asun/turtlebot3_ws/install/my_world/share/my_world//models/toilet/model.config
[20.409s] -- Installing: /home/asun/turtlebot3_ws/install/my_world/share/my_world//models/map
[20.409s] -- Installing: /home/asun/turtlebot3_ws/install/my_world/share/my_world//models/map/map.png
[20.410s] -- Installing: /home/asun/turtlebot3_ws/install/my_world/share/my_world//models/map/map.yaml
[20.410s] -- Installing: /home/asun/turtlebot3_ws/install/my_world/share/my_world//models/service.world
[20.414s] -- Installing: /home/asun/turtlebot3_ws/install/my_world/share/my_world//models/office_desk
[20.414s] -- Installing: /home/asun/turtlebot3_ws/install/my_world/share/my_world//models/office_desk/materials
[20.414s] -- Installing: /home/asun/turtlebot3_ws/install/my_world/share/my_world//models/office_desk/materials/textures
[20.414s] -- Installing: /home/asun/turtlebot3_ws/install/my_world/share/my_world//models/office_desk/materials/textures/office_desk_specular.png
[20.417s] -- Installing: /home/asun/turtlebot3_ws/install/my_world/share/my_world//models/office_desk/materials/textures/office_desk_diffuse.png
[20.421s] -- Installing: /home/asun/turtlebot3_ws/install/my_world/share/my_world//models/office_desk/meshes
[20.421s] -- Installing: /home/asun/turtlebot3_ws/install/my_world/share/my_world//models/office_desk/meshes/office_desk.dae
[20.422s] -- Installing: /home/asun/turtlebot3_ws/install/my_world/share/my_world//models/office_desk/model.sdf
[20.423s] -- Installing: /home/asun/turtlebot3_ws/install/my_world/share/my_world//models/office_desk/model.config
[20.423s] -- Installing: /home/asun/turtlebot3_ws/install/my_world/share/my_world//models/office_box
[20.423s] -- Installing: /home/asun/turtlebot3_ws/install/my_world/share/my_world//models/office_box/materials
[20.423s] -- Installing: /home/asun/turtlebot3_ws/install/my_world/share/my_world//models/office_box/materials/textures
[20.424s] -- Installing: /home/asun/turtlebot3_ws/install/my_world/share/my_world//models/office_box/materials/textures/office_box.png
[20.426s] -- Installing: /home/asun/turtlebot3_ws/install/my_world/share/my_world//models/office_box/meshes
[20.426s] -- Installing: /home/asun/turtlebot3_ws/install/my_world/share/my_world//models/office_box/meshes/office_box.dae
[20.426s] -- Installing: /home/asun/turtlebot3_ws/install/my_world/share/my_world//models/office_box/model.sdf
[20.427s] -- Installing: /home/asun/turtlebot3_ws/install/my_world/share/my_world//models/office_box/model.config
[20.428s] -- Installing: /home/asun/turtlebot3_ws/install/my_world/share/my_world//models/refrigerator
[20.428s] -- Installing: /home/asun/turtlebot3_ws/install/my_world/share/my_world//models/refrigerator/materials
[20.428s] -- Installing: /home/asun/turtlebot3_ws/install/my_world/share/my_world//models/refrigerator/materials/textures
[20.428s] -- Installing: /home/asun/turtlebot3_ws/install/my_world/share/my_world//models/refrigerator/materials/textures/refrigerator.png
[20.430s] -- Installing: /home/asun/turtlebot3_ws/install/my_world/share/my_world//models/refrigerator/meshes
[20.430s] -- Installing: /home/asun/turtlebot3_ws/install/my_world/share/my_world//models/refrigerator/meshes/refrigerator.mtl
[20.431s] -- Installing: /home/asun/turtlebot3_ws/install/my_world/share/my_world//models/refrigerator/meshes/refrigerator.obj
[20.432s] -- Installing: /home/asun/turtlebot3_ws/install/my_world/share/my_world//models/refrigerator/model.sdf
[20.433s] -- Installing: /home/asun/turtlebot3_ws/install/my_world/share/my_world//models/refrigerator/model.config
[20.433s] -- Installing: /home/asun/turtlebot3_ws/install/my_world/share/my_world//models/office_table
[20.434s] -- Installing: /home/asun/turtlebot3_ws/install/my_world/share/my_world//models/office_table/materials
[20.434s] -- Installing: /home/asun/turtlebot3_ws/install/my_world/share/my_world//models/office_table/materials/textures
[20.434s] -- Installing: /home/asun/turtlebot3_ws/install/my_world/share/my_world//models/office_table/materials/textures/office_table_specular.png
[20.436s] -- Installing: /home/asun/turtlebot3_ws/install/my_world/share/my_world//models/office_table/materials/textures/office_table_diffuse.png
[20.439s] -- Installing: /home/asun/turtlebot3_ws/install/my_world/share/my_world//models/office_table/meshes
[20.439s] -- Installing: /home/asun/turtlebot3_ws/install/my_world/share/my_world//models/office_table/meshes/office_table.dae
[20.440s] -- Installing: /home/asun/turtlebot3_ws/install/my_world/share/my_world//models/office_table/model.sdf
[20.441s] -- Installing: /home/asun/turtlebot3_ws/install/my_world/share/my_world//models/office_table/model.config
[20.441s] -- Installing: /home/asun/turtlebot3_ws/install/my_world/share/my_world//models/office_lamp
[20.442s] -- Installing: /home/asun/turtlebot3_ws/install/my_world/share/my_world//models/office_lamp/materials
[20.442s] -- Installing: /home/asun/turtlebot3_ws/install/my_world/share/my_world//models/office_lamp/materials/textures
[20.442s] -- Installing: /home/asun/turtlebot3_ws/install/my_world/share/my_world//models/office_lamp/materials/textures/office_lamp_diffuse.png
[20.449s] -- Installing: /home/asun/turtlebot3_ws/install/my_world/share/my_world//models/office_lamp/materials/textures/office_lamp_illumination.png
[20.450s] -- Installing: /home/asun/turtlebot3_ws/install/my_world/share/my_world//models/office_lamp/materials/textures/office_lamp_specular.png
[20.454s] -- Installing: /home/asun/turtlebot3_ws/install/my_world/share/my_world//models/office_lamp/meshes
[20.454s] -- Installing: /home/asun/turtlebot3_ws/install/my_world/share/my_world//models/office_lamp/meshes/office_lamp.dae
[20.455s] -- Installing: /home/asun/turtlebot3_ws/install/my_world/share/my_world//models/office_lamp/model.sdf
[20.456s] -- Installing: /home/asun/turtlebot3_ws/install/my_world/share/my_world//models/office_lamp/model.config
[20.456s] -- Installing: /home/asun/turtlebot3_ws/install/my_world/share/my_world//models/whiteboard
[20.457s] -- Installing: /home/asun/turtlebot3_ws/install/my_world/share/my_world//models/whiteboard/materials
[20.457s] -- Installing: /home/asun/turtlebot3_ws/install/my_world/share/my_world//models/whiteboard/materials/textures
[20.457s] -- Installing: /home/asun/turtlebot3_ws/install/my_world/share/my_world//models/whiteboard/materials/textures/whiteboard.png
[20.459s] -- Installing: /home/asun/turtlebot3_ws/install/my_world/share/my_world//models/whiteboard/meshes
[20.459s] -- Installing: /home/asun/turtlebot3_ws/install/my_world/share/my_world//models/whiteboard/meshes/whiteboard.mtl
[20.460s] -- Installing: /home/asun/turtlebot3_ws/install/my_world/share/my_world//models/whiteboard/meshes/whiteboard.obj
[20.461s] -- Installing: /home/asun/turtlebot3_ws/install/my_world/share/my_world//models/whiteboard/model.sdf
[20.462s] -- Installing: /home/asun/turtlebot3_ws/install/my_world/share/my_world//models/whiteboard/model.config
[20.463s] -- Installing: /home/asun/turtlebot3_ws/install/my_world/share/my_world//models/hangout_chair
[20.463s] -- Installing: /home/asun/turtlebot3_ws/install/my_world/share/my_world//models/hangout_chair/materials
[20.463s] -- Installing: /home/asun/turtlebot3_ws/install/my_world/share/my_world//models/hangout_chair/materials/textures
[20.463s] -- Installing: /home/asun/turtlebot3_ws/install/my_world/share/my_world//models/hangout_chair/materials/textures/hangout_chair.png
[20.471s] -- Installing: /home/asun/turtlebot3_ws/install/my_world/share/my_world//models/hangout_chair/meshes
[20.471s] -- Installing: /home/asun/turtlebot3_ws/install/my_world/share/my_world//models/hangout_chair/meshes/hangout_chair.mtl
[20.472s] -- Installing: /home/asun/turtlebot3_ws/install/my_world/share/my_world//models/hangout_chair/meshes/hangout_chair.obj
[20.473s] -- Installing: /home/asun/turtlebot3_ws/install/my_world/share/my_world//models/hangout_chair/model.sdf
[20.474s] -- Installing: /home/asun/turtlebot3_ws/install/my_world/share/my_world//models/hangout_chair/model.config
[20.474s] -- Installing: /home/asun/turtlebot3_ws/install/my_world/share/my_world//models/tv_stand
[20.475s] -- Installing: /home/asun/turtlebot3_ws/install/my_world/share/my_world//models/tv_stand/materials
[20.475s] -- Installing: /home/asun/turtlebot3_ws/install/my_world/share/my_world//models/tv_stand/materials/textures
[20.475s] -- Installing: /home/asun/turtlebot3_ws/install/my_world/share/my_world//models/tv_stand/materials/textures/tv_specular.png
[20.477s] -- Installing: /home/asun/turtlebot3_ws/install/my_world/share/my_world//models/tv_stand/materials/textures/tv_diffuse.png
[20.479s] -- Installing: /home/asun/turtlebot3_ws/install/my_world/share/my_world//models/tv_stand/materials/textures/stand_diffuse.png
[20.481s] -- Installing: /home/asun/turtlebot3_ws/install/my_world/share/my_world//models/tv_stand/materials/textures/stand_specular.png
[20.483s] -- Installing: /home/asun/turtlebot3_ws/install/my_world/share/my_world//models/tv_stand/meshes
[20.483s] -- Installing: /home/asun/turtlebot3_ws/install/my_world/share/my_world//models/tv_stand/meshes/tv_stand.dae
[20.484s] -- Installing: /home/asun/turtlebot3_ws/install/my_world/share/my_world//models/tv_stand/model.sdf
[20.485s] -- Installing: /home/asun/turtlebot3_ws/install/my_world/share/my_world//models/tv_stand/model.config
[20.485s] -- Installing: /home/asun/turtlebot3_ws/install/my_world/share/my_world//models/elegant_male
[20.486s] -- Installing: /home/asun/turtlebot3_ws/install/my_world/share/my_world//models/elegant_male/materials
[20.486s] -- Installing: /home/asun/turtlebot3_ws/install/my_world/share/my_world//models/elegant_male/materials/textures
[20.486s] -- Installing: /home/asun/turtlebot3_ws/install/my_world/share/my_world//models/elegant_male/materials/textures/male_elegantsuit01_diffuse.png
[20.496s] -- Installing: /home/asun/turtlebot3_ws/install/my_world/share/my_world//models/elegant_male/materials/textures/shoes01_diffuse.png
[20.501s] -- Installing: /home/asun/turtlebot3_ws/install/my_world/share/my_world//models/elegant_male/materials/textures/short01_diffuse.png
[20.509s] -- Installing: /home/asun/turtlebot3_ws/install/my_world/share/my_world//models/elegant_male/materials/textures/brown_eye.png
[20.512s] -- Installing: /home/asun/turtlebot3_ws/install/my_world/share/my_world//models/elegant_male/materials/textures/young_lightskinned_male_diffuse3.png
[20.523s] -- Installing: /home/asun/turtlebot3_ws/install/my_world/share/my_world//models/elegant_male/materials/textures/shoes01_normal.png
[20.528s] -- Installing: /home/asun/turtlebot3_ws/install/my_world/share/my_world//models/elegant_male/materials/textures/eyebrow005.png
[20.529s] -- Installing: /home/asun/turtlebot3_ws/install/my_world/share/my_world//models/elegant_male/meshes
[20.529s] -- Installing: /home/asun/turtlebot3_ws/install/my_world/share/my_world//models/elegant_male/meshes/elegant_male.dae
[20.543s] -- Installing: /home/asun/turtlebot3_ws/install/my_world/share/my_world//models/elegant_male/meshes/elegant_male.png
[20.545s] -- Installing: /home/asun/turtlebot3_ws/install/my_world/share/my_world//models/elegant_male/model.sdf
[20.546s] -- Installing: /home/asun/turtlebot3_ws/install/my_world/share/my_world//models/elegant_male/model.config
[20.546s] -- Installing: /home/asun/turtlebot3_ws/install/my_world/share/my_world//models/office_chair
[20.546s] -- Installing: /home/asun/turtlebot3_ws/install/my_world/share/my_world//models/office_chair/materials
[20.546s] -- Installing: /home/asun/turtlebot3_ws/install/my_world/share/my_world//models/office_chair/materials/textures
[20.547s] -- Installing: /home/asun/turtlebot3_ws/install/my_world/share/my_world//models/office_chair/materials/textures/office_chair_diffuse.png
[20.551s] -- Installing: /home/asun/turtlebot3_ws/install/my_world/share/my_world//models/office_chair/materials/textures/office_chair_specular.png
[20.553s] -- Installing: /home/asun/turtlebot3_ws/install/my_world/share/my_world//models/office_chair/meshes
[20.554s] -- Installing: /home/asun/turtlebot3_ws/install/my_world/share/my_world//models/office_chair/meshes/office_chair.dae
[20.555s] -- Installing: /home/asun/turtlebot3_ws/install/my_world/share/my_world//models/office_chair/model.sdf
[20.555s] -- Installing: /home/asun/turtlebot3_ws/install/my_world/share/my_world//models/office_chair/model.config
[20.555s] -- Installing: /home/asun/turtlebot3_ws/install/my_world/share/my_world//models/wastebasket
[20.556s] -- Installing: /home/asun/turtlebot3_ws/install/my_world/share/my_world//models/wastebasket/materials
[20.556s] -- Installing: /home/asun/turtlebot3_ws/install/my_world/share/my_world//models/wastebasket/materials/textures
[20.556s] -- Installing: /home/asun/turtlebot3_ws/install/my_world/share/my_world//models/wastebasket/materials/textures/wastebasket_diffuse.png
[20.557s] -- Installing: /home/asun/turtlebot3_ws/install/my_world/share/my_world//models/wastebasket/meshes
[20.557s] -- Installing: /home/asun/turtlebot3_ws/install/my_world/share/my_world//models/wastebasket/meshes/wastebasket.dae
[20.558s] -- Installing: /home/asun/turtlebot3_ws/install/my_world/share/my_world//models/wastebasket/model.sdf
[20.558s] -- Installing: /home/asun/turtlebot3_ws/install/my_world/share/my_world//models/wastebasket/model.config
[20.559s] -- Installing: /home/asun/turtlebot3_ws/install/my_world/share/my_world//models/turtlebot3_burger_pi
[20.559s] -- Installing: /home/asun/turtlebot3_ws/install/my_world/share/my_world//models/turtlebot3_burger_pi/meshes
[20.559s] -- Installing: /home/asun/turtlebot3_ws/install/my_world/share/my_world//models/turtlebot3_burger_pi/meshes/burger_base.dae
[20.560s] -- Installing: /home/asun/turtlebot3_ws/install/my_world/share/my_world//models/turtlebot3_burger_pi/meshes/tire.dae
[20.560s] -- Installing: /home/asun/turtlebot3_ws/install/my_world/share/my_world//models/turtlebot3_burger_pi/meshes/lds.dae
[20.561s] -- Installing: /home/asun/turtlebot3_ws/install/my_world/share/my_world//models/turtlebot3_burger_pi/model.sdf
[20.562s] -- Installing: /home/asun/turtlebot3_ws/install/my_world/share/my_world//models/turtlebot3_burger_pi/model.config
[20.562s] -- Installing: /home/asun/turtlebot3_ws/install/my_world/share/my_world//models/turtlebot3_burger_pi/model-1_4.sdf
[20.563s] -- Installing: /home/asun/turtlebot3_ws/install/my_world/share/my_world//models/models
[20.563s] -- Installing: /home/asun/turtlebot3_ws/install/my_world/share/my_world//models/models/desk
[20.563s] -- Installing: /home/asun/turtlebot3_ws/install/my_world/share/my_world//models/models/desk/materials
[20.563s] -- Installing: /home/asun/turtlebot3_ws/install/my_world/share/my_world//models/models/desk/materials/textures
[20.563s] -- Installing: /home/asun/turtlebot3_ws/install/my_world/share/my_world//models/models/desk/materials/textures/desk.png
[20.565s] -- Installing: /home/asun/turtlebot3_ws/install/my_world/share/my_world//models/models/desk/meshes
[20.565s] -- Installing: /home/asun/turtlebot3_ws/install/my_world/share/my_world//models/models/desk/meshes/desk.obj
[20.568s] -- Installing: /home/asun/turtlebot3_ws/install/my_world/share/my_world//models/models/desk/meshes/desk.mtl
[20.568s] -- Installing: /home/asun/turtlebot3_ws/install/my_world/share/my_world//models/models/desk/model.sdf
[20.569s] -- Installing: /home/asun/turtlebot3_ws/install/my_world/share/my_world//models/models/desk/model.config
[20.569s] -- Installing: /home/asun/turtlebot3_ws/install/my_world/share/my_world//models/models/computer
[20.569s] -- Installing: /home/asun/turtlebot3_ws/install/my_world/share/my_world//models/models/computer/materials
[20.570s] -- Installing: /home/asun/turtlebot3_ws/install/my_world/share/my_world//models/models/computer/materials/textures
[20.570s] -- Installing: /home/asun/turtlebot3_ws/install/my_world/share/my_world//models/models/computer/materials/textures/computer.png
[20.572s] -- Installing: /home/asun/turtlebot3_ws/install/my_world/share/my_world//models/models/computer/meshes
[20.573s] -- Installing: /home/asun/turtlebot3_ws/install/my_world/share/my_world//models/models/computer/meshes/computer.mtl
[20.573s] -- Installing: /home/asun/turtlebot3_ws/install/my_world/share/my_world//models/models/computer/meshes/computer.obj
[20.574s] -- Installing: /home/asun/turtlebot3_ws/install/my_world/share/my_world//models/models/computer/meshes/computer_tower.obj
[20.574s] -- Installing: /home/asun/turtlebot3_ws/install/my_world/share/my_world//models/models/computer/meshes/computer_monitor.obj
[20.575s] -- Installing: /home/asun/turtlebot3_ws/install/my_world/share/my_world//models/models/computer/model.sdf
[20.576s] -- Installing: /home/asun/turtlebot3_ws/install/my_world/share/my_world//models/models/computer/model.config
[20.576s] -- Installing: /home/asun/turtlebot3_ws/install/my_world/share/my_world//models/models/casual_female
[20.576s] -- Installing: /home/asun/turtlebot3_ws/install/my_world/share/my_world//models/models/casual_female/materials
[20.576s] -- Installing: /home/asun/turtlebot3_ws/install/my_world/share/my_world//models/models/casual_female/materials/textures
[20.576s] -- Installing: /home/asun/turtlebot3_ws/install/my_world/share/my_world//models/models/casual_female/materials/textures/female_casualsuit02_normal.png
[20.583s] -- Installing: /home/asun/turtlebot3_ws/install/my_world/share/my_world//models/models/casual_female/materials/textures/female_casualsuit01_diffuse.png
[20.595s] -- Installing: /home/asun/turtlebot3_ws/install/my_world/share/my_world//models/models/casual_female/materials/textures/eyebrow002.png
[20.596s] -- Installing: /home/asun/turtlebot3_ws/install/my_world/share/my_world//models/models/casual_female/materials/textures/shoes05_diffuse.png
[20.601s] -- Installing: /home/asun/turtlebot3_ws/install/my_world/share/my_world//models/models/casual_female/materials/textures/ponytail01_diffuse.png
[20.613s] -- Installing: /home/asun/turtlebot3_ws/install/my_world/share/my_world//models/models/casual_female/materials/textures/female_casualsuit02_diffuse.png
[20.630s] -- Installing: /home/asun/turtlebot3_ws/install/my_world/share/my_world//models/models/casual_female/materials/textures/brown_eye.png
[20.633s] -- Installing: /home/asun/turtlebot3_ws/install/my_world/share/my_world//models/models/casual_female/materials/textures/female_casualsuit01_normal.png
[20.650s] -- Installing: /home/asun/turtlebot3_ws/install/my_world/share/my_world//models/models/casual_female/materials/textures/eyelashes01.png
[20.651s] -- Installing: /home/asun/turtlebot3_ws/install/my_world/share/my_world//models/models/casual_female/materials/textures/casual_female.png
[20.653s] -- Installing: /home/asun/turtlebot3_ws/install/my_world/share/my_world//models/models/casual_female/materials/textures/tongue01_diffuse.png
[20.656s] -- Installing: /home/asun/turtlebot3_ws/install/my_world/share/my_world//models/models/casual_female/materials/textures/young_lightskinned_female_diffuse.png
[20.668s] -- Installing: /home/asun/turtlebot3_ws/install/my_world/share/my_world//models/models/casual_female/meshes
[20.669s] -- Installing: /home/asun/turtlebot3_ws/install/my_world/share/my_world//models/models/casual_female/meshes/casual_female.dae
[20.680s] -- Installing: /home/asun/turtlebot3_ws/install/my_world/share/my_world//models/models/casual_female/model.sdf
[20.681s] -- Installing: /home/asun/turtlebot3_ws/install/my_world/share/my_world//models/models/casual_female/model.config
[20.681s] -- Installing: /home/asun/turtlebot3_ws/install/my_world/share/my_world//models/models/bathroom_sink
[20.682s] -- Installing: /home/asun/turtlebot3_ws/install/my_world/share/my_world//models/models/bathroom_sink/materials
[20.682s] -- Installing: /home/asun/turtlebot3_ws/install/my_world/share/my_world//models/models/bathroom_sink/materials/textures
[20.682s] -- Installing: /home/asun/turtlebot3_ws/install/my_world/share/my_world//models/models/bathroom_sink/materials/textures/bathroom_sink_diffuse.png
[20.687s] -- Installing: /home/asun/turtlebot3_ws/install/my_world/share/my_world//models/models/bathroom_sink/materials/textures/bathroom_sink_specular.png
[20.692s] -- Installing: /home/asun/turtlebot3_ws/install/my_world/share/my_world//models/models/bathroom_sink/meshes
[20.692s] -- Installing: /home/asun/turtlebot3_ws/install/my_world/share/my_world//models/models/bathroom_sink/meshes/bathroom_sink.dae
[20.693s] -- Installing: /home/asun/turtlebot3_ws/install/my_world/share/my_world//models/models/bathroom_sink/model.sdf
[20.694s] -- Installing: /home/asun/turtlebot3_ws/install/my_world/share/my_world//models/models/bathroom_sink/model.config
[20.694s] -- Installing: /home/asun/turtlebot3_ws/install/my_world/share/my_world//models/models/conference_table_small
[20.694s] -- Installing: /home/asun/turtlebot3_ws/install/my_world/share/my_world//models/models/conference_table_small/materials
[20.694s] -- Installing: /home/asun/turtlebot3_ws/install/my_world/share/my_world//models/models/conference_table_small/materials/textures
[20.695s] -- Installing: /home/asun/turtlebot3_ws/install/my_world/share/my_world//models/models/conference_table_small/materials/textures/conference_table.png
[20.699s] -- Installing: /home/asun/turtlebot3_ws/install/my_world/share/my_world//models/models/conference_table_small/meshes
[20.699s] -- Installing: /home/asun/turtlebot3_ws/install/my_world/share/my_world//models/models/conference_table_small/meshes/conference_table_small.mtl
[20.699s] -- Installing: /home/asun/turtlebot3_ws/install/my_world/share/my_world//models/models/conference_table_small/meshes/conference_table_small.obj
[20.700s] -- Installing: /home/asun/turtlebot3_ws/install/my_world/share/my_world//models/models/conference_table_small/model.sdf
[20.700s] -- Installing: /home/asun/turtlebot3_ws/install/my_world/share/my_world//models/models/conference_table_small/model.config
[20.701s] -- Installing: /home/asun/turtlebot3_ws/install/my_world/share/my_world//models/models/desk_chair
[20.701s] -- Installing: /home/asun/turtlebot3_ws/install/my_world/share/my_world//models/models/desk_chair/materials
[20.701s] -- Installing: /home/asun/turtlebot3_ws/install/my_world/share/my_world//models/models/desk_chair/materials/textures
[20.701s] -- Installing: /home/asun/turtlebot3_ws/install/my_world/share/my_world//models/models/desk_chair/materials/textures/desk_chair.png
[20.711s] -- Installing: /home/asun/turtlebot3_ws/install/my_world/share/my_world//models/models/desk_chair/meshes
[20.711s] -- Installing: /home/asun/turtlebot3_ws/install/my_world/share/my_world//models/models/desk_chair/meshes/desk_chair.obj
[20.713s] -- Installing: /home/asun/turtlebot3_ws/install/my_world/share/my_world//models/models/desk_chair/meshes/desk_chair.mtl
[20.713s] -- Installing: /home/asun/turtlebot3_ws/install/my_world/share/my_world//models/models/desk_chair/model.sdf
[20.713s] -- Installing: /home/asun/turtlebot3_ws/install/my_world/share/my_world//models/models/desk_chair/model.config
[20.714s] -- Installing: /home/asun/turtlebot3_ws/install/my_world/share/my_world//models/models/dishwasher
[20.714s] -- Installing: /home/asun/turtlebot3_ws/install/my_world/share/my_world//models/models/dishwasher/materials
[20.714s] -- Installing: /home/asun/turtlebot3_ws/install/my_world/share/my_world//models/models/dishwasher/materials/textures
[20.714s] -- Installing: /home/asun/turtlebot3_ws/install/my_world/share/my_world//models/models/dishwasher/materials/textures/dishwasher.png
[20.716s] -- Installing: /home/asun/turtlebot3_ws/install/my_world/share/my_world//models/models/dishwasher/meshes
[20.716s] -- Installing: /home/asun/turtlebot3_ws/install/my_world/share/my_world//models/models/dishwasher/meshes/dishwasher.obj
[20.716s] -- Installing: /home/asun/turtlebot3_ws/install/my_world/share/my_world//models/models/dishwasher/meshes/dishwasher.mtl
[20.717s] -- Installing: /home/asun/turtlebot3_ws/install/my_world/share/my_world//models/models/dishwasher/model.sdf
[20.717s] -- Installing: /home/asun/turtlebot3_ws/install/my_world/share/my_world//models/models/dishwasher/model.config
[20.718s] -- Installing: /home/asun/turtlebot3_ws/install/my_world/share/my_world//models/models/actor
[20.718s] -- Installing: /home/asun/turtlebot3_ws/install/my_world/share/my_world//models/models/actor/meshes
[20.718s] -- Installing: /home/asun/turtlebot3_ws/install/my_world/share/my_world//models/models/actor/meshes/ANIMATION_sitting.dae
[20.726s] -- Installing: /home/asun/turtlebot3_ws/install/my_world/share/my_world//models/models/actor/meshes/ANIMATION_running.dae
[20.733s] -- Installing: /home/asun/turtlebot3_ws/install/my_world/share/my_world//models/models/actor/meshes/SKIN_man_blue_shirt.dae
[20.739s] -- Installing: /home/asun/turtlebot3_ws/install/my_world/share/my_world//models/models/actor/meshes/SKIN_man_green_shirt.dae
[20.745s] -- Installing: /home/asun/turtlebot3_ws/install/my_world/share/my_world//models/models/actor/meshes/ANIMATION_walking.dae
[20.752s] -- Installing: /home/asun/turtlebot3_ws/install/my_world/share/my_world//models/models/actor/meshes/ANIMATION_standing.dae
[20.761s] -- Installing: /home/asun/turtlebot3_ws/install/my_world/share/my_world//models/models/actor/meshes/ANIMATION_talking_b.dae
[20.841s] -- Installing: /home/asun/turtlebot3_ws/install/my_world/share/my_world//models/models/actor/meshes/SKIN_man_red_shirt.dae
[20.852s] -- Installing: /home/asun/turtlebot3_ws/install/my_world/share/my_world//models/models/actor/meshes/ANIMATION_talking_a.dae
[20.899s] -- Installing: /home/asun/turtlebot3_ws/install/my_world/share/my_world//models/models/actor/model.sdf
[20.899s] -- Installing: /home/asun/turtlebot3_ws/install/my_world/share/my_world//models/models/actor/model.config
[20.900s] -- Installing: /home/asun/turtlebot3_ws/install/my_world/share/my_world//models/models/cafe_counter
[20.901s] -- Installing: /home/asun/turtlebot3_ws/install/my_world/share/my_world//models/models/cafe_counter/materials
[20.901s] -- Installing: /home/asun/turtlebot3_ws/install/my_world/share/my_world//models/models/cafe_counter/materials/textures
[20.901s] -- Installing: /home/asun/turtlebot3_ws/install/my_world/share/my_world//models/models/cafe_counter/materials/textures/cafe_counter.png
[20.905s] -- Installing: /home/asun/turtlebot3_ws/install/my_world/share/my_world//models/models/cafe_counter/meshes
[20.905s] -- Installing: /home/asun/turtlebot3_ws/install/my_world/share/my_world//models/models/cafe_counter/meshes/counter_sink.obj
[20.906s] -- Installing: /home/asun/turtlebot3_ws/install/my_world/share/my_world//models/models/cafe_counter/meshes/cafe_counter.mtl
[20.906s] -- Installing: /home/asun/turtlebot3_ws/install/my_world/share/my_world//models/models/cafe_counter/meshes/cafe_counter.obj
[20.907s] -- Installing: /home/asun/turtlebot3_ws/install/my_world/share/my_world//models/models/cafe_counter/meshes/counter_no_sink.obj
[20.908s] -- Installing: /home/asun/turtlebot3_ws/install/my_world/share/my_world//models/models/cafe_counter/model.sdf
[20.908s] -- Installing: /home/asun/turtlebot3_ws/install/my_world/share/my_world//models/models/cafe_counter/model.config
[20.909s] -- Installing: /home/asun/turtlebot3_ws/install/my_world/share/my_world//models/models/coffee_maker
[20.909s] -- Installing: /home/asun/turtlebot3_ws/install/my_world/share/my_world//models/models/coffee_maker/materials
[20.910s] -- Installing: /home/asun/turtlebot3_ws/install/my_world/share/my_world//models/models/coffee_maker/materials/textures
[20.910s] -- Installing: /home/asun/turtlebot3_ws/install/my_world/share/my_world//models/models/coffee_maker/materials/textures/coffee_maker.png
[20.911s] -- Installing: /home/asun/turtlebot3_ws/install/my_world/share/my_world//models/models/coffee_maker/meshes
[20.912s] -- Installing: /home/asun/turtlebot3_ws/install/my_world/share/my_world//models/models/coffee_maker/meshes/coffee_maker.mtl
[20.912s] -- Installing: /home/asun/turtlebot3_ws/install/my_world/share/my_world//models/models/coffee_maker/meshes/coffee_maker.obj
[20.913s] -- Installing: /home/asun/turtlebot3_ws/install/my_world/share/my_world//models/models/coffee_maker/model.sdf
[20.913s] -- Installing: /home/asun/turtlebot3_ws/install/my_world/share/my_world//models/models/coffee_maker/model.config
[20.914s] -- Installing: /home/asun/turtlebot3_ws/install/my_world/share/my_world//models/models/conference_table_large
[20.914s] -- Installing: /home/asun/turtlebot3_ws/install/my_world/share/my_world//models/models/conference_table_large/meshes
[20.914s] -- Installing: /home/asun/turtlebot3_ws/install/my_world/share/my_world//models/models/conference_table_large/meshes/conference_table_large.mtl
[20.915s] -- Installing: /home/asun/turtlebot3_ws/install/my_world/share/my_world//models/models/conference_table_large/meshes/conference_table_large.obj
[20.915s] -- Installing: /home/asun/turtlebot3_ws/install/my_world/share/my_world//models/models/conference_table_large/model.sdf
[20.916s] -- Installing: /home/asun/turtlebot3_ws/install/my_world/share/my_world//models/models/conference_table_large/model.config
[20.916s] -- Installing: /home/asun/turtlebot3_ws/install/my_world/share/my_world//models/mini_fridge
[20.916s] -- Installing: /home/asun/turtlebot3_ws/install/my_world/share/my_world//models/mini_fridge/materials
[20.917s] -- Installing: /home/asun/turtlebot3_ws/install/my_world/share/my_world//models/mini_fridge/materials/textures
[20.917s] -- Installing: /home/asun/turtlebot3_ws/install/my_world/share/my_world//models/mini_fridge/materials/textures/mini_fridge.png
[20.918s] -- Installing: /home/asun/turtlebot3_ws/install/my_world/share/my_world//models/mini_fridge/meshes
[20.919s] -- Installing: /home/asun/turtlebot3_ws/install/my_world/share/my_world//models/mini_fridge/meshes/mini_fridge.mtl
[20.919s] -- Installing: /home/asun/turtlebot3_ws/install/my_world/share/my_world//models/mini_fridge/meshes/mini_fridge.obj
[20.920s] -- Installing: /home/asun/turtlebot3_ws/install/my_world/share/my_world//models/mini_fridge/model.sdf
[20.920s] -- Installing: /home/asun/turtlebot3_ws/install/my_world/share/my_world//models/mini_fridge/model.config
[20.921s] -- Installing: /home/asun/turtlebot3_ws/install/my_world/share/my_world//models/servicebot
[20.921s] -- Installing: /home/asun/turtlebot3_ws/install/my_world/share/my_world//models/servicebot/materials
[20.921s] -- Installing: /home/asun/turtlebot3_ws/install/my_world/share/my_world//models/servicebot/materials/textures
[20.921s] -- Installing: /home/asun/turtlebot3_ws/install/my_world/share/my_world//models/servicebot/materials/textures/servicebot.png
[20.926s] -- Installing: /home/asun/turtlebot3_ws/install/my_world/share/my_world//models/servicebot/meshes
[20.926s] -- Installing: /home/asun/turtlebot3_ws/install/my_world/share/my_world//models/servicebot/meshes/servicebot.mtl
[20.926s] -- Installing: /home/asun/turtlebot3_ws/install/my_world/share/my_world//models/servicebot/meshes/servicebot.obj
[20.928s] -- Installing: /home/asun/turtlebot3_ws/install/my_world/share/my_world//models/servicebot/model.sdf
[20.929s] -- Installing: /home/asun/turtlebot3_ws/install/my_world/share/my_world//models/servicebot/model.config
[20.929s] -- Installing: /home/asun/turtlebot3_ws/install/my_world/share/my_world//models/elegant_female
[20.930s] -- Installing: /home/asun/turtlebot3_ws/install/my_world/share/my_world//models/elegant_female/materials
[20.930s] -- Installing: /home/asun/turtlebot3_ws/install/my_world/share/my_world//models/elegant_female/materials/textures
[20.930s] -- Installing: /home/asun/turtlebot3_ws/install/my_world/share/my_world//models/elegant_female/materials/textures/male_elegantsuit01_diffuse.png
[20.937s] -- Installing: /home/asun/turtlebot3_ws/install/my_world/share/my_world//models/elegant_female/materials/textures/eyebrow002.png
[20.939s] -- Installing: /home/asun/turtlebot3_ws/install/my_world/share/my_world//models/elegant_female/materials/textures/young_lightskinned_female_diffuse2.png
[20.951s] -- Installing: /home/asun/turtlebot3_ws/install/my_world/share/my_world//models/elegant_female/materials/textures/ponytail01_diffuse.png
[20.963s] -- Installing: /home/asun/turtlebot3_ws/install/my_world/share/my_world//models/elegant_female/materials/textures/brown_eye.png
[20.966s] -- Installing: /home/asun/turtlebot3_ws/install/my_world/share/my_world//models/elegant_female/materials/textures/eyelashes01.png
[20.967s] -- Installing: /home/asun/turtlebot3_ws/install/my_world/share/my_world//models/elegant_female/materials/textures/shoes03_diffuse.png
[20.969s] -- Installing: /home/asun/turtlebot3_ws/install/my_world/share/my_world//models/elegant_female/meshes
[20.969s] -- Installing: /home/asun/turtlebot3_ws/install/my_world/share/my_world//models/elegant_female/meshes/elegant_female.png
[20.971s] -- Installing: /home/asun/turtlebot3_ws/install/my_world/share/my_world//models/elegant_female/meshes/elegant_female.dae
[20.986s] -- Installing: /home/asun/turtlebot3_ws/install/my_world/share/my_world//models/elegant_female/model.sdf
[20.986s] -- Installing: /home/asun/turtlebot3_ws/install/my_world/share/my_world//models/elegant_female/model.config
[20.986s] -- Installing: /home/asun/turtlebot3_ws/install/my_world/share/my_world//models/office_cafe_table
[20.987s] -- Installing: /home/asun/turtlebot3_ws/install/my_world/share/my_world//models/office_cafe_table/materials
[20.987s] -- Installing: /home/asun/turtlebot3_ws/install/my_world/share/my_world//models/office_cafe_table/materials/textures
[20.987s] -- Installing: /home/asun/turtlebot3_ws/install/my_world/share/my_world//models/office_cafe_table/materials/textures/Wood_Floor_Dark.jpg
[20.988s] -- Installing: /home/asun/turtlebot3_ws/install/my_world/share/my_world//models/office_cafe_table/materials/textures/Maple.jpg
[20.989s] -- Installing: /home/asun/turtlebot3_ws/install/my_world/share/my_world//models/office_cafe_table/meshes
[20.989s] -- Installing: /home/asun/turtlebot3_ws/install/my_world/share/my_world//models/office_cafe_table/meshes/office_cafe_table.dae
[20.990s] -- Installing: /home/asun/turtlebot3_ws/install/my_world/share/my_world//models/office_cafe_table/model.sdf
[20.991s] -- Installing: /home/asun/turtlebot3_ws/install/my_world/share/my_world//models/office_cafe_table/model.config
[20.991s] -- Installing: /home/asun/turtlebot3_ws/install/my_world/share/my_world//models/.fr-0T31rz
[20.991s] -- Installing: /home/asun/turtlebot3_ws/install/my_world/share/my_world//models/.fr-0T31rz/my_world
[20.992s] -- Installing: /home/asun/turtlebot3_ws/install/my_world/share/my_world//models/.fr-0T31rz/my_world/models
[20.992s] -- Installing: /home/asun/turtlebot3_ws/install/my_world/share/my_world//models/.fr-0T31rz/my_world/models/willowgarage
[20.992s] -- Installing: /home/asun/turtlebot3_ws/install/my_world/share/my_world//models/.fr-0T31rz/my_world/models/willowgarage/model-1_3.sdf
[20.992s] -- Installing: /home/asun/turtlebot3_ws/install/my_world/share/my_world//models/.fr-0T31rz/my_world/models/willowgarage/model-1_2.sdf
[20.993s] -- Installing: /home/asun/turtlebot3_ws/install/my_world/share/my_world//models/.fr-0T31rz/my_world/models/willowgarage/materials
[20.993s] -- Installing: /home/asun/turtlebot3_ws/install/my_world/share/my_world//models/.fr-0T31rz/my_world/models/willowgarage/materials/textures
[20.993s] -- Installing: /home/asun/turtlebot3_ws/install/my_world/share/my_world//models/.fr-0T31rz/my_world/models/willowgarage/materials/textures/Stone_Brushed_Khaki_.png
[20.995s] -- Installing: /home/asun/turtlebot3_ws/install/my_world/share/my_world//models/.fr-0T31rz/my_world/models/willowgarage/materials/textures/Wood_Cherry_Original_.png
[20.996s] -- Installing: /home/asun/turtlebot3_ws/install/my_world/share/my_world//models/.fr-0T31rz/my_world/models/willowgarage/materials/textures/__auto_2.png
[20.997s] -- Installing: /home/asun/turtlebot3_ws/install/my_world/share/my_world//models/.fr-0T31rz/my_world/models/willowgarage/materials/textures/__Wood_Bamboo_Medium_1.png
[20.998s] -- Installing: /home/asun/turtlebot3_ws/install/my_world/share/my_world//models/.fr-0T31rz/my_world/models/willowgarage/materials/textures/__auto_12.png
[20.999s] -- Installing: /home/asun/turtlebot3_ws/install/my_world/share/my_world//models/.fr-0T31rz/my_world/models/willowgarage/materials/textures/Wood_Bamboo_Medium_.png
[21.001s] -- Installing: /home/asun/turtlebot3_ws/install/my_world/share/my_world//models/.fr-0T31rz/my_world/models/willowgarage/materials/textures/Carpet_Berber_Pattern_Gray_.png
[21.002s] -- Installing: /home/asun/turtlebot3_ws/install/my_world/share/my_world//models/.fr-0T31rz/my_world/models/willowgarage/meshes
[21.002s] -- Installing: /home/asun/turtlebot3_ws/install/my_world/share/my_world//models/.fr-0T31rz/my_world/models/willowgarage/meshes/willowgarage_visual.dae
[21.012s] -- Installing: /home/asun/turtlebot3_ws/install/my_world/share/my_world//models/.fr-0T31rz/my_world/models/willowgarage/meshes/willowgarage_collision.dae
[21.018s] -- Installing: /home/asun/turtlebot3_ws/install/my_world/share/my_world//models/.fr-0T31rz/my_world/models/willowgarage/model.sdf
[21.018s] -- Installing: /home/asun/turtlebot3_ws/install/my_world/share/my_world//models/.fr-0T31rz/my_world/models/willowgarage/model.config
[21.019s] -- Installing: /home/asun/turtlebot3_ws/install/my_world/share/my_world//models/.fr-0T31rz/my_world/models/willowgarage/model-1_4.sdf
[21.019s] -- Installing: /home/asun/turtlebot3_ws/install/my_world/share/my_world//models/.fr-0T31rz/my_world/models/naokoeye
[21.019s] -- Installing: /home/asun/turtlebot3_ws/install/my_world/share/my_world//models/.fr-0T31rz/my_world/models/naokoeye/meshes
[21.019s] -- Installing: /home/asun/turtlebot3_ws/install/my_world/share/my_world//models/.fr-0T31rz/my_world/models/naokoeye/meshes/female_casualsuit02_normal.png
[21.027s] -- Installing: /home/asun/turtlebot3_ws/install/my_world/share/my_world//models/.fr-0T31rz/my_world/models/naokoeye/meshes/female_casualsuit02_diffuse.png
[21.045s] -- Installing: /home/asun/turtlebot3_ws/install/my_world/share/my_world//models/.fr-0T31rz/my_world/models/naokoeye/meshes/naokoeye.png
[21.048s] -- Installing: /home/asun/turtlebot3_ws/install/my_world/share/my_world//models/.fr-0T31rz/my_world/models/naokoeye/meshes/eyebrow001.png
[21.049s] -- Installing: /home/asun/turtlebot3_ws/install/my_world/share/my_world//models/.fr-0T31rz/my_world/models/naokoeye/meshes/brown_eye.png
[21.053s] -- Installing: /home/asun/turtlebot3_ws/install/my_world/share/my_world//models/.fr-0T31rz/my_world/models/naokoeye/meshes/bob02_diffuse.png
[21.067s] -- Installing: /home/asun/turtlebot3_ws/install/my_world/share/my_world//models/.fr-0T31rz/my_world/models/naokoeye/meshes/naokoeye.dae
[21.107s] -- Installing: /home/asun/turtlebot3_ws/install/my_world/share/my_world//models/.fr-0T31rz/my_world/models/naokoeye/meshes/naokoeyev2.dae
[21.163s] -- Installing: /home/asun/turtlebot3_ws/install/my_world/share/my_world//models/.fr-0T31rz/my_world/models/naokoeye/model.sdf
[21.167s] -- Installing: /home/asun/turtlebot3_ws/install/my_world/share/my_world//models/.fr-0T31rz/my_world/models/naokoeye/model.config
[21.169s] -- Installing: /home/asun/turtlebot3_ws/install/my_world/share/my_world//models/.fr-0T31rz/my_world/models/bobeye
[21.169s] -- Installing: /home/asun/turtlebot3_ws/install/my_world/share/my_world//models/.fr-0T31rz/my_world/models/bobeye/meshes
[21.170s] -- Installing: /home/asun/turtlebot3_ws/install/my_world/share/my_world//models/.fr-0T31rz/my_world/models/bobeye/meshes/bobeye.png
[21.175s] -- Installing: /home/asun/turtlebot3_ws/install/my_world/share/my_world//models/.fr-0T31rz/my_world/models/bobeye/meshes/eyebrow001.png
[21.178s] -- Installing: /home/asun/turtlebot3_ws/install/my_world/share/my_world//models/.fr-0T31rz/my_world/models/bobeye/meshes/brown_eye.png
[21.194s] -- Installing: /home/asun/turtlebot3_ws/install/my_world/share/my_world//models/.fr-0T31rz/my_world/models/bobeye/meshes/male_casualsuit03_diffuse.png
[21.225s] -- Installing: /home/asun/turtlebot3_ws/install/my_world/share/my_world//models/.fr-0T31rz/my_world/models/bobeye/meshes/male_casualsuit03_normal.png
[21.262s] -- Installing: /home/asun/turtlebot3_ws/install/my_world/share/my_world//models/.fr-0T31rz/my_world/models/bobeye/meshes/teeth.png
[21.270s] -- Installing: /home/asun/turtlebot3_ws/install/my_world/share/my_world//models/.fr-0T31rz/my_world/models/bobeye/meshes/shoes03_diffuse.png
[21.273s] -- Installing: /home/asun/turtlebot3_ws/install/my_world/share/my_world//models/.fr-0T31rz/my_world/models/bobeye/meshes/tongue01_diffuse.png
[21.276s] -- Installing: /home/asun/turtlebot3_ws/install/my_world/share/my_world//models/.fr-0T31rz/my_world/models/bobeye/meshes/bobeyev2.dae
[21.293s] -- Installing: /home/asun/turtlebot3_ws/install/my_world/share/my_world//models/.fr-0T31rz/my_world/models/bobeye/meshes/bobeye.dae
[21.303s] -- Installing: /home/asun/turtlebot3_ws/install/my_world/share/my_world//models/.fr-0T31rz/my_world/models/bobeye/meshes/young_darkskinned_male_diffuse.png
[21.316s] -- Installing: /home/asun/turtlebot3_ws/install/my_world/share/my_world//models/.fr-0T31rz/my_world/models/bobeye/model.sdf
[21.317s] -- Installing: /home/asun/turtlebot3_ws/install/my_world/share/my_world//models/.fr-0T31rz/my_world/models/bobeye/model.config
[21.317s] -- Installing: /home/asun/turtlebot3_ws/install/my_world/share/my_world//models/.fr-0T31rz/my_world/models/doguinho
[21.317s] -- Installing: /home/asun/turtlebot3_ws/install/my_world/share/my_world//models/.fr-0T31rz/my_world/models/doguinho/meshes
[21.318s] -- Installing: /home/asun/turtlebot3_ws/install/my_world/share/my_world//models/.fr-0T31rz/my_world/models/doguinho/meshes/Doguinho_low_poly_doguinho_uv_Normal.png
[21.329s] -- Installing: /home/asun/turtlebot3_ws/install/my_world/share/my_world//models/.fr-0T31rz/my_world/models/doguinho/meshes/Doguinho_low_poly_doguinho_uv_Metallic.png
[21.330s] -- Installing: /home/asun/turtlebot3_ws/install/my_world/share/my_world//models/.fr-0T31rz/my_world/models/doguinho/meshes/Doguinho_low_poly_doguinho_uv_BaseColor.png
[21.347s] -- Installing: /home/asun/turtlebot3_ws/install/my_world/share/my_world//models/.fr-0T31rz/my_world/models/doguinho/meshes/doguinho.dae
[21.366s] -- Installing: /home/asun/turtlebot3_ws/install/my_world/share/my_world//models/.fr-0T31rz/my_world/models/doguinho/meshes/Doguinho_low_poly_doguinho_uv_Roughness.png
[21.369s] -- Installing: /home/asun/turtlebot3_ws/install/my_world/share/my_world//models/.fr-0T31rz/my_world/models/doguinho/meshes/Doguinho_low_poly_doguinho_uv_Height.png
[21.374s] -- Installing: /home/asun/turtlebot3_ws/install/my_world/share/my_world//models/.fr-0T31rz/my_world/models/doguinho/model.sdf
[21.374s] -- Installing: /home/asun/turtlebot3_ws/install/my_world/share/my_world//models/.fr-0T31rz/my_world/models/doguinho/model.config
[21.375s] -- Installing: /home/asun/turtlebot3_ws/install/my_world/share/my_world//models/.fr-0T31rz/my_world/models/apartment
[21.375s] -- Installing: /home/asun/turtlebot3_ws/install/my_world/share/my_world//models/.fr-0T31rz/my_world/models/apartment/materials
[21.375s] -- Installing: /home/asun/turtlebot3_ws/install/my_world/share/my_world//models/.fr-0T31rz/my_world/models/apartment/materials/textures
[21.375s] -- Installing: /home/asun/turtlebot3_ws/install/my_world/share/my_world//models/.fr-0T31rz/my_world/models/apartment/materials/textures/apartment_diffuse.jpg
[21.379s] -- Installing: /home/asun/turtlebot3_ws/install/my_world/share/my_world//models/.fr-0T31rz/my_world/models/apartment/materials/textures/apartment_spec.jpg
[21.382s] -- Installing: /home/asun/turtlebot3_ws/install/my_world/share/my_world//models/.fr-0T31rz/my_world/models/apartment/meshes
[21.382s] -- Installing: /home/asun/turtlebot3_ws/install/my_world/share/my_world//models/.fr-0T31rz/my_world/models/apartment/meshes/apartment.dae
[21.386s] -- Installing: /home/asun/turtlebot3_ws/install/my_world/share/my_world//models/.fr-0T31rz/my_world/models/apartment/model.sdf
[21.387s] -- Installing: /home/asun/turtlebot3_ws/install/my_world/share/my_world//models/.fr-0T31rz/my_world/models/apartment/model.config
[21.387s] -- Installing: /home/asun/turtlebot3_ws/install/my_world/share/my_world//models/.fr-0T31rz/my_world/models/my_world
[21.387s] -- Installing: /home/asun/turtlebot3_ws/install/my_world/share/my_world//models/.fr-0T31rz/my_world/models/my_world/model.sdf
[21.388s] -- Installing: /home/asun/turtlebot3_ws/install/my_world/share/my_world//models/.fr-0T31rz/my_world/models/my_world/model.config
[21.389s] -- Installing: /home/asun/turtlebot3_ws/install/my_world/share/my_world//models/.fr-0T31rz/my_world/models/ball_bearing
[21.389s] -- Installing: /home/asun/turtlebot3_ws/install/my_world/share/my_world//models/.fr-0T31rz/my_world/models/ball_bearing/model.sdf
[21.389s] -- Installing: /home/asun/turtlebot3_ws/install/my_world/share/my_world//models/.fr-0T31rz/my_world/models/ball_bearing/model.config
[21.390s] -- Installing: /home/asun/turtlebot3_ws/install/my_world/share/my_world//models/.fr-0T31rz/my_world/models/ball_bearing/model.rsdf
[21.391s] -- Installing: /home/asun/turtlebot3_ws/install/my_world/share/my_world//models/.fr-0T31rz/my_world/models/sweedish_apartment
[21.391s] -- Installing: /home/asun/turtlebot3_ws/install/my_world/share/my_world//models/.fr-0T31rz/my_world/models/sweedish_apartment/meshes
[21.391s] -- Installing: /home/asun/turtlebot3_ws/install/my_world/share/my_world//models/.fr-0T31rz/my_world/models/sweedish_apartment/meshes/model.dae
[21.392s] -- Installing: /home/asun/turtlebot3_ws/install/my_world/share/my_world//models/.fr-0T31rz/my_world/models/sweedish_apartment/model.sdf
[21.392s] -- Installing: /home/asun/turtlebot3_ws/install/my_world/share/my_world//models/.fr-0T31rz/my_world/models/sweedish_apartment/model.config
[21.393s] -- Installing: /home/asun/turtlebot3_ws/install/my_world/share/my_world//models/.fr-0T31rz/my_world/models/gertrudiseye
[21.393s] -- Installing: /home/asun/turtlebot3_ws/install/my_world/share/my_world//models/.fr-0T31rz/my_world/models/gertrudiseye/meshes
[21.393s] -- Installing: /home/asun/turtlebot3_ws/install/my_world/share/my_world//models/.fr-0T31rz/my_world/models/gertrudiseye/meshes/old_lightskinned_female_diffuse.png
[21.411s] -- Installing: /home/asun/turtlebot3_ws/install/my_world/share/my_world//models/.fr-0T31rz/my_world/models/gertrudiseye/meshes/female_elegantsuit01_diffuse.png
[21.420s] -- Installing: /home/asun/turtlebot3_ws/install/my_world/share/my_world//models/.fr-0T31rz/my_world/models/gertrudiseye/meshes/braid01_diffuse.png
[21.432s] -- Installing: /home/asun/turtlebot3_ws/install/my_world/share/my_world//models/.fr-0T31rz/my_world/models/gertrudiseye/meshes/green_eye.png
[21.436s] -- Installing: /home/asun/turtlebot3_ws/install/my_world/share/my_world//models/.fr-0T31rz/my_world/models/gertrudiseye/meshes/female_elegantsuit01_normal.png
[21.443s] -- Installing: /home/asun/turtlebot3_ws/install/my_world/share/my_world//models/.fr-0T31rz/my_world/models/gertrudiseye/meshes/gertrudiseye.png
[21.445s] -- Installing: /home/asun/turtlebot3_ws/install/my_world/share/my_world//models/.fr-0T31rz/my_world/models/gertrudiseye/meshes/teeth.png
[21.453s] -- Installing: /home/asun/turtlebot3_ws/install/my_world/share/my_world//models/.fr-0T31rz/my_world/models/gertrudiseye/meshes/gertrudiseye.dae
[21.463s] -- Installing: /home/asun/turtlebot3_ws/install/my_world/share/my_world//models/.fr-0T31rz/my_world/models/gertrudiseye/meshes/tongue01_diffuse.png
[21.467s] -- Installing: /home/asun/turtlebot3_ws/install/my_world/share/my_world//models/.fr-0T31rz/my_world/models/gertrudiseye/meshes/gertrudiseyev2.dae
[21.514s] -- Installing: /home/asun/turtlebot3_ws/install/my_world/share/my_world//models/.fr-0T31rz/my_world/models/gertrudiseye/model.sdf
[21.516s] -- Installing: /home/asun/turtlebot3_ws/install/my_world/share/my_world//models/.fr-0T31rz/my_world/models/gertrudiseye/model.config
[21.517s] -- Installing: /home/asun/turtlebot3_ws/install/my_world/share/my_world//models/.fr-0T31rz/my_world/models/drc_practice_ball_valve
[21.517s] -- Installing: /home/asun/turtlebot3_ws/install/my_world/share/my_world//models/.fr-0T31rz/my_world/models/drc_practice_ball_valve/materials
[21.518s] -- Installing: /home/asun/turtlebot3_ws/install/my_world/share/my_world//models/.fr-0T31rz/my_world/models/drc_practice_ball_valve/materials/textures
[21.518s] -- Installing: /home/asun/turtlebot3_ws/install/my_world/share/my_world//models/.fr-0T31rz/my_world/models/drc_practice_ball_valve/materials/textures/Metal_Rough.png
[21.520s] -- Installing: /home/asun/turtlebot3_ws/install/my_world/share/my_world//models/.fr-0T31rz/my_world/models/drc_practice_ball_valve/meshes
[21.520s] -- Installing: /home/asun/turtlebot3_ws/install/my_world/share/my_world//models/.fr-0T31rz/my_world/models/drc_practice_ball_valve/meshes/attachment.dae
[21.533s] -- Installing: /home/asun/turtlebot3_ws/install/my_world/share/my_world//models/.fr-0T31rz/my_world/models/drc_practice_ball_valve/meshes/ball_valve.dae
[21.551s] -- Installing: /home/asun/turtlebot3_ws/install/my_world/share/my_world//models/.fr-0T31rz/my_world/models/drc_practice_ball_valve/model.sdf
[21.552s] -- Installing: /home/asun/turtlebot3_ws/install/my_world/share/my_world//models/.fr-0T31rz/my_world/models/drc_practice_ball_valve/model.config
[21.554s] -- Installing: /home/asun/turtlebot3_ws/install/my_world/share/my_world//models/.fr-0T31rz/my_world/models/drc_practice_ball_valve/model-1_4.sdf
[21.558s] -- Installing: /home/asun/turtlebot3_ws/install/my_world/share/my_world//models/.fr-0T31rz/my_world/models/warehouse_1
[21.558s] -- Installing: /home/asun/turtlebot3_ws/install/my_world/share/my_world//models/.fr-0T31rz/my_world/models/warehouse_1/meshes
[21.558s] -- Installing: /home/asun/turtlebot3_ws/install/my_world/share/my_world//models/.fr-0T31rz/my_world/models/warehouse_1/meshes/dummy.png
[21.561s] -- Installing: /home/asun/turtlebot3_ws/install/my_world/share/my_world//models/.fr-0T31rz/my_world/models/warehouse_1/meshes/SICK_V2_WHITE.jpg
[21.561s] -- Installing: /home/asun/turtlebot3_ws/install/my_world/share/my_world//models/.fr-0T31rz/my_world/models/warehouse_1/meshes/rock1.JPG
[21.582s] -- Installing: /home/asun/turtlebot3_ws/install/my_world/share/my_world//models/.fr-0T31rz/my_world/models/warehouse_1/meshes/SCHUNK_logo.jpg
[21.583s] -- Installing: /home/asun/turtlebot3_ws/install/my_world/share/my_world//models/.fr-0T31rz/my_world/models/warehouse_1/meshes/fetchit_env_version2.dae
[21.583s] -- Installing: /home/asun/turtlebot3_ws/install/my_world/share/my_world//models/.fr-0T31rz/my_world/models/warehouse_1/meshes/icra2019-poster-image.png
[21.585s] -- Installing: /home/asun/turtlebot3_ws/install/my_world/share/my_world//models/.fr-0T31rz/my_world/models/warehouse_1/meshes/fetchit_manipulation_challenge_logo.png
[21.586s] -- Installing: /home/asun/turtlebot3_ws/install/my_world/share/my_world//models/.fr-0T31rz/my_world/models/warehouse_1/meshes/box_labels.png
[21.587s] -- Installing: /home/asun/turtlebot3_ws/install/my_world/share/my_world//models/.fr-0T31rz/my_world/models/warehouse_1/meshes/warehouse_collision.stl
[21.587s] -- Installing: /home/asun/turtlebot3_ws/install/my_world/share/my_world//models/.fr-0T31rz/my_world/models/warehouse_1/meshes/fetchit_env_version1.dae
[21.588s] -- Installing: /home/asun/turtlebot3_ws/install/my_world/share/my_world//models/.fr-0T31rz/my_world/models/warehouse_1/meshes/SICK_V2.png
[21.588s] -- Installing: /home/asun/turtlebot3_ws/install/my_world/share/my_world//models/.fr-0T31rz/my_world/models/warehouse_1/meshes/fetchit_env_version3.dae
[21.603s] -- Installing: /home/asun/turtlebot3_ws/install/my_world/share/my_world//models/.fr-0T31rz/my_world/models/warehouse_1/meshes/EandM.jpg
[21.603s] -- Installing: /home/asun/turtlebot3_ws/install/my_world/share/my_world//models/.fr-0T31rz/my_world/models/warehouse_1/meshes/Logo-TheConstruct-primario-NEW-tagline-2.jpg
[21.604s] -- Installing: /home/asun/turtlebot3_ws/install/my_world/share/my_world//models/.fr-0T31rz/my_world/models/warehouse_1/meshes/fetchit_env_version4.dae
[21.620s] -- Installing: /home/asun/turtlebot3_ws/install/my_world/share/my_world//models/.fr-0T31rz/my_world/models/warehouse_1/meshes/FetchLogo-1024x388.png
[21.620s] -- Installing: /home/asun/turtlebot3_ws/install/my_world/share/my_world//models/.fr-0T31rz/my_world/models/warehouse_1/meshes/Logo-SICK.jpg
[21.620s] -- Installing: /home/asun/turtlebot3_ws/install/my_world/share/my_world//models/.fr-0T31rz/my_world/models/warehouse_1/model.sdf
[21.620s] -- Installing: /home/asun/turtlebot3_ws/install/my_world/share/my_world//models/.fr-0T31rz/my_world/models/warehouse_1/model.config
[21.621s] -- Installing: /home/asun/turtlebot3_ws/install/my_world/share/my_world//models/.fr-0T31rz/my_world/models/turtlebot3_burger_pi
[21.621s] -- Installing: /home/asun/turtlebot3_ws/install/my_world/share/my_world//models/.fr-0T31rz/my_world/models/turtlebot3_burger_pi/meshes
[21.621s] -- Installing: /home/asun/turtlebot3_ws/install/my_world/share/my_world//models/.fr-0T31rz/my_world/models/turtlebot3_burger_pi/meshes/burger_base.dae
[21.622s] -- Installing: /home/asun/turtlebot3_ws/install/my_world/share/my_world//models/.fr-0T31rz/my_world/models/turtlebot3_burger_pi/meshes/tire.dae
[21.623s] -- Installing: /home/asun/turtlebot3_ws/install/my_world/share/my_world//models/.fr-0T31rz/my_world/models/turtlebot3_burger_pi/meshes/lds.dae
[21.624s] -- Installing: /home/asun/turtlebot3_ws/install/my_world/share/my_world//models/.fr-0T31rz/my_world/models/turtlebot3_burger_pi/model.sdf
[21.625s] -- Installing: /home/asun/turtlebot3_ws/install/my_world/share/my_world//models/.fr-0T31rz/my_world/models/turtlebot3_burger_pi/model.config
[21.625s] -- Installing: /home/asun/turtlebot3_ws/install/my_world/share/my_world//models/.fr-0T31rz/my_world/models/turtlebot3_burger_pi/model-1_4.sdf
[21.626s] -- Installing: /home/asun/turtlebot3_ws/install/my_world/share/my_world//models/.fr-0T31rz/my_world/models/kumaeye
[21.626s] -- Installing: /home/asun/turtlebot3_ws/install/my_world/share/my_world//models/.fr-0T31rz/my_world/models/kumaeye/meshes
[21.627s] -- Installing: /home/asun/turtlebot3_ws/install/my_world/share/my_world//models/.fr-0T31rz/my_world/models/kumaeye/meshes/eyebrow010.png
[21.628s] -- Installing: /home/asun/turtlebot3_ws/install/my_world/share/my_world//models/.fr-0T31rz/my_world/models/kumaeye/meshes/kumaeye.png
[21.631s] -- Installing: /home/asun/turtlebot3_ws/install/my_world/share/my_world//models/.fr-0T31rz/my_world/models/kumaeye/meshes/kumaeye.dae
[21.641s] -- Installing: /home/asun/turtlebot3_ws/install/my_world/share/my_world//models/.fr-0T31rz/my_world/models/kumaeye/meshes/short01_diffuse.png
[21.651s] -- Installing: /home/asun/turtlebot3_ws/install/my_world/share/my_world//models/.fr-0T31rz/my_world/models/kumaeye/meshes/brown_eye.png
[21.656s] -- Installing: /home/asun/turtlebot3_ws/install/my_world/share/my_world//models/.fr-0T31rz/my_world/models/kumaeye/meshes/young_lightskinned_female_diffuse3.png
[21.672s] -- Installing: /home/asun/turtlebot3_ws/install/my_world/share/my_world//models/.fr-0T31rz/my_world/models/kumaeye/meshes/teeth.png
[21.680s] -- Installing: /home/asun/turtlebot3_ws/install/my_world/share/my_world//models/.fr-0T31rz/my_world/models/kumaeye/meshes/tongue01_diffuse.png
[21.684s] -- Installing: /home/asun/turtlebot3_ws/install/my_world/share/my_world//models/.fr-0T31rz/my_world/models/kumaeye/meshes/male_worksuit01_diffuse.png
[21.699s] -- Installing: /home/asun/turtlebot3_ws/install/my_world/share/my_world//models/.fr-0T31rz/my_world/models/kumaeye/meshes/male_worksuit01_normal.png
[21.730s] -- Installing: /home/asun/turtlebot3_ws/install/my_world/share/my_world//models/.fr-0T31rz/my_world/models/kumaeye/meshes/kumaeyev2.dae
[21.751s] -- Installing: /home/asun/turtlebot3_ws/install/my_world/share/my_world//models/.fr-0T31rz/my_world/models/kumaeye/model.sdf
[21.752s] -- Installing: /home/asun/turtlebot3_ws/install/my_world/share/my_world//models/.fr-0T31rz/my_world/models/kumaeye/model.config
[21.752s] -- Installing: /home/asun/turtlebot3_ws/install/my_world/share/my_world//models/.fr-0T31rz/my_world/models/ej0vwvf0j8jk-lowpolycat
[21.753s] -- Installing: /home/asun/turtlebot3_ws/install/my_world/share/my_world//models/.fr-0T31rz/my_world/models/kitchen_dining
[21.753s] -- Installing: /home/asun/turtlebot3_ws/install/my_world/share/my_world//models/.fr-0T31rz/my_world/models/kitchen_dining/model-1_3.sdf
[21.753s] -- Installing: /home/asun/turtlebot3_ws/install/my_world/share/my_world//models/.fr-0T31rz/my_world/models/kitchen_dining/materials
[21.753s] -- Installing: /home/asun/turtlebot3_ws/install/my_world/share/my_world//models/.fr-0T31rz/my_world/models/kitchen_dining/materials/textures
[21.754s] -- Installing: /home/asun/turtlebot3_ws/install/my_world/share/my_world//models/.fr-0T31rz/my_world/models/kitchen_dining/materials/textures/__auto_42.png
[21.755s] -- Installing: /home/asun/turtlebot3_ws/install/my_world/share/my_world//models/.fr-0T31rz/my_world/models/kitchen_dining/materials/textures/__auto_2.png
[21.758s] -- Installing: /home/asun/turtlebot3_ws/install/my_world/share/my_world//models/.fr-0T31rz/my_world/models/kitchen_dining/materials/textures/__auto_61.png
[21.758s] -- Installing: /home/asun/turtlebot3_ws/install/my_world/share/my_world//models/.fr-0T31rz/my_world/models/kitchen_dining/materials/textures/__auto_47.png
[21.759s] -- Installing: /home/asun/turtlebot3_ws/install/my_world/share/my_world//models/.fr-0T31rz/my_world/models/kitchen_dining/materials/textures/__auto_40.png
[21.761s] -- Installing: /home/asun/turtlebot3_ws/install/my_world/share/my_world//models/.fr-0T31rz/my_world/models/kitchen_dining/materials/textures/__auto_19.png
[21.762s] -- Installing: /home/asun/turtlebot3_ws/install/my_world/share/my_world//models/.fr-0T31rz/my_world/models/kitchen_dining/materials/textures/__auto_44.png
[21.763s] -- Installing: /home/asun/turtlebot3_ws/install/my_world/share/my_world//models/.fr-0T31rz/my_world/models/kitchen_dining/materials/textures/__auto_64.png
[21.765s] -- Installing: /home/asun/turtlebot3_ws/install/my_world/share/my_world//models/.fr-0T31rz/my_world/models/kitchen_dining/materials/textures/__auto_53.png
[21.766s] -- Installing: /home/asun/turtlebot3_ws/install/my_world/share/my_world//models/.fr-0T31rz/my_world/models/kitchen_dining/materials/textures/__auto_49.png
[21.767s] -- Installing: /home/asun/turtlebot3_ws/install/my_world/share/my_world//models/.fr-0T31rz/my_world/models/kitchen_dining/materials/textures/__auto_59.png
[21.768s] -- Installing: /home/asun/turtlebot3_ws/install/my_world/share/my_world//models/.fr-0T31rz/my_world/models/kitchen_dining/materials/textures/__auto_57.png
[21.770s] -- Installing: /home/asun/turtlebot3_ws/install/my_world/share/my_world//models/.fr-0T31rz/my_world/models/kitchen_dining/materials/textures/__auto_52.png
[21.770s] -- Installing: /home/asun/turtlebot3_ws/install/my_world/share/my_world//models/.fr-0T31rz/my_world/models/kitchen_dining/materials/textures/__auto_25.png
[21.771s] -- Installing: /home/asun/turtlebot3_ws/install/my_world/share/my_world//models/.fr-0T31rz/my_world/models/kitchen_dining/materials/textures/__auto_9.png
[21.771s] -- Installing: /home/asun/turtlebot3_ws/install/my_world/share/my_world//models/.fr-0T31rz/my_world/models/kitchen_dining/materials/textures/__auto_41.png
[21.773s] -- Installing: /home/asun/turtlebot3_ws/install/my_world/share/my_world//models/.fr-0T31rz/my_world/models/kitchen_dining/materials/textures/__auto_51.png
[21.774s] -- Installing: /home/asun/turtlebot3_ws/install/my_world/share/my_world//models/.fr-0T31rz/my_world/models/kitchen_dining/materials/textures/__auto_30.png
[21.775s] -- Installing: /home/asun/turtlebot3_ws/install/my_world/share/my_world//models/.fr-0T31rz/my_world/models/kitchen_dining/materials/textures/__auto_29.png
[21.775s] -- Installing: /home/asun/turtlebot3_ws/install/my_world/share/my_world//models/.fr-0T31rz/my_world/models/kitchen_dining/materials/textures/__auto_56.png
[21.777s] -- Installing: /home/asun/turtlebot3_ws/install/my_world/share/my_world//models/.fr-0T31rz/my_world/models/kitchen_dining/materials/textures/__auto_28.png
[21.778s] -- Installing: /home/asun/turtlebot3_ws/install/my_world/share/my_world//models/.fr-0T31rz/my_world/models/kitchen_dining/materials/textures/__auto_39.png
[21.779s] -- Installing: /home/asun/turtlebot3_ws/install/my_world/share/my_world//models/.fr-0T31rz/my_world/models/kitchen_dining/materials/textures/__auto_50.png
[21.780s] -- Installing: /home/asun/turtlebot3_ws/install/my_world/share/my_world//models/.fr-0T31rz/my_world/models/kitchen_dining/materials/textures/__auto_24.png
[21.781s] -- Installing: /home/asun/turtlebot3_ws/install/my_world/share/my_world//models/.fr-0T31rz/my_world/models/kitchen_dining/materials/textures/__auto_69.png
[21.783s] -- Installing: /home/asun/turtlebot3_ws/install/my_world/share/my_world//models/.fr-0T31rz/my_world/models/kitchen_dining/materials/textures/__auto_60.png
[21.783s] -- Installing: /home/asun/turtlebot3_ws/install/my_world/share/my_world//models/.fr-0T31rz/my_world/models/kitchen_dining/materials/textures/__auto_43.png
[21.784s] -- Installing: /home/asun/turtlebot3_ws/install/my_world/share/my_world//models/.fr-0T31rz/my_world/models/kitchen_dining/materials/textures/__auto_18.png
[21.785s] -- Installing: /home/asun/turtlebot3_ws/install/my_world/share/my_world//models/.fr-0T31rz/my_world/models/kitchen_dining/materials/textures/__auto_16.png
[21.786s] -- Installing: /home/asun/turtlebot3_ws/install/my_world/share/my_world//models/.fr-0T31rz/my_world/models/kitchen_dining/materials/textures/__auto_7.png
[21.786s] -- Installing: /home/asun/turtlebot3_ws/install/my_world/share/my_world//models/.fr-0T31rz/my_world/models/kitchen_dining/materials/textures/__auto_13.png
[21.787s] -- Installing: /home/asun/turtlebot3_ws/install/my_world/share/my_world//models/.fr-0T31rz/my_world/models/kitchen_dining/materials/textures/__auto_8.png
[21.788s] -- Installing: /home/asun/turtlebot3_ws/install/my_world/share/my_world//models/.fr-0T31rz/my_world/models/kitchen_dining/materials/textures/__auto_66.png
[21.789s] -- Installing: /home/asun/turtlebot3_ws/install/my_world/share/my_world//models/.fr-0T31rz/my_world/models/kitchen_dining/materials/textures/__auto_17.png
[21.791s] -- Installing: /home/asun/turtlebot3_ws/install/my_world/share/my_world//models/.fr-0T31rz/my_world/models/kitchen_dining/materials/textures/__auto_14.png
[21.792s] -- Installing: /home/asun/turtlebot3_ws/install/my_world/share/my_world//models/.fr-0T31rz/my_world/models/kitchen_dining/materials/textures/__auto_46.png
[21.794s] -- Installing: /home/asun/turtlebot3_ws/install/my_world/share/my_world//models/.fr-0T31rz/my_world/models/kitchen_dining/materials/textures/__auto_38.png
[21.796s] -- Installing: /home/asun/turtlebot3_ws/install/my_world/share/my_world//models/.fr-0T31rz/my_world/models/kitchen_dining/materials/textures/__auto_22.png
[21.796s] -- Installing: /home/asun/turtlebot3_ws/install/my_world/share/my_world//models/.fr-0T31rz/my_world/models/kitchen_dining/materials/textures/__auto_20.png
[21.797s] -- Installing: /home/asun/turtlebot3_ws/install/my_world/share/my_world//models/.fr-0T31rz/my_world/models/kitchen_dining/materials/textures/__auto_45.png
[21.799s] -- Installing: /home/asun/turtlebot3_ws/install/my_world/share/my_world//models/.fr-0T31rz/my_world/models/kitchen_dining/materials/textures/__auto_1.png
[21.800s] -- Installing: /home/asun/turtlebot3_ws/install/my_world/share/my_world//models/.fr-0T31rz/my_world/models/kitchen_dining/materials/textures/__auto_21.png
[21.801s] -- Installing: /home/asun/turtlebot3_ws/install/my_world/share/my_world//models/.fr-0T31rz/my_world/models/kitchen_dining/meshes
[21.801s] -- Installing: /home/asun/turtlebot3_ws/install/my_world/share/my_world//models/.fr-0T31rz/my_world/models/kitchen_dining/meshes/kitchen_dining.dae
[21.833s] -- Installing: /home/asun/turtlebot3_ws/install/my_world/share/my_world//models/.fr-0T31rz/my_world/models/kitchen_dining/model.sdf
[21.833s] -- Installing: /home/asun/turtlebot3_ws/install/my_world/share/my_world//models/.fr-0T31rz/my_world/models/kitchen_dining/model.config
[21.834s] -- Installing: /home/asun/turtlebot3_ws/install/my_world/share/my_world//models/.fr-0T31rz/my_world/models/kitchen_dining/model-1_4.sdf
[21.834s] -- Installing: /home/asun/turtlebot3_ws/install/my_world/share/my_world//models/.fr-0T31rz/my_world/models/cafe
[21.835s] -- Installing: /home/asun/turtlebot3_ws/install/my_world/share/my_world//models/.fr-0T31rz/my_world/models/cafe/materials
[21.835s] -- Installing: /home/asun/turtlebot3_ws/install/my_world/share/my_world//models/.fr-0T31rz/my_world/models/cafe/materials/textures
[21.835s] -- Installing: /home/asun/turtlebot3_ws/install/my_world/share/my_world//models/.fr-0T31rz/my_world/models/cafe/materials/textures/__auto_25.jpg
[21.836s] -- Installing: /home/asun/turtlebot3_ws/install/my_world/share/my_world//models/.fr-0T31rz/my_world/models/cafe/materials/textures/__auto_37.jpg
[21.837s] -- Installing: /home/asun/turtlebot3_ws/install/my_world/share/my_world//models/.fr-0T31rz/my_world/models/cafe/materials/textures/__auto_24.jpg
[21.837s] -- Installing: /home/asun/turtlebot3_ws/install/my_world/share/my_world//models/.fr-0T31rz/my_world/models/cafe/materials/textures/__auto_2.jpg
[21.838s] -- Installing: /home/asun/turtlebot3_ws/install/my_world/share/my_world//models/.fr-0T31rz/my_world/models/cafe/materials/textures/__auto_34.jpg
[21.838s] -- Installing: /home/asun/turtlebot3_ws/install/my_world/share/my_world//models/.fr-0T31rz/my_world/models/cafe/materials/textures/__auto_29.jpg
[21.839s] -- Installing: /home/asun/turtlebot3_ws/install/my_world/share/my_world//models/.fr-0T31rz/my_world/models/cafe/materials/textures/__auto_28.jpg
[21.840s] -- Installing: /home/asun/turtlebot3_ws/install/my_world/share/my_world//models/.fr-0T31rz/my_world/models/cafe/materials/textures/__auto_26.jpg
[21.841s] -- Installing: /home/asun/turtlebot3_ws/install/my_world/share/my_world//models/.fr-0T31rz/my_world/models/cafe/materials/textures/__auto_10.jpg
[21.842s] -- Installing: /home/asun/turtlebot3_ws/install/my_world/share/my_world//models/.fr-0T31rz/my_world/models/cafe/materials/textures/__auto_30.jpg
[21.842s] -- Installing: /home/asun/turtlebot3_ws/install/my_world/share/my_world//models/.fr-0T31rz/my_world/models/cafe/materials/textures/__auto_22.jpg
[21.843s] -- Installing: /home/asun/turtlebot3_ws/install/my_world/share/my_world//models/.fr-0T31rz/my_world/models/cafe/materials/textures/__auto_31.jpg
[21.843s] -- Installing: /home/asun/turtlebot3_ws/install/my_world/share/my_world//models/.fr-0T31rz/my_world/models/cafe/materials/textures/__auto_21.jpg
[21.844s] -- Installing: /home/asun/turtlebot3_ws/install/my_world/share/my_world//models/.fr-0T31rz/my_world/models/cafe/materials/textures/__auto_35.jpg
[21.844s] -- Installing: /home/asun/turtlebot3_ws/install/my_world/share/my_world//models/.fr-0T31rz/my_world/models/cafe/materials/textures/__auto_23.jpg
[21.845s] -- Installing: /home/asun/turtlebot3_ws/install/my_world/share/my_world//models/.fr-0T31rz/my_world/models/cafe/meshes
[21.845s] -- Installing: /home/asun/turtlebot3_ws/install/my_world/share/my_world//models/.fr-0T31rz/my_world/models/cafe/meshes/cafe.dae
[21.853s] -- Installing: /home/asun/turtlebot3_ws/install/my_world/share/my_world//models/.fr-0T31rz/my_world/models/cafe/model.sdf
[21.854s] -- Installing: /home/asun/turtlebot3_ws/install/my_world/share/my_world//models/.fr-0T31rz/my_world/models/cafe/model.config
[21.854s] -- Installing: /home/asun/turtlebot3_ws/install/my_world/share/my_world//models/.fr-0T31rz/my_world/models/turtlebot3_burger
[21.854s] -- Installing: /home/asun/turtlebot3_ws/install/my_world/share/my_world//models/.fr-0T31rz/my_world/models/turtlebot3_burger/meshes
[21.854s] -- Installing: /home/asun/turtlebot3_ws/install/my_world/share/my_world//models/.fr-0T31rz/my_world/models/turtlebot3_burger/meshes/burger_base.dae
[21.855s] -- Installing: /home/asun/turtlebot3_ws/install/my_world/share/my_world//models/.fr-0T31rz/my_world/models/turtlebot3_burger/meshes/tire.dae
[21.856s] -- Installing: /home/asun/turtlebot3_ws/install/my_world/share/my_world//models/.fr-0T31rz/my_world/models/turtlebot3_burger/meshes/lds.dae
[21.857s] -- Installing: /home/asun/turtlebot3_ws/install/my_world/share/my_world//models/.fr-0T31rz/my_world/models/turtlebot3_burger/model.sdf
[21.857s] -- Installing: /home/asun/turtlebot3_ws/install/my_world/share/my_world//models/.fr-0T31rz/my_world/models/turtlebot3_burger/model.config
[21.858s] -- Installing: /home/asun/turtlebot3_ws/install/my_world/share/my_world//models/.fr-0T31rz/my_world/models/turtlebot3_burger/model-1_4.sdf
[21.858s] -- Installing: /home/asun/turtlebot3_ws/install/my_world/share/my_world//models/.fr-0T31rz/my_world/models/cricket_ball
[21.858s] -- Installing: /home/asun/turtlebot3_ws/install/my_world/share/my_world//models/.fr-0T31rz/my_world/models/cricket_ball/model.sdf
[21.859s] -- Installing: /home/asun/turtlebot3_ws/install/my_world/share/my_world//models/.fr-0T31rz/my_world/models/cricket_ball/model.config
[21.860s] -- Installing: /home/asun/turtlebot3_ws/install/my_world/share/my_world//models/.fr-0T31rz/my_world/models/cricket_ball/model.rsdf
[21.860s] -- Installing: /home/asun/turtlebot3_ws/install/my_world/share/my_world//models/office_couch
[21.860s] -- Installing: /home/asun/turtlebot3_ws/install/my_world/share/my_world//models/office_couch/materials
[21.860s] -- Installing: /home/asun/turtlebot3_ws/install/my_world/share/my_world//models/office_couch/materials/textures
[21.861s] -- Installing: /home/asun/turtlebot3_ws/install/my_world/share/my_world//models/office_couch/materials/textures/office_couch_specular.png
[21.864s] -- Installing: /home/asun/turtlebot3_ws/install/my_world/share/my_world//models/office_couch/materials/textures/office_couch_diffuse.png
[21.871s] -- Installing: /home/asun/turtlebot3_ws/install/my_world/share/my_world//models/office_couch/meshes
[21.871s] -- Installing: /home/asun/turtlebot3_ws/install/my_world/share/my_world//models/office_couch/meshes/office_couch.dae
[21.873s] -- Installing: /home/asun/turtlebot3_ws/install/my_world/share/my_world//models/office_couch/model.sdf
[21.873s] -- Installing: /home/asun/turtlebot3_ws/install/my_world/share/my_world//models/office_couch/model.config
[21.873s] -- Installing: /home/asun/turtlebot3_ws/install/my_world/share/my_world//models/turtlebot3_burger
[21.874s] -- Installing: /home/asun/turtlebot3_ws/install/my_world/share/my_world//models/turtlebot3_burger/meshes
[21.874s] -- Installing: /home/asun/turtlebot3_ws/install/my_world/share/my_world//models/turtlebot3_burger/meshes/burger_base.dae
[21.874s] -- Installing: /home/asun/turtlebot3_ws/install/my_world/share/my_world//models/turtlebot3_burger/meshes/tire.dae
[21.875s] -- Installing: /home/asun/turtlebot3_ws/install/my_world/share/my_world//models/turtlebot3_burger/meshes/lds.dae
[21.876s] -- Installing: /home/asun/turtlebot3_ws/install/my_world/share/my_world//models/turtlebot3_burger/model.sdf
[21.877s] -- Installing: /home/asun/turtlebot3_ws/install/my_world/share/my_world//models/turtlebot3_burger/model.config
[21.877s] -- Installing: /home/asun/turtlebot3_ws/install/my_world/share/my_world//models/turtlebot3_burger/model-1_4.sdf
[21.878s] -- Installing: /home/asun/turtlebot3_ws/install/my_world/share/my_world//models/reception_desk
[21.878s] -- Installing: /home/asun/turtlebot3_ws/install/my_world/share/my_world//models/reception_desk/materials
[21.878s] -- Installing: /home/asun/turtlebot3_ws/install/my_world/share/my_world//models/reception_desk/materials/textures
[21.878s] -- Installing: /home/asun/turtlebot3_ws/install/my_world/share/my_world//models/reception_desk/materials/textures/reception_desk.png
[21.880s] -- Installing: /home/asun/turtlebot3_ws/install/my_world/share/my_world//models/reception_desk/meshes
[21.880s] -- Installing: /home/asun/turtlebot3_ws/install/my_world/share/my_world//models/reception_desk/meshes/reception_desk.obj
[21.881s] -- Installing: /home/asun/turtlebot3_ws/install/my_world/share/my_world//models/reception_desk/meshes/reception_desk.mtl
[21.881s] -- Installing: /home/asun/turtlebot3_ws/install/my_world/share/my_world//models/reception_desk/model.sdf
[21.882s] -- Installing: /home/asun/turtlebot3_ws/install/my_world/share/my_world//models/reception_desk/model.config
[21.882s] -- Installing: /home/asun/turtlebot3_ws/install/my_world/share/my_world//world
[21.883s] -- Installing: /home/asun/turtlebot3_ws/install/my_world/share/my_world//world/burger_pi.model
[21.883s] -- Installing: /home/asun/turtlebot3_ws/install/my_world/share/my_world//world/burger_office.world
[21.885s] -- Installing: /home/asun/turtlebot3_ws/install/my_world/share/my_world//world/burger.model
[21.885s] -- Installing: /home/asun/turtlebot3_ws/install/my_world/share/my_world//urdf
[21.886s] -- Installing: /home/asun/turtlebot3_ws/install/my_world/share/my_world//urdf/turtlebot3_burger_pi.urdf
[21.886s] -- Installing: /home/asun/turtlebot3_ws/install/my_world/share/my_world//urdf/turtlebot3_burger.urdf
[21.887s] -- Installing: /home/asun/turtlebot3_ws/install/my_world/include/
[21.887s] -- Installing: /home/asun/turtlebot3_ws/install/my_world/include//my_world
[21.887s] -- Installing: /home/asun/turtlebot3_ws/install/my_world/share/ament_index/resource_index/package_run_dependencies/my_world
[21.888s] -- Installing: /home/asun/turtlebot3_ws/install/my_world/share/ament_index/resource_index/parent_prefix_path/my_world
[21.889s] -- Installing: /home/asun/turtlebot3_ws/install/my_world/share/my_world/environment/ament_prefix_path.sh
[21.890s] -- Installing: /home/asun/turtlebot3_ws/install/my_world/share/my_world/environment/ament_prefix_path.dsv
[21.890s] -- Installing: /home/asun/turtlebot3_ws/install/my_world/share/my_world/environment/path.sh
[21.891s] -- Installing: /home/asun/turtlebot3_ws/install/my_world/share/my_world/environment/path.dsv
[21.892s] -- Installing: /home/asun/turtlebot3_ws/install/my_world/share/my_world/local_setup.bash
[21.892s] -- Installing: /home/asun/turtlebot3_ws/install/my_world/share/my_world/local_setup.sh
[21.893s] -- Installing: /home/asun/turtlebot3_ws/install/my_world/share/my_world/local_setup.zsh
[21.893s] -- Installing: /home/asun/turtlebot3_ws/install/my_world/share/my_world/local_setup.dsv
[21.894s] -- Installing: /home/asun/turtlebot3_ws/install/my_world/share/my_world/package.dsv
[21.895s] -- Installing: /home/asun/turtlebot3_ws/install/my_world/share/ament_index/resource_index/packages/my_world
[21.895s] -- Installing: /home/asun/turtlebot3_ws/install/my_world/share/my_world/cmake/ament_cmake_export_include_directories-extras.cmake
[21.895s] -- Installing: /home/asun/turtlebot3_ws/install/my_world/share/my_world/cmake/ament_cmake_export_dependencies-extras.cmake
[21.896s] -- Installing: /home/asun/turtlebot3_ws/install/my_world/share/my_world/cmake/my_worldConfig.cmake
[21.897s] -- Installing: /home/asun/turtlebot3_ws/install/my_world/share/my_world/cmake/my_worldConfig-version.cmake
[21.897s] -- Installing: /home/asun/turtlebot3_ws/install/my_world/share/my_world/package.xml
[21.902s] Invoked command in '/home/asun/turtlebot3_ws/build/my_world' returned '0': CMAKE_PREFIX_PATH=/home/asun/turtlebot3_ws/install/turtlebot3_gazebo:/home/asun/turtlebot3_ws/install/turtlebot3_simulations:/home/asun/turtlebot3_ws/install/turtlebot3_fake_node:/opt/ros/galactic /usr/bin/cmake --install /home/asun/turtlebot3_ws/build/my_world
