[0.371s] Invoking command in '/home/haoxu/Git/ProyectoRobotica_RoboEntrega/robot/src/robo_entrega/nav2_system': PYTHONPATH=/home/haoxu/Git/ProyectoRobotica_RoboEntrega/robot/build/nav2_system/prefix_override:/usr/lib/python3/dist-packages/colcon_core/task/python/colcon_distutils_commands:/home/haoxu/Git/ProyectoRobotica_RoboEntrega/robot/install/nav2_system/lib/python3.8/site-packages:${PYTHONPATH} /usr/bin/python3 -W ignore:setup.py install is deprecated -W ignore:easy_install command is deprecated setup.py egg_info --egg-base ../../../build/nav2_system build --build-base /home/haoxu/Git/ProyectoRobotica_RoboEntrega/robot/build/nav2_system/build install --record /home/haoxu/Git/ProyectoRobotica_RoboEntrega/robot/build/nav2_system/install.log --single-version-externally-managed install_data
[0.496s] running egg_info
[0.497s] writing ../../../build/nav2_system/nav2_system.egg-info/PKG-INFO
[0.498s] writing dependency_links to ../../../build/nav2_system/nav2_system.egg-info/dependency_links.txt
[0.498s] writing entry points to ../../../build/nav2_system/nav2_system.egg-info/entry_points.txt
[0.498s] writing requirements to ../../../build/nav2_system/nav2_system.egg-info/requires.txt
[0.498s] writing top-level names to ../../../build/nav2_system/nav2_system.egg-info/top_level.txt
[0.516s] reading manifest file '../../../build/nav2_system/nav2_system.egg-info/SOURCES.txt'
[0.517s] writing manifest file '../../../build/nav2_system/nav2_system.egg-info/SOURCES.txt'
[0.517s] running build
[0.517s] running build_py
[0.517s] running install
[0.518s] running install_lib
[0.519s] running install_data
[0.519s] copying config/my_nav2_params.yaml -> /home/haoxu/Git/ProyectoRobotica_RoboEntrega/robot/install/nav2_system/share/nav2_system/config
[0.519s] copying launch/tb3_sim_nav2.launch.py -> /home/haoxu/Git/ProyectoRobotica_RoboEntrega/robot/install/nav2_system/share/nav2_system/launch
[0.519s] running install_egg_info
[0.520s] removing '/home/haoxu/Git/ProyectoRobotica_RoboEntrega/robot/install/nav2_system/lib/python3.8/site-packages/nav2_system-0.0.0-py3.8.egg-info' (and everything under it)
[0.521s] Copying ../../../build/nav2_system/nav2_system.egg-info to /home/haoxu/Git/ProyectoRobotica_RoboEntrega/robot/install/nav2_system/lib/python3.8/site-packages/nav2_system-0.0.0-py3.8.egg-info
[0.521s] running install_scripts
[0.531s] Installing initial_pose_pub script to /home/haoxu/Git/ProyectoRobotica_RoboEntrega/robot/install/nav2_system/lib/nav2_system
[0.531s] Installing load_map_client script to /home/haoxu/Git/ProyectoRobotica_RoboEntrega/robot/install/nav2_system/lib/nav2_system
[0.532s] writing list of installed files to '/home/haoxu/Git/ProyectoRobotica_RoboEntrega/robot/build/nav2_system/install.log'
[0.543s] Invoked command in '/home/haoxu/Git/ProyectoRobotica_RoboEntrega/robot/src/robo_entrega/nav2_system' returned '0': PYTHONPATH=/home/haoxu/Git/ProyectoRobotica_RoboEntrega/robot/build/nav2_system/prefix_override:/usr/lib/python3/dist-packages/colcon_core/task/python/colcon_distutils_commands:/home/haoxu/Git/ProyectoRobotica_RoboEntrega/robot/install/nav2_system/lib/python3.8/site-packages:${PYTHONPATH} /usr/bin/python3 -W ignore:setup.py install is deprecated -W ignore:easy_install command is deprecated setup.py egg_info --egg-base ../../../build/nav2_system build --build-base /home/haoxu/Git/ProyectoRobotica_RoboEntrega/robot/build/nav2_system/build install --record /home/haoxu/Git/ProyectoRobotica_RoboEntrega/robot/build/nav2_system/install.log --single-version-externally-managed install_data
