[0.120s] DEBUG:colcon:Command line arguments: ['/usr/bin/colcon', 'build', '--packages-select', 'slam']
[0.120s] DEBUG:colcon:Parsed command line arguments: Namespace(allow_overriding=[], ament_cmake_args=None, base_paths=['.'], build_base='build', catkin_cmake_args=None, catkin_skip_building_tests=False, cmake_args=None, cmake_clean_cache=False, cmake_clean_first=False, cmake_force_configure=False, cmake_target=None, cmake_target_skip_unavailable=False, continue_on_error=False, event_handlers=None, executor='parallel', ignore_user_meta=False, install_base='install', log_base=None, log_level=None, main=<bound method BuildVerb.main of <colcon_core.verb.build.BuildVerb object at 0x7fed70eae910>>, merge_install=False, metas=['./colcon.meta'], mixin=None, mixin_files=None, mixin_verb=('build',), packages_above=None, packages_above_and_dependencies=None, packages_above_depth=None, packages_end=None, packages_ignore=None, packages_ignore_regex=None, packages_select=['slam'], packages_select_build_failed=False, packages_select_by_dep=None, packages_select_regex=None, packages_select_test_failures=False, packages_skip=None, packages_skip_build_finished=False, packages_skip_by_dep=None, packages_skip_regex=None, packages_skip_test_passed=False, packages_skip_up_to=None, packages_start=None, packages_up_to=None, packages_up_to_regex=None, parallel_workers=10, paths=None, symlink_install=False, test_result_base=None, verb_extension=<colcon_core.verb.build.BuildVerb object at 0x7fed70eae910>, verb_name='build', verb_parser=<colcon_mixin.mixin.mixin_argument.MixinArgumentDecorator object at 0x7fed70e9a2b0>)
[0.208s] Level 1:colcon.colcon_core.package_discovery:discover_packages(colcon_meta) check parameters
[0.209s] Level 1:colcon.colcon_core.package_discovery:discover_packages(recursive) check parameters
[0.209s] Level 1:colcon.colcon_core.package_discovery:discover_packages(ignore) check parameters
[0.209s] Level 1:colcon.colcon_core.package_discovery:discover_packages(path) check parameters
[0.209s] Level 1:colcon.colcon_core.package_discovery:discover_packages(colcon_meta) discover
[0.209s] Level 1:colcon.colcon_core.package_discovery:discover_packages(recursive) discover
[0.209s] INFO:colcon.colcon_core.package_discovery:Crawling recursively for packages in '/home/haoxu/Git/ProyectoRobotica_RoboEntrega/robot'
[0.209s] Level 1:colcon.colcon_core.package_identification:_identify(.) by extensions ['ignore', 'ignore_ament_install']
[0.209s] Level 1:colcon.colcon_core.package_identification:_identify(.) by extension 'ignore'
[0.209s] Level 1:colcon.colcon_core.package_identification:_identify(.) by extension 'ignore_ament_install'
[0.209s] Level 1:colcon.colcon_core.package_identification:_identify(.) by extensions ['colcon_pkg']
[0.209s] Level 1:colcon.colcon_core.package_identification:_identify(.) by extension 'colcon_pkg'
[0.209s] Level 1:colcon.colcon_core.package_identification:_identify(.) by extensions ['colcon_meta']
[0.209s] Level 1:colcon.colcon_core.package_identification:_identify(.) by extension 'colcon_meta'
[0.209s] Level 1:colcon.colcon_core.package_identification:_identify(.) by extensions ['ros']
[0.209s] Level 1:colcon.colcon_core.package_identification:_identify(.) by extension 'ros'
[0.216s] Level 1:colcon.colcon_core.package_identification:_identify(.) by extensions ['cmake', 'python']
[0.216s] Level 1:colcon.colcon_core.package_identification:_identify(.) by extension 'cmake'
[0.216s] Level 1:colcon.colcon_core.package_identification:_identify(.) by extension 'python'
[0.216s] Level 1:colcon.colcon_core.package_identification:_identify(.) by extensions ['python_setup_py']
[0.216s] Level 1:colcon.colcon_core.package_identification:_identify(.) by extension 'python_setup_py'
[0.217s] Level 1:colcon.colcon_core.package_identification:_identify(build) by extensions ['ignore', 'ignore_ament_install']
[0.217s] Level 1:colcon.colcon_core.package_identification:_identify(build) by extension 'ignore'
[0.217s] Level 1:colcon.colcon_core.package_identification:_identify(build) ignored
[0.217s] Level 1:colcon.colcon_core.package_identification:_identify(install) by extensions ['ignore', 'ignore_ament_install']
[0.217s] Level 1:colcon.colcon_core.package_identification:_identify(install) by extension 'ignore'
[0.217s] Level 1:colcon.colcon_core.package_identification:_identify(install) ignored
[0.217s] Level 1:colcon.colcon_core.package_identification:_identify(log) by extensions ['ignore', 'ignore_ament_install']
[0.217s] Level 1:colcon.colcon_core.package_identification:_identify(log) by extension 'ignore'
[0.217s] Level 1:colcon.colcon_core.package_identification:_identify(log) ignored
[0.217s] Level 1:colcon.colcon_core.package_identification:_identify(src) by extensions ['ignore', 'ignore_ament_install']
[0.217s] Level 1:colcon.colcon_core.package_identification:_identify(src) by extension 'ignore'
[0.217s] Level 1:colcon.colcon_core.package_identification:_identify(src) by extension 'ignore_ament_install'
[0.217s] Level 1:colcon.colcon_core.package_identification:_identify(src) by extensions ['colcon_pkg']
[0.217s] Level 1:colcon.colcon_core.package_identification:_identify(src) by extension 'colcon_pkg'
[0.218s] Level 1:colcon.colcon_core.package_identification:_identify(src) by extensions ['colcon_meta']
[0.218s] Level 1:colcon.colcon_core.package_identification:_identify(src) by extension 'colcon_meta'
[0.218s] Level 1:colcon.colcon_core.package_identification:_identify(src) by extensions ['ros']
[0.218s] Level 1:colcon.colcon_core.package_identification:_identify(src) by extension 'ros'
[0.218s] Level 1:colcon.colcon_core.package_identification:_identify(src) by extensions ['cmake', 'python']
[0.218s] Level 1:colcon.colcon_core.package_identification:_identify(src) by extension 'cmake'
[0.218s] Level 1:colcon.colcon_core.package_identification:_identify(src) by extension 'python'
[0.218s] Level 1:colcon.colcon_core.package_identification:_identify(src) by extensions ['python_setup_py']
[0.218s] Level 1:colcon.colcon_core.package_identification:_identify(src) by extension 'python_setup_py'
[0.218s] Level 1:colcon.colcon_core.package_identification:_identify(src/my_world) by extensions ['ignore', 'ignore_ament_install']
[0.218s] Level 1:colcon.colcon_core.package_identification:_identify(src/my_world) by extension 'ignore'
[0.218s] Level 1:colcon.colcon_core.package_identification:_identify(src/my_world) by extension 'ignore_ament_install'
[0.218s] Level 1:colcon.colcon_core.package_identification:_identify(src/my_world) by extensions ['colcon_pkg']
[0.219s] Level 1:colcon.colcon_core.package_identification:_identify(src/my_world) by extension 'colcon_pkg'
[0.219s] Level 1:colcon.colcon_core.package_identification:_identify(src/my_world) by extensions ['colcon_meta']
[0.219s] Level 1:colcon.colcon_core.package_identification:_identify(src/my_world) by extension 'colcon_meta'
[0.219s] Level 1:colcon.colcon_core.package_identification:_identify(src/my_world) by extensions ['ros']
[0.219s] Level 1:colcon.colcon_core.package_identification:_identify(src/my_world) by extension 'ros'
[0.221s] DEBUG:colcon.colcon_core.package_identification:Package 'src/my_world' with type 'ros.ament_cmake' and name 'my_world'
[0.221s] Level 1:colcon.colcon_core.package_identification:_identify(src/provide_map) by extensions ['ignore', 'ignore_ament_install']
[0.221s] Level 1:colcon.colcon_core.package_identification:_identify(src/provide_map) by extension 'ignore'
[0.221s] Level 1:colcon.colcon_core.package_identification:_identify(src/provide_map) by extension 'ignore_ament_install'
[0.221s] Level 1:colcon.colcon_core.package_identification:_identify(src/provide_map) by extensions ['colcon_pkg']
[0.221s] Level 1:colcon.colcon_core.package_identification:_identify(src/provide_map) by extension 'colcon_pkg'
[0.221s] Level 1:colcon.colcon_core.package_identification:_identify(src/provide_map) by extensions ['colcon_meta']
[0.221s] Level 1:colcon.colcon_core.package_identification:_identify(src/provide_map) by extension 'colcon_meta'
[0.221s] Level 1:colcon.colcon_core.package_identification:_identify(src/provide_map) by extensions ['ros']
[0.221s] Level 1:colcon.colcon_core.package_identification:_identify(src/provide_map) by extension 'ros'
[0.222s] DEBUG:colcon.colcon_core.package_identification:Package 'src/provide_map' with type 'ros.ament_python' and name 'provide_map'
[0.222s] Level 1:colcon.colcon_core.package_identification:_identify(src/slam) by extensions ['ignore', 'ignore_ament_install']
[0.222s] Level 1:colcon.colcon_core.package_identification:_identify(src/slam) by extension 'ignore'
[0.222s] Level 1:colcon.colcon_core.package_identification:_identify(src/slam) by extension 'ignore_ament_install'
[0.222s] Level 1:colcon.colcon_core.package_identification:_identify(src/slam) by extensions ['colcon_pkg']
[0.222s] Level 1:colcon.colcon_core.package_identification:_identify(src/slam) by extension 'colcon_pkg'
[0.222s] Level 1:colcon.colcon_core.package_identification:_identify(src/slam) by extensions ['colcon_meta']
[0.222s] Level 1:colcon.colcon_core.package_identification:_identify(src/slam) by extension 'colcon_meta'
[0.222s] Level 1:colcon.colcon_core.package_identification:_identify(src/slam) by extensions ['ros']
[0.222s] Level 1:colcon.colcon_core.package_identification:_identify(src/slam) by extension 'ros'
[0.223s] DEBUG:colcon.colcon_core.package_identification:Package 'src/slam' with type 'ros.ament_python' and name 'slam'
[0.223s] Level 1:colcon.colcon_core.package_identification:_identify(src/turtlebot3_simulations) by extensions ['ignore', 'ignore_ament_install']
[0.223s] Level 1:colcon.colcon_core.package_identification:_identify(src/turtlebot3_simulations) by extension 'ignore'
[0.223s] Level 1:colcon.colcon_core.package_identification:_identify(src/turtlebot3_simulations) by extension 'ignore_ament_install'
[0.223s] Level 1:colcon.colcon_core.package_identification:_identify(src/turtlebot3_simulations) by extensions ['colcon_pkg']
[0.223s] Level 1:colcon.colcon_core.package_identification:_identify(src/turtlebot3_simulations) by extension 'colcon_pkg'
[0.223s] Level 1:colcon.colcon_core.package_identification:_identify(src/turtlebot3_simulations) by extensions ['colcon_meta']
[0.223s] Level 1:colcon.colcon_core.package_identification:_identify(src/turtlebot3_simulations) by extension 'colcon_meta'
[0.223s] Level 1:colcon.colcon_core.package_identification:_identify(src/turtlebot3_simulations) by extensions ['ros']
[0.223s] Level 1:colcon.colcon_core.package_identification:_identify(src/turtlebot3_simulations) by extension 'ros'
[0.223s] Level 1:colcon.colcon_core.package_identification:_identify(src/turtlebot3_simulations) by extensions ['cmake', 'python']
[0.223s] Level 1:colcon.colcon_core.package_identification:_identify(src/turtlebot3_simulations) by extension 'cmake'
[0.223s] Level 1:colcon.colcon_core.package_identification:_identify(src/turtlebot3_simulations) by extension 'python'
[0.223s] Level 1:colcon.colcon_core.package_identification:_identify(src/turtlebot3_simulations) by extensions ['python_setup_py']
[0.223s] Level 1:colcon.colcon_core.package_identification:_identify(src/turtlebot3_simulations) by extension 'python_setup_py'
[0.223s] Level 1:colcon.colcon_core.package_identification:_identify(src/turtlebot3_simulations/turtlebot3_fake_node) by extensions ['ignore', 'ignore_ament_install']
[0.223s] Level 1:colcon.colcon_core.package_identification:_identify(src/turtlebot3_simulations/turtlebot3_fake_node) by extension 'ignore'
[0.223s] Level 1:colcon.colcon_core.package_identification:_identify(src/turtlebot3_simulations/turtlebot3_fake_node) by extension 'ignore_ament_install'
[0.223s] Level 1:colcon.colcon_core.package_identification:_identify(src/turtlebot3_simulations/turtlebot3_fake_node) by extensions ['colcon_pkg']
[0.223s] Level 1:colcon.colcon_core.package_identification:_identify(src/turtlebot3_simulations/turtlebot3_fake_node) by extension 'colcon_pkg'
[0.223s] Level 1:colcon.colcon_core.package_identification:_identify(src/turtlebot3_simulations/turtlebot3_fake_node) by extensions ['colcon_meta']
[0.223s] Level 1:colcon.colcon_core.package_identification:_identify(src/turtlebot3_simulations/turtlebot3_fake_node) by extension 'colcon_meta'
[0.224s] Level 1:colcon.colcon_core.package_identification:_identify(src/turtlebot3_simulations/turtlebot3_fake_node) by extensions ['ros']
[0.224s] Level 1:colcon.colcon_core.package_identification:_identify(src/turtlebot3_simulations/turtlebot3_fake_node) by extension 'ros'
[0.224s] DEBUG:colcon.colcon_core.package_identification:Package 'src/turtlebot3_simulations/turtlebot3_fake_node' with type 'ros.ament_cmake' and name 'turtlebot3_fake_node'
[0.225s] Level 1:colcon.colcon_core.package_identification:_identify(src/turtlebot3_simulations/turtlebot3_gazebo) by extensions ['ignore', 'ignore_ament_install']
[0.225s] Level 1:colcon.colcon_core.package_identification:_identify(src/turtlebot3_simulations/turtlebot3_gazebo) by extension 'ignore'
[0.225s] Level 1:colcon.colcon_core.package_identification:_identify(src/turtlebot3_simulations/turtlebot3_gazebo) by extension 'ignore_ament_install'
[0.225s] Level 1:colcon.colcon_core.package_identification:_identify(src/turtlebot3_simulations/turtlebot3_gazebo) by extensions ['colcon_pkg']
[0.225s] Level 1:colcon.colcon_core.package_identification:_identify(src/turtlebot3_simulations/turtlebot3_gazebo) by extension 'colcon_pkg'
[0.225s] Level 1:colcon.colcon_core.package_identification:_identify(src/turtlebot3_simulations/turtlebot3_gazebo) by extensions ['colcon_meta']
[0.225s] Level 1:colcon.colcon_core.package_identification:_identify(src/turtlebot3_simulations/turtlebot3_gazebo) by extension 'colcon_meta'
[0.225s] Level 1:colcon.colcon_core.package_identification:_identify(src/turtlebot3_simulations/turtlebot3_gazebo) by extensions ['ros']
[0.225s] Level 1:colcon.colcon_core.package_identification:_identify(src/turtlebot3_simulations/turtlebot3_gazebo) by extension 'ros'
[0.225s] DEBUG:colcon.colcon_core.package_identification:Package 'src/turtlebot3_simulations/turtlebot3_gazebo' with type 'ros.ament_cmake' and name 'turtlebot3_gazebo'
[0.225s] Level 1:colcon.colcon_core.package_identification:_identify(src/turtlebot3_simulations/turtlebot3_simulations) by extensions ['ignore', 'ignore_ament_install']
[0.226s] Level 1:colcon.colcon_core.package_identification:_identify(src/turtlebot3_simulations/turtlebot3_simulations) by extension 'ignore'
[0.226s] Level 1:colcon.colcon_core.package_identification:_identify(src/turtlebot3_simulations/turtlebot3_simulations) by extension 'ignore_ament_install'
[0.226s] Level 1:colcon.colcon_core.package_identification:_identify(src/turtlebot3_simulations/turtlebot3_simulations) by extensions ['colcon_pkg']
[0.226s] Level 1:colcon.colcon_core.package_identification:_identify(src/turtlebot3_simulations/turtlebot3_simulations) by extension 'colcon_pkg'
[0.226s] Level 1:colcon.colcon_core.package_identification:_identify(src/turtlebot3_simulations/turtlebot3_simulations) by extensions ['colcon_meta']
[0.226s] Level 1:colcon.colcon_core.package_identification:_identify(src/turtlebot3_simulations/turtlebot3_simulations) by extension 'colcon_meta'
[0.226s] Level 1:colcon.colcon_core.package_identification:_identify(src/turtlebot3_simulations/turtlebot3_simulations) by extensions ['ros']
[0.226s] Level 1:colcon.colcon_core.package_identification:_identify(src/turtlebot3_simulations/turtlebot3_simulations) by extension 'ros'
[0.226s] DEBUG:colcon.colcon_core.package_identification:Package 'src/turtlebot3_simulations/turtlebot3_simulations' with type 'ros.ament_cmake' and name 'turtlebot3_simulations'
[0.226s] Level 1:colcon.colcon_core.package_discovery:discover_packages(recursive) using defaults
[0.226s] Level 1:colcon.colcon_core.package_discovery:discover_packages(ignore) discover
[0.226s] Level 1:colcon.colcon_core.package_discovery:discover_packages(ignore) using defaults
[0.226s] Level 1:colcon.colcon_core.package_discovery:discover_packages(path) discover
[0.226s] Level 1:colcon.colcon_core.package_discovery:discover_packages(path) using defaults
[0.244s] INFO:colcon.colcon_core.package_selection:Skipping not selected package 'provide_map' in 'src/provide_map'
[0.245s] INFO:colcon.colcon_core.package_selection:Skipping not selected package 'turtlebot3_fake_node' in 'src/turtlebot3_simulations/turtlebot3_fake_node'
[0.245s] INFO:colcon.colcon_core.package_selection:Skipping not selected package 'turtlebot3_gazebo' in 'src/turtlebot3_simulations/turtlebot3_gazebo'
[0.245s] INFO:colcon.colcon_core.package_selection:Skipping not selected package 'my_world' in 'src/my_world'
[0.245s] INFO:colcon.colcon_core.package_selection:Skipping not selected package 'turtlebot3_simulations' in 'src/turtlebot3_simulations/turtlebot3_simulations'
[0.245s] Level 1:colcon.colcon_core.package_discovery:discover_packages(prefix_path) check parameters
[0.245s] Level 1:colcon.colcon_core.package_discovery:discover_packages(prefix_path) discover
[0.246s] DEBUG:colcon.colcon_installed_package_information.package_discovery:Found 3 installed packages in /home/haoxu/Git/ProyectoRobotica_RoboEntrega/robot/install
[0.246s] DEBUG:colcon.colcon_installed_package_information.package_discovery:Found 7 installed packages in /home/haoxu/turtlebot3_ws/install
[0.247s] DEBUG:colcon.colcon_installed_package_information.package_discovery:Found 1 installed packages in /home/haoxu/turtlebot3_ws/src/my_slam/install
[0.248s] DEBUG:colcon.colcon_installed_package_information.package_discovery:Found 336 installed packages in /opt/ros/galactic
[0.249s] Level 1:colcon.colcon_core.package_discovery:discover_packages(prefix_path) using defaults
[0.288s] Level 5:colcon.colcon_core.verb:set package 'slam' build argument 'cmake_args' from command line to 'None'
[0.288s] Level 5:colcon.colcon_core.verb:set package 'slam' build argument 'cmake_target' from command line to 'None'
[0.288s] Level 5:colcon.colcon_core.verb:set package 'slam' build argument 'cmake_target_skip_unavailable' from command line to 'False'
[0.288s] Level 5:colcon.colcon_core.verb:set package 'slam' build argument 'cmake_clean_cache' from command line to 'False'
[0.288s] Level 5:colcon.colcon_core.verb:set package 'slam' build argument 'cmake_clean_first' from command line to 'False'
[0.288s] Level 5:colcon.colcon_core.verb:set package 'slam' build argument 'cmake_force_configure' from command line to 'False'
[0.289s] Level 5:colcon.colcon_core.verb:set package 'slam' build argument 'ament_cmake_args' from command line to 'None'
[0.289s] Level 5:colcon.colcon_core.verb:set package 'slam' build argument 'catkin_cmake_args' from command line to 'None'
[0.289s] Level 5:colcon.colcon_core.verb:set package 'slam' build argument 'catkin_skip_building_tests' from command line to 'False'
[0.289s] DEBUG:colcon.colcon_core.verb:Building package 'slam' with the following arguments: {'ament_cmake_args': None, 'build_base': '/home/haoxu/Git/ProyectoRobotica_RoboEntrega/robot/build/slam', 'catkin_cmake_args': None, 'catkin_skip_building_tests': False, 'cmake_args': None, 'cmake_clean_cache': False, 'cmake_clean_first': False, 'cmake_force_configure': False, 'cmake_target': None, 'cmake_target_skip_unavailable': False, 'install_base': '/home/haoxu/Git/ProyectoRobotica_RoboEntrega/robot/install/slam', 'merge_install': False, 'path': '/home/haoxu/Git/ProyectoRobotica_RoboEntrega/robot/src/slam', 'symlink_install': False, 'test_result_base': None}
[0.289s] INFO:colcon.colcon_core.executor:Executing jobs using 'parallel' executor
[0.290s] DEBUG:colcon.colcon_parallel_executor.executor.parallel:run_until_complete
[0.290s] INFO:colcon.colcon_ros.task.ament_python.build:Building ROS package in '/home/haoxu/Git/ProyectoRobotica_RoboEntrega/robot/src/slam' with build type 'ament_python'
[0.290s] Level 1:colcon.colcon_core.shell:create_environment_hook('slam', 'ament_prefix_path')
[0.292s] INFO:colcon.colcon_core.plugin_system:Skipping extension 'colcon_core.shell.bat': Not used on non-Windows systems
[0.292s] INFO:colcon.colcon_core.shell:Creating environment hook '/home/haoxu/Git/ProyectoRobotica_RoboEntrega/robot/install/slam/share/slam/hook/ament_prefix_path.ps1'
[0.293s] INFO:colcon.colcon_core.shell:Creating environment descriptor '/home/haoxu/Git/ProyectoRobotica_RoboEntrega/robot/install/slam/share/slam/hook/ament_prefix_path.dsv'
[0.293s] INFO:colcon.colcon_core.shell:Creating environment hook '/home/haoxu/Git/ProyectoRobotica_RoboEntrega/robot/install/slam/share/slam/hook/ament_prefix_path.sh'
[0.294s] INFO:colcon.colcon_core.shell:Skip shell extension 'powershell' for command environment: Not usable outside of PowerShell
[0.294s] DEBUG:colcon.colcon_core.shell:Skip shell extension 'dsv' for command environment
[0.440s] INFO:colcon.colcon_core.task.python.build:Building Python package in '/home/haoxu/Git/ProyectoRobotica_RoboEntrega/robot/src/slam'
[0.440s] INFO:colcon.colcon_core.shell:Skip shell extension 'powershell' for command environment: Not usable outside of PowerShell
[0.440s] DEBUG:colcon.colcon_core.shell:Skip shell extension 'dsv' for command environment
[0.689s] DEBUG:colcon.colcon_core.event_handler.log_command:Invoking command in '/home/haoxu/Git/ProyectoRobotica_RoboEntrega/robot/src/slam': PS1=(rosenv) \[\e]0;\u@\h: \w\a\]${debian_chroot:+($debian_chroot)}\[\033[01;32m\]\u@\h\[\033[00m\]:\[\033[01;34m\]\w\[\033[00m\]\$ PYTHONPATH=/home/haoxu/Git/ProyectoRobotica_RoboEntrega/robot/build/slam/prefix_override:/usr/lib/python3/dist-packages/colcon_core/task/python/colcon_distutils_commands:/home/haoxu/Git/ProyectoRobotica_RoboEntrega/robot/install/slam/lib/python3.8/site-packages:${PYTHONPATH} /usr/bin/python3 -W ignore:setup.py install is deprecated -W ignore:easy_install command is deprecated setup.py egg_info --egg-base ../../build/slam build --build-base /home/haoxu/Git/ProyectoRobotica_RoboEntrega/robot/build/slam/build install --record /home/haoxu/Git/ProyectoRobotica_RoboEntrega/robot/build/slam/install.log --single-version-externally-managed install_data
[0.863s] DEBUG:colcon.colcon_core.event_handler.log_command:Invoked command in '/home/haoxu/Git/ProyectoRobotica_RoboEntrega/robot/src/slam' returned '0': PS1=(rosenv) \[\e]0;\u@\h: \w\a\]${debian_chroot:+($debian_chroot)}\[\033[01;32m\]\u@\h\[\033[00m\]:\[\033[01;34m\]\w\[\033[00m\]\$ PYTHONPATH=/home/haoxu/Git/ProyectoRobotica_RoboEntrega/robot/build/slam/prefix_override:/usr/lib/python3/dist-packages/colcon_core/task/python/colcon_distutils_commands:/home/haoxu/Git/ProyectoRobotica_RoboEntrega/robot/install/slam/lib/python3.8/site-packages:${PYTHONPATH} /usr/bin/python3 -W ignore:setup.py install is deprecated -W ignore:easy_install command is deprecated setup.py egg_info --egg-base ../../build/slam build --build-base /home/haoxu/Git/ProyectoRobotica_RoboEntrega/robot/build/slam/build install --record /home/haoxu/Git/ProyectoRobotica_RoboEntrega/robot/build/slam/install.log --single-version-externally-managed install_data
[0.865s] Level 1:colcon.colcon_core.environment:checking '/home/haoxu/Git/ProyectoRobotica_RoboEntrega/robot/install/slam' for CMake module files
[0.865s] Level 1:colcon.colcon_core.environment:checking '/home/haoxu/Git/ProyectoRobotica_RoboEntrega/robot/install/slam' for CMake config files
[0.866s] Level 1:colcon.colcon_core.environment:checking '/home/haoxu/Git/ProyectoRobotica_RoboEntrega/robot/install/slam/lib'
[0.866s] Level 1:colcon.colcon_core.environment:checking '/home/haoxu/Git/ProyectoRobotica_RoboEntrega/robot/install/slam/bin'
[0.866s] Level 1:colcon.colcon_core.environment:checking '/home/haoxu/Git/ProyectoRobotica_RoboEntrega/robot/install/slam/lib/pkgconfig/slam.pc'
[0.866s] Level 1:colcon.colcon_core.environment:checking '/home/haoxu/Git/ProyectoRobotica_RoboEntrega/robot/install/slam/lib/python3.8/site-packages'
[0.866s] Level 1:colcon.colcon_core.shell:create_environment_hook('slam', 'pythonpath')
[0.866s] INFO:colcon.colcon_core.shell:Creating environment hook '/home/haoxu/Git/ProyectoRobotica_RoboEntrega/robot/install/slam/share/slam/hook/pythonpath.ps1'
[0.867s] INFO:colcon.colcon_core.shell:Creating environment descriptor '/home/haoxu/Git/ProyectoRobotica_RoboEntrega/robot/install/slam/share/slam/hook/pythonpath.dsv'
[0.868s] INFO:colcon.colcon_core.shell:Creating environment hook '/home/haoxu/Git/ProyectoRobotica_RoboEntrega/robot/install/slam/share/slam/hook/pythonpath.sh'
[0.869s] Level 1:colcon.colcon_core.environment:checking '/home/haoxu/Git/ProyectoRobotica_RoboEntrega/robot/install/slam/bin'
[0.869s] Level 1:colcon.colcon_core.environment:create_environment_scripts_only(slam)
[0.869s] INFO:colcon.colcon_core.shell:Creating package script '/home/haoxu/Git/ProyectoRobotica_RoboEntrega/robot/install/slam/share/slam/package.ps1'
[0.870s] INFO:colcon.colcon_core.shell:Creating package descriptor '/home/haoxu/Git/ProyectoRobotica_RoboEntrega/robot/install/slam/share/slam/package.dsv'
[0.870s] INFO:colcon.colcon_core.shell:Creating package script '/home/haoxu/Git/ProyectoRobotica_RoboEntrega/robot/install/slam/share/slam/package.sh'
[0.871s] INFO:colcon.colcon_core.shell:Creating package script '/home/haoxu/Git/ProyectoRobotica_RoboEntrega/robot/install/slam/share/slam/package.bash'
[0.872s] INFO:colcon.colcon_core.shell:Creating package script '/home/haoxu/Git/ProyectoRobotica_RoboEntrega/robot/install/slam/share/slam/package.zsh'
[0.872s] Level 1:colcon.colcon_core.environment:create_file_with_runtime_dependencies(/home/haoxu/Git/ProyectoRobotica_RoboEntrega/robot/install/slam/share/colcon-core/packages/slam)
[0.873s] DEBUG:colcon.colcon_parallel_executor.executor.parallel:closing loop
[0.873s] DEBUG:colcon.colcon_parallel_executor.executor.parallel:loop closed
[0.874s] DEBUG:colcon.colcon_parallel_executor.executor.parallel:run_until_complete finished with '0'
[0.874s] DEBUG:colcon.colcon_core.event_reactor:joining thread
[0.878s] INFO:colcon.colcon_core.plugin_system:Skipping extension 'colcon_notification.desktop_notification.terminal_notifier': Not used on non-Darwin systems
[0.878s] INFO:colcon.colcon_core.plugin_system:Skipping extension 'colcon_notification.desktop_notification.win32': Not used on non-Windows systems
[0.878s] INFO:colcon.colcon_notification.desktop_notification:Sending desktop notification using 'notify2'
[0.895s] DEBUG:colcon.colcon_core.event_reactor:joined thread
[0.895s] INFO:colcon.colcon_core.shell:Creating prefix script '/home/haoxu/Git/ProyectoRobotica_RoboEntrega/robot/install/local_setup.ps1'
[0.896s] INFO:colcon.colcon_core.shell:Creating prefix util module '/home/haoxu/Git/ProyectoRobotica_RoboEntrega/robot/install/_local_setup_util_ps1.py'
[0.897s] INFO:colcon.colcon_core.shell:Creating prefix chain script '/home/haoxu/Git/ProyectoRobotica_RoboEntrega/robot/install/setup.ps1'
[0.899s] INFO:colcon.colcon_core.shell:Creating prefix script '/home/haoxu/Git/ProyectoRobotica_RoboEntrega/robot/install/local_setup.sh'
[0.899s] INFO:colcon.colcon_core.shell:Creating prefix util module '/home/haoxu/Git/ProyectoRobotica_RoboEntrega/robot/install/_local_setup_util_sh.py'
[0.901s] INFO:colcon.colcon_core.shell:Creating prefix chain script '/home/haoxu/Git/ProyectoRobotica_RoboEntrega/robot/install/setup.sh'
[0.902s] INFO:colcon.colcon_core.shell:Creating prefix script '/home/haoxu/Git/ProyectoRobotica_RoboEntrega/robot/install/local_setup.bash'
[0.902s] INFO:colcon.colcon_core.shell:Creating prefix chain script '/home/haoxu/Git/ProyectoRobotica_RoboEntrega/robot/install/setup.bash'
[0.903s] INFO:colcon.colcon_core.shell:Creating prefix script '/home/haoxu/Git/ProyectoRobotica_RoboEntrega/robot/install/local_setup.zsh'
[0.904s] INFO:colcon.colcon_core.shell:Creating prefix chain script '/home/haoxu/Git/ProyectoRobotica_RoboEntrega/robot/install/setup.zsh'
