[0.392s] Invoking command in '/home/haoxu/Git/ProyectoRobotica_RoboEntrega/robot/src/provide_map': PYTHONPATH=/home/haoxu/Git/ProyectoRobotica_RoboEntrega/robot/build/provide_map/prefix_override:/usr/lib/python3/dist-packages/colcon_core/task/python/colcon_distutils_commands:/home/haoxu/Git/ProyectoRobotica_RoboEntrega/robot/install/provide_map/lib/python3.8/site-packages:${PYTHONPATH} /usr/bin/python3 -W ignore:setup.py install is deprecated -W ignore:easy_install command is deprecated setup.py egg_info --egg-base ../../build/provide_map build --build-base /home/haoxu/Git/ProyectoRobotica_RoboEntrega/robot/build/provide_map/build install --record /home/haoxu/Git/ProyectoRobotica_RoboEntrega/robot/build/provide_map/install.log --single-version-externally-managed install_data
[0.518s] running egg_info
[0.519s] writing ../../build/provide_map/provide_map.egg-info/PKG-INFO
[0.519s] writing dependency_links to ../../build/provide_map/provide_map.egg-info/dependency_links.txt
[0.520s] writing entry points to ../../build/provide_map/provide_map.egg-info/entry_points.txt
[0.520s] writing requirements to ../../build/provide_map/provide_map.egg-info/requires.txt
[0.521s] writing top-level names to ../../build/provide_map/provide_map.egg-info/top_level.txt
[0.541s] reading manifest file '../../build/provide_map/provide_map.egg-info/SOURCES.txt'
[0.541s] writing manifest file '../../build/provide_map/provide_map.egg-info/SOURCES.txt'
[0.541s] running build
[0.541s] running build_py
[0.542s] running install
[0.542s] running install_lib
[0.543s] running install_data
[0.543s] running install_egg_info
[0.545s] removing '/home/haoxu/Git/ProyectoRobotica_RoboEntrega/robot/install/provide_map/lib/python3.8/site-packages/provide_map-0.0.0-py3.8.egg-info' (and everything under it)
[0.545s] Copying ../../build/provide_map/provide_map.egg-info to /home/haoxu/Git/ProyectoRobotica_RoboEntrega/robot/install/provide_map/lib/python3.8/site-packages/provide_map-0.0.0-py3.8.egg-info
[0.546s] running install_scripts
[0.556s] writing list of installed files to '/home/haoxu/Git/ProyectoRobotica_RoboEntrega/robot/build/provide_map/install.log'
[0.569s] Invoked command in '/home/haoxu/Git/ProyectoRobotica_RoboEntrega/robot/src/provide_map' returned '0': PYTHONPATH=/home/haoxu/Git/ProyectoRobotica_RoboEntrega/robot/build/provide_map/prefix_override:/usr/lib/python3/dist-packages/colcon_core/task/python/colcon_distutils_commands:/home/haoxu/Git/ProyectoRobotica_RoboEntrega/robot/install/provide_map/lib/python3.8/site-packages:${PYTHONPATH} /usr/bin/python3 -W ignore:setup.py install is deprecated -W ignore:easy_install command is deprecated setup.py egg_info --egg-base ../../build/provide_map build --build-base /home/haoxu/Git/ProyectoRobotica_RoboEntrega/robot/build/provide_map/build install --record /home/haoxu/Git/ProyectoRobotica_RoboEntrega/robot/build/provide_map/install.log --single-version-externally-managed install_data
